[01m[K/home/ngocdai/lidar_ws/src/xsens_node/src/xsens_data_publisher.cpp:[m[K In constructor ‘[01m[KXsensPublisher::XsensPublisher()[m[K’:
[01m[K/home/ngocdai/lidar_ws/src/xsens_node/src/xsens_data_publisher.cpp:24:19:[m[K [01;31m[Kerror: [m[Kcannot convert ‘[01m[KXsensPublisher::XsensPublisher()::<lambda(int)>[m[K’ to ‘[01m[K__sighandler_t[m[K’ {aka ‘[01m[Kvoid (*)(int)[m[K’}
   24 |             [01;31m[Ksignal(SIGINT, [&] (int) {[m[K
      |             [01;31m[K~~~~~~^~~~~~~~~~~~~~~~~~~~[m[K
      |                   [01;31m[K|[m[K
      |                   [01;31m[KXsensPublisher::XsensPublisher()::<lambda(int)>[m[K
   25 | [01;31m[K                RCLCPP_INFO(rclcpp::get_logger("xsens_publisher"), "Stopping measurement...");[m[K
      |                 [01;31m[K~~~~~~~~~~~~~~~~~~~~~~~~~~~~~~~~~~~~~~~~~~~~~~~~~~~~~~~~~~~~~~~~~~~~~~~~~~~~~~[m[K
   26 | 
      |                    
   27 | [01;31m[K                // Stop all devices and disable logging.[m[K
      |                 [01;31m[K~~~~~~~~~~~~~~~~~~~~~~~~~~~~~~~~~~~~~~~~[m[K
   28 | [01;31m[K                for (auto device : this->xdpcHandler.connectedDots())[m[K
      |                 [01;31m[K~~~~~~~~~~~~~~~~~~~~~~~~~~~~~~~~~~~~~~~~~~~~~~~~~~~~~[m[K
   29 | [01;31m[K                {[m[K
      |                 [01;31m[K~[m[K  
   30 | [01;31m[K                    device->stopMeasurement();[m[K
      |                     [01;31m[K~~~~~~~~~~~~~~~~~~~~~~~~~~[m[K
   31 | [01;31m[K                    device->disableLogging();[m[K
      |                     [01;31m[K~~~~~~~~~~~~~~~~~~~~~~~~~[m[K
   32 | [01;31m[K                }[m[K
      |                 [01;31m[K~[m[K  
   33 | 
      |                    
   34 | [01;31m[K                // Clean up the XDPC handler.[m[K
      |                 [01;31m[K~~~~~~~~~~~~~~~~~~~~~~~~~~~~~[m[K
   35 | [01;31m[K                this->xdpcHandler.cleanup();[m[K
      |                 [01;31m[K~~~~~~~~~~~~~~~~~~~~~~~~~~~~[m[K
   36 | 
      |                    
   37 | [01;31m[K                // Shutdown the ROS node.[m[K
      |                 [01;31m[K~~~~~~~~~~~~~~~~~~~~~~~~~[m[K
   38 | [01;31m[K                rclcpp::shutdown();[m[K
      |                 [01;31m[K~~~~~~~~~~~~~~~~~~~[m[K
   39 | [01;31m[K            })[m[K;
      |             [01;31m[K~~[m[K     
In file included from [01m[K/usr/include/c++/11/csignal:42[m[K,
                 from [01m[K/opt/ros/iron/include/rclcpp/rclcpp/rclcpp.hpp:164[m[K,
                 from [01m[K/home/ngocdai/lidar_ws/src/xsens_node/src/xsens_data_publisher.cpp:7[m[K:
[01m[K/usr/include/signal.h:88:57:[m[K [01;36m[Knote: [m[K  initializing argument 2 of ‘[01m[Kvoid (* signal(int, __sighandler_t))(int)[m[K’
   88 | extern __sighandler_t signal (int __sig, [01;36m[K__sighandler_t __handler[m[K)
      |                                          [01;36m[K~~~~~~~~~~~~~~~^~~~~~~~~[m[K
gmake[2]: *** [CMakeFiles/xsens_pub.dir/build.make:76: CMakeFiles/xsens_pub.dir/src/xsens_data_publisher.cpp.o] Error 1
gmake[1]: *** [CMakeFiles/Makefile2:137: CMakeFiles/xsens_pub.dir/all] Error 2
gmake: *** [Makefile:146: all] Error 2
