[0.064s] Invoking command in '/home/ngocdai/lidar_ws/build/xsens_library': CMAKE_PREFIX_PATH=${CMAKE_PREFIX_PATH}:/home/ngocdai/lidar_ws/install/my_bleak:/opt/ros/iron /usr/bin/cmake /home/ngocdai/lidar_ws/src/xsens_library -DAMENT_CMAKE_SYMLINK_INSTALL=1 -DCMAKE_INSTALL_PREFIX=/home/ngocdai/lidar_ws/install/xsens_library
[0.074s] -- Found ament_cmake: 2.0.3 (/opt/ros/iron/share/ament_cmake/cmake)
[0.185s] -- Override CMake install command with custom implementation using symlinks instead of copying resources
[0.191s] -- Found ament_lint_auto: 0.14.2 (/opt/ros/iron/share/ament_lint_auto/cmake)
[0.249s] -- Added test 'cppcheck' to perform static code analysis on C / C++ code
[0.249s] -- Configured cppcheck include dirs: /home/ngocdai/lidar_ws/src/xsens_library/include
[0.249s] -- Configured cppcheck exclude dirs and/or files: 
[0.250s] -- Added test 'lint_cmake' to check CMake code style
[0.251s] -- Added test 'uncrustify' to check C / C++ code style
[0.251s] -- Configured uncrustify additional arguments: 
[0.251s] -- Added test 'xmllint' to check XML markup files
[0.252s] -- Configuring done
[0.257s] -- Generating done
[0.258s] -- Build files have been written to: /home/ngocdai/lidar_ws/build/xsens_library
[0.261s] Invoked command in '/home/ngocdai/lidar_ws/build/xsens_library' returned '0': CMAKE_PREFIX_PATH=${CMAKE_PREFIX_PATH}:/home/ngocdai/lidar_ws/install/my_bleak:/opt/ros/iron /usr/bin/cmake /home/ngocdai/lidar_ws/src/xsens_library -DAMENT_CMAKE_SYMLINK_INSTALL=1 -DCMAKE_INSTALL_PREFIX=/home/ngocdai/lidar_ws/install/xsens_library
[0.263s] Invoking command in '/home/ngocdai/lidar_ws/build/xsens_library': CMAKE_PREFIX_PATH=${CMAKE_PREFIX_PATH}:/home/ngocdai/lidar_ws/install/my_bleak:/opt/ros/iron /usr/bin/cmake --build /home/ngocdai/lidar_ws/build/xsens_library -- -j12 -l12
[0.302s] [35m[1mConsolidate compiler generated dependencies of target xdpchandler[0m
[0.318s] [100%] Built target xdpchandler
[0.329s] Invoked command in '/home/ngocdai/lidar_ws/build/xsens_library' returned '0': CMAKE_PREFIX_PATH=${CMAKE_PREFIX_PATH}:/home/ngocdai/lidar_ws/install/my_bleak:/opt/ros/iron /usr/bin/cmake --build /home/ngocdai/lidar_ws/build/xsens_library -- -j12 -l12
[0.365s] Invoking command in '/home/ngocdai/lidar_ws/build/xsens_library': CMAKE_PREFIX_PATH=${CMAKE_PREFIX_PATH}:/home/ngocdai/lidar_ws/install/my_bleak:/opt/ros/iron /usr/bin/cmake --install /home/ngocdai/lidar_ws/build/xsens_library
[0.372s] -- Install configuration: ""
[0.372s] -- Execute custom install script
[0.372s] -- Symlinking: /home/ngocdai/lidar_ws/install/xsens_library/share/xsens_library/environment/library_path.sh
[0.381s] -- Symlinking: /home/ngocdai/lidar_ws/install/xsens_library/share/xsens_library/environment/library_path.dsv
[0.390s] -- Symlinking: /home/ngocdai/lidar_ws/install/xsens_library/include/xsens_library/conio.h
[0.399s] -- Symlinking: /home/ngocdai/lidar_ws/install/xsens_library/include/xsens_library/user_settings.h
[0.407s] -- Symlinking: /home/ngocdai/lidar_ws/install/xsens_library/include/xsens_library/xdpchandler.h
[0.416s] -- Symlinking: /home/ngocdai/lidar_ws/install/xsens_library/share/ament_index/resource_index/package_run_dependencies/xsens_library
[0.425s] -- Symlinking: /home/ngocdai/lidar_ws/install/xsens_library/share/ament_index/resource_index/parent_prefix_path/xsens_library
[0.434s] -- Symlinking: /home/ngocdai/lidar_ws/install/xsens_library/share/xsens_library/environment/ament_prefix_path.sh
[0.444s] -- Symlinking: /home/ngocdai/lidar_ws/install/xsens_library/share/xsens_library/environment/ament_prefix_path.dsv
[0.453s] -- Symlinking: /home/ngocdai/lidar_ws/install/xsens_library/share/xsens_library/environment/path.sh
[0.462s] -- Symlinking: /home/ngocdai/lidar_ws/install/xsens_library/share/xsens_library/environment/path.dsv
[0.470s] -- Symlinking: /home/ngocdai/lidar_ws/install/xsens_library/share/xsens_library/local_setup.bash
[0.479s] -- Symlinking: /home/ngocdai/lidar_ws/install/xsens_library/share/xsens_library/local_setup.sh
[0.488s] -- Symlinking: /home/ngocdai/lidar_ws/install/xsens_library/share/xsens_library/local_setup.zsh
[0.496s] -- Symlinking: /home/ngocdai/lidar_ws/install/xsens_library/share/xsens_library/local_setup.dsv
[0.505s] -- Symlinking: /home/ngocdai/lidar_ws/install/xsens_library/share/xsens_library/package.dsv
[0.514s] -- Symlinking: /home/ngocdai/lidar_ws/install/xsens_library/share/ament_index/resource_index/packages/xsens_library
[0.523s] -- Symlinking: /home/ngocdai/lidar_ws/install/xsens_library/share/xsens_library/cmake/ament_cmake_export_targets-extras.cmake
[0.533s] -- Symlinking: /home/ngocdai/lidar_ws/install/xsens_library/share/xsens_library/cmake/xsens_libraryConfig.cmake
[0.544s] -- Symlinking: /home/ngocdai/lidar_ws/install/xsens_library/share/xsens_library/cmake/xsens_libraryConfig-version.cmake
[0.553s] -- Symlinking: /home/ngocdai/lidar_ws/install/xsens_library/share/xsens_library/package.xml
[0.562s] -- Up-to-date: /home/ngocdai/lidar_ws/install/xsens_library/lib/libxdpchandler.a
[0.563s] -- Up-to-date: /home/ngocdai/lidar_ws/install/xsens_library/share/xsens_library/cmake/xdpchandlerExport.cmake
[0.563s] -- Up-to-date: /home/ngocdai/lidar_ws/install/xsens_library/share/xsens_library/cmake/xdpchandlerExport-noconfig.cmake
[0.565s] Invoked command in '/home/ngocdai/lidar_ws/build/xsens_library' returned '0': CMAKE_PREFIX_PATH=${CMAKE_PREFIX_PATH}:/home/ngocdai/lidar_ws/install/my_bleak:/opt/ros/iron /usr/bin/cmake --install /home/ngocdai/lidar_ws/build/xsens_library
