[0.005s] Invoking command in '/home/ngocdai/lidar_ws/build/xsens_node': AMENT_PREFIX_PATH=/home/ngocdai/lidar_ws/install/xsens_library:${AMENT_PREFIX_PATH} CMAKE_PREFIX_PATH=/home/ngocdai/lidar_ws/install/xsens_library:/opt/ros/iron LD_LIBRARY_PATH=/home/ngocdai/lidar_ws/install/xsens_library/lib:${LD_LIBRARY_PATH} /usr/bin/cmake --build /home/ngocdai/lidar_ws/build/xsens_node -- -j12 -l12
[0.021s] -- Found ament_cmake: 2.0.3 (/opt/ros/iron/share/ament_cmake/cmake)
[0.113s] -- Found rclcpp: 21.0.3 (/opt/ros/iron/share/rclcpp/cmake)
[0.134s] -- Found rosidl_generator_c: 4.0.1 (/opt/ros/iron/share/rosidl_generator_c/cmake)
[0.140s] -- Found rosidl_generator_cpp: 4.0.1 (/opt/ros/iron/share/rosidl_generator_cpp/cmake)
[0.148s] -- Using all available rosidl_typesupport_c: rosidl_typesupport_fastrtps_c;rosidl_typesupport_introspection_c
[0.159s] -- Using all available rosidl_typesupport_cpp: rosidl_typesupport_fastrtps_cpp;rosidl_typesupport_introspection_cpp
[0.269s] -- Found rmw_implementation_cmake: 7.1.0 (/opt/ros/iron/share/rmw_implementation_cmake/cmake)
[0.269s] -- Found rmw_fastrtps_cpp: 7.1.1 (/opt/ros/iron/share/rmw_fastrtps_cpp/cmake)
[0.356s] -- Using RMW implementation 'rmw_fastrtps_cpp' as default
[0.474s] -- Found std_msgs: 5.0.0 (/opt/ros/iron/share/std_msgs/cmake)
[0.495s] -- Found xsens_library: 0.0.0 (/home/ngocdai/lidar_ws/install/xsens_library/share/xsens_library/cmake)
[0.496s] -- Found nav_msgs: 5.0.0 (/opt/ros/iron/share/nav_msgs/cmake)
[0.611s] -- Found sensor_msgs: 5.0.0 (/opt/ros/iron/share/sensor_msgs/cmake)
[0.685s] -- Found ament_lint_auto: 0.14.2 (/opt/ros/iron/share/ament_lint_auto/cmake)
[0.733s] -- Added test 'cppcheck' to perform static code analysis on C / C++ code
[0.733s] -- Configured cppcheck include dirs: 
[0.733s] -- Configured cppcheck exclude dirs and/or files: 
[0.733s] -- Added test 'lint_cmake' to check CMake code style
[0.734s] -- Added test 'uncrustify' to check C / C++ code style
[0.734s] -- Configured uncrustify additional arguments: 
[0.734s] -- Added test 'xmllint' to check XML markup files
[0.734s] -- Configuring done
[0.746s] -- Generating done
[0.747s] -- Build files have been written to: /home/ngocdai/lidar_ws/build/xsens_node
[0.766s] [35m[1mConsolidate compiler generated dependencies of target xsens_rec[0m
[0.766s] [35m[1mConsolidate compiler generated dependencies of target xsens_pub[0m
[0.771s] [ 16%] [32mBuilding CXX object CMakeFiles/odom_pub.dir/src/odometry_publisher.cpp.o[0m
[0.778s] [ 66%] Built target xsens_pub
[0.778s] [ 66%] [32mBuilding CXX object CMakeFiles/xsens_rec.dir/src/xsens_data_receiver.cpp.o[0m
[0.934s] [01m[K/home/ngocdai/lidar_ws/src/xsens_node/src/odometry_publisher.cpp:42:41:[m[K [01;35m[Kwarning: [m[Kmissing terminating " character
[0.934s]    42 |     odometry_message.header.stamp = msg-[01;35m[K"[m[Kheader.stamp;
[0.934s]       |                                         [01;35m[K^[m[K
[0.934s] [01m[K/home/ngocdai/lidar_ws/src/xsens_node/src/odometry_publisher.cpp:42:41:[m[K [01;31m[Kerror: [m[Kmissing terminating " character
[0.934s]    42 |     odometry_message.header.stamp = msg-[01;31m[K"header.stamp;[m[K
[0.934s]       |                                         [01;31m[K^~~~~~~~~~~~~~[m[K
[0.934s] [01m[K/home/ngocdai/lidar_ws/src/xsens_node/src/odometry_publisher.cpp:45:62:[m[K [01;35m[Kwarning: [m[Kmissing terminating " character
[0.934s]    45 |     odometry_message.twist.twist.linear = displacement / msg-[01;35m[K"[m[Kheader.stamp.toSec();
[0.934s]       |                                                              [01;35m[K^[m[K
[0.934s] [01m[K/home/ngocdai/lidar_ws/src/xsens_node/src/odometry_publisher.cpp:45:62:[m[K [01;31m[Kerror: [m[Kmissing terminating " character
[0.934s]    45 |     odometry_message.twist.twist.linear = displacement / msg-[01;31m[K"header.stamp.toSec();[m[K
[0.934s]       |                                                              [01;31m[K^~~~~~~~~~~~~~~~~~~~~~[m[K
[0.935s] [01m[K/home/ngocdai/lidar_ws/src/xsens_node/src/odometry_publisher.cpp:48:25:[m[K [01;35m[Kwarning: [m[Kmissing terminating " character
[0.935s]    48 |     odometry_publisher_-[01;35m[K"[m[Kpublish(odometry_message);
[0.935s]       |                         [01;35m[K^[m[K
[0.935s] [01m[K/home/ngocdai/lidar_ws/src/xsens_node/src/odometry_publisher.cpp:48:25:[m[K [01;31m[Kerror: [m[Kmissing terminating " character
[0.935s]    48 |     odometry_publisher_-[01;31m[K"publish(odometry_message);[m[K
[0.935s]       |                         [01;31m[K^~~~~~~~~~~~~~~~~~~~~~~~~~~[m[K
[2.729s] [01m[K/home/ngocdai/lidar_ws/src/xsens_node/src/odometry_publisher.cpp:51:23:[m[K [01;31m[Kerror: [m[Kexpected unqualified-id before string constant
[2.729s]    51 |   rclcpp::Subscription[01;31m[K"sensor_msgs::msg::Imu"[m[K::SharedPtr imu_subscription_;
[2.729s]       |                       [01;31m[K^~~~~~~~~~~~~~~~~~~~~~~[m[K
[2.729s] [01m[K/home/ngocdai/lidar_ws/src/xsens_node/src/odometry_publisher.cpp:52:20:[m[K [01;31m[Kerror: [m[Kexpected unqualified-id before string constant
[2.729s]    52 |   rclcpp::Publisher[01;31m[K"nav_msgs::msg::Odometry"[m[K::SharedPtr odometry_publisher_;
[2.729s]       |                    [01;31m[K^~~~~~~~~~~~~~~~~~~~~~~~~[m[K
[2.737s] [01m[K/home/ngocdai/lidar_ws/src/xsens_node/src/odometry_publisher.cpp:[m[K In constructor ‘[01m[KOdometryFromImu::OdometryFromImu()[m[K’:
[2.737s] [01m[K/home/ngocdai/lidar_ws/src/xsens_node/src/odometry_publisher.cpp:12:5:[m[K [01;31m[Kerror: [m[K‘[01m[Kimu_subscription_[m[K’ was not declared in this scope; did you mean ‘[01m[Krmw_subscription_t[m[K’?
[2.737s]    12 |     [01;31m[Kimu_subscription_[m[K = create_subscription"sensor_msgs::msg::Imu"(
[2.737s]       |     [01;31m[K^~~~~~~~~~~~~~~~~[m[K
[2.737s]       |     [32m[Krmw_subscription_t[m[K
[2.744s] [01m[K/home/ngocdai/lidar_ws/src/xsens_node/src/odometry_publisher.cpp:18:5:[m[K [01;31m[Kerror: [m[K‘[01m[Kodometry_publisher_[m[K’ was not declared in this scope; did you mean ‘[01m[Kcount_publishers[m[K’?
[2.744s]    18 |     [01;31m[Kodometry_publisher_[m[K = create_publisher"nav_msgs::msg::Odometry"("odometry", 10);
[2.744s]       |     [01;31m[K^~~~~~~~~~~~~~~~~~~[m[K
[2.744s]       |     [32m[Kcount_publishers[m[K
[2.744s] [01m[K/home/ngocdai/lidar_ws/src/xsens_node/src/odometry_publisher.cpp:21:37:[m[K [01;31m[Kerror: [m[Kno match for ‘[01m[Koperator=[m[K’ (operand types are ‘[01m[Kgeometry_msgs::msg::Vector3[m[K’ {aka ‘[01m[Kgeometry_msgs::msg::Vector3_<std::allocator<void> >[m[K’} and ‘[01m[K<brace-enclosed initializer list>[m[K’)
[2.745s]    21 |     robot_position_ = {0.0, 0.0, 0.0[01;31m[K}[m[K;
[2.745s]       |                                     [01;31m[K^[m[K
[2.745s] In file included from [01m[K/opt/ros/iron/include/sensor_msgs/sensor_msgs/msg/detail/imu__struct.hpp:25[m[K,
[2.745s]                  from [01m[K/opt/ros/iron/include/sensor_msgs/sensor_msgs/msg/imu.hpp:7[m[K,
[2.745s]                  from [01m[K/home/ngocdai/lidar_ws/src/xsens_node/src/odometry_publisher.cpp:2[m[K:
[2.745s] [01m[K/opt/ros/iron/include/geometry_msgs/geometry_msgs/msg/detail/vector3__struct.hpp:32:8:[m[K [01;36m[Knote: [m[Kcandidate: ‘[01m[Kconstexpr geometry_msgs::msg::Vector3_<std::allocator<void> >& geometry_msgs::msg::Vector3_<std::allocator<void> >::operator=(const geometry_msgs::msg::Vector3_<std::allocator<void> >&)[m[K’
[2.745s]    32 | struct [01;36m[KVector3_[m[K
[2.745s]       |        [01;36m[K^~~~~~~~[m[K
[2.745s] [01m[K/opt/ros/iron/include/geometry_msgs/geometry_msgs/msg/detail/vector3__struct.hpp:32:8:[m[K [01;36m[Knote: [m[K  no known conversion for argument 1 from ‘[01m[K<brace-enclosed initializer list>[m[K’ to ‘[01m[Kconst geometry_msgs::msg::Vector3_<std::allocator<void> >&[m[K’
[2.745s] [01m[K/opt/ros/iron/include/geometry_msgs/geometry_msgs/msg/detail/vector3__struct.hpp:32:8:[m[K [01;36m[Knote: [m[Kcandidate: ‘[01m[Kconstexpr geometry_msgs::msg::Vector3_<std::allocator<void> >& geometry_msgs::msg::Vector3_<std::allocator<void> >::operator=(geometry_msgs::msg::Vector3_<std::allocator<void> >&&)[m[K’
[2.745s] [01m[K/opt/ros/iron/include/geometry_msgs/geometry_msgs/msg/detail/vector3__struct.hpp:32:8:[m[K [01;36m[Knote: [m[K  no known conversion for argument 1 from ‘[01m[K<brace-enclosed initializer list>[m[K’ to ‘[01m[Kgeometry_msgs::msg::Vector3_<std::allocator<void> >&&[m[K’
[2.745s] [01m[K/home/ngocdai/lidar_ws/src/xsens_node/src/odometry_publisher.cpp:22:45:[m[K [01;31m[Kerror: [m[Kno match for ‘[01m[Koperator=[m[K’ (operand types are ‘[01m[Kgeometry_msgs::msg::Quaternion[m[K’ {aka ‘[01m[Kgeometry_msgs::msg::Quaternion_<std::allocator<void> >[m[K’} and ‘[01m[K<brace-enclosed initializer list>[m[K’)
[2.745s]    22 |     robot_orientation_ = {1.0, 0.0, 0.0, 0.0[01;31m[K}[m[K;
[2.745s]       |                                             [01;31m[K^[m[K
[2.745s] In file included from [01m[K/opt/ros/iron/include/sensor_msgs/sensor_msgs/msg/detail/imu__struct.hpp:22[m[K,
[2.745s]                  from [01m[K/opt/ros/iron/include/sensor_msgs/sensor_msgs/msg/imu.hpp:7[m[K,
[2.745s]                  from [01m[K/home/ngocdai/lidar_ws/src/xsens_node/src/odometry_publisher.cpp:2[m[K:
[2.745s] [01m[K/opt/ros/iron/include/geometry_msgs/geometry_msgs/msg/detail/quaternion__struct.hpp:32:8:[m[K [01;36m[Knote: [m[Kcandidate: ‘[01m[Kconstexpr geometry_msgs::msg::Quaternion_<std::allocator<void> >& geometry_msgs::msg::Quaternion_<std::allocator<void> >::operator=(const geometry_msgs::msg::Quaternion_<std::allocator<void> >&)[m[K’
[2.745s]    32 | struct [01;36m[KQuaternion_[m[K
[2.745s]       |        [01;36m[K^~~~~~~~~~~[m[K
[2.745s] [01m[K/opt/ros/iron/include/geometry_msgs/geometry_msgs/msg/detail/quaternion__struct.hpp:32:8:[m[K [01;36m[Knote: [m[K  no known conversion for argument 1 from ‘[01m[K<brace-enclosed initializer list>[m[K’ to ‘[01m[Kconst geometry_msgs::msg::Quaternion_<std::allocator<void> >&[m[K’
[2.745s] [01m[K/opt/ros/iron/include/geometry_msgs/geometry_msgs/msg/detail/quaternion__struct.hpp:32:8:[m[K [01;36m[Knote: [m[Kcandidate: ‘[01m[Kconstexpr geometry_msgs::msg::Quaternion_<std::allocator<void> >& geometry_msgs::msg::Quaternion_<std::allocator<void> >::operator=(geometry_msgs::msg::Quaternion_<std::allocator<void> >&&)[m[K’
[2.746s] [01m[K/opt/ros/iron/include/geometry_msgs/geometry_msgs/msg/detail/quaternion__struct.hpp:32:8:[m[K [01;36m[Knote: [m[K  no known conversion for argument 1 from ‘[01m[K<brace-enclosed initializer list>[m[K’ to ‘[01m[Kgeometry_msgs::msg::Quaternion_<std::allocator<void> >&&[m[K’
[2.747s] [01m[K/home/ngocdai/lidar_ws/src/xsens_node/src/odometry_publisher.cpp:[m[K In member function ‘[01m[Kvoid OdometryFromImu::onImuMessage(sensor_msgs::msg::Imu_<std::allocator<void> >::SharedPtr)[m[K’:
[2.747s] [01m[K/home/ngocdai/lidar_ws/src/xsens_node/src/odometry_publisher.cpp:36:21:[m[K [01;31m[Kerror: [m[Kno match for ‘[01m[Koperator+=[m[K’ (operand types are ‘[01m[Kgeometry_msgs::msg::Vector3[m[K’ {aka ‘[01m[Kgeometry_msgs::msg::Vector3_<std::allocator<void> >[m[K’} and ‘[01m[Kgeometry_msgs::msg::Vector3[m[K’ {aka ‘[01m[Kgeometry_msgs::msg::Vector3_<std::allocator<void> >[m[K’})
[2.747s]    36 |     [01;31m[Krobot_position_ += displacement[m[K;
[2.747s]       |     [01;31m[K~~~~~~~~~~~~~~~~^~~~~~~~~~~~~~~[m[K
[2.747s] [01m[K/home/ngocdai/lidar_ws/src/xsens_node/src/odometry_publisher.cpp:37:24:[m[K [01;31m[Kerror: [m[Kno match for ‘[01m[Koperator*=[m[K’ (operand types are ‘[01m[Kgeometry_msgs::msg::Quaternion[m[K’ {aka ‘[01m[Kgeometry_msgs::msg::Quaternion_<std::allocator<void> >[m[K’} and ‘[01m[Kgeometry_msgs::msg::Quaternion[m[K’ {aka ‘[01m[Kgeometry_msgs::msg::Quaternion_<std::allocator<void> >[m[K’})
[2.747s]    37 |     [01;31m[Krobot_orientation_ *= orientation[m[K;
[2.747s]       |     [01;31m[K~~~~~~~~~~~~~~~~~~~^~~~~~~~~~~~~~[m[K
[2.747s] [01m[K/home/ngocdai/lidar_ws/src/xsens_node/src/odometry_publisher.cpp:42:40:[m[K [01;31m[Kerror: [m[Kno match for ‘[01m[Koperator-[m[K’ (operand types are ‘[01m[Kconst SharedPtr[m[K’ {aka ‘[01m[Kconst std::shared_ptr<sensor_msgs::msg::Imu_<std::allocator<void> > >[m[K’} and ‘[01m[Kgeometry_msgs::msg::Pose_<std::allocator<void> >::_position_type[m[K’ {aka ‘[01m[Kgeometry_msgs::msg::Point_<std::allocator<void> >[m[K’})
[2.747s]    42 |     odometry_message.header.stamp = [32m[Kmsg[m[K[01;31m[K-[m[K"header.stamp;
[2.747s]       |                                     [32m[K~~~[m[K[01;31m[K^[m[K
[2.747s]       |                                     [32m[K|[m[K
[2.748s]       |                                     [32m[Kconst SharedPtr {aka const std::shared_ptr<sensor_msgs::msg::Imu_<std::allocator<void> > >}[m[K
[2.748s]    43 |     [34m[Kodometry_message.pose.pose.position[m[K = robot_position_;
[2.748s]       |     [34m[K~~~~~~~~~~~~~~~~~~~~~~~~~~~~~~~~~~~[m[K 
[2.748s]       |                                [34m[K|[m[K
[2.748s]       |                                [34m[Kgeometry_msgs::msg::Pose_<std::allocator<void> >::_position_type {aka geometry_msgs::msg::Point_<std::allocator<void> >}[m[K
[2.748s] In file included from [01m[K/usr/include/c++/11/bits/stl_algobase.h:67[m[K,
[2.748s]                  from [01m[K/usr/include/c++/11/memory:63[m[K,
[2.748s]                  from [01m[K/opt/ros/iron/include/rclcpp/rclcpp/rclcpp.hpp:165[m[K,
[2.748s]                  from [01m[K/home/ngocdai/lidar_ws/src/xsens_node/src/odometry_publisher.cpp:1[m[K:
[2.748s] [01m[K/usr/include/c++/11/bits/stl_iterator.h:577:5:[m[K [01;36m[Knote: [m[Kcandidate: ‘[01m[Ktemplate<class _IteratorL, class _IteratorR> constexpr decltype ((__y.base() - __x.base())) std::operator-(const std::reverse_iterator<_Iterator>&, const std::reverse_iterator<_IteratorR>&)[m[K’
[2.748s]   577 |     [01;36m[Koperator[m[K-(const reverse_iterator<_IteratorL>& __x,
[2.748s]       |     [01;36m[K^~~~~~~~[m[K
[2.748s] [01m[K/usr/include/c++/11/bits/stl_iterator.h:577:5:[m[K [01;36m[Knote: [m[K  template argument deduction/substitution failed:
[2.748s] [01m[K/home/ngocdai/lidar_ws/src/xsens_node/src/odometry_publisher.cpp:43:32:[m[K [01;36m[Knote: [m[K  ‘[01m[Kconst SharedPtr[m[K’ {aka ‘[01m[Kconst std::shared_ptr<sensor_msgs::msg::Imu_<std::allocator<void> > >[m[K’} is not derived from ‘[01m[Kconst std::reverse_iterator<_Iterator>[m[K’
[2.748s]    43 |     odometry_message.pose.pose.[01;36m[Kposition[m[K = robot_position_;
[2.748s]       |                                [01;36m[K^~~~~~~~[m[K
[2.748s] In file included from [01m[K/usr/include/c++/11/bits/stl_algobase.h:67[m[K,
[2.748s]                  from [01m[K/usr/include/c++/11/memory:63[m[K,
[2.748s]                  from [01m[K/opt/ros/iron/include/rclcpp/rclcpp/rclcpp.hpp:165[m[K,
[2.748s]                  from [01m[K/home/ngocdai/lidar_ws/src/xsens_node/src/odometry_publisher.cpp:1[m[K:
[2.749s] [01m[K/usr/include/c++/11/bits/stl_iterator.h:1693:5:[m[K [01;36m[Knote: [m[Kcandidate: ‘[01m[Ktemplate<class _IteratorL, class _IteratorR> constexpr decltype ((__x.base() - __y.base())) std::operator-(const std::move_iterator<_IteratorL>&, const std::move_iterator<_IteratorR>&)[m[K’
[2.749s]  1693 |     [01;36m[Koperator[m[K-(const move_iterator<_IteratorL>& __x,
[2.749s]       |     [01;36m[K^~~~~~~~[m[K
[2.749s] [01m[K/usr/include/c++/11/bits/stl_iterator.h:1693:5:[m[K [01;36m[Knote: [m[K  template argument deduction/substitution failed:
[2.749s] [01m[K/home/ngocdai/lidar_ws/src/xsens_node/src/odometry_publisher.cpp:43:32:[m[K [01;36m[Knote: [m[K  ‘[01m[Kconst SharedPtr[m[K’ {aka ‘[01m[Kconst std::shared_ptr<sensor_msgs::msg::Imu_<std::allocator<void> > >[m[K’} is not derived from ‘[01m[Kconst std::move_iterator<_IteratorL>[m[K’
[2.749s]    43 |     odometry_message.pose.pose.[01;36m[Kposition[m[K = robot_position_;
[2.749s]       |                                [01;36m[K^~~~~~~~[m[K
[2.749s] [01m[K/home/ngocdai/lidar_ws/src/xsens_node/src/odometry_publisher.cpp:45:56:[m[K [01;31m[Kerror: [m[Kno match for ‘[01m[Koperator/[m[K’ (operand types are ‘[01m[Kgeometry_msgs::msg::Vector3[m[K’ {aka ‘[01m[Kgeometry_msgs::msg::Vector3_<std::allocator<void> >[m[K’} and ‘[01m[Kconst SharedPtr[m[K’ {aka ‘[01m[Kconst std::shared_ptr<sensor_msgs::msg::Imu_<std::allocator<void> > >[m[K’})
[2.749s]    45 |     odometry_message.twist.twist.linear = [32m[Kdisplacement[m[K [01;31m[K/[m[K [34m[Kmsg[m[K-"header.stamp.toSec();
[2.749s]       |                                           [32m[K~~~~~~~~~~~~[m[K [01;31m[K^[m[K [34m[K~~~[m[K
[2.749s]       |                                           [32m[K|[m[K              [34m[K|[m[K
[2.749s]       |                                           [32m[K|[m[K              [34m[Kconst SharedPtr {aka const std::shared_ptr<sensor_msgs::msg::Imu_<std::allocator<void> > >}[m[K
[2.749s]       |                                           [32m[Kgeometry_msgs::msg::Vector3 {aka geometry_msgs::msg::Vector3_<std::allocator<void> >}[m[K
[2.756s] [01m[K/home/ngocdai/lidar_ws/src/xsens_node/src/odometry_publisher.cpp:46:46:[m[K [01;31m[Kerror: [m[K‘[01m[Kangular_velocity_[m[K’ was not declared in this scope
[2.756s]    46 |     odometry_message.twist.twist.angular.z = [01;31m[Kangular_velocity_[m[K;
[2.756s]       |                                              [01;31m[K^~~~~~~~~~~~~~~~~[m[K
[2.763s] [01m[K/home/ngocdai/lidar_ws/src/xsens_node/src/odometry_publisher.cpp:48:5:[m[K [01;31m[Kerror: [m[K‘[01m[Kodometry_publisher_[m[K’ was not declared in this scope; did you mean ‘[01m[Kcount_publishers[m[K’?
[2.763s]    48 |     [01;31m[Kodometry_publisher_[m[K-"publish(odometry_message);
[2.763s]       |     [01;31m[K^~~~~~~~~~~~~~~~~~~[m[K
[2.763s]       |     [32m[Kcount_publishers[m[K
[2.763s] [01m[K/home/ngocdai/lidar_ws/src/xsens_node/src/odometry_publisher.cpp:49:3:[m[K [01;31m[Kerror: [m[Kexpected primary-expression before ‘[01m[K}[m[K’ token
[2.763s]    49 |   [01;31m[K}[m[K
[2.764s]       |   [01;31m[K^[m[K
[2.764s] [01m[K/home/ngocdai/lidar_ws/src/xsens_node/src/odometry_publisher.cpp:[m[K In function ‘[01m[Kint main(int, char**)[m[K’:
[2.764s] [01m[K/home/ngocdai/lidar_ws/src/xsens_node/src/odometry_publisher.cpp:62:32:[m[K [01;31m[Kerror: [m[Kexpected ‘[01m[K)[m[K’ before string constant
[2.764s]    62 |   rclcpp::spin[34m[K([m[Kstd::make_shared[01;31m[K"[m[K[32m[KOdometryFromImu"[m[K());
[2.764s]       |               [34m[K~[m[K                [01;31m[K^[m[K[32m[K~~~~~~~~~~~~~~~~[m[K
[2.764s]       |                                [32m[K)[m[K
[2.764s] [01m[K/home/ngocdai/lidar_ws/src/xsens_node/src/odometry_publisher.cpp:62:15:[m[K [01;31m[Kerror: [m[Kno matching function for call to ‘[01m[Kspin(<unresolved overloaded function type>)[m[K’
[2.764s]    62 |   [01;31m[Krclcpp::spin(std::make_shared"OdometryFromImu"[m[K());
[2.764s]       |   [01;31m[K~~~~~~~~~~~~^~~~~~~~~~~~~~~~~~~~~~~~~~~~~~~~~~[m[K
[2.764s] In file included from [01m[K/opt/ros/iron/include/rclcpp/rclcpp/rclcpp.hpp:167[m[K,
[2.764s]                  from [01m[K/home/ngocdai/lidar_ws/src/xsens_node/src/odometry_publisher.cpp:1[m[K:
[2.764s] [01m[K/opt/ros/iron/include/rclcpp/rclcpp/executors.hpp:46:1:[m[K [01;36m[Knote: [m[Kcandidate: ‘[01m[Kvoid rclcpp::spin(rclcpp::node_interfaces::NodeBaseInterface::SharedPtr)[m[K’
[2.764s]    46 | [01;36m[Kspin[m[K(rclcpp::node_interfaces::NodeBaseInterface::SharedPtr node_ptr);
[2.764s]       | [01;36m[K^~~~[m[K
[2.764s] [01m[K/opt/ros/iron/include/rclcpp/rclcpp/executors.hpp:46:60:[m[K [01;36m[Knote: [m[K  no known conversion for argument 1 from ‘[01m[K<unresolved overloaded function type>[m[K’ to ‘[01m[Krclcpp::node_interfaces::NodeBaseInterface::SharedPtr[m[K’ {aka ‘[01m[Kstd::shared_ptr<rclcpp::node_interfaces::NodeBaseInterface>[m[K’}
[2.764s]    46 | spin([01;36m[Krclcpp::node_interfaces::NodeBaseInterface::SharedPtr node_ptr[m[K);
[2.764s]       |      [01;36m[K~~~~~~~~~~~~~~~~~~~~~~~~~~~~~~~~~~~~~~~~~~~~~~~~~~~~~~^~~~~~~~[m[K
[2.764s] [01m[K/opt/ros/iron/include/rclcpp/rclcpp/executors.hpp:50:1:[m[K [01;36m[Knote: [m[Kcandidate: ‘[01m[Kvoid rclcpp::spin(rclcpp::Node::SharedPtr)[m[K’
[2.764s]    50 | [01;36m[Kspin[m[K(rclcpp::Node::SharedPtr node_ptr);
[2.765s]       | [01;36m[K^~~~[m[K
[2.765s] [01m[K/opt/ros/iron/include/rclcpp/rclcpp/executors.hpp:50:30:[m[K [01;36m[Knote: [m[K  no known conversion for argument 1 from ‘[01m[K<unresolved overloaded function type>[m[K’ to ‘[01m[Krclcpp::Node::SharedPtr[m[K’ {aka ‘[01m[Kstd::shared_ptr<rclcpp::Node>[m[K’}
[2.765s]    50 | spin([01;36m[Krclcpp::Node::SharedPtr node_ptr[m[K);
[2.765s]       |      [01;36m[K~~~~~~~~~~~~~~~~~~~~~~~~^~~~~~~~[m[K
[3.450s] gmake[2]: *** [CMakeFiles/odom_pub.dir/build.make:76: CMakeFiles/odom_pub.dir/src/odometry_publisher.cpp.o] Error 1
[3.450s] gmake[1]: *** [CMakeFiles/Makefile2:193: CMakeFiles/odom_pub.dir/all] Error 2
[3.450s] gmake[1]: *** Waiting for unfinished jobs....
[6.084s] [ 83%] [32m[1mLinking CXX executable xsens_rec[0m
[6.307s] [ 83%] Built target xsens_rec
[6.307s] gmake: *** [Makefile:146: all] Error 2
[6.309s] Invoked command in '/home/ngocdai/lidar_ws/build/xsens_node' returned '2': AMENT_PREFIX_PATH=/home/ngocdai/lidar_ws/install/xsens_library:${AMENT_PREFIX_PATH} CMAKE_PREFIX_PATH=/home/ngocdai/lidar_ws/install/xsens_library:/opt/ros/iron LD_LIBRARY_PATH=/home/ngocdai/lidar_ws/install/xsens_library/lib:${LD_LIBRARY_PATH} /usr/bin/cmake --build /home/ngocdai/lidar_ws/build/xsens_node -- -j12 -l12
