[0.070s] Invoking command in '/home/ngocdai/lidar_ws/build/xsens_node': CMAKE_PREFIX_PATH=/home/ngocdai/lidar_ws/install/xsens_library:/home/ngocdai/lidar_ws/install/xsens_node:/home/ngocdai/lidar_ws/install/cpp_xsens:/home/ngocdai/lidar_ws/install/my_bleak:/opt/ros/iron /usr/bin/cmake --build /home/ngocdai/lidar_ws/build/xsens_node -- -j12 -l12
[0.114s] [35m[1mConsolidate compiler generated dependencies of target xsens_pub[0m
[0.114s] [35m[1mConsolidate compiler generated dependencies of target xsens_rec[0m
[0.137s] [100%] Built target xsens_pub
[0.137s] [100%] Built target xsens_rec
[0.149s] Invoked command in '/home/ngocdai/lidar_ws/build/xsens_node' returned '0': CMAKE_PREFIX_PATH=/home/ngocdai/lidar_ws/install/xsens_library:/home/ngocdai/lidar_ws/install/xsens_node:/home/ngocdai/lidar_ws/install/cpp_xsens:/home/ngocdai/lidar_ws/install/my_bleak:/opt/ros/iron /usr/bin/cmake --build /home/ngocdai/lidar_ws/build/xsens_node -- -j12 -l12
[0.180s] Invoking command in '/home/ngocdai/lidar_ws/build/xsens_node': CMAKE_PREFIX_PATH=/home/ngocdai/lidar_ws/install/xsens_library:/home/ngocdai/lidar_ws/install/xsens_node:/home/ngocdai/lidar_ws/install/cpp_xsens:/home/ngocdai/lidar_ws/install/my_bleak:/opt/ros/iron /usr/bin/cmake --install /home/ngocdai/lidar_ws/build/xsens_node
[0.188s] -- Install configuration: ""
[0.188s] -- Execute custom install script
[0.188s] -- Up-to-date symlink: /home/ngocdai/lidar_ws/install/xsens_node/lib/xsens_node//xsens_pub
[0.188s] -- Up-to-date symlink: /home/ngocdai/lidar_ws/install/xsens_node/lib/xsens_node//xsens_rec
[0.189s] -- Up-to-date symlink: /home/ngocdai/lidar_ws/install/xsens_node/share/xsens_node/launch/xsens_launch.py
[0.189s] -- Up-to-date symlink: /home/ngocdai/lidar_ws/install/xsens_node/share/xsens_node/src/xsens_data_publisher.cpp
[0.189s] -- Up-to-date symlink: /home/ngocdai/lidar_ws/install/xsens_node/share/xsens_node/src/xsens_data_receiver.cpp
[0.189s] -- Up-to-date symlink: /home/ngocdai/lidar_ws/install/xsens_node/share/xsens_node/config/ekf.yaml
[0.189s] -- Up-to-date symlink: /home/ngocdai/lidar_ws/install/xsens_node/share/xsens_node/config/robot_description.urdf
[0.189s] -- Up-to-date symlink: /home/ngocdai/lidar_ws/install/xsens_node/share/ament_index/resource_index/package_run_dependencies/xsens_node
[0.190s] -- Up-to-date symlink: /home/ngocdai/lidar_ws/install/xsens_node/share/ament_index/resource_index/parent_prefix_path/xsens_node
[0.190s] -- Up-to-date symlink: /home/ngocdai/lidar_ws/install/xsens_node/share/xsens_node/environment/ament_prefix_path.sh
[0.190s] -- Up-to-date symlink: /home/ngocdai/lidar_ws/install/xsens_node/share/xsens_node/environment/ament_prefix_path.dsv
[0.190s] -- Up-to-date symlink: /home/ngocdai/lidar_ws/install/xsens_node/share/xsens_node/environment/path.sh
[0.190s] -- Up-to-date symlink: /home/ngocdai/lidar_ws/install/xsens_node/share/xsens_node/environment/path.dsv
[0.190s] -- Up-to-date symlink: /home/ngocdai/lidar_ws/install/xsens_node/share/xsens_node/local_setup.bash
[0.191s] -- Up-to-date symlink: /home/ngocdai/lidar_ws/install/xsens_node/share/xsens_node/local_setup.sh
[0.191s] -- Up-to-date symlink: /home/ngocdai/lidar_ws/install/xsens_node/share/xsens_node/local_setup.zsh
[0.191s] -- Up-to-date symlink: /home/ngocdai/lidar_ws/install/xsens_node/share/xsens_node/local_setup.dsv
[0.191s] -- Symlinking: /home/ngocdai/lidar_ws/install/xsens_node/share/xsens_node/package.dsv
[0.201s] -- Up-to-date symlink: /home/ngocdai/lidar_ws/install/xsens_node/share/ament_index/resource_index/packages/xsens_node
[0.201s] -- Up-to-date symlink: /home/ngocdai/lidar_ws/install/xsens_node/share/xsens_node/cmake/xsens_nodeConfig.cmake
[0.201s] -- Up-to-date symlink: /home/ngocdai/lidar_ws/install/xsens_node/share/xsens_node/cmake/xsens_nodeConfig-version.cmake
[0.201s] -- Up-to-date symlink: /home/ngocdai/lidar_ws/install/xsens_node/share/xsens_node/package.xml
[0.203s] Invoked command in '/home/ngocdai/lidar_ws/build/xsens_node' returned '0': CMAKE_PREFIX_PATH=/home/ngocdai/lidar_ws/install/xsens_library:/home/ngocdai/lidar_ws/install/xsens_node:/home/ngocdai/lidar_ws/install/cpp_xsens:/home/ngocdai/lidar_ws/install/my_bleak:/opt/ros/iron /usr/bin/cmake --install /home/ngocdai/lidar_ws/build/xsens_node
