[0.006s] Invoking command in '/home/ngocdai/lidar_ws/build/xsens_node': AMENT_PREFIX_PATH=/home/ngocdai/lidar_ws/install/xsens_library:${AMENT_PREFIX_PATH} CMAKE_PREFIX_PATH=/home/ngocdai/lidar_ws/install/xsens_library:/opt/ros/iron LD_LIBRARY_PATH=/home/ngocdai/lidar_ws/install/xsens_library/lib:${LD_LIBRARY_PATH} /usr/bin/cmake --build /home/ngocdai/lidar_ws/build/xsens_node -- -j12 -l12
[0.027s] -- Found ament_cmake_python: 2.0.3 (/opt/ros/iron/share/ament_cmake_python/cmake)
[0.028s] -- Found ament_cmake: 2.0.3 (/opt/ros/iron/share/ament_cmake/cmake)
[0.149s] -- Found rclcpp: 21.0.3 (/opt/ros/iron/share/rclcpp/cmake)
[0.180s] -- Found rosidl_generator_c: 4.0.1 (/opt/ros/iron/share/rosidl_generator_c/cmake)
[0.188s] -- Found rosidl_generator_cpp: 4.0.1 (/opt/ros/iron/share/rosidl_generator_cpp/cmake)
[0.200s] -- Using all available rosidl_typesupport_c: rosidl_typesupport_fastrtps_c;rosidl_typesupport_introspection_c
[0.215s] -- Using all available rosidl_typesupport_cpp: rosidl_typesupport_fastrtps_cpp;rosidl_typesupport_introspection_cpp
[0.344s] -- Found rmw_implementation_cmake: 7.1.0 (/opt/ros/iron/share/rmw_implementation_cmake/cmake)
[0.347s] -- Found rmw_fastrtps_cpp: 7.1.1 (/opt/ros/iron/share/rmw_fastrtps_cpp/cmake)
[0.461s] -- Using RMW implementation 'rmw_fastrtps_cpp' as default
[0.607s] -- Found std_msgs: 5.0.0 (/opt/ros/iron/share/std_msgs/cmake)
[0.633s] -- Found xsens_library: 0.0.0 (/home/ngocdai/lidar_ws/install/xsens_library/share/xsens_library/cmake)
[0.634s] -- Found nav_msgs: 5.0.0 (/opt/ros/iron/share/nav_msgs/cmake)
[0.768s] -- Found sensor_msgs: 5.0.0 (/opt/ros/iron/share/sensor_msgs/cmake)
[0.854s] -- Found yaml_cpp_vendor: 8.1.2 (/opt/ros/iron/share/yaml_cpp_vendor/cmake)
[0.856s] -- Found ament_lint_auto: 0.14.2 (/opt/ros/iron/share/ament_lint_auto/cmake)
[0.920s] -- Found python_cmake_module: 0.10.2 (/opt/ros/iron/share/python_cmake_module/cmake)
[0.939s] -- Using PYTHON_EXECUTABLE: /usr/bin/python3
[0.939s] -- Using PYTHON_INCLUDE_DIRS: /usr/include/python3.10
[0.939s] -- Using PYTHON_LIBRARIES: /usr/lib/x86_64-linux-gnu/libpython3.10.so
[0.946s] -- Added test 'cppcheck' to perform static code analysis on C / C++ code
[0.947s] -- Configured cppcheck include dirs: /home/ngocdai/lidar_ws/src/xsens_node/include/xsens_node
[0.947s] -- Configured cppcheck exclude dirs and/or files: 
[0.947s] -- Added test 'flake8' to check Python code syntax and style conventions
[0.947s] -- Configured 'flake8' exclude dirs and/or files: 
[0.948s] -- Added test 'lint_cmake' to check CMake code style
[0.948s] -- Added test 'pep257' to check Python code against some of the docstring style conventions in PEP 257
[0.949s] -- Added test 'uncrustify' to check C / C++ code style
[0.949s] -- Configured uncrustify additional arguments: 
[0.949s] -- Added test 'xmllint' to check XML markup files
[0.950s] -- Configuring done
[0.962s] -- Generating done
[0.964s] -- Build files have been written to: /home/ngocdai/lidar_ws/build/xsens_node
[0.985s] [35m[1mConsolidate compiler generated dependencies of target xsens_rec[0m
[0.985s] [35m[1mConsolidate compiler generated dependencies of target xsens_pub[0m
[1.000s] [ 50%] [32mBuilding CXX object CMakeFiles/xsens_pub.dir/src/xsens_data_publisher.cpp.o[0m
[1.000s] [ 50%] [32mBuilding CXX object CMakeFiles/xsens_rec.dir/src/xsens_data_receiver.cpp.o[0m
[1.197s] [01m[K/home/ngocdai/lidar_ws/src/xsens_node/src/xsens_data_publisher.cpp:98:44:[m[K [01;35m[Kwarning: [m[Kcharacter constant too long for its type
[1.197s]    98 |                 imu_msgs.header.frame_id = [01;35m[K'base_link'[m[K;
[1.198s]       |                                            [01;35m[K^~~~~~~~~~~[m[K
[3.445s] [01m[K/home/ngocdai/lidar_ws/src/xsens_node/src/xsens_data_publisher.cpp:[m[K In member function ‘[01m[Kvoid XsensPublisher::GetData()[m[K’:
[3.445s] [01m[K/home/ngocdai/lidar_ws/src/xsens_node/src/xsens_data_publisher.cpp:98:44:[m[K [01;35m[Kwarning: [m[Koverflow in conversion from ‘[01m[Kint[m[K’ to ‘[01m[Kchar[m[K’ changes value from ‘[01m[K1818848875[m[K’ to ‘[01m[K'k'[m[K’ [[01;35m[K]8;;https://gcc.gnu.org/onlinedocs/gcc/Warning-Options.html#index-Woverflow-Woverflow]8;;[m[K]
[5.277s] [ 75%] [32m[1mLinking CXX executable xsens_pub[0m
[5.585s] [ 75%] Built target xsens_pub
[7.536s] [100%] [32m[1mLinking CXX executable xsens_rec[0m
[7.806s] [100%] Built target xsens_rec
[7.816s] Invoked command in '/home/ngocdai/lidar_ws/build/xsens_node' returned '0': AMENT_PREFIX_PATH=/home/ngocdai/lidar_ws/install/xsens_library:${AMENT_PREFIX_PATH} CMAKE_PREFIX_PATH=/home/ngocdai/lidar_ws/install/xsens_library:/opt/ros/iron LD_LIBRARY_PATH=/home/ngocdai/lidar_ws/install/xsens_library/lib:${LD_LIBRARY_PATH} /usr/bin/cmake --build /home/ngocdai/lidar_ws/build/xsens_node -- -j12 -l12
[7.835s] Invoking command in '/home/ngocdai/lidar_ws/build/xsens_node': AMENT_PREFIX_PATH=/home/ngocdai/lidar_ws/install/xsens_library:${AMENT_PREFIX_PATH} CMAKE_PREFIX_PATH=/home/ngocdai/lidar_ws/install/xsens_library:/opt/ros/iron LD_LIBRARY_PATH=/home/ngocdai/lidar_ws/install/xsens_library/lib:${LD_LIBRARY_PATH} /usr/bin/cmake --install /home/ngocdai/lidar_ws/build/xsens_node
[7.840s] -- Install configuration: ""
[7.840s] -- Installing: /home/ngocdai/lidar_ws/install/xsens_node/lib/xsens_node/xsens_pub
[7.842s] -- Set runtime path of "/home/ngocdai/lidar_ws/install/xsens_node/lib/xsens_node/xsens_pub" to ""
[7.842s] -- Installing: /home/ngocdai/lidar_ws/install/xsens_node/lib/xsens_node/xsens_rec
[7.847s] -- Set runtime path of "/home/ngocdai/lidar_ws/install/xsens_node/lib/xsens_node/xsens_rec" to ""
[7.847s] -- Up-to-date: /home/ngocdai/lidar_ws/install/xsens_node/share/xsens_node/launch
[7.847s] -- Up-to-date: /home/ngocdai/lidar_ws/install/xsens_node/share/xsens_node/launch/xsens_launch.py
[7.847s] -- Up-to-date: /home/ngocdai/lidar_ws/install/xsens_node/share/xsens_node/src
[7.847s] -- Installing: /home/ngocdai/lidar_ws/install/xsens_node/share/xsens_node/src/odometry_publisher.cpp
[7.847s] -- Installing: /home/ngocdai/lidar_ws/install/xsens_node/share/xsens_node/src/xsens_data_publisher.cpp
[7.847s] -- Up-to-date: /home/ngocdai/lidar_ws/install/xsens_node/share/xsens_node/src/xsens_data_receiver.cpp
[7.847s] -- Up-to-date: /home/ngocdai/lidar_ws/install/xsens_node/share/xsens_node/config
[7.847s] -- Up-to-date: /home/ngocdai/lidar_ws/install/xsens_node/share/xsens_node/config/ekf.yaml
[7.848s] -- Up-to-date: /home/ngocdai/lidar_ws/install/xsens_node/share/xsens_node/config/robot_description.urdf
[7.848s] -- Up-to-date: /home/ngocdai/lidar_ws/install/xsens_node/share/ament_index/resource_index/package_run_dependencies/xsens_node
[7.848s] -- Installing: /home/ngocdai/lidar_ws/install/xsens_node/share/ament_index/resource_index/parent_prefix_path/xsens_node
[7.848s] -- Up-to-date: /home/ngocdai/lidar_ws/install/xsens_node/share/xsens_node/environment/ament_prefix_path.sh
[7.848s] -- Up-to-date: /home/ngocdai/lidar_ws/install/xsens_node/share/xsens_node/environment/ament_prefix_path.dsv
[7.848s] -- Up-to-date: /home/ngocdai/lidar_ws/install/xsens_node/share/xsens_node/environment/path.sh
[7.848s] -- Up-to-date: /home/ngocdai/lidar_ws/install/xsens_node/share/xsens_node/environment/path.dsv
[7.848s] -- Up-to-date: /home/ngocdai/lidar_ws/install/xsens_node/share/xsens_node/local_setup.bash
[7.848s] -- Up-to-date: /home/ngocdai/lidar_ws/install/xsens_node/share/xsens_node/local_setup.sh
[7.848s] -- Up-to-date: /home/ngocdai/lidar_ws/install/xsens_node/share/xsens_node/local_setup.zsh
[7.848s] -- Up-to-date: /home/ngocdai/lidar_ws/install/xsens_node/share/xsens_node/local_setup.dsv
[7.848s] -- Installing: /home/ngocdai/lidar_ws/install/xsens_node/share/xsens_node/package.dsv
[7.848s] -- Up-to-date: /home/ngocdai/lidar_ws/install/xsens_node/share/ament_index/resource_index/packages/xsens_node
[7.848s] -- Up-to-date: /home/ngocdai/lidar_ws/install/xsens_node/share/xsens_node/cmake/xsens_nodeConfig.cmake
[7.848s] -- Up-to-date: /home/ngocdai/lidar_ws/install/xsens_node/share/xsens_node/cmake/xsens_nodeConfig-version.cmake
[7.848s] -- Up-to-date: /home/ngocdai/lidar_ws/install/xsens_node/share/xsens_node/package.xml
[7.849s] Invoked command in '/home/ngocdai/lidar_ws/build/xsens_node' returned '0': AMENT_PREFIX_PATH=/home/ngocdai/lidar_ws/install/xsens_library:${AMENT_PREFIX_PATH} CMAKE_PREFIX_PATH=/home/ngocdai/lidar_ws/install/xsens_library:/opt/ros/iron LD_LIBRARY_PATH=/home/ngocdai/lidar_ws/install/xsens_library/lib:${LD_LIBRARY_PATH} /usr/bin/cmake --install /home/ngocdai/lidar_ws/build/xsens_node
