In file included from [01m[K/opt/ros/iron/include/rclcpp/rclcpp/logging.hpp:24[m[K,
                 from [01m[K/opt/ros/iron/include/rclcpp/rclcpp/client.hpp:43[m[K,
                 from [01m[K/opt/ros/iron/include/rclcpp/rclcpp/callback_group.hpp:24[m[K,
                 from [01m[K/opt/ros/iron/include/rclcpp/rclcpp/any_executable.hpp:20[m[K,
                 from [01m[K/opt/ros/iron/include/rclcpp/rclcpp/memory_strategy.hpp:25[m[K,
                 from [01m[K/opt/ros/iron/include/rclcpp/rclcpp/memory_strategies.hpp:18[m[K,
                 from [01m[K/opt/ros/iron/include/rclcpp/rclcpp/executor_options.hpp:20[m[K,
                 from [01m[K/opt/ros/iron/include/rclcpp/rclcpp/executor.hpp:37[m[K,
                 from [01m[K/opt/ros/iron/include/rclcpp/rclcpp/executors/multi_threaded_executor.hpp:25[m[K,
                 from [01m[K/opt/ros/iron/include/rclcpp/rclcpp/executors.hpp:21[m[K,
                 from [01m[K/opt/ros/iron/include/rclcpp/rclcpp/rclcpp.hpp:167[m[K,
                 from [01m[K/home/ngocdai/lidar_ws/src/xsens_node/src/xsens_data_publisher.cpp:7[m[K:
[01m[K/home/ngocdai/lidar_ws/src/xsens_node/src/xsens_data_publisher.cpp:[m[K In member function ‘[01m[Kbool XsensPublisher::scanForBluetoothDevices()[m[K’:
[01m[K/home/ngocdai/lidar_ws/src/xsens_node/src/xsens_data_publisher.cpp:126:49:[m[K [01;35m[Kwarning: [m[Kformat ‘[01m[K%s[m[K’ expects argument of type ‘[01m[Kchar*[m[K’, but argument 5 has type ‘[01m[KXsString[m[K’ [[01;35m[K]8;;https://gcc.gnu.org/onlinedocs/gcc/Warning-Options.html#index-Wformat=-Wformat=]8;;[m[K]
  126 |                 RCLCPP_INFO(this->get_logger(), [01;35m[K"Connected address: '%s'"[m[K, [32m[Kdevice->bluetoothAddress()[m[K);
      |                                                 [01;35m[K^~~~~~~~~~~~~~~~~~~~~~~~~[m[K  [32m[K~~~~~~~~~~~~~~~~~~~~~~~~~~[m[K
      |                                                                                                    [32m[K|[m[K
      |                                                                                                    [32m[KXsString[m[K
[01m[K/home/ngocdai/lidar_ws/src/xsens_node/src/xsens_data_publisher.cpp:126:71:[m[K [01;36m[Knote: [m[Kformat string is defined here
  126 |       RCLCPP_INFO(this->get_logger(), "Connected address: '[01;36m[K%s[m[K'", device->bluetoothAddress());
      |                                                            [01;36m[K~^[m[K
      |                                                             [01;36m[K|[m[K
      |                                                             [01;36m[Kchar*[m[K

