[0.006s] Invoking command in '/home/ngocdai/lidar_ws/build/xsens_node': AMENT_PREFIX_PATH=/home/ngocdai/lidar_ws/install/xsens_library:${AMENT_PREFIX_PATH} CMAKE_PREFIX_PATH=/home/ngocdai/lidar_ws/install/xsens_library:/opt/ros/iron LD_LIBRARY_PATH=/home/ngocdai/lidar_ws/install/xsens_library/lib:${LD_LIBRARY_PATH} /usr/bin/cmake --build /home/ngocdai/lidar_ws/build/xsens_node -- -j12 -l12
[0.034s] [35m[1mConsolidate compiler generated dependencies of target xsens_pub[0m
[0.048s] [ 50%] [32mBuilding CXX object CMakeFiles/xsens_pub.dir/src/xsens_data_publisher.cpp.o[0m
[1.942s] In file included from [01m[K/opt/ros/iron/include/rclcpp/rclcpp/logging.hpp:24[m[K,
[1.942s]                  from [01m[K/opt/ros/iron/include/rclcpp/rclcpp/client.hpp:43[m[K,
[1.942s]                  from [01m[K/opt/ros/iron/include/rclcpp/rclcpp/callback_group.hpp:24[m[K,
[1.942s]                  from [01m[K/opt/ros/iron/include/rclcpp/rclcpp/any_executable.hpp:20[m[K,
[1.942s]                  from [01m[K/opt/ros/iron/include/rclcpp/rclcpp/memory_strategy.hpp:25[m[K,
[1.942s]                  from [01m[K/opt/ros/iron/include/rclcpp/rclcpp/memory_strategies.hpp:18[m[K,
[1.942s]                  from [01m[K/opt/ros/iron/include/rclcpp/rclcpp/executor_options.hpp:20[m[K,
[1.942s]                  from [01m[K/opt/ros/iron/include/rclcpp/rclcpp/executor.hpp:37[m[K,
[1.942s]                  from [01m[K/opt/ros/iron/include/rclcpp/rclcpp/executors/multi_threaded_executor.hpp:25[m[K,
[1.942s]                  from [01m[K/opt/ros/iron/include/rclcpp/rclcpp/executors.hpp:21[m[K,
[1.942s]                  from [01m[K/opt/ros/iron/include/rclcpp/rclcpp/rclcpp.hpp:167[m[K,
[1.942s]                  from [01m[K/home/ngocdai/lidar_ws/src/xsens_node/src/xsens_data_publisher.cpp:7[m[K:
[1.942s] [01m[K/home/ngocdai/lidar_ws/src/xsens_node/src/xsens_data_publisher.cpp:[m[K In member function ‘[01m[Kbool XsensPublisher::scanForBluetoothDevices()[m[K’:
[1.942s] [01m[K/home/ngocdai/lidar_ws/src/xsens_node/src/xsens_data_publisher.cpp:126:49:[m[K [01;35m[Kwarning: [m[Kformat ‘[01m[K%s[m[K’ expects argument of type ‘[01m[Kchar*[m[K’, but argument 5 has type ‘[01m[KXsString[m[K’ [[01;35m[K]8;;https://gcc.gnu.org/onlinedocs/gcc/Warning-Options.html#index-Wformat=-Wformat=]8;;[m[K]
[1.942s]   126 |                 RCLCPP_INFO(this->get_logger(), [01;35m[K"Connected address: '%s'"[m[K, [32m[Kdevice->bluetoothAddress()[m[K);
[1.942s]       |                                                 [01;35m[K^~~~~~~~~~~~~~~~~~~~~~~~~[m[K  [32m[K~~~~~~~~~~~~~~~~~~~~~~~~~~[m[K
[1.942s]       |                                                                                                    [32m[K|[m[K
[1.942s]       |                                                                                                    [32m[KXsString[m[K
[1.943s] [01m[K/home/ngocdai/lidar_ws/src/xsens_node/src/xsens_data_publisher.cpp:126:71:[m[K [01;36m[Knote: [m[Kformat string is defined here
[1.943s]   126 |       RCLCPP_INFO(this->get_logger(), "Connected address: '[01;36m[K%s[m[K'", device->bluetoothAddress());
[1.943s]       |                                                            [01;36m[K~^[m[K
[1.943s]       |                                                             [01;36m[K|[m[K
[1.943s]       |                                                             [01;36m[Kchar*[m[K
[1.943s] 
[3.230s] [100%] [32m[1mLinking CXX executable xsens_pub[0m
[3.501s] [100%] Built target xsens_pub
[3.508s] Invoked command in '/home/ngocdai/lidar_ws/build/xsens_node' returned '0': AMENT_PREFIX_PATH=/home/ngocdai/lidar_ws/install/xsens_library:${AMENT_PREFIX_PATH} CMAKE_PREFIX_PATH=/home/ngocdai/lidar_ws/install/xsens_library:/opt/ros/iron LD_LIBRARY_PATH=/home/ngocdai/lidar_ws/install/xsens_library/lib:${LD_LIBRARY_PATH} /usr/bin/cmake --build /home/ngocdai/lidar_ws/build/xsens_node -- -j12 -l12
[3.523s] Invoking command in '/home/ngocdai/lidar_ws/build/xsens_node': AMENT_PREFIX_PATH=/home/ngocdai/lidar_ws/install/xsens_library:${AMENT_PREFIX_PATH} CMAKE_PREFIX_PATH=/home/ngocdai/lidar_ws/install/xsens_library:/opt/ros/iron LD_LIBRARY_PATH=/home/ngocdai/lidar_ws/install/xsens_library/lib:${LD_LIBRARY_PATH} /usr/bin/cmake --install /home/ngocdai/lidar_ws/build/xsens_node
[3.528s] -- Install configuration: ""
[3.528s] -- Installing: /home/ngocdai/lidar_ws/install/xsens_node/lib/xsens_node/xsens_pub
[3.529s] -- Set runtime path of "/home/ngocdai/lidar_ws/install/xsens_node/lib/xsens_node/xsens_pub" to ""
[3.529s] -- Up-to-date: /home/ngocdai/lidar_ws/install/xsens_node/share/ament_index/resource_index/package_run_dependencies/xsens_node
[3.529s] -- Up-to-date: /home/ngocdai/lidar_ws/install/xsens_node/share/ament_index/resource_index/parent_prefix_path/xsens_node
[3.529s] -- Up-to-date: /home/ngocdai/lidar_ws/install/xsens_node/share/xsens_node/environment/ament_prefix_path.sh
[3.529s] -- Up-to-date: /home/ngocdai/lidar_ws/install/xsens_node/share/xsens_node/environment/ament_prefix_path.dsv
[3.529s] -- Up-to-date: /home/ngocdai/lidar_ws/install/xsens_node/share/xsens_node/environment/path.sh
[3.529s] -- Up-to-date: /home/ngocdai/lidar_ws/install/xsens_node/share/xsens_node/environment/path.dsv
[3.530s] -- Up-to-date: /home/ngocdai/lidar_ws/install/xsens_node/share/xsens_node/local_setup.bash
[3.530s] -- Up-to-date: /home/ngocdai/lidar_ws/install/xsens_node/share/xsens_node/local_setup.sh
[3.530s] -- Up-to-date: /home/ngocdai/lidar_ws/install/xsens_node/share/xsens_node/local_setup.zsh
[3.530s] -- Up-to-date: /home/ngocdai/lidar_ws/install/xsens_node/share/xsens_node/local_setup.dsv
[3.530s] -- Installing: /home/ngocdai/lidar_ws/install/xsens_node/share/xsens_node/package.dsv
[3.530s] -- Up-to-date: /home/ngocdai/lidar_ws/install/xsens_node/share/ament_index/resource_index/packages/xsens_node
[3.530s] -- Up-to-date: /home/ngocdai/lidar_ws/install/xsens_node/share/xsens_node/cmake/xsens_nodeConfig.cmake
[3.530s] -- Up-to-date: /home/ngocdai/lidar_ws/install/xsens_node/share/xsens_node/cmake/xsens_nodeConfig-version.cmake
[3.530s] -- Up-to-date: /home/ngocdai/lidar_ws/install/xsens_node/share/xsens_node/package.xml
[3.530s] Invoked command in '/home/ngocdai/lidar_ws/build/xsens_node' returned '0': AMENT_PREFIX_PATH=/home/ngocdai/lidar_ws/install/xsens_library:${AMENT_PREFIX_PATH} CMAKE_PREFIX_PATH=/home/ngocdai/lidar_ws/install/xsens_library:/opt/ros/iron LD_LIBRARY_PATH=/home/ngocdai/lidar_ws/install/xsens_library/lib:${LD_LIBRARY_PATH} /usr/bin/cmake --install /home/ngocdai/lidar_ws/build/xsens_node
