[0.009s] Invoking command in '/home/ngocdai/lidar_ws/build/xsens_node': CMAKE_PREFIX_PATH=/home/ngocdai/lidar_ws/install/xsens_library:/home/ngocdai/lidar_ws/install/xsens_node:/home/ngocdai/lidar_ws/install/cpp_xsens:/home/ngocdai/lidar_ws/install/my_bleak:/opt/ros/iron /usr/bin/cmake --build /home/ngocdai/lidar_ws/build/xsens_node -- -j12 -l12
[0.043s] [35m[1mConsolidate compiler generated dependencies of target xsens_pub[0m
[0.055s] [ 50%] [32mBuilding CXX object CMakeFiles/xsens_pub.dir/src/xsens_data_publisher.cpp.o[0m
[2.051s] [01m[K/home/ngocdai/lidar_ws/src/xsens_node/src/xsens_data_publisher.cpp:[m[K In constructor ‘[01m[KXsensPublisher::XsensPublisher()[m[K’:
[2.051s] [01m[K/home/ngocdai/lidar_ws/src/xsens_node/src/xsens_data_publisher.cpp:25:19:[m[K [01;31m[Kerror: [m[Kcannot convert ‘[01m[KXsensPublisher::XsensPublisher()::<lambda(int)>[m[K’ to ‘[01m[K__sighandler_t[m[K’ {aka ‘[01m[Kvoid (*)(int)[m[K’}
[2.052s]    25 |             [01;31m[Ksignal(SIGINT, [&] (int) {[m[K
[2.052s]       |             [01;31m[K~~~~~~^~~~~~~~~~~~~~~~~~~~[m[K
[2.052s]       |                   [01;31m[K|[m[K
[2.052s]       |                   [01;31m[KXsensPublisher::XsensPublisher()::<lambda(int)>[m[K
[2.052s]    26 | [01;31m[K                scan_flag = false;[m[K
[2.052s]       |                 [01;31m[K~~~~~~~~~~~~~~~~~~[m[K
[2.052s]    27 | [01;31m[K            })[m[K;
[2.052s]       |             [01;31m[K~~[m[K     
[2.052s] In file included from [01m[K/usr/include/c++/11/csignal:42[m[K,
[2.052s]                  from [01m[K/opt/ros/iron/include/rclcpp/rclcpp/rclcpp.hpp:164[m[K,
[2.052s]                  from [01m[K/home/ngocdai/lidar_ws/src/xsens_node/src/xsens_data_publisher.cpp:7[m[K:
[2.052s] [01m[K/usr/include/signal.h:88:57:[m[K [01;36m[Knote: [m[K  initializing argument 2 of ‘[01m[Kvoid (* signal(int, __sighandler_t))(int)[m[K’
[2.052s]    88 | extern __sighandler_t signal (int __sig, [01;36m[K__sighandler_t __handler[m[K)
[2.052s]       |                                          [01;36m[K~~~~~~~~~~~~~~~^~~~~~~~~[m[K
[2.903s] gmake[2]: *** [CMakeFiles/xsens_pub.dir/build.make:76: CMakeFiles/xsens_pub.dir/src/xsens_data_publisher.cpp.o] Error 1
[2.903s] gmake[1]: *** [CMakeFiles/Makefile2:137: CMakeFiles/xsens_pub.dir/all] Error 2
[2.903s] gmake: *** [Makefile:146: all] Error 2
[2.905s] Invoked command in '/home/ngocdai/lidar_ws/build/xsens_node' returned '2': CMAKE_PREFIX_PATH=/home/ngocdai/lidar_ws/install/xsens_library:/home/ngocdai/lidar_ws/install/xsens_node:/home/ngocdai/lidar_ws/install/cpp_xsens:/home/ngocdai/lidar_ws/install/my_bleak:/opt/ros/iron /usr/bin/cmake --build /home/ngocdai/lidar_ws/build/xsens_node -- -j12 -l12
