[0.063s] Invoking command in '/home/ngocdai/lidar_ws/build/xsens_library': CMAKE_PREFIX_PATH=${CMAKE_PREFIX_PATH}:/home/ngocdai/lidar_ws/install/my_bleak:/opt/ros/iron /usr/bin/cmake /home/ngocdai/lidar_ws/src/xsens_library -DCMAKE_INSTALL_PREFIX=/home/ngocdai/lidar_ws/install/xsens_library
[0.073s] -- Found ament_cmake: 2.0.3 (/opt/ros/iron/share/ament_cmake/cmake)
[0.182s] -- Override CMake install command with custom implementation using symlinks instead of copying resources
[0.188s] -- Found ament_lint_auto: 0.14.2 (/opt/ros/iron/share/ament_lint_auto/cmake)
[0.244s] -- Added test 'cppcheck' to perform static code analysis on C / C++ code
[0.244s] -- Configured cppcheck include dirs: /home/ngocdai/lidar_ws/src/xsens_library/include
[0.244s] -- Configured cppcheck exclude dirs and/or files: 
[0.245s] -- Added test 'lint_cmake' to check CMake code style
[0.246s] -- Added test 'uncrustify' to check C / C++ code style
[0.246s] -- Configured uncrustify additional arguments: 
[0.246s] -- Added test 'xmllint' to check XML markup files
[0.247s] -- Configuring done
[0.252s] -- Generating done
[0.253s] -- Build files have been written to: /home/ngocdai/lidar_ws/build/xsens_library
[0.255s] Invoked command in '/home/ngocdai/lidar_ws/build/xsens_library' returned '0': CMAKE_PREFIX_PATH=${CMAKE_PREFIX_PATH}:/home/ngocdai/lidar_ws/install/my_bleak:/opt/ros/iron /usr/bin/cmake /home/ngocdai/lidar_ws/src/xsens_library -DCMAKE_INSTALL_PREFIX=/home/ngocdai/lidar_ws/install/xsens_library
[0.257s] Invoking command in '/home/ngocdai/lidar_ws/build/xsens_library': CMAKE_PREFIX_PATH=${CMAKE_PREFIX_PATH}:/home/ngocdai/lidar_ws/install/my_bleak:/opt/ros/iron /usr/bin/cmake --build /home/ngocdai/lidar_ws/build/xsens_library -- -j12 -l12
[0.294s] [35m[1mConsolidate compiler generated dependencies of target xdpchandler[0m
[0.310s] [100%] Built target xdpchandler
[0.322s] Invoked command in '/home/ngocdai/lidar_ws/build/xsens_library' returned '0': CMAKE_PREFIX_PATH=${CMAKE_PREFIX_PATH}:/home/ngocdai/lidar_ws/install/my_bleak:/opt/ros/iron /usr/bin/cmake --build /home/ngocdai/lidar_ws/build/xsens_library -- -j12 -l12
[0.357s] Invoking command in '/home/ngocdai/lidar_ws/build/xsens_library': CMAKE_PREFIX_PATH=${CMAKE_PREFIX_PATH}:/home/ngocdai/lidar_ws/install/my_bleak:/opt/ros/iron /usr/bin/cmake --install /home/ngocdai/lidar_ws/build/xsens_library
[0.364s] -- Install configuration: ""
[0.364s] -- Execute custom install script
[0.365s] -- Up-to-date symlink: /home/ngocdai/lidar_ws/install/xsens_library/share/xsens_library/environment/library_path.sh
[0.365s] -- Up-to-date symlink: /home/ngocdai/lidar_ws/install/xsens_library/share/xsens_library/environment/library_path.dsv
[0.365s] -- Up-to-date symlink: /home/ngocdai/lidar_ws/install/xsens_library/include/xsens_library/conio.h
[0.365s] -- Up-to-date symlink: /home/ngocdai/lidar_ws/install/xsens_library/include/xsens_library/user_settings.h
[0.365s] -- Up-to-date symlink: /home/ngocdai/lidar_ws/install/xsens_library/include/xsens_library/xdpchandler.h
[0.365s] -- Up-to-date symlink: /home/ngocdai/lidar_ws/install/xsens_library/share/ament_index/resource_index/package_run_dependencies/xsens_library
[0.365s] -- Up-to-date symlink: /home/ngocdai/lidar_ws/install/xsens_library/share/ament_index/resource_index/parent_prefix_path/xsens_library
[0.366s] -- Up-to-date symlink: /home/ngocdai/lidar_ws/install/xsens_library/share/xsens_library/environment/ament_prefix_path.sh
[0.366s] -- Up-to-date symlink: /home/ngocdai/lidar_ws/install/xsens_library/share/xsens_library/environment/ament_prefix_path.dsv
[0.366s] -- Up-to-date symlink: /home/ngocdai/lidar_ws/install/xsens_library/share/xsens_library/environment/path.sh
[0.366s] -- Up-to-date symlink: /home/ngocdai/lidar_ws/install/xsens_library/share/xsens_library/environment/path.dsv
[0.366s] -- Up-to-date symlink: /home/ngocdai/lidar_ws/install/xsens_library/share/xsens_library/local_setup.bash
[0.366s] -- Up-to-date symlink: /home/ngocdai/lidar_ws/install/xsens_library/share/xsens_library/local_setup.sh
[0.366s] -- Up-to-date symlink: /home/ngocdai/lidar_ws/install/xsens_library/share/xsens_library/local_setup.zsh
[0.366s] -- Up-to-date symlink: /home/ngocdai/lidar_ws/install/xsens_library/share/xsens_library/local_setup.dsv
[0.366s] -- Symlinking: /home/ngocdai/lidar_ws/install/xsens_library/share/xsens_library/package.dsv
[0.375s] -- Up-to-date symlink: /home/ngocdai/lidar_ws/install/xsens_library/share/ament_index/resource_index/packages/xsens_library
[0.375s] -- Up-to-date symlink: /home/ngocdai/lidar_ws/install/xsens_library/share/xsens_library/cmake/ament_cmake_export_targets-extras.cmake
[0.375s] -- Up-to-date symlink: /home/ngocdai/lidar_ws/install/xsens_library/share/xsens_library/cmake/xsens_libraryConfig.cmake
[0.375s] -- Up-to-date symlink: /home/ngocdai/lidar_ws/install/xsens_library/share/xsens_library/cmake/xsens_libraryConfig-version.cmake
[0.375s] -- Up-to-date symlink: /home/ngocdai/lidar_ws/install/xsens_library/share/xsens_library/package.xml
[0.375s] -- Up-to-date: /home/ngocdai/lidar_ws/install/xsens_library/lib/libxdpchandler.a
[0.375s] -- Up-to-date: /home/ngocdai/lidar_ws/install/xsens_library/share/xsens_library/cmake/xdpchandlerExport.cmake
[0.376s] -- Up-to-date: /home/ngocdai/lidar_ws/install/xsens_library/share/xsens_library/cmake/xdpchandlerExport-noconfig.cmake
[0.377s] Invoked command in '/home/ngocdai/lidar_ws/build/xsens_library' returned '0': CMAKE_PREFIX_PATH=${CMAKE_PREFIX_PATH}:/home/ngocdai/lidar_ws/install/my_bleak:/opt/ros/iron /usr/bin/cmake --install /home/ngocdai/lidar_ws/build/xsens_library
