[0.011s] Invoking command in '/home/ngocdai/lidar_ws/build/xsens_library': CMAKE_PREFIX_PATH=/opt/ros/iron /usr/bin/cmake --build /home/ngocdai/lidar_ws/build/xsens_library -- -j12 -l12
[0.026s] -- Found ament_cmake: 2.0.3 (/opt/ros/iron/share/ament_cmake/cmake)
[0.124s] -- Found ament_lint_auto: 0.14.2 (/opt/ros/iron/share/ament_lint_auto/cmake)
[0.169s] -- Added test 'cppcheck' to perform static code analysis on C / C++ code
[0.169s] -- Configured cppcheck include dirs: /home/ngocdai/lidar_ws/src/xsens_library/include
[0.169s] -- Configured cppcheck exclude dirs and/or files: 
[0.169s] -- Added test 'lint_cmake' to check CMake code style
[0.170s] -- Added test 'uncrustify' to check C / C++ code style
[0.170s] -- Configured uncrustify additional arguments: 
[0.170s] -- Added test 'xmllint' to check XML markup files
[0.170s] -- Configuring done
[0.171s] [31mCMake Error at CMakeLists.txt:32 (add_library):
[0.171s]   Cannot find source file:
[0.171s] 
[0.171s]     conio.c
[0.172s] 
[0.172s]   Tried extensions .c .C .c++ .cc .cpp .cxx .cu .mpp .m .M .mm .ixx .cppm .h
[0.172s]   .hh .h++ .hm .hpp .hxx .in .txx .f .F .for .f77 .f90 .f95 .f03 .hip .ispc
[0.172s] 
[0.172s] [0m
[0.172s] [31mCMake Error at CMakeLists.txt:32 (add_library):
[0.172s]   No SOURCES given to target: xdpchandler
[0.172s] 
[0.172s] [0m
[0.172s] [0mCMake Generate step failed.  Build files cannot be regenerated correctly.[0m
[0.173s] gmake: *** [Makefile:267: cmake_check_build_system] Error 1
[0.174s] Invoked command in '/home/ngocdai/lidar_ws/build/xsens_library' returned '2': CMAKE_PREFIX_PATH=/opt/ros/iron /usr/bin/cmake --build /home/ngocdai/lidar_ws/build/xsens_library -- -j12 -l12
