[0.675s] Invoking command in '/home/ngocdai/lidar_ws/build/my_bleak': PYTHONPATH=/home/ngocdai/lidar_ws/build/my_bleak/prefix_override:/home/ngocdai/lidar_ws/install/my_bleak/lib/python3.10/site-packages:${PYTHONPATH} /usr/bin/python3 setup.py develop --uninstall --editable --build-directory /home/ngocdai/lidar_ws/build/my_bleak/build
[0.935s] running develop
[1.136s] Invoked command in '/home/ngocdai/lidar_ws/build/my_bleak' returned '0': PYTHONPATH=/home/ngocdai/lidar_ws/build/my_bleak/prefix_override:/home/ngocdai/lidar_ws/install/my_bleak/lib/python3.10/site-packages:${PYTHONPATH} /usr/bin/python3 setup.py develop --uninstall --editable --build-directory /home/ngocdai/lidar_ws/build/my_bleak/build
[1.138s] Invoking command in '/home/ngocdai/lidar_ws/src/my_bleak': PYTHONPATH=/home/ngocdai/lidar_ws/build/my_bleak/prefix_override:/home/ngocdai/lidar_ws/install/my_bleak/lib/python3.10/site-packages:${PYTHONPATH} /usr/bin/python3 setup.py egg_info --egg-base ../../build/my_bleak build --build-base /home/ngocdai/lidar_ws/build/my_bleak/build install --record /home/ngocdai/lidar_ws/build/my_bleak/install.log --single-version-externally-managed
[1.362s] running egg_info
[1.363s] writing ../../build/my_bleak/my_bleak.egg-info/PKG-INFO
[1.363s] writing dependency_links to ../../build/my_bleak/my_bleak.egg-info/dependency_links.txt
[1.363s] writing entry points to ../../build/my_bleak/my_bleak.egg-info/entry_points.txt
[1.363s] writing requirements to ../../build/my_bleak/my_bleak.egg-info/requires.txt
[1.363s] writing top-level names to ../../build/my_bleak/my_bleak.egg-info/top_level.txt
[1.365s] reading manifest file '../../build/my_bleak/my_bleak.egg-info/SOURCES.txt'
[1.366s] writing manifest file '../../build/my_bleak/my_bleak.egg-info/SOURCES.txt'
[1.366s] running build
[1.366s] running build_py
[1.366s] copying my_bleak/bleak_client.py -> /home/ngocdai/lidar_ws/build/my_bleak/build/lib/my_bleak
[1.366s] running install
[1.366s] running install_lib
[1.367s] copying /home/ngocdai/lidar_ws/build/my_bleak/build/lib/my_bleak/bleak_client.py -> /home/ngocdai/lidar_ws/install/my_bleak/lib/python3.10/site-packages/my_bleak
[1.367s] byte-compiling /home/ngocdai/lidar_ws/install/my_bleak/lib/python3.10/site-packages/my_bleak/bleak_client.py to bleak_client.cpython-310.pyc
[1.368s] running install_data
[1.368s] running install_egg_info
[1.369s] removing '/home/ngocdai/lidar_ws/install/my_bleak/lib/python3.10/site-packages/my_bleak-0.0.0-py3.10.egg-info' (and everything under it)
[1.370s] Copying ../../build/my_bleak/my_bleak.egg-info to /home/ngocdai/lidar_ws/install/my_bleak/lib/python3.10/site-packages/my_bleak-0.0.0-py3.10.egg-info
[1.371s] running install_scripts
[1.389s] Installing bleak_client script to /home/ngocdai/lidar_ws/install/my_bleak/lib/my_bleak
[1.389s] Installing bleak_node script to /home/ngocdai/lidar_ws/install/my_bleak/lib/my_bleak
[1.389s] writing list of installed files to '/home/ngocdai/lidar_ws/build/my_bleak/install.log'
[1.416s] Invoked command in '/home/ngocdai/lidar_ws/src/my_bleak' returned '0': PYTHONPATH=/home/ngocdai/lidar_ws/build/my_bleak/prefix_override:/home/ngocdai/lidar_ws/install/my_bleak/lib/python3.10/site-packages:${PYTHONPATH} /usr/bin/python3 setup.py egg_info --egg-base ../../build/my_bleak build --build-base /home/ngocdai/lidar_ws/build/my_bleak/build install --record /home/ngocdai/lidar_ws/build/my_bleak/install.log --single-version-externally-managed
