[35m[1mConsolidate compiler generated dependencies of target xsens_rec[0m
[ 50%] Built target xsens_pub
[ 75%] [32mBuilding CXX object CMakeFiles/xsens_rec.dir/src/xsens_data_receiver.cpp.o[0m
[100%] [32m[1mLinking CXX executable xsens_rec[0m
[100%] Built target xsens_rec
-- Install configuration: ""
-- Installing: /home/ngocdai/lidar_ws/install/xsens_node/lib/xsens_node/xsens_pub
-- Set runtime path of "/home/ngocdai/lidar_ws/install/xsens_node/lib/xsens_node/xsens_pub" to ""
-- Installing: /home/ngocdai/lidar_ws/install/xsens_node/lib/xsens_node/xsens_rec
-- Set runtime path of "/home/ngocdai/lidar_ws/install/xsens_node/lib/xsens_node/xsens_rec" to ""
-- Up-to-date: /home/ngocdai/lidar_ws/install/xsens_node/share/ament_index/resource_index/package_run_dependencies/xsens_node
-- Up-to-date: /home/ngocdai/lidar_ws/install/xsens_node/share/ament_index/resource_index/parent_prefix_path/xsens_node
-- Up-to-date: /home/ngocdai/lidar_ws/install/xsens_node/share/xsens_node/environment/ament_prefix_path.sh
-- Up-to-date: /home/ngocdai/lidar_ws/install/xsens_node/share/xsens_node/environment/ament_prefix_path.dsv
-- Up-to-date: /home/ngocdai/lidar_ws/install/xsens_node/share/xsens_node/environment/path.sh
-- Up-to-date: /home/ngocdai/lidar_ws/install/xsens_node/share/xsens_node/environment/path.dsv
-- Up-to-date: /home/ngocdai/lidar_ws/install/xsens_node/share/xsens_node/local_setup.bash
-- Up-to-date: /home/ngocdai/lidar_ws/install/xsens_node/share/xsens_node/local_setup.sh
-- Up-to-date: /home/ngocdai/lidar_ws/install/xsens_node/share/xsens_node/local_setup.zsh
-- Up-to-date: /home/ngocdai/lidar_ws/install/xsens_node/share/xsens_node/local_setup.dsv
-- Installing: /home/ngocdai/lidar_ws/install/xsens_node/share/xsens_node/package.dsv
-- Up-to-date: /home/ngocdai/lidar_ws/install/xsens_node/share/ament_index/resource_index/packages/xsens_node
-- Up-to-date: /home/ngocdai/lidar_ws/install/xsens_node/share/xsens_node/cmake/xsens_nodeConfig.cmake
-- Up-to-date: /home/ngocdai/lidar_ws/install/xsens_node/share/xsens_node/cmake/xsens_nodeConfig-version.cmake
-- Up-to-date: /home/ngocdai/lidar_ws/install/xsens_node/share/xsens_node/package.xml
