[0.007s] Invoking command in '/home/ngocdai/lidar_ws/build/xsens_node': CMAKE_PREFIX_PATH=/home/ngocdai/lidar_ws/install/xsens_library:/home/ngocdai/lidar_ws/install/xsens_node:/home/ngocdai/lidar_ws/install/cpp_xsens:/home/ngocdai/lidar_ws/install/my_bleak:/opt/ros/iron /usr/bin/cmake --build /home/ngocdai/lidar_ws/build/xsens_node -- -j12 -l12
[0.040s] [35m[1mConsolidate compiler generated dependencies of target xsens_pub[0m
[0.053s] [ 50%] [32mBuilding CXX object CMakeFiles/xsens_pub.dir/src/xsens_data_publisher.cpp.o[0m
[2.055s] [01m[K/home/ngocdai/lidar_ws/src/xsens_node/src/xsens_data_publisher.cpp:[m[K In lambda function:
[2.055s] [01m[K/home/ngocdai/lidar_ws/src/xsens_node/src/xsens_data_publisher.cpp:28:36:[m[K [01;31m[Kerror: [m[K‘[01m[Kthis[m[K’ was not captured for this lambda function
[2.055s]    28 |                 for (auto device : [01;31m[KxdpcHandler[m[K.connectedDots())
[2.055s]       |                                    [01;31m[K^~~~~~~~~~~[m[K
[2.055s] [01m[K/home/ngocdai/lidar_ws/src/xsens_node/src/xsens_data_publisher.cpp:28:36:[m[K [01;31m[Kerror: [m[Kinvalid use of non-static data member ‘[01m[KXsensPublisher::xdpcHandler[m[K’
[2.055s] [01m[K/home/ngocdai/lidar_ws/src/xsens_node/src/xsens_data_publisher.cpp:43:21:[m[K [01;36m[Knote: [m[Kdeclared here
[2.055s]    43 |         XdpcHandler [01;36m[KxdpcHandler[m[K;
[2.056s]       |                     [01;36m[K^~~~~~~~~~~[m[K
[2.056s] [01m[K/home/ngocdai/lidar_ws/src/xsens_node/src/xsens_data_publisher.cpp:35:17:[m[K [01;31m[Kerror: [m[K‘[01m[Kthis[m[K’ was not captured for this lambda function
[2.056s]    35 |                 [01;31m[KxdpcHandler[m[K.cleanup();
[2.056s]       |                 [01;31m[K^~~~~~~~~~~[m[K
[2.056s] [01m[K/home/ngocdai/lidar_ws/src/xsens_node/src/xsens_data_publisher.cpp:35:17:[m[K [01;31m[Kerror: [m[Kinvalid use of non-static data member ‘[01m[KXsensPublisher::xdpcHandler[m[K’
[2.056s] [01m[K/home/ngocdai/lidar_ws/src/xsens_node/src/xsens_data_publisher.cpp:43:21:[m[K [01;36m[Knote: [m[Kdeclared here
[2.056s]    43 |         XdpcHandler [01;36m[KxdpcHandler[m[K;
[2.056s]       |                     [01;36m[K^~~~~~~~~~~[m[K
[2.919s] gmake[2]: *** [CMakeFiles/xsens_pub.dir/build.make:76: CMakeFiles/xsens_pub.dir/src/xsens_data_publisher.cpp.o] Error 1
[2.919s] gmake[1]: *** [CMakeFiles/Makefile2:137: CMakeFiles/xsens_pub.dir/all] Error 2
[2.919s] gmake: *** [Makefile:146: all] Error 2
[2.921s] Invoked command in '/home/ngocdai/lidar_ws/build/xsens_node' returned '2': CMAKE_PREFIX_PATH=/home/ngocdai/lidar_ws/install/xsens_library:/home/ngocdai/lidar_ws/install/xsens_node:/home/ngocdai/lidar_ws/install/cpp_xsens:/home/ngocdai/lidar_ws/install/my_bleak:/opt/ros/iron /usr/bin/cmake --build /home/ngocdai/lidar_ws/build/xsens_node -- -j12 -l12
