-- Found ament_cmake: 2.0.3 (/opt/ros/iron/share/ament_cmake/cmake)
-- Found ament_lint_auto: 0.14.2 (/opt/ros/iron/share/ament_lint_auto/cmake)
-- Added test 'cppcheck' to perform static code analysis on C / C++ code
-- Configured cppcheck include dirs: /home/ngocdai/lidar_ws/src/xsens_library/include/xsens_library
-- Configured cppcheck exclude dirs and/or files: 
-- Added test 'lint_cmake' to check CMake code style
-- Added test 'uncrustify' to check C / C++ code style
-- Configured uncrustify additional arguments: 
-- Added test 'xmllint' to check XML markup files
-- Configuring done
-- Generating done
-- Build files have been written to: /home/ngocdai/lidar_ws/build/xsens_library
[35m[1mConsolidate compiler generated dependencies of target xdpchandler[0m
[ 50%] [32mBuilding CXX object CMakeFiles/xdpchandler.dir/src/xdpchandler.cpp.o[0m
[01m[K/home/ngocdai/lidar_ws/src/xsens_library/src/xdpchandler.cpp:1:10:[m[K [01;31m[Kfatal error: [m[Kxsens_library/xdpchandler.h: No such file or directory
    1 | #include [01;31m[K"xsens_library/xdpchandler.h"[m[K
      |          [01;31m[K^~~~~~~~~~~~~~~~~~~~~~~~~~~~~[m[K
compilation terminated.
gmake[2]: *** [CMakeFiles/xdpchandler.dir/build.make:76: CMakeFiles/xdpchandler.dir/src/xdpchandler.cpp.o] Error 1
gmake[1]: *** [CMakeFiles/Makefile2:137: CMakeFiles/xdpchandler.dir/all] Error 2
gmake: *** [Makefile:146: all] Error 2
