[0.009s] Invoking command in '/home/ngocdai/lidar_ws/build/xsens_library': CMAKE_PREFIX_PATH=${CMAKE_PREFIX_PATH}:/home/ngocdai/lidar_ws/install/my_bleak:/opt/ros/iron /usr/bin/cmake --build /home/ngocdai/lidar_ws/build/xsens_library -- -j12 -l12
[0.024s] -- Found ament_cmake: 2.0.3 (/opt/ros/iron/share/ament_cmake/cmake)
[0.120s] -- Found ament_lint_auto: 0.14.2 (/opt/ros/iron/share/ament_lint_auto/cmake)
[0.165s] -- Added test 'cppcheck' to perform static code analysis on C / C++ code
[0.166s] -- Configured cppcheck include dirs: /home/ngocdai/lidar_ws/src/xsens_library/include/xsens_library
[0.166s] -- Configured cppcheck exclude dirs and/or files: 
[0.166s] -- Added test 'lint_cmake' to check CMake code style
[0.166s] -- Added test 'uncrustify' to check C / C++ code style
[0.166s] -- Configured uncrustify additional arguments: 
[0.167s] -- Added test 'xmllint' to check XML markup files
[0.167s] -- Configuring done
[0.170s] -- Generating done
[0.171s] -- Build files have been written to: /home/ngocdai/lidar_ws/build/xsens_library
[0.184s] [35m[1mConsolidate compiler generated dependencies of target xdpchandler[0m
[0.193s] [ 50%] [32mBuilding CXX object CMakeFiles/xdpchandler.dir/src/xdpchandler.cpp.o[0m
[0.197s] [01m[K/home/ngocdai/lidar_ws/src/xsens_library/src/xdpchandler.cpp:1:10:[m[K [01;31m[Kfatal error: [m[Kxsens_library/xdpchandler.h: No such file or directory
[0.197s]     1 | #include [01;31m[K"xsens_library/xdpchandler.h"[m[K
[0.197s]       |          [01;31m[K^~~~~~~~~~~~~~~~~~~~~~~~~~~~~[m[K
[0.197s] compilation terminated.
[0.198s] gmake[2]: *** [CMakeFiles/xdpchandler.dir/build.make:76: CMakeFiles/xdpchandler.dir/src/xdpchandler.cpp.o] Error 1
[0.198s] gmake[1]: *** [CMakeFiles/Makefile2:137: CMakeFiles/xdpchandler.dir/all] Error 2
[0.198s] gmake: *** [Makefile:146: all] Error 2
[0.199s] Invoked command in '/home/ngocdai/lidar_ws/build/xsens_library' returned '2': CMAKE_PREFIX_PATH=${CMAKE_PREFIX_PATH}:/home/ngocdai/lidar_ws/install/my_bleak:/opt/ros/iron /usr/bin/cmake --build /home/ngocdai/lidar_ws/build/xsens_library -- -j12 -l12
