-- Found ament_cmake: 2.0.3 (/opt/ros/iron/share/ament_cmake/cmake)
-- Found ament_lint_auto: 0.14.2 (/opt/ros/iron/share/ament_lint_auto/cmake)
-- Found rclcpp: 21.0.3 (/opt/ros/iron/share/rclcpp/cmake)
-- Found rosidl_generator_c: 4.0.1 (/opt/ros/iron/share/rosidl_generator_c/cmake)
-- Found rosidl_generator_cpp: 4.0.1 (/opt/ros/iron/share/rosidl_generator_cpp/cmake)
-- Using all available rosidl_typesupport_c: rosidl_typesupport_fastrtps_c;rosidl_typesupport_introspection_c
-- Using all available rosidl_typesupport_cpp: rosidl_typesupport_fastrtps_cpp;rosidl_typesupport_introspection_cpp
-- Found rmw_implementation_cmake: 7.1.0 (/opt/ros/iron/share/rmw_implementation_cmake/cmake)
-- Found rmw_fastrtps_cpp: 7.1.1 (/opt/ros/iron/share/rmw_fastrtps_cpp/cmake)
-- Using RMW implementation 'rmw_fastrtps_cpp' as default
-- Found std_msgs: 5.0.0 (/opt/ros/iron/share/std_msgs/cmake)
-- Added test 'copyright' to check source files copyright and LICENSE
-- Added test 'cppcheck' to perform static code analysis on C / C++ code
-- Configured cppcheck include dirs: 
-- Configured cppcheck exclude dirs and/or files: 
-- Added test 'lint_cmake' to check CMake code style
-- Added test 'uncrustify' to check C / C++ code style
-- Configured uncrustify additional arguments: 
-- Added test 'xmllint' to check XML markup files
-- Configuring done
-- Generating done
-- Build files have been written to: /home/ngocdai/lidar_ws/build/cpp_xsens
[ 50%] [32mBuilding CXX object CMakeFiles/xsens_client.dir/src/xsens_client_data.cpp.o[0m
[ 50%] [32mBuilding CXX object CMakeFiles/xsens_receive.dir/src/xsens_receive_data.cpp.o[0m
[01m[K/home/ngocdai/lidar_ws/src/cpp_xsens/src/xsens_receive_data.cpp:9:37:[m[K [01;31m[Kerror: [m[Kexpected ‘[01m[K;[m[K’ before ‘[01m[Kclass[m[K’
    9 | using namespace std::chrono_literals
      |                                     [01;31m[K^[m[K
      |                                     [32m[K;[m[K
   10 | 
   11 | [32m[Kclass[m[K XsensPublisher : public rclcpp::Node
      | [32m[K~~~~~[m[K                                
[01m[K/home/ngocdai/lidar_ws/src/cpp_xsens/src/xsens_receive_data.cpp:23:5:[m[K [01;31m[Kerror: [m[Kexpected unqualified-id before ‘[01m[K{[m[K’ token
   23 |     [01;31m[K{[m[K
      |     [01;31m[K^[m[K
[01m[K/home/ngocdai/lidar_ws/src/cpp_xsens/src/xsens_receive_data.cpp:29:13:[m[K [01;31m[Kerror: [m[K‘[01m[KTImerBase[m[K’ in namespace ‘[01m[Krclcpp[m[K’ does not name a type; did you mean ‘[01m[KTimerBase[m[K’?
   29 |     rclcpp::[01;31m[KTImerBase[m[K::SharePtr timer_;
      |             [01;31m[K^~~~~~~~~[m[K
      |             [32m[KTimerBase[m[K
[01m[K/home/ngocdai/lidar_ws/src/cpp_xsens/src/xsens_receive_data.cpp:30:47:[m[K [01;31m[Kerror: [m[K‘[01m[KSharePtr[m[K’ in ‘[01m[Kclass rclcpp::Publisher<std_msgs::msg::String_<std::allocator<void> > >[m[K’ does not name a type
   30 |     rclcpp::Publisher<std_msgs::msg::String>::[01;31m[KSharePtr[m[K publisher_;
      |                                               [01;31m[K^~~~~~~~[m[K
[01m[K/home/ngocdai/lidar_ws/src/cpp_xsens/src/xsens_receive_data.cpp:[m[K In constructor ‘[01m[KXsensPublisher::XsensPublisher()[m[K’:
[01m[K/home/ngocdai/lidar_ws/src/cpp_xsens/src/xsens_receive_data.cpp:17:13:[m[K [01;31m[Kerror: [m[K‘[01m[Kpublisher[m[K’ was not declared in this scope
   17 |             [01;31m[Kpublisher[m[K = this->create_publisher<std_msgs::msg::String>("topic", 10);
      |             [01;31m[K^~~~~~~~~[m[K
[01m[K/home/ngocdai/lidar_ws/src/cpp_xsens/src/xsens_receive_data.cpp:18:13:[m[K [01;31m[Kerror: [m[K‘[01m[Ktimer_[m[K’ was not declared in this scope; did you mean ‘[01m[Ktimer_t[m[K’?
   18 |             [01;31m[Ktimer_[m[K = this->create_wall_timer(
      |             [01;31m[K^~~~~~[m[K
      |             [32m[Ktimer_t[m[K
[01m[K/home/ngocdai/lidar_ws/src/cpp_xsens/src/xsens_receive_data.cpp:19:47:[m[K [01;31m[Kerror: [m[K‘[01m[Ktimer_callback[m[K’ is not a member of ‘[01m[KXsensPublisher[m[K’
   19 |             500ms, std::bind(&XsensPublisher::[01;31m[Ktimer_callback[m[K, thus));
      |                                               [01;31m[K^~~~~~~~~~~~~~[m[K
[01m[K/home/ngocdai/lidar_ws/src/cpp_xsens/src/xsens_receive_data.cpp:19:63:[m[K [01;31m[Kerror: [m[K‘[01m[Kthus[m[K’ was not declared in this scope; did you mean ‘[01m[Kthis[m[K’?
   19 |             500ms, std::bind(&XsensPublisher::timer_callback, [01;31m[Kthus[m[K));
      |                                                               [01;31m[K^~~~[m[K
      |                                                               [32m[Kthis[m[K
gmake[2]: *** [CMakeFiles/xsens_receive.dir/build.make:76: CMakeFiles/xsens_receive.dir/src/xsens_receive_data.cpp.o] Error 1
gmake[1]: *** [CMakeFiles/Makefile2:139: CMakeFiles/xsens_receive.dir/all] Error 2
gmake[1]: *** Waiting for unfinished jobs....
[ 75%] [32m[1mLinking CXX executable xsens_client[0m
[ 75%] Built target xsens_client
gmake: *** [Makefile:146: all] Error 2
