[0.008s] Invoking command in '/home/ngocdai/lidar_ws/build/cpp_xsens': CMAKE_PREFIX_PATH=/opt/ros/iron /usr/bin/cmake /home/ngocdai/lidar_ws/src/cpp_xsens -DCMAKE_INSTALL_PREFIX=/home/ngocdai/lidar_ws/install/cpp_xsens
[0.016s] -- Found ament_cmake: 2.0.3 (/opt/ros/iron/share/ament_cmake/cmake)
[0.110s] -- Found ament_lint_auto: 0.14.2 (/opt/ros/iron/share/ament_lint_auto/cmake)
[0.110s] -- Found rclcpp: 21.0.3 (/opt/ros/iron/share/rclcpp/cmake)
[0.131s] -- Found rosidl_generator_c: 4.0.1 (/opt/ros/iron/share/rosidl_generator_c/cmake)
[0.137s] -- Found rosidl_generator_cpp: 4.0.1 (/opt/ros/iron/share/rosidl_generator_cpp/cmake)
[0.145s] -- Using all available rosidl_typesupport_c: rosidl_typesupport_fastrtps_c;rosidl_typesupport_introspection_c
[0.156s] -- Using all available rosidl_typesupport_cpp: rosidl_typesupport_fastrtps_cpp;rosidl_typesupport_introspection_cpp
[0.264s] -- Found rmw_implementation_cmake: 7.1.0 (/opt/ros/iron/share/rmw_implementation_cmake/cmake)
[0.265s] -- Found rmw_fastrtps_cpp: 7.1.1 (/opt/ros/iron/share/rmw_fastrtps_cpp/cmake)
[0.353s] -- Using RMW implementation 'rmw_fastrtps_cpp' as default
[0.480s] -- Found std_msgs: 5.0.0 (/opt/ros/iron/share/std_msgs/cmake)
[0.560s] -- Added test 'copyright' to check source files copyright and LICENSE
[0.560s] -- Added test 'cppcheck' to perform static code analysis on C / C++ code
[0.561s] -- Configured cppcheck include dirs: 
[0.561s] -- Configured cppcheck exclude dirs and/or files: 
[0.561s] -- Added test 'lint_cmake' to check CMake code style
[0.562s] -- Added test 'uncrustify' to check C / C++ code style
[0.562s] -- Configured uncrustify additional arguments: 
[0.562s] -- Added test 'xmllint' to check XML markup files
[0.563s] -- Configuring done
[0.572s] -- Generating done
[0.573s] -- Build files have been written to: /home/ngocdai/lidar_ws/build/cpp_xsens
[0.580s] Invoked command in '/home/ngocdai/lidar_ws/build/cpp_xsens' returned '0': CMAKE_PREFIX_PATH=/opt/ros/iron /usr/bin/cmake /home/ngocdai/lidar_ws/src/cpp_xsens -DCMAKE_INSTALL_PREFIX=/home/ngocdai/lidar_ws/install/cpp_xsens
[0.581s] Invoking command in '/home/ngocdai/lidar_ws/build/cpp_xsens': CMAKE_PREFIX_PATH=/opt/ros/iron /usr/bin/cmake --build /home/ngocdai/lidar_ws/build/cpp_xsens -- -j12 -l12
[0.614s] [ 50%] [32mBuilding CXX object CMakeFiles/xsens_client.dir/src/xsens_client_data.cpp.o[0m
[0.615s] [ 50%] [32mBuilding CXX object CMakeFiles/xsens_receive.dir/src/xsens_receive_data.cpp.o[0m
[2.716s] [01m[K/home/ngocdai/lidar_ws/src/cpp_xsens/src/xsens_receive_data.cpp:9:37:[m[K [01;31m[Kerror: [m[Kexpected ‘[01m[K;[m[K’ before ‘[01m[Kclass[m[K’
[2.716s]     9 | using namespace std::chrono_literals
[2.716s]       |                                     [01;31m[K^[m[K
[2.716s]       |                                     [32m[K;[m[K
[2.716s]    10 | 
[2.716s]    11 | [32m[Kclass[m[K XsensPublisher : public rclcpp::Node
[2.716s]       | [32m[K~~~~~[m[K                                
[2.716s] [01m[K/home/ngocdai/lidar_ws/src/cpp_xsens/src/xsens_receive_data.cpp:23:5:[m[K [01;31m[Kerror: [m[Kexpected unqualified-id before ‘[01m[K{[m[K’ token
[2.716s]    23 |     [01;31m[K{[m[K
[2.717s]       |     [01;31m[K^[m[K
[2.717s] [01m[K/home/ngocdai/lidar_ws/src/cpp_xsens/src/xsens_receive_data.cpp:29:13:[m[K [01;31m[Kerror: [m[K‘[01m[KTImerBase[m[K’ in namespace ‘[01m[Krclcpp[m[K’ does not name a type; did you mean ‘[01m[KTimerBase[m[K’?
[2.717s]    29 |     rclcpp::[01;31m[KTImerBase[m[K::SharePtr timer_;
[2.717s]       |             [01;31m[K^~~~~~~~~[m[K
[2.717s]       |             [32m[KTimerBase[m[K
[2.718s] [01m[K/home/ngocdai/lidar_ws/src/cpp_xsens/src/xsens_receive_data.cpp:30:47:[m[K [01;31m[Kerror: [m[K‘[01m[KSharePtr[m[K’ in ‘[01m[Kclass rclcpp::Publisher<std_msgs::msg::String_<std::allocator<void> > >[m[K’ does not name a type
[2.718s]    30 |     rclcpp::Publisher<std_msgs::msg::String>::[01;31m[KSharePtr[m[K publisher_;
[2.718s]       |                                               [01;31m[K^~~~~~~~[m[K
[2.724s] [01m[K/home/ngocdai/lidar_ws/src/cpp_xsens/src/xsens_receive_data.cpp:[m[K In constructor ‘[01m[KXsensPublisher::XsensPublisher()[m[K’:
[2.724s] [01m[K/home/ngocdai/lidar_ws/src/cpp_xsens/src/xsens_receive_data.cpp:17:13:[m[K [01;31m[Kerror: [m[K‘[01m[Kpublisher[m[K’ was not declared in this scope
[2.724s]    17 |             [01;31m[Kpublisher[m[K = this->create_publisher<std_msgs::msg::String>("topic", 10);
[2.724s]       |             [01;31m[K^~~~~~~~~[m[K
[2.733s] [01m[K/home/ngocdai/lidar_ws/src/cpp_xsens/src/xsens_receive_data.cpp:18:13:[m[K [01;31m[Kerror: [m[K‘[01m[Ktimer_[m[K’ was not declared in this scope; did you mean ‘[01m[Ktimer_t[m[K’?
[2.733s]    18 |             [01;31m[Ktimer_[m[K = this->create_wall_timer(
[2.733s]       |             [01;31m[K^~~~~~[m[K
[2.733s]       |             [32m[Ktimer_t[m[K
[2.733s] [01m[K/home/ngocdai/lidar_ws/src/cpp_xsens/src/xsens_receive_data.cpp:19:47:[m[K [01;31m[Kerror: [m[K‘[01m[Ktimer_callback[m[K’ is not a member of ‘[01m[KXsensPublisher[m[K’
[2.733s]    19 |             500ms, std::bind(&XsensPublisher::[01;31m[Ktimer_callback[m[K, thus));
[2.733s]       |                                               [01;31m[K^~~~~~~~~~~~~~[m[K
[2.736s] [01m[K/home/ngocdai/lidar_ws/src/cpp_xsens/src/xsens_receive_data.cpp:19:63:[m[K [01;31m[Kerror: [m[K‘[01m[Kthus[m[K’ was not declared in this scope; did you mean ‘[01m[Kthis[m[K’?
[2.737s]    19 |             500ms, std::bind(&XsensPublisher::timer_callback, [01;31m[Kthus[m[K));
[2.737s]       |                                                               [01;31m[K^~~~[m[K
[2.737s]       |                                                               [32m[Kthis[m[K
[3.525s] gmake[2]: *** [CMakeFiles/xsens_receive.dir/build.make:76: CMakeFiles/xsens_receive.dir/src/xsens_receive_data.cpp.o] Error 1
[3.525s] gmake[1]: *** [CMakeFiles/Makefile2:139: CMakeFiles/xsens_receive.dir/all] Error 2
[3.525s] gmake[1]: *** Waiting for unfinished jobs....
[6.109s] [ 75%] [32m[1mLinking CXX executable xsens_client[0m
[6.350s] [ 75%] Built target xsens_client
[6.350s] gmake: *** [Makefile:146: all] Error 2
[6.352s] Invoked command in '/home/ngocdai/lidar_ws/build/cpp_xsens' returned '2': CMAKE_PREFIX_PATH=/opt/ros/iron /usr/bin/cmake --build /home/ngocdai/lidar_ws/build/cpp_xsens -- -j12 -l12
