[0.050s] Invoking command in '/home/ngocdai/lidar_ws/build/diffdrive_arduino': CMAKE_PREFIX_PATH=/opt/ros/iron /usr/bin/cmake --build /home/ngocdai/lidar_ws/build/diffdrive_arduino -- -j12 -l12
[0.070s] -- Found ament_cmake_python: 2.0.3 (/opt/ros/iron/share/ament_cmake_python/cmake)
[0.070s] -- Found ament_cmake: 2.0.3 (/opt/ros/iron/share/ament_cmake/cmake)
[0.185s] -- Found rclcpp: 21.0.3 (/opt/ros/iron/share/rclcpp/cmake)
[0.210s] -- Found rosidl_generator_c: 4.0.1 (/opt/ros/iron/share/rosidl_generator_c/cmake)
[0.216s] -- Found rosidl_generator_cpp: 4.0.1 (/opt/ros/iron/share/rosidl_generator_cpp/cmake)
[0.226s] -- Using all available rosidl_typesupport_c: rosidl_typesupport_fastrtps_c;rosidl_typesupport_introspection_c
[0.239s] -- Using all available rosidl_typesupport_cpp: rosidl_typesupport_fastrtps_cpp;rosidl_typesupport_introspection_cpp
[0.360s] -- Found rmw_implementation_cmake: 7.1.0 (/opt/ros/iron/share/rmw_implementation_cmake/cmake)
[0.361s] -- Found rmw_fastrtps_cpp: 7.1.1 (/opt/ros/iron/share/rmw_fastrtps_cpp/cmake)
[0.481s] -- Using RMW implementation 'rmw_fastrtps_cpp' as default
[0.625s] -- Found std_msgs: 5.0.0 (/opt/ros/iron/share/std_msgs/cmake)
[0.659s] [31mCMake Error at CMakeLists.txt:13 (find_package):
[0.659s]   By not providing "Findxsens_library.cmake" in CMAKE_MODULE_PATH this
[0.659s]   project has asked CMake to find a package configuration file provided by
[0.659s]   "xsens_library", but CMake did not find one.
[0.659s] 
[0.659s]   Could not find a package configuration file provided by "xsens_library"
[0.660s]   with any of the following names:
[0.660s] 
[0.660s]     xsens_libraryConfig.cmake
[0.660s]     xsens_library-config.cmake
[0.660s] 
[0.660s]   Add the installation prefix of "xsens_library" to CMAKE_PREFIX_PATH or set
[0.660s]   "xsens_library_DIR" to a directory containing one of the above files.  If
[0.660s]   "xsens_library" provides a separate development package or SDK, be sure it
[0.660s]   has been installed.
[0.660s] 
[0.660s] [0m
[0.660s] -- Configuring incomplete, errors occurred!
[0.661s] See also "/home/ngocdai/lidar_ws/build/diffdrive_arduino/CMakeFiles/CMakeOutput.log".
[0.665s] gmake: *** [Makefile:267: cmake_check_build_system] Error 1
[0.667s] Invoked command in '/home/ngocdai/lidar_ws/build/diffdrive_arduino' returned '2': CMAKE_PREFIX_PATH=/opt/ros/iron /usr/bin/cmake --build /home/ngocdai/lidar_ws/build/diffdrive_arduino -- -j12 -l12
