[0.497s] Invoking command in '/home/ngocdai/lidar_ws/build/my_bleak': PYTHONPATH=/home/ngocdai/lidar_ws/build/my_bleak/prefix_override:/home/ngocdai/lidar_ws/install/my_bleak/lib/python3.10/site-packages:${PYTHONPATH} /usr/bin/python3 setup.py develop --uninstall --editable --build-directory /home/ngocdai/lidar_ws/build/my_bleak/build
[0.693s] running develop
[0.845s] Invoked command in '/home/ngocdai/lidar_ws/build/my_bleak' returned '0': PYTHONPATH=/home/ngocdai/lidar_ws/build/my_bleak/prefix_override:/home/ngocdai/lidar_ws/install/my_bleak/lib/python3.10/site-packages:${PYTHONPATH} /usr/bin/python3 setup.py develop --uninstall --editable --build-directory /home/ngocdai/lidar_ws/build/my_bleak/build
[0.846s] Invoking command in '/home/ngocdai/lidar_ws/src/my_bleak': PYTHONPATH=/home/ngocdai/lidar_ws/build/my_bleak/prefix_override:/home/ngocdai/lidar_ws/install/my_bleak/lib/python3.10/site-packages:${PYTHONPATH} /usr/bin/python3 setup.py egg_info --egg-base ../../build/my_bleak build --build-base /home/ngocdai/lidar_ws/build/my_bleak/build install --record /home/ngocdai/lidar_ws/build/my_bleak/install.log --single-version-externally-managed
[1.029s] running egg_info
[1.029s] writing ../../build/my_bleak/my_bleak.egg-info/PKG-INFO
[1.029s] writing dependency_links to ../../build/my_bleak/my_bleak.egg-info/dependency_links.txt
[1.030s] writing entry points to ../../build/my_bleak/my_bleak.egg-info/entry_points.txt
[1.030s] writing requirements to ../../build/my_bleak/my_bleak.egg-info/requires.txt
[1.030s] writing top-level names to ../../build/my_bleak/my_bleak.egg-info/top_level.txt
[1.031s] reading manifest file '../../build/my_bleak/my_bleak.egg-info/SOURCES.txt'
[1.031s] writing manifest file '../../build/my_bleak/my_bleak.egg-info/SOURCES.txt'
[1.032s] running build
[1.032s] running build_py
[1.032s] copying my_bleak/bleak_node.py -> /home/ngocdai/lidar_ws/build/my_bleak/build/lib/my_bleak
[1.032s] running install
[1.032s] running install_lib
[1.032s] copying /home/ngocdai/lidar_ws/build/my_bleak/build/lib/my_bleak/bleak_node.py -> /home/ngocdai/lidar_ws/install/my_bleak/lib/python3.10/site-packages/my_bleak
[1.033s] byte-compiling /home/ngocdai/lidar_ws/install/my_bleak/lib/python3.10/site-packages/my_bleak/bleak_node.py to bleak_node.cpython-310.pyc
[1.033s] running install_data
[1.033s]   File "/home/ngocdai/lidar_ws/install/my_bleak/lib/python3.10/site-packages/my_bleak/bleak_node.py", line 23
[1.033s]     await self.imu_client = BleakClient(self.imu_address)
[1.033s]     ^^^^^^^^^^^^^^^^^^^^^
[1.033s] SyntaxError: cannot assign to await expression here. Maybe you meant '==' instead of '='?
[1.033s] 
[1.034s] running install_egg_info
[1.035s] removing '/home/ngocdai/lidar_ws/install/my_bleak/lib/python3.10/site-packages/my_bleak-0.0.0-py3.10.egg-info' (and everything under it)
[1.035s] Copying ../../build/my_bleak/my_bleak.egg-info to /home/ngocdai/lidar_ws/install/my_bleak/lib/python3.10/site-packages/my_bleak-0.0.0-py3.10.egg-info
[1.035s] running install_scripts
[1.049s] Installing bleak_node script to /home/ngocdai/lidar_ws/install/my_bleak/lib/my_bleak
[1.049s] writing list of installed files to '/home/ngocdai/lidar_ws/build/my_bleak/install.log'
[1.066s] Invoked command in '/home/ngocdai/lidar_ws/src/my_bleak' returned '0': PYTHONPATH=/home/ngocdai/lidar_ws/build/my_bleak/prefix_override:/home/ngocdai/lidar_ws/install/my_bleak/lib/python3.10/site-packages:${PYTHONPATH} /usr/bin/python3 setup.py egg_info --egg-base ../../build/my_bleak build --build-base /home/ngocdai/lidar_ws/build/my_bleak/build install --record /home/ngocdai/lidar_ws/build/my_bleak/install.log --single-version-externally-managed
