[35m[1mConsolidate compiler generated dependencies of target xdpchandler[0m
[100%] Built target xdpchandler
-- Install configuration: ""
-- Up-to-date: /home/ngocdai/lidar_ws/install/xsens_library/share/xsens_library/environment/library_path.sh
-- Up-to-date: /home/ngocdai/lidar_ws/install/xsens_library/share/xsens_library/environment/library_path.dsv
-- Up-to-date: /home/ngocdai/lidar_ws/install/xsens_library/include/xsens_library
-- Up-to-date: /home/ngocdai/lidar_ws/install/xsens_library/include/xsens_library/user_settings.h
-- Up-to-date: /home/ngocdai/lidar_ws/install/xsens_library/include/xsens_library/conio.h
-- Up-to-date: /home/ngocdai/lidar_ws/install/xsens_library/include/xsens_library/xdpchandler.h
-- Up-to-date: /home/ngocdai/lidar_ws/install/xsens_library/lib/libxdpchandler.a
-- Up-to-date: /home/ngocdai/lidar_ws/install/xsens_library/share/ament_index/resource_index/package_run_dependencies/xsens_library
-- Up-to-date: /home/ngocdai/lidar_ws/install/xsens_library/share/ament_index/resource_index/parent_prefix_path/xsens_library
-- Up-to-date: /home/ngocdai/lidar_ws/install/xsens_library/share/xsens_library/environment/ament_prefix_path.sh
-- Up-to-date: /home/ngocdai/lidar_ws/install/xsens_library/share/xsens_library/environment/ament_prefix_path.dsv
-- Up-to-date: /home/ngocdai/lidar_ws/install/xsens_library/share/xsens_library/environment/path.sh
-- Up-to-date: /home/ngocdai/lidar_ws/install/xsens_library/share/xsens_library/environment/path.dsv
-- Up-to-date: /home/ngocdai/lidar_ws/install/xsens_library/share/xsens_library/local_setup.bash
-- Up-to-date: /home/ngocdai/lidar_ws/install/xsens_library/share/xsens_library/local_setup.sh
-- Up-to-date: /home/ngocdai/lidar_ws/install/xsens_library/share/xsens_library/local_setup.zsh
-- Up-to-date: /home/ngocdai/lidar_ws/install/xsens_library/share/xsens_library/local_setup.dsv
-- Installing: /home/ngocdai/lidar_ws/install/xsens_library/share/xsens_library/package.dsv
-- Up-to-date: /home/ngocdai/lidar_ws/install/xsens_library/share/ament_index/resource_index/packages/xsens_library
-- Up-to-date: /home/ngocdai/lidar_ws/install/xsens_library/share/xsens_library/cmake/xdpchandlerExport.cmake
-- Up-to-date: /home/ngocdai/lidar_ws/install/xsens_library/share/xsens_library/cmake/xdpchandlerExport-noconfig.cmake
-- Up-to-date: /home/ngocdai/lidar_ws/install/xsens_library/share/xsens_library/cmake/ament_cmake_export_targets-extras.cmake
-- Up-to-date: /home/ngocdai/lidar_ws/install/xsens_library/share/xsens_library/cmake/xsens_libraryConfig.cmake
-- Up-to-date: /home/ngocdai/lidar_ws/install/xsens_library/share/xsens_library/cmake/xsens_libraryConfig-version.cmake
-- Up-to-date: /home/ngocdai/lidar_ws/install/xsens_library/share/xsens_library/package.xml
