[0.668s] Invoking command in '/home/ngocdai/lidar_ws/build/my_bleak': PYTHONPATH=/home/ngocdai/lidar_ws/build/my_bleak/prefix_override:/home/ngocdai/lidar_ws/install/my_bleak/lib/python3.10/site-packages:${PYTHONPATH} /usr/bin/python3 setup.py develop --uninstall --editable --build-directory /home/ngocdai/lidar_ws/build/my_bleak/build
[0.909s] running develop
[1.096s] Invoked command in '/home/ngocdai/lidar_ws/build/my_bleak' returned '0': PYTHONPATH=/home/ngocdai/lidar_ws/build/my_bleak/prefix_override:/home/ngocdai/lidar_ws/install/my_bleak/lib/python3.10/site-packages:${PYTHONPATH} /usr/bin/python3 setup.py develop --uninstall --editable --build-directory /home/ngocdai/lidar_ws/build/my_bleak/build
[1.096s] Invoking command in '/home/ngocdai/lidar_ws/src/my_bleak': PYTHONPATH=/home/ngocdai/lidar_ws/build/my_bleak/prefix_override:/home/ngocdai/lidar_ws/install/my_bleak/lib/python3.10/site-packages:${PYTHONPATH} /usr/bin/python3 setup.py egg_info --egg-base ../../build/my_bleak build --build-base /home/ngocdai/lidar_ws/build/my_bleak/build install --record /home/ngocdai/lidar_ws/build/my_bleak/install.log --single-version-externally-managed
[1.313s] running egg_info
[1.313s] writing ../../build/my_bleak/my_bleak.egg-info/PKG-INFO
[1.314s] writing dependency_links to ../../build/my_bleak/my_bleak.egg-info/dependency_links.txt
[1.314s] writing entry points to ../../build/my_bleak/my_bleak.egg-info/entry_points.txt
[1.314s] writing requirements to ../../build/my_bleak/my_bleak.egg-info/requires.txt
[1.314s] writing top-level names to ../../build/my_bleak/my_bleak.egg-info/top_level.txt
[1.315s] reading manifest file '../../build/my_bleak/my_bleak.egg-info/SOURCES.txt'
[1.316s] writing manifest file '../../build/my_bleak/my_bleak.egg-info/SOURCES.txt'
[1.316s] running build
[1.316s] running build_py
[1.316s] copying my_bleak/bleak_client.py -> /home/ngocdai/lidar_ws/build/my_bleak/build/lib/my_bleak
[1.316s] running install
[1.316s] running install_lib
[1.317s] copying /home/ngocdai/lidar_ws/build/my_bleak/build/lib/my_bleak/bleak_client.py -> /home/ngocdai/lidar_ws/install/my_bleak/lib/python3.10/site-packages/my_bleak
[1.317s] byte-compiling /home/ngocdai/lidar_ws/install/my_bleak/lib/python3.10/site-packages/my_bleak/bleak_client.py to bleak_client.cpython-310.pyc
[1.318s] running install_data
[1.318s] running install_egg_info
[1.319s] removing '/home/ngocdai/lidar_ws/install/my_bleak/lib/python3.10/site-packages/my_bleak-0.0.0-py3.10.egg-info' (and everything under it)
[1.320s] Copying ../../build/my_bleak/my_bleak.egg-info to /home/ngocdai/lidar_ws/install/my_bleak/lib/python3.10/site-packages/my_bleak-0.0.0-py3.10.egg-info
[1.320s] running install_scripts
[1.337s] Installing bleak_client script to /home/ngocdai/lidar_ws/install/my_bleak/lib/my_bleak
[1.337s] Installing bleak_node script to /home/ngocdai/lidar_ws/install/my_bleak/lib/my_bleak
[1.338s] writing list of installed files to '/home/ngocdai/lidar_ws/build/my_bleak/install.log'
[1.359s] Invoked command in '/home/ngocdai/lidar_ws/src/my_bleak' returned '0': PYTHONPATH=/home/ngocdai/lidar_ws/build/my_bleak/prefix_override:/home/ngocdai/lidar_ws/install/my_bleak/lib/python3.10/site-packages:${PYTHONPATH} /usr/bin/python3 setup.py egg_info --egg-base ../../build/my_bleak build --build-base /home/ngocdai/lidar_ws/build/my_bleak/build install --record /home/ngocdai/lidar_ws/build/my_bleak/install.log --single-version-externally-managed
