[0.008s] Invoking command in '/home/ngocdai/lidar_ws/build/cpp_xsens': CMAKE_PREFIX_PATH=/opt/ros/iron /usr/bin/cmake --build /home/ngocdai/lidar_ws/build/cpp_xsens -- -j12 -l12
[0.024s] -- Found ament_cmake: 2.0.3 (/opt/ros/iron/share/ament_cmake/cmake)
[0.117s] -- Found ament_lint_auto: 0.14.2 (/opt/ros/iron/share/ament_lint_auto/cmake)
[0.117s] -- Found rclcpp: 21.0.3 (/opt/ros/iron/share/rclcpp/cmake)
[0.139s] -- Found rosidl_generator_c: 4.0.1 (/opt/ros/iron/share/rosidl_generator_c/cmake)
[0.144s] -- Found rosidl_generator_cpp: 4.0.1 (/opt/ros/iron/share/rosidl_generator_cpp/cmake)
[0.153s] -- Using all available rosidl_typesupport_c: rosidl_typesupport_fastrtps_c;rosidl_typesupport_introspection_c
[0.164s] -- Using all available rosidl_typesupport_cpp: rosidl_typesupport_fastrtps_cpp;rosidl_typesupport_introspection_cpp
[0.273s] -- Found rmw_implementation_cmake: 7.1.0 (/opt/ros/iron/share/rmw_implementation_cmake/cmake)
[0.274s] -- Found rmw_fastrtps_cpp: 7.1.1 (/opt/ros/iron/share/rmw_fastrtps_cpp/cmake)
[0.362s] -- Using RMW implementation 'rmw_fastrtps_cpp' as default
[0.480s] -- Found std_msgs: 5.0.0 (/opt/ros/iron/share/std_msgs/cmake)
[0.502s] [31mCMake Error at /opt/ros/iron/share/ament_cmake_target_dependencies/cmake/ament_target_dependencies.cmake:77 (message):
[0.503s]   ament_target_dependencies() the passed package name 'xdpchandler' was not
[0.503s]   found before
[0.503s] Call Stack (most recent call first):
[0.503s]   CMakeLists.txt:34 (ament_target_dependencies)
[0.503s] 
[0.503s] [0m
[0.503s] -- Configuring incomplete, errors occurred!
[0.503s] See also "/home/ngocdai/lidar_ws/build/cpp_xsens/CMakeFiles/CMakeOutput.log".
[0.507s] gmake: *** [Makefile:308: cmake_check_build_system] Error 1
[0.509s] Invoked command in '/home/ngocdai/lidar_ws/build/cpp_xsens' returned '2': CMAKE_PREFIX_PATH=/opt/ros/iron /usr/bin/cmake --build /home/ngocdai/lidar_ws/build/cpp_xsens -- -j12 -l12
