[0.009s] Invoking command in '/home/ngocdai/lidar_ws/build/cpp_xsens': CMAKE_PREFIX_PATH=/opt/ros/iron /usr/bin/cmake --build /home/ngocdai/lidar_ws/build/cpp_xsens -- -j12 -l12
[0.025s] -- Found ament_cmake: 2.0.3 (/opt/ros/iron/share/ament_cmake/cmake)
[0.118s] -- Found ament_lint_auto: 0.14.2 (/opt/ros/iron/share/ament_lint_auto/cmake)
[0.118s] -- Found rclcpp: 21.0.3 (/opt/ros/iron/share/rclcpp/cmake)
[0.140s] -- Found rosidl_generator_c: 4.0.1 (/opt/ros/iron/share/rosidl_generator_c/cmake)
[0.145s] -- Found rosidl_generator_cpp: 4.0.1 (/opt/ros/iron/share/rosidl_generator_cpp/cmake)
[0.154s] -- Using all available rosidl_typesupport_c: rosidl_typesupport_fastrtps_c;rosidl_typesupport_introspection_c
[0.165s] -- Using all available rosidl_typesupport_cpp: rosidl_typesupport_fastrtps_cpp;rosidl_typesupport_introspection_cpp
[0.274s] -- Found rmw_implementation_cmake: 7.1.0 (/opt/ros/iron/share/rmw_implementation_cmake/cmake)
[0.275s] -- Found rmw_fastrtps_cpp: 7.1.1 (/opt/ros/iron/share/rmw_fastrtps_cpp/cmake)
[0.364s] -- Using RMW implementation 'rmw_fastrtps_cpp' as default
[0.483s] -- Found std_msgs: 5.0.0 (/opt/ros/iron/share/std_msgs/cmake)
[0.505s] [31mCMake Error at CMakeLists.txt:29 (add_executable):
[0.505s]   add_executable cannot create target "xsens_receive" because another target
[0.505s]   with the same name already exists.  The existing target is an executable
[0.505s]   created in source directory "/home/ngocdai/lidar_ws/src/cpp_xsens".  See
[0.505s]   documentation for policy CMP0002 for more details.
[0.505s] 
[0.505s] [0m
[0.506s] [31mCMake Error at /opt/ros/iron/share/ament_cmake_target_dependencies/cmake/ament_target_dependencies.cmake:145 (target_link_libraries):
[0.506s]   The keyword signature for target_link_libraries has already been used with
[0.506s]   the target "xsens_receive".  All uses of target_link_libraries with a
[0.506s]   target must be either all-keyword or all-plain.
[0.506s] 
[0.506s]   The uses of the keyword signature are here:
[0.506s] 
[0.506s]    * CMakeLists.txt:30 (target_link_libraries)
[0.506s] 
[0.506s] Call Stack (most recent call first):
[0.506s]   CMakeLists.txt:34 (ament_target_dependencies)
[0.506s] 
[0.506s] [0m
[0.550s] -- Added test 'copyright' to check source files copyright and LICENSE
[0.551s] -- Added test 'cppcheck' to perform static code analysis on C / C++ code
[0.551s] -- Configured cppcheck include dirs: 
[0.551s] -- Configured cppcheck exclude dirs and/or files: 
[0.551s] -- Added test 'lint_cmake' to check CMake code style
[0.552s] -- Added test 'uncrustify' to check C / C++ code style
[0.552s] -- Configured uncrustify additional arguments: 
[0.552s] -- Added test 'xmllint' to check XML markup files
[0.552s] -- Configuring incomplete, errors occurred!
[0.553s] See also "/home/ngocdai/lidar_ws/build/cpp_xsens/CMakeFiles/CMakeOutput.log".
[0.558s] gmake: *** [Makefile:308: cmake_check_build_system] Error 1
[0.559s] Invoked command in '/home/ngocdai/lidar_ws/build/cpp_xsens' returned '2': CMAKE_PREFIX_PATH=/opt/ros/iron /usr/bin/cmake --build /home/ngocdai/lidar_ws/build/cpp_xsens -- -j12 -l12
