[0.117s] Invoking command in '/home/ngocdai/lidar_ws/build/diffdrive_arduino': CMAKE_PREFIX_PATH=${CMAKE_PREFIX_PATH}:/home/ngocdai/lidar_ws/install/my_bleak:/opt/ros/iron /usr/bin/cmake --build /home/ngocdai/lidar_ws/build/diffdrive_arduino -- -j12 -l12
[0.139s] -- Found ament_cmake_python: 2.0.3 (/opt/ros/iron/share/ament_cmake_python/cmake)
[0.139s] -- Found ament_cmake: 2.0.3 (/opt/ros/iron/share/ament_cmake/cmake)
[0.253s] -- Found rclcpp: 21.0.3 (/opt/ros/iron/share/rclcpp/cmake)
[0.279s] -- Found rosidl_generator_c: 4.0.1 (/opt/ros/iron/share/rosidl_generator_c/cmake)
[0.286s] -- Found rosidl_generator_cpp: 4.0.1 (/opt/ros/iron/share/rosidl_generator_cpp/cmake)
[0.296s] -- Using all available rosidl_typesupport_c: rosidl_typesupport_fastrtps_c;rosidl_typesupport_introspection_c
[0.309s] -- Using all available rosidl_typesupport_cpp: rosidl_typesupport_fastrtps_cpp;rosidl_typesupport_introspection_cpp
[0.433s] -- Found rmw_implementation_cmake: 7.1.0 (/opt/ros/iron/share/rmw_implementation_cmake/cmake)
[0.434s] -- Found rmw_fastrtps_cpp: 7.1.1 (/opt/ros/iron/share/rmw_fastrtps_cpp/cmake)
[0.551s] -- Using RMW implementation 'rmw_fastrtps_cpp' as default
[0.674s] -- Found std_msgs: 5.0.0 (/opt/ros/iron/share/std_msgs/cmake)
[0.697s] -- Found nav_msgs: 5.0.0 (/opt/ros/iron/share/nav_msgs/cmake)
[0.815s] -- Found sensor_msgs: 5.0.0 (/opt/ros/iron/share/sensor_msgs/cmake)
[0.894s] -- Found yaml_cpp_vendor: 8.1.2 (/opt/ros/iron/share/yaml_cpp_vendor/cmake)
[0.894s] -- Found tf2_geometry_msgs: 0.31.5 (/opt/ros/iron/share/tf2_geometry_msgs/cmake)
[0.898s] -- Found eigen3_cmake_module: 0.2.2 (/opt/ros/iron/share/eigen3_cmake_module/cmake)
[0.899s] -- Ensuring Eigen3 include directory is part of orocos-kdl CMake target
[1.231s] -- Found hardware_interface: 3.18.0 (/opt/ros/iron/share/hardware_interface/cmake)
[1.590s] -- Found ament_cmake_gtest: 2.0.3 (/opt/ros/iron/share/ament_cmake_gtest/cmake)
[1.642s] -- Configuring done
[1.661s] -- Generating done
[1.663s] -- Build files have been written to: /home/ngocdai/lidar_ws/build/diffdrive_arduino
[1.690s] [35m[1mConsolidate compiler generated dependencies of target diffdrive_arduino[0m
[1.690s] [35m[1mConsolidate compiler generated dependencies of target imu_pub[0m
[1.690s] [35m[1mConsolidate compiler generated dependencies of target imu_rec[0m
[1.711s] [ 50%] [32mBuilding CXX object CMakeFiles/diffdrive_arduino.dir/hardware/diffbot_system.cpp.o[0m
[1.711s] [ 50%] [32mBuilding CXX object CMakeFiles/imu_pub.dir/src/imu_publisher.cpp.o[0m
[1.711s] [ 50%] [32mBuilding CXX object CMakeFiles/imu_rec.dir/src/imu_receiver.cpp.o[0m
[1.942s] [01m[K/home/ngocdai/lidar_ws/src/diffdrive_arduino/src/imu_receiver.cpp:8:10:[m[K [01;31m[Kfatal error: [m[Kxsens_library/xdpchandler.h: No such file or directory
[1.942s]     8 | #include [01;31m[K"xsens_library/xdpchandler.h"[m[K
[1.942s]       |          [01;31m[K^~~~~~~~~~~~~~~~~~~~~~~~~~~~~[m[K
[1.942s] compilation terminated.
[1.946s] [01m[K/home/ngocdai/lidar_ws/src/diffdrive_arduino/src/imu_publisher.cpp:8:10:[m[K [01;31m[Kfatal error: [m[Kxsens_library/xdpchandler.h: No such file or directory
[1.946s]     8 | #include [01;31m[K"xsens_library/xdpchandler.h"[m[K
[1.946s]       |          [01;31m[K^~~~~~~~~~~~~~~~~~~~~~~~~~~~~[m[K
[1.946s] compilation terminated.
[1.953s] gmake[2]: *** [CMakeFiles/imu_rec.dir/build.make:76: CMakeFiles/imu_rec.dir/src/imu_receiver.cpp.o] Error 1
[1.953s] gmake[2]: *** [CMakeFiles/imu_pub.dir/build.make:76: CMakeFiles/imu_pub.dir/src/imu_publisher.cpp.o] Error 1
[1.953s] gmake[1]: *** [CMakeFiles/Makefile2:141: CMakeFiles/imu_pub.dir/all] Error 2
[1.953s] gmake[1]: *** Waiting for unfinished jobs....
[1.954s] gmake[1]: *** [CMakeFiles/Makefile2:167: CMakeFiles/imu_rec.dir/all] Error 2
[5.075s] [ 66%] [32m[1mLinking CXX shared library libdiffdrive_arduino.so[0m
[5.208s] [ 66%] Built target diffdrive_arduino
[5.209s] gmake: *** [Makefile:146: all] Error 2
[5.211s] Invoked command in '/home/ngocdai/lidar_ws/build/diffdrive_arduino' returned '2': CMAKE_PREFIX_PATH=${CMAKE_PREFIX_PATH}:/home/ngocdai/lidar_ws/install/my_bleak:/opt/ros/iron /usr/bin/cmake --build /home/ngocdai/lidar_ws/build/diffdrive_arduino -- -j12 -l12
