running egg_info
writing ../../build/my_bleak/my_bleak.egg-info/PKG-INFO
writing dependency_links to ../../build/my_bleak/my_bleak.egg-info/dependency_links.txt
writing requirements to ../../build/my_bleak/my_bleak.egg-info/requires.txt
writing top-level names to ../../build/my_bleak/my_bleak.egg-info/top_level.txt
reading manifest file '../../build/my_bleak/my_bleak.egg-info/SOURCES.txt'
writing manifest file '../../build/my_bleak/my_bleak.egg-info/SOURCES.txt'
running build
running build_py
running install
/home/ngocdai/.local/lib/python3.10/site-packages/setuptools/_distutils/cmd.py:66: SetuptoolsDeprecationWarning: setup.py install is deprecated.
!!

        ********************************************************************************
        Please avoid running ``setup.py`` directly.
        Instead, use pypa/build, pypa/installer or other
        standards-based tools.

        See https://blog.ganssle.io/articles/2021/10/setup-py-deprecated.html for details.
        ********************************************************************************

!!
  self.initialize_options()
running install_lib
running install_data
copying package.xml -> /home/ngocdai/lidar_ws/install/my_bleak/share/my_bleak
running install_egg_info
removing '/home/ngocdai/lidar_ws/install/my_bleak/lib/python3.10/site-packages/my_bleak-0.0.0-py3.10.egg-info' (and everything under it)
Copying ../../build/my_bleak/my_bleak.egg-info to /home/ngocdai/lidar_ws/install/my_bleak/lib/python3.10/site-packages/my_bleak-0.0.0-py3.10.egg-info
running install_scripts
writing list of installed files to '/home/ngocdai/lidar_ws/build/my_bleak/install.log'
