[0.005s] Invoking command in '/home/ngocdai/lidar_ws/build/xsens_node': AMENT_PREFIX_PATH=/home/ngocdai/lidar_ws/install/xsens_library:${AMENT_PREFIX_PATH} CMAKE_PREFIX_PATH=/home/ngocdai/lidar_ws/install/xsens_library:/opt/ros/iron LD_LIBRARY_PATH=/home/ngocdai/lidar_ws/install/xsens_library/lib:${LD_LIBRARY_PATH} /usr/bin/cmake --build /home/ngocdai/lidar_ws/build/xsens_node -- -j12 -l12
[0.022s] -- Found ament_cmake: 2.0.3 (/opt/ros/iron/share/ament_cmake/cmake)
[0.120s] -- Found rclcpp: 21.0.3 (/opt/ros/iron/share/rclcpp/cmake)
[0.142s] -- Found rosidl_generator_c: 4.0.1 (/opt/ros/iron/share/rosidl_generator_c/cmake)
[0.148s] -- Found rosidl_generator_cpp: 4.0.1 (/opt/ros/iron/share/rosidl_generator_cpp/cmake)
[0.157s] -- Using all available rosidl_typesupport_c: rosidl_typesupport_fastrtps_c;rosidl_typesupport_introspection_c
[0.168s] -- Using all available rosidl_typesupport_cpp: rosidl_typesupport_fastrtps_cpp;rosidl_typesupport_introspection_cpp
[0.281s] -- Found rmw_implementation_cmake: 7.1.0 (/opt/ros/iron/share/rmw_implementation_cmake/cmake)
[0.282s] -- Found rmw_fastrtps_cpp: 7.1.1 (/opt/ros/iron/share/rmw_fastrtps_cpp/cmake)
[0.373s] -- Using RMW implementation 'rmw_fastrtps_cpp' as default
[0.493s] -- Found std_msgs: 5.0.0 (/opt/ros/iron/share/std_msgs/cmake)
[0.516s] -- Found xsens_library: 0.0.0 (/home/ngocdai/lidar_ws/install/xsens_library/share/xsens_library/cmake)
[0.516s] -- Found ament_lint_auto: 0.14.2 (/opt/ros/iron/share/ament_lint_auto/cmake)
[0.562s] -- Added test 'cppcheck' to perform static code analysis on C / C++ code
[0.563s] -- Configured cppcheck include dirs: 
[0.563s] -- Configured cppcheck exclude dirs and/or files: 
[0.563s] -- Added test 'lint_cmake' to check CMake code style
[0.563s] -- Added test 'uncrustify' to check C / C++ code style
[0.563s] -- Configured uncrustify additional arguments: 
[0.564s] -- Added test 'xmllint' to check XML markup files
[0.564s] -- Configuring done
[0.570s] -- Generating done
[0.571s] -- Build files have been written to: /home/ngocdai/lidar_ws/build/xsens_node
[0.597s] [ 50%] [32mBuilding CXX object CMakeFiles/xsens_pub.dir/src/xsens_data_publisher.cpp.o[0m
[0.733s] [01m[K/home/ngocdai/lidar_ws/src/xsens_node/src/xsens_data_publisher.cpp:8:10:[m[K [01;31m[Kfatal error: [m[Kxdpchandler.h: No such file or directory
[0.733s]     8 | #include [01;31m[K"xdpchandler.h"[m[K
[0.733s]       |          [01;31m[K^~~~~~~~~~~~~~~[m[K
[0.733s] compilation terminated.
[0.742s] gmake[2]: *** [CMakeFiles/xsens_pub.dir/build.make:76: CMakeFiles/xsens_pub.dir/src/xsens_data_publisher.cpp.o] Error 1
[0.742s] gmake[1]: *** [CMakeFiles/Makefile2:137: CMakeFiles/xsens_pub.dir/all] Error 2
[0.743s] gmake: *** [Makefile:146: all] Error 2
[0.744s] Invoked command in '/home/ngocdai/lidar_ws/build/xsens_node' returned '2': AMENT_PREFIX_PATH=/home/ngocdai/lidar_ws/install/xsens_library:${AMENT_PREFIX_PATH} CMAKE_PREFIX_PATH=/home/ngocdai/lidar_ws/install/xsens_library:/opt/ros/iron LD_LIBRARY_PATH=/home/ngocdai/lidar_ws/install/xsens_library/lib:${LD_LIBRARY_PATH} /usr/bin/cmake --build /home/ngocdai/lidar_ws/build/xsens_node -- -j12 -l12
