[0.800s] Invoking command in '/home/ngocdai/lidar_ws/build/my_bleak': PYTHONPATH=/home/ngocdai/lidar_ws/build/my_bleak/prefix_override:/home/ngocdai/lidar_ws/install/my_bleak/lib/python3.10/site-packages:${PYTHONPATH} /usr/bin/python3 setup.py develop --uninstall --editable --build-directory /home/ngocdai/lidar_ws/build/my_bleak/build
[1.031s] running develop
[1.214s] Invoked command in '/home/ngocdai/lidar_ws/build/my_bleak' returned '0': PYTHONPATH=/home/ngocdai/lidar_ws/build/my_bleak/prefix_override:/home/ngocdai/lidar_ws/install/my_bleak/lib/python3.10/site-packages:${PYTHONPATH} /usr/bin/python3 setup.py develop --uninstall --editable --build-directory /home/ngocdai/lidar_ws/build/my_bleak/build
[1.215s] Invoking command in '/home/ngocdai/lidar_ws/src/my_bleak': PYTHONPATH=/home/ngocdai/lidar_ws/build/my_bleak/prefix_override:/home/ngocdai/lidar_ws/install/my_bleak/lib/python3.10/site-packages:${PYTHONPATH} /usr/bin/python3 setup.py egg_info --egg-base ../../build/my_bleak build --build-base /home/ngocdai/lidar_ws/build/my_bleak/build install --record /home/ngocdai/lidar_ws/build/my_bleak/install.log --single-version-externally-managed
[1.451s] running egg_info
[1.452s] writing ../../build/my_bleak/my_bleak.egg-info/PKG-INFO
[1.452s] writing dependency_links to ../../build/my_bleak/my_bleak.egg-info/dependency_links.txt
[1.452s] writing entry points to ../../build/my_bleak/my_bleak.egg-info/entry_points.txt
[1.452s] writing requirements to ../../build/my_bleak/my_bleak.egg-info/requires.txt
[1.452s] writing top-level names to ../../build/my_bleak/my_bleak.egg-info/top_level.txt
[1.454s] reading manifest file '../../build/my_bleak/my_bleak.egg-info/SOURCES.txt'
[1.455s] writing manifest file '../../build/my_bleak/my_bleak.egg-info/SOURCES.txt'
[1.455s] running build
[1.455s] running build_py
[1.455s] copying my_bleak/bleak_node.py -> /home/ngocdai/lidar_ws/build/my_bleak/build/lib/my_bleak
[1.455s] running install
[1.455s] running install_lib
[1.456s] copying /home/ngocdai/lidar_ws/build/my_bleak/build/lib/my_bleak/bleak_node.py -> /home/ngocdai/lidar_ws/install/my_bleak/lib/python3.10/site-packages/my_bleak
[1.456s] byte-compiling /home/ngocdai/lidar_ws/install/my_bleak/lib/python3.10/site-packages/my_bleak/bleak_node.py to bleak_node.cpython-310.pyc
[1.457s] running install_data
[1.458s] running install_egg_info
[1.459s] removing '/home/ngocdai/lidar_ws/install/my_bleak/lib/python3.10/site-packages/my_bleak-0.0.0-py3.10.egg-info' (and everything under it)
[1.459s] Copying ../../build/my_bleak/my_bleak.egg-info to /home/ngocdai/lidar_ws/install/my_bleak/lib/python3.10/site-packages/my_bleak-0.0.0-py3.10.egg-info
[1.460s] running install_scripts
[1.479s] Installing bleak_node script to /home/ngocdai/lidar_ws/install/my_bleak/lib/my_bleak
[1.480s] writing list of installed files to '/home/ngocdai/lidar_ws/build/my_bleak/install.log'
[1.502s] Invoked command in '/home/ngocdai/lidar_ws/src/my_bleak' returned '0': PYTHONPATH=/home/ngocdai/lidar_ws/build/my_bleak/prefix_override:/home/ngocdai/lidar_ws/install/my_bleak/lib/python3.10/site-packages:${PYTHONPATH} /usr/bin/python3 setup.py egg_info --egg-base ../../build/my_bleak build --build-base /home/ngocdai/lidar_ws/build/my_bleak/build install --record /home/ngocdai/lidar_ws/build/my_bleak/install.log --single-version-externally-managed
