[0.005s] Invoking command in '/home/ngocdai/lidar_ws/build/xsens_node': AMENT_PREFIX_PATH=/home/ngocdai/lidar_ws/install/xsens_library:${AMENT_PREFIX_PATH} CMAKE_PREFIX_PATH=/home/ngocdai/lidar_ws/install/xsens_library:/opt/ros/iron LD_LIBRARY_PATH=/home/ngocdai/lidar_ws/install/xsens_library/lib:${LD_LIBRARY_PATH} /usr/bin/cmake --build /home/ngocdai/lidar_ws/build/xsens_node -- -j12 -l12
[0.021s] -- Found ament_cmake: 2.0.3 (/opt/ros/iron/share/ament_cmake/cmake)
[0.120s] -- Found rclcpp: 21.0.3 (/opt/ros/iron/share/rclcpp/cmake)
[0.141s] -- Found rosidl_generator_c: 4.0.1 (/opt/ros/iron/share/rosidl_generator_c/cmake)
[0.147s] -- Found rosidl_generator_cpp: 4.0.1 (/opt/ros/iron/share/rosidl_generator_cpp/cmake)
[0.156s] -- Using all available rosidl_typesupport_c: rosidl_typesupport_fastrtps_c;rosidl_typesupport_introspection_c
[0.167s] -- Using all available rosidl_typesupport_cpp: rosidl_typesupport_fastrtps_cpp;rosidl_typesupport_introspection_cpp
[0.279s] -- Found rmw_implementation_cmake: 7.1.0 (/opt/ros/iron/share/rmw_implementation_cmake/cmake)
[0.280s] -- Found rmw_fastrtps_cpp: 7.1.1 (/opt/ros/iron/share/rmw_fastrtps_cpp/cmake)
[0.373s] -- Using RMW implementation 'rmw_fastrtps_cpp' as default
[0.499s] -- Found std_msgs: 5.0.0 (/opt/ros/iron/share/std_msgs/cmake)
[0.522s] -- Found xsens_library: 0.0.0 (/home/ngocdai/lidar_ws/install/xsens_library/share/xsens_library/cmake)
[0.523s] -- Found ament_lint_auto: 0.14.2 (/opt/ros/iron/share/ament_lint_auto/cmake)
[0.570s] -- Added test 'cppcheck' to perform static code analysis on C / C++ code
[0.570s] -- Configured cppcheck include dirs: 
[0.570s] -- Configured cppcheck exclude dirs and/or files: 
[0.570s] -- Added test 'lint_cmake' to check CMake code style
[0.571s] -- Added test 'uncrustify' to check C / C++ code style
[0.571s] -- Configured uncrustify additional arguments: 
[0.571s] -- Added test 'xmllint' to check XML markup files
[0.572s] -- Configuring done
[0.578s] -- Generating done
[0.579s] -- Build files have been written to: /home/ngocdai/lidar_ws/build/xsens_node
[0.597s] [35m[1mConsolidate compiler generated dependencies of target xsens_pub[0m
[0.610s] [ 50%] [32mBuilding CXX object CMakeFiles/xsens_pub.dir/src/xsens_data_publisher.cpp.o[0m
[2.504s] [01m[K/home/ngocdai/lidar_ws/src/xsens_node/src/xsens_data_publisher.cpp:[m[K In member function ‘[01m[Kvoid XsensPublisher::timer_callback()[m[K’:
[2.504s] [01m[K/home/ngocdai/lidar_ws/src/xsens_node/src/xsens_data_publisher.cpp:31:33:[m[K [01;31m[Kerror: [m[K‘[01m[Kdevices[m[K’ was not declared in this scope; did you mean ‘[01m[Kdevice[m[K’?
[2.504s]    31 |             for (auto* device : [01;31m[Kdevices[m[K) {
[2.504s]       |                                 [01;31m[K^~~~~~~[m[K
[2.504s]       |                                 [32m[Kdevice[m[K
[2.505s] [01m[K/home/ngocdai/lidar_ws/src/xsens_node/src/xsens_data_publisher.cpp:[m[K At global scope:
[2.505s] [01m[K/home/ngocdai/lidar_ws/src/xsens_node/src/xsens_data_publisher.cpp:48:33:[m[K [01;31m[Kerror: [m[K‘[01m[KXsDevice[m[K’ does not name a type; did you mean ‘[01m[KXsDeviceId[m[K’?
[2.506s]    48 | void printDeviceConnected(const [01;31m[KXsDevice[m[K* device) {
[2.506s]       |                                 [01;31m[K^~~~~~~~[m[K
[2.506s]       |                                 [32m[KXsDeviceId[m[K
[2.506s] [01m[K/home/ngocdai/lidar_ws/src/xsens_node/src/xsens_data_publisher.cpp:[m[K In function ‘[01m[Kvoid printDeviceConnected(const int*)[m[K’:
[2.506s] [01m[K/home/ngocdai/lidar_ws/src/xsens_node/src/xsens_data_publisher.cpp:49:48:[m[K [01;31m[Kerror: [m[Krequest for member ‘[01m[KbluetoothAddress[m[K’ in ‘[01m[K* device[m[K’, which is of non-class type ‘[01m[Kconst int[m[K’
[2.506s]    49 |   std::cout << "Device connected: " << device->[01;31m[KbluetoothAddress[m[K().toStdString() << std::endl;
[2.506s]       |                                                [01;31m[K^~~~~~~~~~~~~~~~[m[K
[2.509s] [01m[K/home/ngocdai/lidar_ws/src/xsens_node/src/xsens_data_publisher.cpp:[m[K At global scope:
[2.509s] [01m[K/home/ngocdai/lidar_ws/src/xsens_node/src/xsens_data_publisher.cpp:52:13:[m[K [01;31m[Kerror: [m[K‘[01m[KXsDevice[m[K’ was not declared in this scope; did you mean ‘[01m[KXsDeviceId[m[K’?
[2.509s]    52 | std::vector<[01;31m[KXsDevice[m[K*> scanForBluetoothDevices()
[2.509s]       |             [01;31m[K^~~~~~~~[m[K
[2.509s]       |             [32m[KXsDeviceId[m[K
[2.509s] [01m[K/home/ngocdai/lidar_ws/src/xsens_node/src/xsens_data_publisher.cpp:52:22:[m[K [01;31m[Kerror: [m[Ktemplate argument 1 is invalid
[2.509s]    52 | std::vector<XsDevice*[01;31m[K>[m[K scanForBluetoothDevices()
[2.509s]       |                      [01;31m[K^[m[K
[2.509s] [01m[K/home/ngocdai/lidar_ws/src/xsens_node/src/xsens_data_publisher.cpp:52:22:[m[K [01;31m[Kerror: [m[Ktemplate argument 2 is invalid
[2.510s] [01m[K/home/ngocdai/lidar_ws/src/xsens_node/src/xsens_data_publisher.cpp:[m[K In function ‘[01m[Kint scanForBluetoothDevices()[m[K’:
[2.510s] [01m[K/home/ngocdai/lidar_ws/src/xsens_node/src/xsens_data_publisher.cpp:71:26:[m[K [01;31m[Kerror: [m[Kcannot convert ‘[01m[KXsDotDevice*[m[K’ to ‘[01m[Kconst int*[m[K’
[2.510s]    71 |     printDeviceConnected([01;31m[Kdevice[m[K);
[2.510s]       |                          [01;31m[K^~~~~~[m[K
[2.510s]       |                          [01;31m[K|[m[K
[2.510s]       |                          [01;31m[KXsDotDevice*[m[K
[2.510s] [01m[K/home/ngocdai/lidar_ws/src/xsens_node/src/xsens_data_publisher.cpp:48:43:[m[K [01;36m[Knote: [m[K  initializing argument 1 of ‘[01m[Kvoid printDeviceConnected(const int*)[m[K’
[2.510s]    48 | void printDeviceConnected([01;36m[Kconst XsDevice* device[m[K) {
[2.510s]       |                           [01;36m[K~~~~~~~~~~~~~~~~^~~~~~[m[K
[2.510s] [01m[K/home/ngocdai/lidar_ws/src/xsens_node/src/xsens_data_publisher.cpp:74:35:[m[K [01;31m[Kerror: [m[Kcannot convert ‘[01m[Kstd::__cxx11::list<XsDotDevice*>[m[K’ to ‘[01m[Kint[m[K’ in return
[2.511s]    74 |   return [01;31m[KxdpcHandler.connectedDots()[m[K;
[2.511s]       |          [01;31m[K~~~~~~~~~~~~~~~~~~~~~~~~~^~[m[K
[2.511s]       |                                   [01;31m[K|[m[K
[2.511s]       |                                   [01;31m[Kstd::__cxx11::list<XsDotDevice*>[m[K
[2.513s] [01m[K/home/ngocdai/lidar_ws/src/xsens_node/src/xsens_data_publisher.cpp:[m[K In function ‘[01m[Kint main(int, char**)[m[K’:
[2.513s] [01m[K/home/ngocdai/lidar_ws/src/xsens_node/src/xsens_data_publisher.cpp:81:15:[m[K [01;31m[Kerror: [m[K‘[01m[KXsDevice[m[K’ was not declared in this scope; did you mean ‘[01m[KXsDeviceId[m[K’?
[2.514s]    81 |   std::vector<[01;31m[KXsDevice[m[K*> devices = scanForBluetoothDevices();
[2.514s]       |               [01;31m[K^~~~~~~~[m[K
[2.514s]       |               [32m[KXsDeviceId[m[K
[2.514s] [01m[K/home/ngocdai/lidar_ws/src/xsens_node/src/xsens_data_publisher.cpp:81:24:[m[K [01;31m[Kerror: [m[Ktemplate argument 1 is invalid
[2.514s]    81 |   std::vector<XsDevice*[01;31m[K>[m[K devices = scanForBluetoothDevices();
[2.514s]       |                        [01;31m[K^[m[K
[2.514s] [01m[K/home/ngocdai/lidar_ws/src/xsens_node/src/xsens_data_publisher.cpp:81:24:[m[K [01;31m[Kerror: [m[Ktemplate argument 2 is invalid
[2.516s] [01m[K/home/ngocdai/lidar_ws/src/xsens_node/src/xsens_data_publisher.cpp:81:26:[m[K [01;35m[Kwarning: [m[Kunused variable ‘[01m[Kdevices[m[K’ [[01;35m[K]8;;https://gcc.gnu.org/onlinedocs/gcc/Warning-Options.html#index-Wunused-variable-Wunused-variable]8;;[m[K]
[2.516s]    81 |   std::vector<XsDevice*> [01;35m[Kdevices[m[K = scanForBluetoothDevices();
[2.516s]       |                          [01;35m[K^~~~~~~[m[K
[3.394s] gmake[2]: *** [CMakeFiles/xsens_pub.dir/build.make:76: CMakeFiles/xsens_pub.dir/src/xsens_data_publisher.cpp.o] Error 1
[3.394s] gmake[1]: *** [CMakeFiles/Makefile2:137: CMakeFiles/xsens_pub.dir/all] Error 2
[3.394s] gmake: *** [Makefile:146: all] Error 2
[3.396s] Invoked command in '/home/ngocdai/lidar_ws/build/xsens_node' returned '2': AMENT_PREFIX_PATH=/home/ngocdai/lidar_ws/install/xsens_library:${AMENT_PREFIX_PATH} CMAKE_PREFIX_PATH=/home/ngocdai/lidar_ws/install/xsens_library:/opt/ros/iron LD_LIBRARY_PATH=/home/ngocdai/lidar_ws/install/xsens_library/lib:${LD_LIBRARY_PATH} /usr/bin/cmake --build /home/ngocdai/lidar_ws/build/xsens_node -- -j12 -l12
