-- Found ament_cmake: 2.0.3 (/opt/ros/iron/share/ament_cmake/cmake)
-- Override CMake install command with custom implementation using symlinks instead of copying resources
-- Found ament_lint_auto: 0.14.2 (/opt/ros/iron/share/ament_lint_auto/cmake)
-- Added test 'cppcheck' to perform static code analysis on C / C++ code
-- Configured cppcheck include dirs: /home/ngocdai/lidar_ws/src/xsens_library/include
-- Configured cppcheck exclude dirs and/or files: 
-- Added test 'lint_cmake' to check CMake code style
-- Added test 'uncrustify' to check C / C++ code style
-- Configured uncrustify additional arguments: 
-- Added test 'xmllint' to check XML markup files
-- Configuring done
-- Generating done
-- Build files have been written to: /home/ngocdai/lidar_ws/build/xsens_library
[35m[1mConsolidate compiler generated dependencies of target xdpchandler[0m
[100%] Built target xdpchandler
-- Install configuration: ""
-- Execute custom install script
-- Up-to-date symlink: /home/ngocdai/lidar_ws/install/xsens_library/share/xsens_library/environment/library_path.sh
-- Up-to-date symlink: /home/ngocdai/lidar_ws/install/xsens_library/share/xsens_library/environment/library_path.dsv
-- Up-to-date symlink: /home/ngocdai/lidar_ws/install/xsens_library/include/xsens_library/conio.h
-- Up-to-date symlink: /home/ngocdai/lidar_ws/install/xsens_library/include/xsens_library/user_settings.h
-- Up-to-date symlink: /home/ngocdai/lidar_ws/install/xsens_library/include/xsens_library/xdpchandler.h
-- Up-to-date symlink: /home/ngocdai/lidar_ws/install/xsens_library/share/ament_index/resource_index/package_run_dependencies/xsens_library
-- Up-to-date symlink: /home/ngocdai/lidar_ws/install/xsens_library/share/ament_index/resource_index/parent_prefix_path/xsens_library
-- Up-to-date symlink: /home/ngocdai/lidar_ws/install/xsens_library/share/xsens_library/environment/ament_prefix_path.sh
-- Up-to-date symlink: /home/ngocdai/lidar_ws/install/xsens_library/share/xsens_library/environment/ament_prefix_path.dsv
-- Up-to-date symlink: /home/ngocdai/lidar_ws/install/xsens_library/share/xsens_library/environment/path.sh
-- Up-to-date symlink: /home/ngocdai/lidar_ws/install/xsens_library/share/xsens_library/environment/path.dsv
-- Up-to-date symlink: /home/ngocdai/lidar_ws/install/xsens_library/share/xsens_library/local_setup.bash
-- Up-to-date symlink: /home/ngocdai/lidar_ws/install/xsens_library/share/xsens_library/local_setup.sh
-- Up-to-date symlink: /home/ngocdai/lidar_ws/install/xsens_library/share/xsens_library/local_setup.zsh
-- Up-to-date symlink: /home/ngocdai/lidar_ws/install/xsens_library/share/xsens_library/local_setup.dsv
-- Symlinking: /home/ngocdai/lidar_ws/install/xsens_library/share/xsens_library/package.dsv
-- Up-to-date symlink: /home/ngocdai/lidar_ws/install/xsens_library/share/ament_index/resource_index/packages/xsens_library
-- Up-to-date symlink: /home/ngocdai/lidar_ws/install/xsens_library/share/xsens_library/cmake/ament_cmake_export_targets-extras.cmake
-- Up-to-date symlink: /home/ngocdai/lidar_ws/install/xsens_library/share/xsens_library/cmake/xsens_libraryConfig.cmake
-- Up-to-date symlink: /home/ngocdai/lidar_ws/install/xsens_library/share/xsens_library/cmake/xsens_libraryConfig-version.cmake
-- Up-to-date symlink: /home/ngocdai/lidar_ws/install/xsens_library/share/xsens_library/package.xml
-- Up-to-date: /home/ngocdai/lidar_ws/install/xsens_library/lib/libxdpchandler.a
-- Up-to-date: /home/ngocdai/lidar_ws/install/xsens_library/share/xsens_library/cmake/xdpchandlerExport.cmake
-- Up-to-date: /home/ngocdai/lidar_ws/install/xsens_library/share/xsens_library/cmake/xdpchandlerExport-noconfig.cmake
