[0.050s] Invoking command in '/home/ngocdai/lidar_ws/build/diffdrive_arduino': AMENT_PREFIX_PATH=/home/ngocdai/lidar_ws/install/xsens_library:${AMENT_PREFIX_PATH} CMAKE_PREFIX_PATH=/home/ngocdai/lidar_ws/install/xsens_library:/opt/ros/iron LD_LIBRARY_PATH=/home/ngocdai/lidar_ws/install/xsens_library/lib:${LD_LIBRARY_PATH} /usr/bin/cmake /home/ngocdai/lidar_ws/src/diffdrive_arduino -DAMENT_CMAKE_SYMLINK_INSTALL=1 -DCMAKE_INSTALL_PREFIX=/home/ngocdai/lidar_ws/install/diffdrive_arduino
[0.059s] -- Found ament_cmake_python: 2.0.3 (/opt/ros/iron/share/ament_cmake_python/cmake)
[0.059s] -- Found ament_cmake: 2.0.3 (/opt/ros/iron/share/ament_cmake/cmake)
[0.164s] -- Override CMake install command with custom implementation using symlinks instead of copying resources
[0.170s] -- Found xsens_library: 0.0.0 (/home/ngocdai/lidar_ws/install/xsens_library/share/xsens_library/cmake)
[0.171s] -- Found nav_msgs: 5.0.0 (/opt/ros/iron/share/nav_msgs/cmake)
[0.201s] -- Found rosidl_generator_c: 4.0.1 (/opt/ros/iron/share/rosidl_generator_c/cmake)
[0.211s] -- Found rosidl_generator_cpp: 4.0.1 (/opt/ros/iron/share/rosidl_generator_cpp/cmake)
[0.224s] -- Using all available rosidl_typesupport_c: rosidl_typesupport_fastrtps_c;rosidl_typesupport_introspection_c
[0.239s] -- Using all available rosidl_typesupport_cpp: rosidl_typesupport_fastrtps_cpp;rosidl_typesupport_introspection_cpp
[0.413s] -- Found sensor_msgs: 5.0.0 (/opt/ros/iron/share/sensor_msgs/cmake)
[0.495s] -- Found yaml_cpp_vendor: 8.1.2 (/opt/ros/iron/share/yaml_cpp_vendor/cmake)
[0.496s] -- Found tf2_geometry_msgs: 0.31.5 (/opt/ros/iron/share/tf2_geometry_msgs/cmake)
[0.502s] -- Found eigen3_cmake_module: 0.2.2 (/opt/ros/iron/share/eigen3_cmake_module/cmake)
[0.503s] -- Ensuring Eigen3 include directory is part of orocos-kdl CMake target
[0.674s] -- Found rmw_implementation_cmake: 7.1.0 (/opt/ros/iron/share/rmw_implementation_cmake/cmake)
[0.676s] -- Found rmw_fastrtps_cpp: 7.1.1 (/opt/ros/iron/share/rmw_fastrtps_cpp/cmake)
[0.804s] -- Using RMW implementation 'rmw_fastrtps_cpp' as default
[1.218s] -- Found hardware_interface: 3.19.1 (/opt/ros/iron/share/hardware_interface/cmake)
[1.614s] -- Found ament_cmake_gtest: 2.0.3 (/opt/ros/iron/share/ament_cmake_gtest/cmake)
[1.671s] -- Configuring done
[1.694s] -- Generating done
[1.696s] -- Build files have been written to: /home/ngocdai/lidar_ws/build/diffdrive_arduino
[1.705s] Invoked command in '/home/ngocdai/lidar_ws/build/diffdrive_arduino' returned '0': AMENT_PREFIX_PATH=/home/ngocdai/lidar_ws/install/xsens_library:${AMENT_PREFIX_PATH} CMAKE_PREFIX_PATH=/home/ngocdai/lidar_ws/install/xsens_library:/opt/ros/iron LD_LIBRARY_PATH=/home/ngocdai/lidar_ws/install/xsens_library/lib:${LD_LIBRARY_PATH} /usr/bin/cmake /home/ngocdai/lidar_ws/src/diffdrive_arduino -DAMENT_CMAKE_SYMLINK_INSTALL=1 -DCMAKE_INSTALL_PREFIX=/home/ngocdai/lidar_ws/install/diffdrive_arduino
[1.706s] Invoking command in '/home/ngocdai/lidar_ws/build/diffdrive_arduino': AMENT_PREFIX_PATH=/home/ngocdai/lidar_ws/install/xsens_library:${AMENT_PREFIX_PATH} CMAKE_PREFIX_PATH=/home/ngocdai/lidar_ws/install/xsens_library:/opt/ros/iron LD_LIBRARY_PATH=/home/ngocdai/lidar_ws/install/xsens_library/lib:${LD_LIBRARY_PATH} /usr/bin/cmake --build /home/ngocdai/lidar_ws/build/diffdrive_arduino -- -j12 -l12
[1.749s] [35m[1mConsolidate compiler generated dependencies of target diffdrive_arduino[0m
[1.749s] [35m[1mConsolidate compiler generated dependencies of target imu_rec[0m
[1.749s] [35m[1mConsolidate compiler generated dependencies of target imu_pub[0m
[1.786s] [ 33%] Built target diffdrive_arduino
[1.788s] [ 50%] [32m[1mLinking CXX executable imu_rec[0m
[1.789s] [ 66%] [32m[1mLinking CXX executable imu_pub[0m
[2.131s] [ 83%] Built target imu_rec
[2.148s] [100%] Built target imu_pub
[2.159s] Invoked command in '/home/ngocdai/lidar_ws/build/diffdrive_arduino' returned '0': AMENT_PREFIX_PATH=/home/ngocdai/lidar_ws/install/xsens_library:${AMENT_PREFIX_PATH} CMAKE_PREFIX_PATH=/home/ngocdai/lidar_ws/install/xsens_library:/opt/ros/iron LD_LIBRARY_PATH=/home/ngocdai/lidar_ws/install/xsens_library/lib:${LD_LIBRARY_PATH} /usr/bin/cmake --build /home/ngocdai/lidar_ws/build/diffdrive_arduino -- -j12 -l12
[2.191s] Invoking command in '/home/ngocdai/lidar_ws/build/diffdrive_arduino': AMENT_PREFIX_PATH=/home/ngocdai/lidar_ws/install/xsens_library:${AMENT_PREFIX_PATH} CMAKE_PREFIX_PATH=/home/ngocdai/lidar_ws/install/xsens_library:/opt/ros/iron LD_LIBRARY_PATH=/home/ngocdai/lidar_ws/install/xsens_library/lib:${LD_LIBRARY_PATH} /usr/bin/cmake --install /home/ngocdai/lidar_ws/build/diffdrive_arduino
[2.197s] -- Install configuration: ""
[2.198s] -- Execute custom install script
[2.198s] -- Symlinking: /home/ngocdai/lidar_ws/install/diffdrive_arduino/lib/diffdrive_arduino//imu_pub
[2.206s] -- Symlinking: /home/ngocdai/lidar_ws/install/diffdrive_arduino/lib/diffdrive_arduino//imu_rec
[2.216s] -- Symlinking: /home/ngocdai/lidar_ws/install/diffdrive_arduino/share/diffdrive_arduino//diffdrive_arduino.xml
[2.224s] -- Symlinking: /home/ngocdai/lidar_ws/install/diffdrive_arduino/include/diffdrive_arduino/diffdrive_arduino/arduino_comms.hpp
[2.233s] -- Symlinking: /home/ngocdai/lidar_ws/install/diffdrive_arduino/include/diffdrive_arduino/diffdrive_arduino/diffbot_system.hpp
[2.241s] -- Symlinking: /home/ngocdai/lidar_ws/install/diffdrive_arduino/include/diffdrive_arduino/diffdrive_arduino/tempCodeRunnerFile.hpp
[2.249s] -- Symlinking: /home/ngocdai/lidar_ws/install/diffdrive_arduino/include/diffdrive_arduino/diffdrive_arduino/visibility_control.h
[2.257s] -- Symlinking: /home/ngocdai/lidar_ws/install/diffdrive_arduino/include/diffdrive_arduino/diffdrive_arduino/wheel.hpp
[2.265s] -- Symlinking: /home/ngocdai/lidar_ws/install/diffdrive_arduino/share/diffdrive_arduino/launch/view_robot.launch.py
[2.274s] -- Symlinking: /home/ngocdai/lidar_ws/install/diffdrive_arduino/share/diffdrive_arduino/ros2_control/diffbot.ros2_control.xacro
[2.282s] -- Symlinking: /home/ngocdai/lidar_ws/install/diffdrive_arduino/share/diffdrive_arduino/urdf/diffbot.materials.xacro
[2.290s] -- Symlinking: /home/ngocdai/lidar_ws/install/diffdrive_arduino/share/diffdrive_arduino/urdf/diffbot.urdf.xacro
[2.297s] -- Symlinking: /home/ngocdai/lidar_ws/install/diffdrive_arduino/share/diffdrive_arduino/urdf/diffbot_description.urdf.xacro
[2.305s] -- Symlinking: /home/ngocdai/lidar_ws/install/diffdrive_arduino/share/diffdrive_arduino/urdf/imu.xacro
[2.314s] -- Symlinking: /home/ngocdai/lidar_ws/install/diffdrive_arduino/share/diffdrive_arduino/rviz/diffbot.rviz
[2.322s] -- Symlinking: /home/ngocdai/lidar_ws/install/diffdrive_arduino/share/diffdrive_arduino/rviz/diffbot_view.rviz
[2.330s] -- Symlinking: /home/ngocdai/lidar_ws/install/diffdrive_arduino/share/diffdrive_arduino/launch/diffbot.launch.py
[2.338s] -- Symlinking: /home/ngocdai/lidar_ws/install/diffdrive_arduino/share/diffdrive_arduino/config/diffbot_controllers.yaml
[2.346s] -- Symlinking: /home/ngocdai/lidar_ws/install/diffdrive_arduino/share/diffdrive_arduino/config/ekf.yaml
[2.354s] -- Symlinking: /home/ngocdai/lidar_ws/install/diffdrive_arduino/share/diffdrive_arduino/environment/library_path.sh
[2.362s] -- Symlinking: /home/ngocdai/lidar_ws/install/diffdrive_arduino/share/diffdrive_arduino/environment/library_path.dsv
[2.370s] -- Symlinking: /home/ngocdai/lidar_ws/install/diffdrive_arduino/share/ament_index/resource_index/package_run_dependencies/diffdrive_arduino
[2.379s] -- Symlinking: /home/ngocdai/lidar_ws/install/diffdrive_arduino/share/ament_index/resource_index/parent_prefix_path/diffdrive_arduino
[2.388s] -- Symlinking: /home/ngocdai/lidar_ws/install/diffdrive_arduino/share/diffdrive_arduino/environment/ament_prefix_path.sh
[2.396s] -- Symlinking: /home/ngocdai/lidar_ws/install/diffdrive_arduino/share/diffdrive_arduino/environment/ament_prefix_path.dsv
[2.404s] -- Symlinking: /home/ngocdai/lidar_ws/install/diffdrive_arduino/share/diffdrive_arduino/environment/path.sh
[2.412s] -- Symlinking: /home/ngocdai/lidar_ws/install/diffdrive_arduino/share/diffdrive_arduino/environment/path.dsv
[2.420s] -- Symlinking: /home/ngocdai/lidar_ws/install/diffdrive_arduino/share/diffdrive_arduino/local_setup.bash
[2.428s] -- Symlinking: /home/ngocdai/lidar_ws/install/diffdrive_arduino/share/diffdrive_arduino/local_setup.sh
[2.436s] -- Symlinking: /home/ngocdai/lidar_ws/install/diffdrive_arduino/share/diffdrive_arduino/local_setup.zsh
[2.446s] -- Symlinking: /home/ngocdai/lidar_ws/install/diffdrive_arduino/share/diffdrive_arduino/local_setup.dsv
[2.455s] -- Symlinking: /home/ngocdai/lidar_ws/install/diffdrive_arduino/share/diffdrive_arduino/package.dsv
[2.463s] -- Symlinking: /home/ngocdai/lidar_ws/install/diffdrive_arduino/share/ament_index/resource_index/packages/diffdrive_arduino
[2.470s] -- Symlinking: /home/ngocdai/lidar_ws/install/diffdrive_arduino/share/ament_index/resource_index/hardware_interface__pluginlib__plugin/diffdrive_arduino
[2.478s] -- Symlinking: /home/ngocdai/lidar_ws/install/diffdrive_arduino/share/diffdrive_arduino/cmake/ament_cmake_export_targets-extras.cmake
[2.485s] -- Symlinking: /home/ngocdai/lidar_ws/install/diffdrive_arduino/share/diffdrive_arduino/cmake/ament_cmake_export_dependencies-extras.cmake
[2.494s] -- Symlinking: /home/ngocdai/lidar_ws/install/diffdrive_arduino/share/diffdrive_arduino/cmake/diffdrive_arduinoConfig.cmake
[2.501s] -- Symlinking: /home/ngocdai/lidar_ws/install/diffdrive_arduino/share/diffdrive_arduino/cmake/diffdrive_arduinoConfig-version.cmake
[2.509s] -- Symlinking: /home/ngocdai/lidar_ws/install/diffdrive_arduino/share/diffdrive_arduino/package.xml
[2.518s] -- Up-to-date: /home/ngocdai/lidar_ws/install/diffdrive_arduino/lib/libdiffdrive_arduino.so
[2.518s] -- Up-to-date: /home/ngocdai/lidar_ws/install/diffdrive_arduino/share/diffdrive_arduino/cmake/export_diffdrive_arduinoExport.cmake
[2.518s] -- Up-to-date: /home/ngocdai/lidar_ws/install/diffdrive_arduino/share/diffdrive_arduino/cmake/export_diffdrive_arduinoExport-noconfig.cmake
[2.520s] Invoked command in '/home/ngocdai/lidar_ws/build/diffdrive_arduino' returned '0': AMENT_PREFIX_PATH=/home/ngocdai/lidar_ws/install/xsens_library:${AMENT_PREFIX_PATH} CMAKE_PREFIX_PATH=/home/ngocdai/lidar_ws/install/xsens_library:/opt/ros/iron LD_LIBRARY_PATH=/home/ngocdai/lidar_ws/install/xsens_library/lib:${LD_LIBRARY_PATH} /usr/bin/cmake --install /home/ngocdai/lidar_ws/build/diffdrive_arduino
