[0.009s] Invoking command in '/home/ngocdai/lidar_ws/build/cpp_xsens': CMAKE_PREFIX_PATH=/opt/ros/iron /usr/bin/cmake --build /home/ngocdai/lidar_ws/build/cpp_xsens -- -j12 -l12
[0.035s] [35m[1mConsolidate compiler generated dependencies of target xsens_receive[0m
[0.035s] [35m[1mConsolidate compiler generated dependencies of target xsens_client[0m
[0.046s] [ 50%] [32mBuilding CXX object CMakeFiles/xsens_receive.dir/src/xsens_receive_data.cpp.o[0m
[0.047s] [ 75%] Built target xsens_client
[1.794s] [01m[K/home/ngocdai/lidar_ws/src/cpp_xsens/src/xsens_receive_data.cpp:9:37:[m[K [01;31m[Kerror: [m[Kexpected ‘[01m[K;[m[K’ before ‘[01m[Kclass[m[K’
[1.794s]     9 | using namespace std::chrono_literals
[1.794s]       |                                     [01;31m[K^[m[K
[1.794s]       |                                     [32m[K;[m[K
[1.794s]    10 | 
[1.794s]    11 | [32m[Kclass[m[K XsensPublisher : public rclcpp::Node
[1.794s]       | [32m[K~~~~~[m[K                                
[1.794s] [01m[K/home/ngocdai/lidar_ws/src/cpp_xsens/src/xsens_receive_data.cpp:23:5:[m[K [01;31m[Kerror: [m[Kexpected unqualified-id before ‘[01m[K{[m[K’ token
[1.794s]    23 |     [01;31m[K{[m[K
[1.794s]       |     [01;31m[K^[m[K
[1.794s] [01m[K/home/ngocdai/lidar_ws/src/cpp_xsens/src/xsens_receive_data.cpp:29:13:[m[K [01;31m[Kerror: [m[K‘[01m[KTImerBase[m[K’ in namespace ‘[01m[Krclcpp[m[K’ does not name a type; did you mean ‘[01m[KTimerBase[m[K’?
[1.794s]    29 |     rclcpp::[01;31m[KTImerBase[m[K::SharePtr timer_;
[1.794s]       |             [01;31m[K^~~~~~~~~[m[K
[1.794s]       |             [32m[KTimerBase[m[K
[1.795s] [01m[K/home/ngocdai/lidar_ws/src/cpp_xsens/src/xsens_receive_data.cpp:30:47:[m[K [01;31m[Kerror: [m[K‘[01m[KSharePtr[m[K’ in ‘[01m[Kclass rclcpp::Publisher<std_msgs::msg::String_<std::allocator<void> > >[m[K’ does not name a type
[1.795s]    30 |     rclcpp::Publisher<std_msgs::msg::String>::[01;31m[KSharePtr[m[K publisher_;
[1.795s]       |                                               [01;31m[K^~~~~~~~[m[K
[1.801s] [01m[K/home/ngocdai/lidar_ws/src/cpp_xsens/src/xsens_receive_data.cpp:[m[K In constructor ‘[01m[KXsensPublisher::XsensPublisher()[m[K’:
[1.801s] [01m[K/home/ngocdai/lidar_ws/src/cpp_xsens/src/xsens_receive_data.cpp:17:13:[m[K [01;31m[Kerror: [m[K‘[01m[Kpublisher[m[K’ was not declared in this scope
[1.801s]    17 |             [01;31m[Kpublisher[m[K = this->create_publisher<std_msgs::msg::String>("topic", 10);
[1.801s]       |             [01;31m[K^~~~~~~~~[m[K
[1.807s] [01m[K/home/ngocdai/lidar_ws/src/cpp_xsens/src/xsens_receive_data.cpp:18:13:[m[K [01;31m[Kerror: [m[K‘[01m[Ktimer_[m[K’ was not declared in this scope; did you mean ‘[01m[Ktimer_t[m[K’?
[1.807s]    18 |             [01;31m[Ktimer_[m[K = this->create_wall_timer(
[1.808s]       |             [01;31m[K^~~~~~[m[K
[1.808s]       |             [32m[Ktimer_t[m[K
[1.808s] [01m[K/home/ngocdai/lidar_ws/src/cpp_xsens/src/xsens_receive_data.cpp:19:47:[m[K [01;31m[Kerror: [m[K‘[01m[Ktimer_callback[m[K’ is not a member of ‘[01m[KXsensPublisher[m[K’
[1.808s]    19 |             500ms, std::bind(&XsensPublisher::[01;31m[Ktimer_callback[m[K, this));
[1.808s]       |                                               [01;31m[K^~~~~~~~~~~~~~[m[K
[2.537s] gmake[2]: *** [CMakeFiles/xsens_receive.dir/build.make:76: CMakeFiles/xsens_receive.dir/src/xsens_receive_data.cpp.o] Error 1
[2.537s] gmake[1]: *** [CMakeFiles/Makefile2:139: CMakeFiles/xsens_receive.dir/all] Error 2
[2.537s] gmake: *** [Makefile:146: all] Error 2
[2.539s] Invoked command in '/home/ngocdai/lidar_ws/build/cpp_xsens' returned '2': CMAKE_PREFIX_PATH=/opt/ros/iron /usr/bin/cmake --build /home/ngocdai/lidar_ws/build/cpp_xsens -- -j12 -l12
