[0.005s] Invoking command in '/home/ngocdai/lidar_ws/build/xsens_node': AMENT_PREFIX_PATH=/home/ngocdai/lidar_ws/install/xsens_library:${AMENT_PREFIX_PATH} CMAKE_PREFIX_PATH=/home/ngocdai/lidar_ws/install/xsens_library:/opt/ros/iron LD_LIBRARY_PATH=/home/ngocdai/lidar_ws/install/xsens_library/lib:${LD_LIBRARY_PATH} /usr/bin/cmake --build /home/ngocdai/lidar_ws/build/xsens_node -- -j12 -l12
[0.035s] [35m[1mConsolidate compiler generated dependencies of target odom_pub[0m
[0.044s] [ 66%] Built target xsens_pub
[0.045s] [ 66%] Built target xsens_rec
[0.049s] [ 83%] [32mBuilding CXX object CMakeFiles/odom_pub.dir/src/odometry_publisher.cpp.o[0m
[0.224s] In file included from [01m[K/home/ngocdai/lidar_ws/src/xsens_node/src/odometry_publisher.cpp:3[m[K:
[0.224s] [01m[K/opt/ros/iron/include/tf2_geometry_msgs/tf2_geometry_msgs/tf2_geometry_msgs.h:35:2:[m[K [01;35m[Kwarning: [m[K#warning This header is obsolete, please include tf2_geometry_msgs/tf2_geometry_msgs.hpp instead [[01;35m[K]8;;https://gcc.gnu.org/onlinedocs/gcc/Warning-Options.html#index-Wcpp-Wcpp]8;;[m[K]
[0.224s]    35 | #[01;35m[Kwarning[m[K This header is obsolete, please include tf2_geometry_msgs/tf2_geometry_msgs.hpp instead
[0.224s]       |  [01;35m[K^~~~~~~[m[K
[2.250s] [01m[K/home/ngocdai/lidar_ws/src/xsens_node/src/odometry_publisher.cpp:[m[K In member function ‘[01m[Kvoid OdometryNode::imuCallback(sensor_msgs::msg::Imu_<std::allocator<void> >::SharedPtr)[m[K’:
[2.250s] [01m[K/home/ngocdai/lidar_ws/src/xsens_node/src/odometry_publisher.cpp:9:71:[m[K [01;35m[Kwarning: [m[Kunused parameter ‘[01m[Kmsg[m[K’ [[01;35m[K]8;;https://gcc.gnu.org/onlinedocs/gcc/Warning-Options.html#index-Wunused-parameter-Wunused-parameter]8;;[m[K]
[2.250s]     9 | void OdometryNode::imuCallback([01;35m[Kconst sensor_msgs::msg::Imu::SharedPtr msg[m[K)
[2.250s]       |                                [01;35m[K~~~~~~~~~~~~~~~~~~~~~~~~~~~~~~~~~~~~~~~^~~[m[K
[3.076s] [100%] [32m[1mLinking CXX executable odom_pub[0m
[3.187s] [100%] Built target odom_pub
[3.195s] Invoked command in '/home/ngocdai/lidar_ws/build/xsens_node' returned '0': AMENT_PREFIX_PATH=/home/ngocdai/lidar_ws/install/xsens_library:${AMENT_PREFIX_PATH} CMAKE_PREFIX_PATH=/home/ngocdai/lidar_ws/install/xsens_library:/opt/ros/iron LD_LIBRARY_PATH=/home/ngocdai/lidar_ws/install/xsens_library/lib:${LD_LIBRARY_PATH} /usr/bin/cmake --build /home/ngocdai/lidar_ws/build/xsens_node -- -j12 -l12
[3.213s] Invoking command in '/home/ngocdai/lidar_ws/build/xsens_node': AMENT_PREFIX_PATH=/home/ngocdai/lidar_ws/install/xsens_library:${AMENT_PREFIX_PATH} CMAKE_PREFIX_PATH=/home/ngocdai/lidar_ws/install/xsens_library:/opt/ros/iron LD_LIBRARY_PATH=/home/ngocdai/lidar_ws/install/xsens_library/lib:${LD_LIBRARY_PATH} /usr/bin/cmake --install /home/ngocdai/lidar_ws/build/xsens_node
[3.218s] -- Install configuration: ""
[3.219s] -- Up-to-date: /home/ngocdai/lidar_ws/install/xsens_node/lib/xsens_node/xsens_pub
[3.219s] -- Up-to-date: /home/ngocdai/lidar_ws/install/xsens_node/lib/xsens_node/xsens_rec
[3.219s] -- Installing: /home/ngocdai/lidar_ws/install/xsens_node/lib/xsens_node/odom_pub
[3.220s] -- Set runtime path of "/home/ngocdai/lidar_ws/install/xsens_node/lib/xsens_node/odom_pub" to ""
[3.220s] -- Up-to-date: /home/ngocdai/lidar_ws/install/xsens_node/share/xsens_node/launch
[3.220s] -- Up-to-date: /home/ngocdai/lidar_ws/install/xsens_node/share/xsens_node/launch/xsens_launch.py
[3.220s] -- Up-to-date: /home/ngocdai/lidar_ws/install/xsens_node/share/xsens_node/src
[3.220s] -- Up-to-date: /home/ngocdai/lidar_ws/install/xsens_node/share/xsens_node/src/odometry_publisher.cpp
[3.220s] -- Up-to-date: /home/ngocdai/lidar_ws/install/xsens_node/share/xsens_node/src/xsens_data_publisher.cpp
[3.220s] -- Up-to-date: /home/ngocdai/lidar_ws/install/xsens_node/share/xsens_node/src/xsens_data_receiver.cpp
[3.220s] -- Up-to-date: /home/ngocdai/lidar_ws/install/xsens_node/share/xsens_node/config
[3.220s] -- Up-to-date: /home/ngocdai/lidar_ws/install/xsens_node/share/xsens_node/config/ekf.yaml
[3.220s] -- Up-to-date: /home/ngocdai/lidar_ws/install/xsens_node/share/xsens_node/config/robot_description.urdf
[3.220s] -- Up-to-date: /home/ngocdai/lidar_ws/install/xsens_node/share/ament_index/resource_index/package_run_dependencies/xsens_node
[3.220s] -- Up-to-date: /home/ngocdai/lidar_ws/install/xsens_node/share/ament_index/resource_index/parent_prefix_path/xsens_node
[3.220s] -- Up-to-date: /home/ngocdai/lidar_ws/install/xsens_node/share/xsens_node/environment/ament_prefix_path.sh
[3.220s] -- Up-to-date: /home/ngocdai/lidar_ws/install/xsens_node/share/xsens_node/environment/ament_prefix_path.dsv
[3.220s] -- Up-to-date: /home/ngocdai/lidar_ws/install/xsens_node/share/xsens_node/environment/path.sh
[3.220s] -- Up-to-date: /home/ngocdai/lidar_ws/install/xsens_node/share/xsens_node/environment/path.dsv
[3.220s] -- Up-to-date: /home/ngocdai/lidar_ws/install/xsens_node/share/xsens_node/local_setup.bash
[3.220s] -- Up-to-date: /home/ngocdai/lidar_ws/install/xsens_node/share/xsens_node/local_setup.sh
[3.221s] -- Up-to-date: /home/ngocdai/lidar_ws/install/xsens_node/share/xsens_node/local_setup.zsh
[3.221s] -- Up-to-date: /home/ngocdai/lidar_ws/install/xsens_node/share/xsens_node/local_setup.dsv
[3.221s] -- Installing: /home/ngocdai/lidar_ws/install/xsens_node/share/xsens_node/package.dsv
[3.221s] -- Up-to-date: /home/ngocdai/lidar_ws/install/xsens_node/share/ament_index/resource_index/packages/xsens_node
[3.221s] -- Up-to-date: /home/ngocdai/lidar_ws/install/xsens_node/share/xsens_node/cmake/xsens_nodeConfig.cmake
[3.221s] -- Up-to-date: /home/ngocdai/lidar_ws/install/xsens_node/share/xsens_node/cmake/xsens_nodeConfig-version.cmake
[3.221s] -- Installing: /home/ngocdai/lidar_ws/install/xsens_node/share/xsens_node/package.xml
[3.223s] Invoked command in '/home/ngocdai/lidar_ws/build/xsens_node' returned '0': AMENT_PREFIX_PATH=/home/ngocdai/lidar_ws/install/xsens_library:${AMENT_PREFIX_PATH} CMAKE_PREFIX_PATH=/home/ngocdai/lidar_ws/install/xsens_library:/opt/ros/iron LD_LIBRARY_PATH=/home/ngocdai/lidar_ws/install/xsens_library/lib:${LD_LIBRARY_PATH} /usr/bin/cmake --install /home/ngocdai/lidar_ws/build/xsens_node
