-- The C compiler identification is GNU 11.4.0
-- The CXX compiler identification is GNU 11.4.0
-- Detecting C compiler ABI info
-- Detecting C compiler ABI info - done
-- Check for working C compiler: /usr/bin/cc - skipped
-- Detecting C compile features
-- Detecting C compile features - done
-- Detecting CXX compiler ABI info
-- Detecting CXX compiler ABI info - done
-- Check for working CXX compiler: /usr/bin/c++ - skipped
-- Detecting CXX compile features
-- Detecting CXX compile features - done
-- Found ament_cmake: 2.0.3 (/opt/ros/iron/share/ament_cmake/cmake)
-- Found Python3: /usr/bin/python3.10 (found version "3.10.12") found components: Interpreter 
-- Override CMake install command with custom implementation using symlinks instead of copying resources
-- Found ament_lint_auto: 0.14.2 (/opt/ros/iron/share/ament_lint_auto/cmake)
-- Added test 'cppcheck' to perform static code analysis on C / C++ code
-- Configured cppcheck include dirs: /home/ngocdai/lidar_ws/src/xsens_library/include
-- Configured cppcheck exclude dirs and/or files: 
-- Added test 'lint_cmake' to check CMake code style
-- Added test 'uncrustify' to check C / C++ code style
-- Configured uncrustify additional arguments: 
-- Added test 'xmllint' to check XML markup files
-- Configuring done
-- Generating done
-- Build files have been written to: /home/ngocdai/lidar_ws/build/xsens_library
[ 50%] [32mBuilding CXX object CMakeFiles/xdpchandler.dir/src/xdpchandler.cpp.o[0m
[100%] [32m[1mLinking CXX static library libxdpchandler.a[0m
[100%] Built target xdpchandler
-- Install configuration: ""
-- Execute custom install script
-- Symlinking: /home/ngocdai/lidar_ws/install/xsens_library/share/xsens_library/environment/library_path.sh
-- Symlinking: /home/ngocdai/lidar_ws/install/xsens_library/share/xsens_library/environment/library_path.dsv
-- Symlinking: /home/ngocdai/lidar_ws/install/xsens_library/include/xsens_library/conio.h
-- Symlinking: /home/ngocdai/lidar_ws/install/xsens_library/include/xsens_library/user_settings.h
-- Symlinking: /home/ngocdai/lidar_ws/install/xsens_library/include/xsens_library/xdpchandler.h
-- Symlinking: /home/ngocdai/lidar_ws/install/xsens_library/share/ament_index/resource_index/package_run_dependencies/xsens_library
-- Symlinking: /home/ngocdai/lidar_ws/install/xsens_library/share/ament_index/resource_index/parent_prefix_path/xsens_library
-- Symlinking: /home/ngocdai/lidar_ws/install/xsens_library/share/xsens_library/environment/ament_prefix_path.sh
-- Symlinking: /home/ngocdai/lidar_ws/install/xsens_library/share/xsens_library/environment/ament_prefix_path.dsv
-- Symlinking: /home/ngocdai/lidar_ws/install/xsens_library/share/xsens_library/environment/path.sh
-- Symlinking: /home/ngocdai/lidar_ws/install/xsens_library/share/xsens_library/environment/path.dsv
-- Symlinking: /home/ngocdai/lidar_ws/install/xsens_library/share/xsens_library/local_setup.bash
-- Symlinking: /home/ngocdai/lidar_ws/install/xsens_library/share/xsens_library/local_setup.sh
-- Symlinking: /home/ngocdai/lidar_ws/install/xsens_library/share/xsens_library/local_setup.zsh
-- Symlinking: /home/ngocdai/lidar_ws/install/xsens_library/share/xsens_library/local_setup.dsv
-- Symlinking: /home/ngocdai/lidar_ws/install/xsens_library/share/xsens_library/package.dsv
-- Symlinking: /home/ngocdai/lidar_ws/install/xsens_library/share/ament_index/resource_index/packages/xsens_library
-- Symlinking: /home/ngocdai/lidar_ws/install/xsens_library/share/xsens_library/cmake/ament_cmake_export_targets-extras.cmake
-- Symlinking: /home/ngocdai/lidar_ws/install/xsens_library/share/xsens_library/cmake/xsens_libraryConfig.cmake
-- Symlinking: /home/ngocdai/lidar_ws/install/xsens_library/share/xsens_library/cmake/xsens_libraryConfig-version.cmake
-- Symlinking: /home/ngocdai/lidar_ws/install/xsens_library/share/xsens_library/package.xml
-- Installing: /home/ngocdai/lidar_ws/install/xsens_library/lib/libxdpchandler.a
-- Installing: /home/ngocdai/lidar_ws/install/xsens_library/share/xsens_library/cmake/xdpchandlerExport.cmake
-- Installing: /home/ngocdai/lidar_ws/install/xsens_library/share/xsens_library/cmake/xdpchandlerExport-noconfig.cmake
