[0.505s] Invoking command in '/home/ngocdai/lidar_ws/src/my_bleak': PYTHONPATH=/home/ngocdai/lidar_ws/build/my_bleak/prefix_override:/home/ngocdai/lidar_ws/install/my_bleak/lib/python3.10/site-packages:${PYTHONPATH} /usr/bin/python3 setup.py egg_info --egg-base ../../build/my_bleak build --build-base /home/ngocdai/lidar_ws/build/my_bleak/build install --record /home/ngocdai/lidar_ws/build/my_bleak/install.log --single-version-externally-managed
[0.692s] running egg_info
[0.692s] writing ../../build/my_bleak/my_bleak.egg-info/PKG-INFO
[0.692s] writing dependency_links to ../../build/my_bleak/my_bleak.egg-info/dependency_links.txt
[0.692s] writing entry points to ../../build/my_bleak/my_bleak.egg-info/entry_points.txt
[0.692s] writing requirements to ../../build/my_bleak/my_bleak.egg-info/requires.txt
[0.692s] writing top-level names to ../../build/my_bleak/my_bleak.egg-info/top_level.txt
[0.694s] reading manifest file '../../build/my_bleak/my_bleak.egg-info/SOURCES.txt'
[0.694s] writing manifest file '../../build/my_bleak/my_bleak.egg-info/SOURCES.txt'
[0.694s] running build
[0.694s] running build_py
[0.694s] running install
[0.694s] running install_lib
[0.695s] running install_data
[0.695s] running install_egg_info
[0.696s] removing '/home/ngocdai/lidar_ws/install/my_bleak/lib/python3.10/site-packages/my_bleak-0.0.0-py3.10.egg-info' (and everything under it)
[0.697s] Copying ../../build/my_bleak/my_bleak.egg-info to /home/ngocdai/lidar_ws/install/my_bleak/lib/python3.10/site-packages/my_bleak-0.0.0-py3.10.egg-info
[0.697s] running install_scripts
[0.710s] writing list of installed files to '/home/ngocdai/lidar_ws/build/my_bleak/install.log'
[0.730s] Invoked command in '/home/ngocdai/lidar_ws/src/my_bleak' returned '0': PYTHONPATH=/home/ngocdai/lidar_ws/build/my_bleak/prefix_override:/home/ngocdai/lidar_ws/install/my_bleak/lib/python3.10/site-packages:${PYTHONPATH} /usr/bin/python3 setup.py egg_info --egg-base ../../build/my_bleak build --build-base /home/ngocdai/lidar_ws/build/my_bleak/build install --record /home/ngocdai/lidar_ws/build/my_bleak/install.log --single-version-externally-managed
