[0.006s] Invoking command in '/home/ngocdai/lidar_ws/build/xsens_node': CMAKE_PREFIX_PATH=/home/ngocdai/lidar_ws/install/xsens_library:/home/ngocdai/lidar_ws/install/xsens_node:/home/ngocdai/lidar_ws/install/cpp_xsens:/home/ngocdai/lidar_ws/install/my_bleak:/opt/ros/iron /usr/bin/cmake --build /home/ngocdai/lidar_ws/build/xsens_node -- -j12 -l12
[0.034s] [35m[1mConsolidate compiler generated dependencies of target xsens_pub[0m
[0.043s] [ 25%] [32mBuilding CXX object CMakeFiles/xsens_rec.dir/src/xsens_data_receiver.cpp.o[0m
[0.047s] [ 75%] Built target xsens_pub
[5.230s] [100%] [32m[1mLinking CXX executable xsens_rec[0m
[5.458s] [100%] Built target xsens_rec
[5.464s] Invoked command in '/home/ngocdai/lidar_ws/build/xsens_node' returned '0': CMAKE_PREFIX_PATH=/home/ngocdai/lidar_ws/install/xsens_library:/home/ngocdai/lidar_ws/install/xsens_node:/home/ngocdai/lidar_ws/install/cpp_xsens:/home/ngocdai/lidar_ws/install/my_bleak:/opt/ros/iron /usr/bin/cmake --build /home/ngocdai/lidar_ws/build/xsens_node -- -j12 -l12
[5.482s] Invoking command in '/home/ngocdai/lidar_ws/build/xsens_node': CMAKE_PREFIX_PATH=/home/ngocdai/lidar_ws/install/xsens_library:/home/ngocdai/lidar_ws/install/xsens_node:/home/ngocdai/lidar_ws/install/cpp_xsens:/home/ngocdai/lidar_ws/install/my_bleak:/opt/ros/iron /usr/bin/cmake --install /home/ngocdai/lidar_ws/build/xsens_node
[5.488s] -- Install configuration: ""
[5.488s] -- Up-to-date: /home/ngocdai/lidar_ws/install/xsens_node/lib/xsens_node/xsens_pub
[5.488s] -- Installing: /home/ngocdai/lidar_ws/install/xsens_node/lib/xsens_node/xsens_rec
[5.491s] -- Set runtime path of "/home/ngocdai/lidar_ws/install/xsens_node/lib/xsens_node/xsens_rec" to ""
[5.491s] -- Up-to-date: /home/ngocdai/lidar_ws/install/xsens_node/share/ament_index/resource_index/package_run_dependencies/xsens_node
[5.491s] -- Up-to-date: /home/ngocdai/lidar_ws/install/xsens_node/share/ament_index/resource_index/parent_prefix_path/xsens_node
[5.491s] -- Up-to-date: /home/ngocdai/lidar_ws/install/xsens_node/share/xsens_node/environment/ament_prefix_path.sh
[5.491s] -- Up-to-date: /home/ngocdai/lidar_ws/install/xsens_node/share/xsens_node/environment/ament_prefix_path.dsv
[5.491s] -- Up-to-date: /home/ngocdai/lidar_ws/install/xsens_node/share/xsens_node/environment/path.sh
[5.491s] -- Up-to-date: /home/ngocdai/lidar_ws/install/xsens_node/share/xsens_node/environment/path.dsv
[5.491s] -- Up-to-date: /home/ngocdai/lidar_ws/install/xsens_node/share/xsens_node/local_setup.bash
[5.491s] -- Up-to-date: /home/ngocdai/lidar_ws/install/xsens_node/share/xsens_node/local_setup.sh
[5.491s] -- Up-to-date: /home/ngocdai/lidar_ws/install/xsens_node/share/xsens_node/local_setup.zsh
[5.492s] -- Up-to-date: /home/ngocdai/lidar_ws/install/xsens_node/share/xsens_node/local_setup.dsv
[5.492s] -- Installing: /home/ngocdai/lidar_ws/install/xsens_node/share/xsens_node/package.dsv
[5.492s] -- Up-to-date: /home/ngocdai/lidar_ws/install/xsens_node/share/ament_index/resource_index/packages/xsens_node
[5.492s] -- Up-to-date: /home/ngocdai/lidar_ws/install/xsens_node/share/xsens_node/cmake/xsens_nodeConfig.cmake
[5.492s] -- Up-to-date: /home/ngocdai/lidar_ws/install/xsens_node/share/xsens_node/cmake/xsens_nodeConfig-version.cmake
[5.492s] -- Up-to-date: /home/ngocdai/lidar_ws/install/xsens_node/share/xsens_node/package.xml
[5.494s] Invoked command in '/home/ngocdai/lidar_ws/build/xsens_node' returned '0': CMAKE_PREFIX_PATH=/home/ngocdai/lidar_ws/install/xsens_library:/home/ngocdai/lidar_ws/install/xsens_node:/home/ngocdai/lidar_ws/install/cpp_xsens:/home/ngocdai/lidar_ws/install/my_bleak:/opt/ros/iron /usr/bin/cmake --install /home/ngocdai/lidar_ws/build/xsens_node
