[0.046s] Invoking command in '/home/ngocdai/lidar_ws/build/xsens_node': AMENT_PREFIX_PATH=/home/ngocdai/lidar_ws/install/xsens_library:${AMENT_PREFIX_PATH} CMAKE_PREFIX_PATH=/home/ngocdai/lidar_ws/install/xsens_library:/opt/ros/iron LD_LIBRARY_PATH=/home/ngocdai/lidar_ws/install/xsens_library/lib:${LD_LIBRARY_PATH} /usr/bin/cmake --build /home/ngocdai/lidar_ws/build/xsens_node -- -j12 -l12
[0.074s] -- Found ament_cmake_python: 2.0.3 (/opt/ros/iron/share/ament_cmake_python/cmake)
[0.075s] -- Found ament_cmake: 2.0.3 (/opt/ros/iron/share/ament_cmake/cmake)
[0.195s] -- Found rclcpp: 21.0.3 (/opt/ros/iron/share/rclcpp/cmake)
[0.229s] -- Found rosidl_generator_c: 4.0.1 (/opt/ros/iron/share/rosidl_generator_c/cmake)
[0.237s] -- Found rosidl_generator_cpp: 4.0.1 (/opt/ros/iron/share/rosidl_generator_cpp/cmake)
[0.250s] -- Using all available rosidl_typesupport_c: rosidl_typesupport_fastrtps_c;rosidl_typesupport_introspection_c
[0.265s] -- Using all available rosidl_typesupport_cpp: rosidl_typesupport_fastrtps_cpp;rosidl_typesupport_introspection_cpp
[0.392s] -- Found rmw_implementation_cmake: 7.1.0 (/opt/ros/iron/share/rmw_implementation_cmake/cmake)
[0.393s] -- Found rmw_fastrtps_cpp: 7.1.1 (/opt/ros/iron/share/rmw_fastrtps_cpp/cmake)
[0.516s] -- Using RMW implementation 'rmw_fastrtps_cpp' as default
[0.650s] -- Found std_msgs: 5.0.0 (/opt/ros/iron/share/std_msgs/cmake)
[0.676s] -- Found xsens_library: 0.0.0 (/home/ngocdai/lidar_ws/install/xsens_library/share/xsens_library/cmake)
[0.677s] -- Found nav_msgs: 5.0.0 (/opt/ros/iron/share/nav_msgs/cmake)
[0.803s] -- Found sensor_msgs: 5.0.0 (/opt/ros/iron/share/sensor_msgs/cmake)
[0.884s] -- Found yaml_cpp_vendor: 8.1.2 (/opt/ros/iron/share/yaml_cpp_vendor/cmake)
[0.885s] -- Found tf2_geometry_msgs: 0.31.5 (/opt/ros/iron/share/tf2_geometry_msgs/cmake)
[0.890s] -- Found eigen3_cmake_module: 0.2.2 (/opt/ros/iron/share/eigen3_cmake_module/cmake)
[0.891s] -- Ensuring Eigen3 include directory is part of orocos-kdl CMake target
[1.252s] -- Found ament_lint_auto: 0.14.2 (/opt/ros/iron/share/ament_lint_auto/cmake)
[1.321s] -- Found python_cmake_module: 0.10.2 (/opt/ros/iron/share/python_cmake_module/cmake)
[1.341s] -- Using PYTHON_EXECUTABLE: /usr/bin/python3
[1.341s] -- Using PYTHON_INCLUDE_DIRS: /usr/include/python3.10
[1.341s] -- Using PYTHON_LIBRARIES: /usr/lib/x86_64-linux-gnu/libpython3.10.so
[1.348s] -- Added test 'cppcheck' to perform static code analysis on C / C++ code
[1.349s] -- Configured cppcheck include dirs: /home/ngocdai/lidar_ws/src/xsens_node/include/xsens_node
[1.349s] -- Configured cppcheck exclude dirs and/or files: 
[1.349s] -- Added test 'flake8' to check Python code syntax and style conventions
[1.349s] -- Configured 'flake8' exclude dirs and/or files: 
[1.350s] -- Added test 'lint_cmake' to check CMake code style
[1.350s] -- Added test 'pep257' to check Python code against some of the docstring style conventions in PEP 257
[1.351s] -- Added test 'uncrustify' to check C / C++ code style
[1.352s] -- Configured uncrustify additional arguments: 
[1.352s] -- Added test 'xmllint' to check XML markup files
[1.353s] -- Configuring done
[1.370s] -- Generating done
[1.372s] -- Build files have been written to: /home/ngocdai/lidar_ws/build/xsens_node
[1.400s] [35m[1mConsolidate compiler generated dependencies of target xsens_pub[0m
[1.400s] [35m[1mConsolidate compiler generated dependencies of target xsens_rec[0m
[1.420s] [ 75%] Built target xsens_rec
[1.420s] [100%] Built target xsens_pub
[1.431s] Invoked command in '/home/ngocdai/lidar_ws/build/xsens_node' returned '0': AMENT_PREFIX_PATH=/home/ngocdai/lidar_ws/install/xsens_library:${AMENT_PREFIX_PATH} CMAKE_PREFIX_PATH=/home/ngocdai/lidar_ws/install/xsens_library:/opt/ros/iron LD_LIBRARY_PATH=/home/ngocdai/lidar_ws/install/xsens_library/lib:${LD_LIBRARY_PATH} /usr/bin/cmake --build /home/ngocdai/lidar_ws/build/xsens_node -- -j12 -l12
[1.459s] Invoking command in '/home/ngocdai/lidar_ws/build/xsens_node': AMENT_PREFIX_PATH=/home/ngocdai/lidar_ws/install/xsens_library:${AMENT_PREFIX_PATH} CMAKE_PREFIX_PATH=/home/ngocdai/lidar_ws/install/xsens_library:/opt/ros/iron LD_LIBRARY_PATH=/home/ngocdai/lidar_ws/install/xsens_library/lib:${LD_LIBRARY_PATH} /usr/bin/cmake --install /home/ngocdai/lidar_ws/build/xsens_node
[1.466s] -- Install configuration: ""
[1.468s] -- Installing: /home/ngocdai/lidar_ws/install/xsens_node/lib/xsens_node/xsens_pub
[1.470s] -- Set runtime path of "/home/ngocdai/lidar_ws/install/xsens_node/lib/xsens_node/xsens_pub" to ""
[1.471s] -- Installing: /home/ngocdai/lidar_ws/install/xsens_node/lib/xsens_node/xsens_rec
[1.476s] -- Set runtime path of "/home/ngocdai/lidar_ws/install/xsens_node/lib/xsens_node/xsens_rec" to ""
[1.476s] -- Up-to-date: /home/ngocdai/lidar_ws/install/xsens_node/share/xsens_node/launch
[1.477s] -- Up-to-date: /home/ngocdai/lidar_ws/install/xsens_node/share/xsens_node/launch/xsens_launch.py
[1.477s] -- Up-to-date: /home/ngocdai/lidar_ws/install/xsens_node/share/xsens_node/src
[1.477s] -- Installing: /home/ngocdai/lidar_ws/install/xsens_node/share/xsens_node/src/odometry_publisher.cpp
[1.477s] -- Up-to-date: /home/ngocdai/lidar_ws/install/xsens_node/share/xsens_node/src/xsens_data_publisher.cpp
[1.477s] -- Up-to-date: /home/ngocdai/lidar_ws/install/xsens_node/share/xsens_node/src/xsens_data_receiver.cpp
[1.477s] -- Up-to-date: /home/ngocdai/lidar_ws/install/xsens_node/share/xsens_node/config
[1.477s] -- Up-to-date: /home/ngocdai/lidar_ws/install/xsens_node/share/xsens_node/config/ekf.yaml
[1.477s] -- Up-to-date: /home/ngocdai/lidar_ws/install/xsens_node/share/xsens_node/config/robot_description.urdf
[1.477s] -- Up-to-date: /home/ngocdai/lidar_ws/install/xsens_node/share/ament_index/resource_index/package_run_dependencies/xsens_node
[1.477s] -- Up-to-date: /home/ngocdai/lidar_ws/install/xsens_node/share/ament_index/resource_index/parent_prefix_path/xsens_node
[1.478s] -- Up-to-date: /home/ngocdai/lidar_ws/install/xsens_node/share/xsens_node/environment/ament_prefix_path.sh
[1.478s] -- Up-to-date: /home/ngocdai/lidar_ws/install/xsens_node/share/xsens_node/environment/ament_prefix_path.dsv
[1.478s] -- Up-to-date: /home/ngocdai/lidar_ws/install/xsens_node/share/xsens_node/environment/path.sh
[1.478s] -- Up-to-date: /home/ngocdai/lidar_ws/install/xsens_node/share/xsens_node/environment/path.dsv
[1.478s] -- Up-to-date: /home/ngocdai/lidar_ws/install/xsens_node/share/xsens_node/local_setup.bash
[1.478s] -- Up-to-date: /home/ngocdai/lidar_ws/install/xsens_node/share/xsens_node/local_setup.sh
[1.478s] -- Up-to-date: /home/ngocdai/lidar_ws/install/xsens_node/share/xsens_node/local_setup.zsh
[1.478s] -- Up-to-date: /home/ngocdai/lidar_ws/install/xsens_node/share/xsens_node/local_setup.dsv
[1.478s] -- Installing: /home/ngocdai/lidar_ws/install/xsens_node/share/xsens_node/package.dsv
[1.478s] -- Up-to-date: /home/ngocdai/lidar_ws/install/xsens_node/share/ament_index/resource_index/packages/xsens_node
[1.478s] -- Up-to-date: /home/ngocdai/lidar_ws/install/xsens_node/share/xsens_node/cmake/xsens_nodeConfig.cmake
[1.478s] -- Up-to-date: /home/ngocdai/lidar_ws/install/xsens_node/share/xsens_node/cmake/xsens_nodeConfig-version.cmake
[1.478s] -- Up-to-date: /home/ngocdai/lidar_ws/install/xsens_node/share/xsens_node/package.xml
[1.480s] Invoked command in '/home/ngocdai/lidar_ws/build/xsens_node' returned '0': AMENT_PREFIX_PATH=/home/ngocdai/lidar_ws/install/xsens_library:${AMENT_PREFIX_PATH} CMAKE_PREFIX_PATH=/home/ngocdai/lidar_ws/install/xsens_library:/opt/ros/iron LD_LIBRARY_PATH=/home/ngocdai/lidar_ws/install/xsens_library/lib:${LD_LIBRARY_PATH} /usr/bin/cmake --install /home/ngocdai/lidar_ws/build/xsens_node
