[0.998s] DEBUG:colcon:Command line arguments: ['/usr/bin/colcon', 'build']
[0.998s] DEBUG:colcon:Parsed command line arguments: Namespace(log_base=None, log_level=None, verb_name='build', build_base='build', install_base='install', merge_install=False, symlink_install=False, test_result_base=None, continue_on_error=False, executor='parallel', parallel_workers=12, event_handlers=None, ignore_user_meta=False, metas=['./colcon.meta'], base_paths=['.'], packages_ignore=None, packages_ignore_regex=None, paths=None, packages_up_to=None, packages_up_to_regex=None, packages_above=None, packages_above_and_dependencies=None, packages_above_depth=None, packages_select_by_dep=None, packages_skip_by_dep=None, packages_skip_up_to=None, packages_select_build_failed=False, packages_skip_build_finished=False, packages_select_test_failures=False, packages_skip_test_passed=False, packages_select=None, packages_skip=None, packages_select_regex=None, packages_skip_regex=None, packages_start=None, packages_end=None, allow_overriding=[], cmake_args=None, cmake_target=None, cmake_target_skip_unavailable=False, cmake_clean_cache=False, cmake_clean_first=False, cmake_force_configure=False, ament_cmake_args=None, catkin_cmake_args=None, catkin_skip_building_tests=False, verb_parser=<colcon_defaults.argument_parser.defaults.DefaultArgumentsDecorator object at 0x7fa3be0c8bb0>, verb_extension=<colcon_core.verb.build.BuildVerb object at 0x7fa3be0ca950>, main=<bound method BuildVerb.main of <colcon_core.verb.build.BuildVerb object at 0x7fa3be0ca950>>)
[1.048s] Level 1:colcon.colcon_core.package_discovery:discover_packages(colcon_meta) check parameters
[1.048s] Level 1:colcon.colcon_core.package_discovery:discover_packages(recursive) check parameters
[1.048s] Level 1:colcon.colcon_core.package_discovery:discover_packages(ignore) check parameters
[1.048s] Level 1:colcon.colcon_core.package_discovery:discover_packages(path) check parameters
[1.048s] Level 1:colcon.colcon_core.package_discovery:discover_packages(colcon_meta) discover
[1.048s] Level 1:colcon.colcon_core.package_discovery:discover_packages(recursive) discover
[1.049s] INFO:colcon.colcon_core.package_discovery:Crawling recursively for packages in '/home/ngocdai/lidar_ws'
[1.049s] Level 1:colcon.colcon_core.package_identification:_identify(.) by extensions ['ignore', 'ignore_ament_install']
[1.049s] Level 1:colcon.colcon_core.package_identification:_identify(.) by extension 'ignore'
[1.049s] Level 1:colcon.colcon_core.package_identification:_identify(.) by extension 'ignore_ament_install'
[1.049s] Level 1:colcon.colcon_core.package_identification:_identify(.) by extensions ['colcon_pkg']
[1.049s] Level 1:colcon.colcon_core.package_identification:_identify(.) by extension 'colcon_pkg'
[1.049s] Level 1:colcon.colcon_core.package_identification:_identify(.) by extensions ['colcon_meta']
[1.049s] Level 1:colcon.colcon_core.package_identification:_identify(.) by extension 'colcon_meta'
[1.049s] Level 1:colcon.colcon_core.package_identification:_identify(.) by extensions ['ros']
[1.049s] Level 1:colcon.colcon_core.package_identification:_identify(.) by extension 'ros'
[1.057s] Level 1:colcon.colcon_core.package_identification:_identify(.) by extensions ['cmake', 'python']
[1.057s] Level 1:colcon.colcon_core.package_identification:_identify(.) by extension 'cmake'
[1.057s] Level 1:colcon.colcon_core.package_identification:_identify(.) by extension 'python'
[1.057s] Level 1:colcon.colcon_core.package_identification:_identify(.) by extensions ['python_setup_py']
[1.057s] Level 1:colcon.colcon_core.package_identification:_identify(.) by extension 'python_setup_py'
[1.057s] Level 1:colcon.colcon_core.package_identification:_identify(build) by extensions ['ignore', 'ignore_ament_install']
[1.058s] Level 1:colcon.colcon_core.package_identification:_identify(build) by extension 'ignore'
[1.058s] Level 1:colcon.colcon_core.package_identification:_identify(build) ignored
[1.058s] Level 1:colcon.colcon_core.package_identification:_identify(install) by extensions ['ignore', 'ignore_ament_install']
[1.058s] Level 1:colcon.colcon_core.package_identification:_identify(install) by extension 'ignore'
[1.058s] Level 1:colcon.colcon_core.package_identification:_identify(install) ignored
[1.058s] Level 1:colcon.colcon_core.package_identification:_identify(log) by extensions ['ignore', 'ignore_ament_install']
[1.058s] Level 1:colcon.colcon_core.package_identification:_identify(log) by extension 'ignore'
[1.058s] Level 1:colcon.colcon_core.package_identification:_identify(log) ignored
[1.058s] Level 1:colcon.colcon_core.package_identification:_identify(src) by extensions ['ignore', 'ignore_ament_install']
[1.058s] Level 1:colcon.colcon_core.package_identification:_identify(src) by extension 'ignore'
[1.058s] Level 1:colcon.colcon_core.package_identification:_identify(src) by extension 'ignore_ament_install'
[1.059s] Level 1:colcon.colcon_core.package_identification:_identify(src) by extensions ['colcon_pkg']
[1.059s] Level 1:colcon.colcon_core.package_identification:_identify(src) by extension 'colcon_pkg'
[1.059s] Level 1:colcon.colcon_core.package_identification:_identify(src) by extensions ['colcon_meta']
[1.059s] Level 1:colcon.colcon_core.package_identification:_identify(src) by extension 'colcon_meta'
[1.059s] Level 1:colcon.colcon_core.package_identification:_identify(src) by extensions ['ros']
[1.059s] Level 1:colcon.colcon_core.package_identification:_identify(src) by extension 'ros'
[1.059s] Level 1:colcon.colcon_core.package_identification:_identify(src) by extensions ['cmake', 'python']
[1.059s] Level 1:colcon.colcon_core.package_identification:_identify(src) by extension 'cmake'
[1.059s] Level 1:colcon.colcon_core.package_identification:_identify(src) by extension 'python'
[1.059s] Level 1:colcon.colcon_core.package_identification:_identify(src) by extensions ['python_setup_py']
[1.059s] Level 1:colcon.colcon_core.package_identification:_identify(src) by extension 'python_setup_py'
[1.059s] Level 1:colcon.colcon_core.package_identification:_identify(src/diffdrive_arduino) by extensions ['ignore', 'ignore_ament_install']
[1.059s] Level 1:colcon.colcon_core.package_identification:_identify(src/diffdrive_arduino) by extension 'ignore'
[1.059s] Level 1:colcon.colcon_core.package_identification:_identify(src/diffdrive_arduino) by extension 'ignore_ament_install'
[1.059s] Level 1:colcon.colcon_core.package_identification:_identify(src/diffdrive_arduino) by extensions ['colcon_pkg']
[1.059s] Level 1:colcon.colcon_core.package_identification:_identify(src/diffdrive_arduino) by extension 'colcon_pkg'
[1.059s] Level 1:colcon.colcon_core.package_identification:_identify(src/diffdrive_arduino) by extensions ['colcon_meta']
[1.059s] Level 1:colcon.colcon_core.package_identification:_identify(src/diffdrive_arduino) by extension 'colcon_meta'
[1.059s] Level 1:colcon.colcon_core.package_identification:_identify(src/diffdrive_arduino) by extensions ['ros']
[1.059s] Level 1:colcon.colcon_core.package_identification:_identify(src/diffdrive_arduino) by extension 'ros'
[1.062s] DEBUG:colcon.colcon_core.package_identification:Package 'src/diffdrive_arduino' with type 'ros.ament_cmake' and name 'diffdrive_arduino'
[1.062s] Level 1:colcon.colcon_core.package_identification:_identify(src/xsens_library) by extensions ['ignore', 'ignore_ament_install']
[1.062s] Level 1:colcon.colcon_core.package_identification:_identify(src/xsens_library) by extension 'ignore'
[1.062s] Level 1:colcon.colcon_core.package_identification:_identify(src/xsens_library) by extension 'ignore_ament_install'
[1.062s] Level 1:colcon.colcon_core.package_identification:_identify(src/xsens_library) by extensions ['colcon_pkg']
[1.062s] Level 1:colcon.colcon_core.package_identification:_identify(src/xsens_library) by extension 'colcon_pkg'
[1.062s] Level 1:colcon.colcon_core.package_identification:_identify(src/xsens_library) by extensions ['colcon_meta']
[1.062s] Level 1:colcon.colcon_core.package_identification:_identify(src/xsens_library) by extension 'colcon_meta'
[1.062s] Level 1:colcon.colcon_core.package_identification:_identify(src/xsens_library) by extensions ['ros']
[1.062s] Level 1:colcon.colcon_core.package_identification:_identify(src/xsens_library) by extension 'ros'
[1.063s] DEBUG:colcon.colcon_core.package_identification:Package 'src/xsens_library' with type 'ros.ament_cmake' and name 'xsens_library'
[1.063s] Level 1:colcon.colcon_core.package_discovery:discover_packages(recursive) using defaults
[1.063s] Level 1:colcon.colcon_core.package_discovery:discover_packages(ignore) discover
[1.063s] Level 1:colcon.colcon_core.package_discovery:discover_packages(ignore) using defaults
[1.063s] Level 1:colcon.colcon_core.package_discovery:discover_packages(path) discover
[1.063s] Level 1:colcon.colcon_core.package_discovery:discover_packages(path) using defaults
[1.147s] Level 1:colcon.colcon_core.package_discovery:discover_packages(prefix_path) check parameters
[1.147s] Level 1:colcon.colcon_core.package_discovery:discover_packages(prefix_path) discover
[1.177s] DEBUG:colcon.colcon_installed_package_information.package_discovery:Found 377 installed packages in /opt/ros/iron
[1.185s] Level 1:colcon.colcon_core.package_discovery:discover_packages(prefix_path) using defaults
[1.256s] Level 5:colcon.colcon_core.verb:set package 'xsens_library' build argument 'cmake_args' from command line to 'None'
[1.256s] Level 5:colcon.colcon_core.verb:set package 'xsens_library' build argument 'cmake_target' from command line to 'None'
[1.256s] Level 5:colcon.colcon_core.verb:set package 'xsens_library' build argument 'cmake_target_skip_unavailable' from command line to 'False'
[1.256s] Level 5:colcon.colcon_core.verb:set package 'xsens_library' build argument 'cmake_clean_cache' from command line to 'False'
[1.256s] Level 5:colcon.colcon_core.verb:set package 'xsens_library' build argument 'cmake_clean_first' from command line to 'False'
[1.256s] Level 5:colcon.colcon_core.verb:set package 'xsens_library' build argument 'cmake_force_configure' from command line to 'False'
[1.256s] Level 5:colcon.colcon_core.verb:set package 'xsens_library' build argument 'ament_cmake_args' from command line to 'None'
[1.256s] Level 5:colcon.colcon_core.verb:set package 'xsens_library' build argument 'catkin_cmake_args' from command line to 'None'
[1.256s] Level 5:colcon.colcon_core.verb:set package 'xsens_library' build argument 'catkin_skip_building_tests' from command line to 'False'
[1.256s] DEBUG:colcon.colcon_core.verb:Building package 'xsens_library' with the following arguments: {'ament_cmake_args': None, 'build_base': '/home/ngocdai/lidar_ws/build/xsens_library', 'catkin_cmake_args': None, 'catkin_skip_building_tests': False, 'cmake_args': None, 'cmake_clean_cache': False, 'cmake_clean_first': False, 'cmake_force_configure': False, 'cmake_target': None, 'cmake_target_skip_unavailable': False, 'install_base': '/home/ngocdai/lidar_ws/install/xsens_library', 'merge_install': False, 'path': '/home/ngocdai/lidar_ws/src/xsens_library', 'symlink_install': False, 'test_result_base': None}
[1.269s] Level 5:colcon.colcon_core.verb:set package 'diffdrive_arduino' build argument 'cmake_args' from command line to 'None'
[1.269s] Level 5:colcon.colcon_core.verb:set package 'diffdrive_arduino' build argument 'cmake_target' from command line to 'None'
[1.270s] Level 5:colcon.colcon_core.verb:set package 'diffdrive_arduino' build argument 'cmake_target_skip_unavailable' from command line to 'False'
[1.270s] Level 5:colcon.colcon_core.verb:set package 'diffdrive_arduino' build argument 'cmake_clean_cache' from command line to 'False'
[1.270s] Level 5:colcon.colcon_core.verb:set package 'diffdrive_arduino' build argument 'cmake_clean_first' from command line to 'False'
[1.270s] Level 5:colcon.colcon_core.verb:set package 'diffdrive_arduino' build argument 'cmake_force_configure' from command line to 'False'
[1.270s] Level 5:colcon.colcon_core.verb:set package 'diffdrive_arduino' build argument 'ament_cmake_args' from command line to 'None'
[1.270s] Level 5:colcon.colcon_core.verb:set package 'diffdrive_arduino' build argument 'catkin_cmake_args' from command line to 'None'
[1.270s] Level 5:colcon.colcon_core.verb:set package 'diffdrive_arduino' build argument 'catkin_skip_building_tests' from command line to 'False'
[1.270s] DEBUG:colcon.colcon_core.verb:Building package 'diffdrive_arduino' with the following arguments: {'ament_cmake_args': None, 'build_base': '/home/ngocdai/lidar_ws/build/diffdrive_arduino', 'catkin_cmake_args': None, 'catkin_skip_building_tests': False, 'cmake_args': None, 'cmake_clean_cache': False, 'cmake_clean_first': False, 'cmake_force_configure': False, 'cmake_target': None, 'cmake_target_skip_unavailable': False, 'install_base': '/home/ngocdai/lidar_ws/install/diffdrive_arduino', 'merge_install': False, 'path': '/home/ngocdai/lidar_ws/src/diffdrive_arduino', 'symlink_install': False, 'test_result_base': None}
[1.282s] INFO:colcon.colcon_core.executor:Executing jobs using 'parallel' executor
[1.296s] DEBUG:colcon.colcon_parallel_executor.executor.parallel:run_until_complete
[1.296s] INFO:colcon.colcon_ros.task.ament_cmake.build:Building ROS package in '/home/ngocdai/lidar_ws/src/xsens_library' with build type 'ament_cmake'
[1.296s] INFO:colcon.colcon_cmake.task.cmake.build:Building CMake package in '/home/ngocdai/lidar_ws/src/xsens_library'
[1.313s] INFO:colcon.colcon_core.plugin_system:Skipping extension 'colcon_core.shell.bat': Not used on non-Windows systems
[1.313s] INFO:colcon.colcon_core.shell:Skip shell extension 'powershell' for command environment: Not usable outside of PowerShell
[1.313s] DEBUG:colcon.colcon_core.shell:Skip shell extension 'dsv' for command environment
[1.349s] DEBUG:colcon.colcon_core.event_handler.log_command:Invoking command in '/home/ngocdai/lidar_ws/build/xsens_library': CMAKE_PREFIX_PATH=/opt/ros/iron /usr/bin/cmake --build /home/ngocdai/lidar_ws/build/xsens_library -- -j12 -l12
[1.432s] DEBUG:colcon.colcon_core.event_handler.log_command:Invoked command in '/home/ngocdai/lidar_ws/build/xsens_library' returned '0': CMAKE_PREFIX_PATH=/opt/ros/iron /usr/bin/cmake --build /home/ngocdai/lidar_ws/build/xsens_library -- -j12 -l12
[1.463s] DEBUG:colcon.colcon_core.event_handler.log_command:Invoking command in '/home/ngocdai/lidar_ws/build/xsens_library': CMAKE_PREFIX_PATH=/opt/ros/iron /usr/bin/cmake --install /home/ngocdai/lidar_ws/build/xsens_library
[1.487s] Level 1:colcon.colcon_core.environment:create_environment_scripts_only(xsens_library)
[1.488s] DEBUG:colcon.colcon_core.event_handler.log_command:Invoked command in '/home/ngocdai/lidar_ws/build/xsens_library' returned '0': CMAKE_PREFIX_PATH=/opt/ros/iron /usr/bin/cmake --install /home/ngocdai/lidar_ws/build/xsens_library
[1.505s] Level 1:colcon.colcon_core.environment:checking '/home/ngocdai/lidar_ws/install/xsens_library' for CMake module files
[1.506s] Level 1:colcon.colcon_core.environment:checking '/home/ngocdai/lidar_ws/install/xsens_library' for CMake config files
[1.506s] Level 1:colcon.colcon_core.shell:create_environment_hook('xsens_library', 'cmake_prefix_path')
[1.519s] INFO:colcon.colcon_core.shell:Creating environment hook '/home/ngocdai/lidar_ws/install/xsens_library/share/xsens_library/hook/cmake_prefix_path.ps1'
[1.520s] INFO:colcon.colcon_core.shell:Creating environment descriptor '/home/ngocdai/lidar_ws/install/xsens_library/share/xsens_library/hook/cmake_prefix_path.dsv'
[1.520s] INFO:colcon.colcon_core.shell:Creating environment hook '/home/ngocdai/lidar_ws/install/xsens_library/share/xsens_library/hook/cmake_prefix_path.sh'
[1.521s] Level 1:colcon.colcon_core.environment:checking '/home/ngocdai/lidar_ws/install/xsens_library/lib'
[1.521s] Level 1:colcon.colcon_core.environment:checking '/home/ngocdai/lidar_ws/install/xsens_library/bin'
[1.521s] Level 1:colcon.colcon_core.environment:checking '/home/ngocdai/lidar_ws/install/xsens_library/lib/pkgconfig/xsens_library.pc'
[1.521s] Level 1:colcon.colcon_core.environment:checking '/home/ngocdai/lidar_ws/install/xsens_library/lib/python3.10/site-packages'
[1.521s] Level 1:colcon.colcon_core.environment:checking '/home/ngocdai/lidar_ws/install/xsens_library/bin'
[1.535s] INFO:colcon.colcon_core.shell:Creating package script '/home/ngocdai/lidar_ws/install/xsens_library/share/xsens_library/package.ps1'
[1.536s] INFO:colcon.colcon_core.shell:Creating package descriptor '/home/ngocdai/lidar_ws/install/xsens_library/share/xsens_library/package.dsv'
[1.537s] INFO:colcon.colcon_core.shell:Creating package script '/home/ngocdai/lidar_ws/install/xsens_library/share/xsens_library/package.sh'
[1.537s] INFO:colcon.colcon_core.shell:Creating package script '/home/ngocdai/lidar_ws/install/xsens_library/share/xsens_library/package.bash'
[1.538s] INFO:colcon.colcon_core.shell:Creating package script '/home/ngocdai/lidar_ws/install/xsens_library/share/xsens_library/package.zsh'
[1.539s] Level 1:colcon.colcon_core.environment:create_file_with_runtime_dependencies(/home/ngocdai/lidar_ws/install/xsens_library/share/colcon-core/packages/xsens_library)
[1.576s] Level 1:colcon.colcon_core.environment:create_environment_scripts_only(xsens_library)
[1.589s] Level 1:colcon.colcon_core.environment:checking '/home/ngocdai/lidar_ws/install/xsens_library' for CMake module files
[1.589s] Level 1:colcon.colcon_core.environment:checking '/home/ngocdai/lidar_ws/install/xsens_library' for CMake config files
[1.589s] Level 1:colcon.colcon_core.shell:create_environment_hook('xsens_library', 'cmake_prefix_path')
[1.602s] INFO:colcon.colcon_core.shell:Creating environment hook '/home/ngocdai/lidar_ws/install/xsens_library/share/xsens_library/hook/cmake_prefix_path.ps1'
[1.603s] INFO:colcon.colcon_core.shell:Creating environment descriptor '/home/ngocdai/lidar_ws/install/xsens_library/share/xsens_library/hook/cmake_prefix_path.dsv'
[1.603s] INFO:colcon.colcon_core.shell:Creating environment hook '/home/ngocdai/lidar_ws/install/xsens_library/share/xsens_library/hook/cmake_prefix_path.sh'
[1.603s] Level 1:colcon.colcon_core.environment:checking '/home/ngocdai/lidar_ws/install/xsens_library/lib'
[1.603s] Level 1:colcon.colcon_core.environment:checking '/home/ngocdai/lidar_ws/install/xsens_library/bin'
[1.603s] Level 1:colcon.colcon_core.environment:checking '/home/ngocdai/lidar_ws/install/xsens_library/lib/pkgconfig/xsens_library.pc'
[1.604s] Level 1:colcon.colcon_core.environment:checking '/home/ngocdai/lidar_ws/install/xsens_library/lib/python3.10/site-packages'
[1.604s] Level 1:colcon.colcon_core.environment:checking '/home/ngocdai/lidar_ws/install/xsens_library/bin'
[1.617s] INFO:colcon.colcon_core.shell:Creating package script '/home/ngocdai/lidar_ws/install/xsens_library/share/xsens_library/package.ps1'
[1.617s] INFO:colcon.colcon_core.shell:Creating package descriptor '/home/ngocdai/lidar_ws/install/xsens_library/share/xsens_library/package.dsv'
[1.617s] INFO:colcon.colcon_core.shell:Creating package script '/home/ngocdai/lidar_ws/install/xsens_library/share/xsens_library/package.sh'
[1.618s] INFO:colcon.colcon_core.shell:Creating package script '/home/ngocdai/lidar_ws/install/xsens_library/share/xsens_library/package.bash'
[1.618s] INFO:colcon.colcon_core.shell:Creating package script '/home/ngocdai/lidar_ws/install/xsens_library/share/xsens_library/package.zsh'
[1.618s] Level 1:colcon.colcon_core.environment:create_file_with_runtime_dependencies(/home/ngocdai/lidar_ws/install/xsens_library/share/colcon-core/packages/xsens_library)
[1.618s] INFO:colcon.colcon_ros.task.ament_cmake.build:Building ROS package in '/home/ngocdai/lidar_ws/src/diffdrive_arduino' with build type 'ament_cmake'
[1.618s] INFO:colcon.colcon_cmake.task.cmake.build:Building CMake package in '/home/ngocdai/lidar_ws/src/diffdrive_arduino'
[1.633s] INFO:colcon.colcon_core.shell:Skip shell extension 'powershell' for command environment: Not usable outside of PowerShell
[1.633s] DEBUG:colcon.colcon_core.shell:Skip shell extension 'dsv' for command environment
[1.667s] DEBUG:colcon.colcon_core.event_handler.log_command:Invoking command in '/home/ngocdai/lidar_ws/build/diffdrive_arduino': AMENT_PREFIX_PATH=/home/ngocdai/lidar_ws/install/xsens_library:${AMENT_PREFIX_PATH} CMAKE_PREFIX_PATH=/home/ngocdai/lidar_ws/install/xsens_library:/opt/ros/iron LD_LIBRARY_PATH=/home/ngocdai/lidar_ws/install/xsens_library/lib:${LD_LIBRARY_PATH} /usr/bin/cmake --build /home/ngocdai/lidar_ws/build/diffdrive_arduino -- -j12 -l12
[1.761s] DEBUG:colcon.colcon_core.event_handler.log_command:Invoked command in '/home/ngocdai/lidar_ws/build/diffdrive_arduino' returned '0': AMENT_PREFIX_PATH=/home/ngocdai/lidar_ws/install/xsens_library:${AMENT_PREFIX_PATH} CMAKE_PREFIX_PATH=/home/ngocdai/lidar_ws/install/xsens_library:/opt/ros/iron LD_LIBRARY_PATH=/home/ngocdai/lidar_ws/install/xsens_library/lib:${LD_LIBRARY_PATH} /usr/bin/cmake --build /home/ngocdai/lidar_ws/build/diffdrive_arduino -- -j12 -l12
[1.791s] DEBUG:colcon.colcon_core.event_handler.log_command:Invoking command in '/home/ngocdai/lidar_ws/build/diffdrive_arduino': AMENT_PREFIX_PATH=/home/ngocdai/lidar_ws/install/xsens_library:${AMENT_PREFIX_PATH} CMAKE_PREFIX_PATH=/home/ngocdai/lidar_ws/install/xsens_library:/opt/ros/iron LD_LIBRARY_PATH=/home/ngocdai/lidar_ws/install/xsens_library/lib:${LD_LIBRARY_PATH} /usr/bin/cmake --install /home/ngocdai/lidar_ws/build/diffdrive_arduino
[1.807s] Level 1:colcon.colcon_core.environment:create_environment_scripts_only(diffdrive_arduino)
[1.807s] DEBUG:colcon.colcon_core.event_handler.log_command:Invoked command in '/home/ngocdai/lidar_ws/build/diffdrive_arduino' returned '0': AMENT_PREFIX_PATH=/home/ngocdai/lidar_ws/install/xsens_library:${AMENT_PREFIX_PATH} CMAKE_PREFIX_PATH=/home/ngocdai/lidar_ws/install/xsens_library:/opt/ros/iron LD_LIBRARY_PATH=/home/ngocdai/lidar_ws/install/xsens_library/lib:${LD_LIBRARY_PATH} /usr/bin/cmake --install /home/ngocdai/lidar_ws/build/diffdrive_arduino
[1.821s] Level 1:colcon.colcon_core.environment:checking '/home/ngocdai/lidar_ws/install/diffdrive_arduino' for CMake module files
[1.821s] Level 1:colcon.colcon_core.environment:checking '/home/ngocdai/lidar_ws/install/diffdrive_arduino' for CMake config files
[1.822s] Level 1:colcon.colcon_core.shell:create_environment_hook('diffdrive_arduino', 'cmake_prefix_path')
[1.836s] INFO:colcon.colcon_core.shell:Creating environment hook '/home/ngocdai/lidar_ws/install/diffdrive_arduino/share/diffdrive_arduino/hook/cmake_prefix_path.ps1'
[1.836s] INFO:colcon.colcon_core.shell:Creating environment descriptor '/home/ngocdai/lidar_ws/install/diffdrive_arduino/share/diffdrive_arduino/hook/cmake_prefix_path.dsv'
[1.836s] INFO:colcon.colcon_core.shell:Creating environment hook '/home/ngocdai/lidar_ws/install/diffdrive_arduino/share/diffdrive_arduino/hook/cmake_prefix_path.sh'
[1.837s] Level 1:colcon.colcon_core.environment:checking '/home/ngocdai/lidar_ws/install/diffdrive_arduino/lib'
[1.837s] Level 1:colcon.colcon_core.shell:create_environment_hook('diffdrive_arduino', 'ld_library_path_lib')
[1.850s] INFO:colcon.colcon_core.shell:Creating environment hook '/home/ngocdai/lidar_ws/install/diffdrive_arduino/share/diffdrive_arduino/hook/ld_library_path_lib.ps1'
[1.850s] INFO:colcon.colcon_core.shell:Creating environment descriptor '/home/ngocdai/lidar_ws/install/diffdrive_arduino/share/diffdrive_arduino/hook/ld_library_path_lib.dsv'
[1.850s] INFO:colcon.colcon_core.shell:Creating environment hook '/home/ngocdai/lidar_ws/install/diffdrive_arduino/share/diffdrive_arduino/hook/ld_library_path_lib.sh'
[1.851s] Level 1:colcon.colcon_core.environment:checking '/home/ngocdai/lidar_ws/install/diffdrive_arduino/bin'
[1.851s] Level 1:colcon.colcon_core.environment:checking '/home/ngocdai/lidar_ws/install/diffdrive_arduino/lib/pkgconfig/diffdrive_arduino.pc'
[1.851s] Level 1:colcon.colcon_core.environment:checking '/home/ngocdai/lidar_ws/install/diffdrive_arduino/lib/python3.10/site-packages'
[1.851s] Level 1:colcon.colcon_core.environment:checking '/home/ngocdai/lidar_ws/install/diffdrive_arduino/bin'
[1.864s] INFO:colcon.colcon_core.shell:Creating package script '/home/ngocdai/lidar_ws/install/diffdrive_arduino/share/diffdrive_arduino/package.ps1'
[1.864s] INFO:colcon.colcon_core.shell:Creating package descriptor '/home/ngocdai/lidar_ws/install/diffdrive_arduino/share/diffdrive_arduino/package.dsv'
[1.865s] INFO:colcon.colcon_core.shell:Creating package script '/home/ngocdai/lidar_ws/install/diffdrive_arduino/share/diffdrive_arduino/package.sh'
[1.865s] INFO:colcon.colcon_core.shell:Creating package script '/home/ngocdai/lidar_ws/install/diffdrive_arduino/share/diffdrive_arduino/package.bash'
[1.865s] INFO:colcon.colcon_core.shell:Creating package script '/home/ngocdai/lidar_ws/install/diffdrive_arduino/share/diffdrive_arduino/package.zsh'
[1.866s] Level 1:colcon.colcon_core.environment:create_file_with_runtime_dependencies(/home/ngocdai/lidar_ws/install/diffdrive_arduino/share/colcon-core/packages/diffdrive_arduino)
[1.910s] Level 1:colcon.colcon_core.environment:create_environment_scripts_only(diffdrive_arduino)
[1.923s] Level 1:colcon.colcon_core.environment:checking '/home/ngocdai/lidar_ws/install/diffdrive_arduino' for CMake module files
[1.923s] Level 1:colcon.colcon_core.environment:checking '/home/ngocdai/lidar_ws/install/diffdrive_arduino' for CMake config files
[1.924s] Level 1:colcon.colcon_core.shell:create_environment_hook('diffdrive_arduino', 'cmake_prefix_path')
[1.938s] INFO:colcon.colcon_core.shell:Creating environment hook '/home/ngocdai/lidar_ws/install/diffdrive_arduino/share/diffdrive_arduino/hook/cmake_prefix_path.ps1'
[1.938s] INFO:colcon.colcon_core.shell:Creating environment descriptor '/home/ngocdai/lidar_ws/install/diffdrive_arduino/share/diffdrive_arduino/hook/cmake_prefix_path.dsv'
[1.938s] INFO:colcon.colcon_core.shell:Creating environment hook '/home/ngocdai/lidar_ws/install/diffdrive_arduino/share/diffdrive_arduino/hook/cmake_prefix_path.sh'
[1.938s] Level 1:colcon.colcon_core.environment:checking '/home/ngocdai/lidar_ws/install/diffdrive_arduino/lib'
[1.939s] Level 1:colcon.colcon_core.shell:create_environment_hook('diffdrive_arduino', 'ld_library_path_lib')
[1.952s] INFO:colcon.colcon_core.shell:Creating environment hook '/home/ngocdai/lidar_ws/install/diffdrive_arduino/share/diffdrive_arduino/hook/ld_library_path_lib.ps1'
[1.952s] INFO:colcon.colcon_core.shell:Creating environment descriptor '/home/ngocdai/lidar_ws/install/diffdrive_arduino/share/diffdrive_arduino/hook/ld_library_path_lib.dsv'
[1.952s] INFO:colcon.colcon_core.shell:Creating environment hook '/home/ngocdai/lidar_ws/install/diffdrive_arduino/share/diffdrive_arduino/hook/ld_library_path_lib.sh'
[1.952s] Level 1:colcon.colcon_core.environment:checking '/home/ngocdai/lidar_ws/install/diffdrive_arduino/bin'
[1.953s] Level 1:colcon.colcon_core.environment:checking '/home/ngocdai/lidar_ws/install/diffdrive_arduino/lib/pkgconfig/diffdrive_arduino.pc'
[1.953s] Level 1:colcon.colcon_core.environment:checking '/home/ngocdai/lidar_ws/install/diffdrive_arduino/lib/python3.10/site-packages'
[1.953s] Level 1:colcon.colcon_core.environment:checking '/home/ngocdai/lidar_ws/install/diffdrive_arduino/bin'
[1.966s] INFO:colcon.colcon_core.shell:Creating package script '/home/ngocdai/lidar_ws/install/diffdrive_arduino/share/diffdrive_arduino/package.ps1'
[1.966s] INFO:colcon.colcon_core.shell:Creating package descriptor '/home/ngocdai/lidar_ws/install/diffdrive_arduino/share/diffdrive_arduino/package.dsv'
[1.967s] INFO:colcon.colcon_core.shell:Creating package script '/home/ngocdai/lidar_ws/install/diffdrive_arduino/share/diffdrive_arduino/package.sh'
[1.967s] INFO:colcon.colcon_core.shell:Creating package script '/home/ngocdai/lidar_ws/install/diffdrive_arduino/share/diffdrive_arduino/package.bash'
[1.967s] INFO:colcon.colcon_core.shell:Creating package script '/home/ngocdai/lidar_ws/install/diffdrive_arduino/share/diffdrive_arduino/package.zsh'
[1.968s] Level 1:colcon.colcon_core.environment:create_file_with_runtime_dependencies(/home/ngocdai/lidar_ws/install/diffdrive_arduino/share/colcon-core/packages/diffdrive_arduino)
[1.968s] DEBUG:colcon.colcon_parallel_executor.executor.parallel:closing loop
[1.968s] DEBUG:colcon.colcon_parallel_executor.executor.parallel:loop closed
[1.968s] DEBUG:colcon.colcon_parallel_executor.executor.parallel:run_until_complete finished with '0'
[1.968s] DEBUG:colcon.colcon_core.event_reactor:joining thread
[1.986s] INFO:colcon.colcon_core.plugin_system:Skipping extension 'colcon_notification.desktop_notification.terminal_notifier': Not used on non-Darwin systems
[1.986s] INFO:colcon.colcon_core.plugin_system:Skipping extension 'colcon_notification.desktop_notification.win32': Not used on non-Windows systems
[1.986s] INFO:colcon.colcon_notification.desktop_notification:Sending desktop notification using 'notify2'
[2.000s] DEBUG:colcon.colcon_core.event_reactor:joined thread
[2.014s] INFO:colcon.colcon_core.shell:Creating prefix script '/home/ngocdai/lidar_ws/install/local_setup.ps1'
[2.015s] INFO:colcon.colcon_core.shell:Creating prefix util module '/home/ngocdai/lidar_ws/install/_local_setup_util_ps1.py'
[2.016s] INFO:colcon.colcon_core.shell:Creating prefix chain script '/home/ngocdai/lidar_ws/install/setup.ps1'
[2.030s] INFO:colcon.colcon_core.shell:Creating prefix script '/home/ngocdai/lidar_ws/install/local_setup.sh'
[2.031s] INFO:colcon.colcon_core.shell:Creating prefix util module '/home/ngocdai/lidar_ws/install/_local_setup_util_sh.py'
[2.031s] INFO:colcon.colcon_core.shell:Creating prefix chain script '/home/ngocdai/lidar_ws/install/setup.sh'
[2.045s] INFO:colcon.colcon_core.shell:Creating prefix script '/home/ngocdai/lidar_ws/install/local_setup.bash'
[2.045s] INFO:colcon.colcon_core.shell:Creating prefix chain script '/home/ngocdai/lidar_ws/install/setup.bash'
[2.059s] INFO:colcon.colcon_core.shell:Creating prefix script '/home/ngocdai/lidar_ws/install/local_setup.zsh'
[2.059s] INFO:colcon.colcon_core.shell:Creating prefix chain script '/home/ngocdai/lidar_ws/install/setup.zsh'
