[0.601s] Invoking command in '/home/ngocdai/lidar_ws/build/my_bleak': PYTHONPATH=/home/ngocdai/lidar_ws/build/my_bleak/prefix_override:/home/ngocdai/lidar_ws/install/my_bleak/lib/python3.10/site-packages:${PYTHONPATH} /usr/bin/python3 setup.py develop --uninstall --editable --build-directory /home/ngocdai/lidar_ws/build/my_bleak/build
[0.825s] running develop
[1.009s] Invoked command in '/home/ngocdai/lidar_ws/build/my_bleak' returned '0': PYTHONPATH=/home/ngocdai/lidar_ws/build/my_bleak/prefix_override:/home/ngocdai/lidar_ws/install/my_bleak/lib/python3.10/site-packages:${PYTHONPATH} /usr/bin/python3 setup.py develop --uninstall --editable --build-directory /home/ngocdai/lidar_ws/build/my_bleak/build
[1.011s] Invoking command in '/home/ngocdai/lidar_ws/src/my_bleak': PYTHONPATH=/home/ngocdai/lidar_ws/build/my_bleak/prefix_override:/home/ngocdai/lidar_ws/install/my_bleak/lib/python3.10/site-packages:${PYTHONPATH} /usr/bin/python3 setup.py egg_info --egg-base ../../build/my_bleak build --build-base /home/ngocdai/lidar_ws/build/my_bleak/build install --record /home/ngocdai/lidar_ws/build/my_bleak/install.log --single-version-externally-managed
[1.224s] running egg_info
[1.225s] writing ../../build/my_bleak/my_bleak.egg-info/PKG-INFO
[1.225s] writing dependency_links to ../../build/my_bleak/my_bleak.egg-info/dependency_links.txt
[1.225s] writing entry points to ../../build/my_bleak/my_bleak.egg-info/entry_points.txt
[1.225s] writing requirements to ../../build/my_bleak/my_bleak.egg-info/requires.txt
[1.225s] writing top-level names to ../../build/my_bleak/my_bleak.egg-info/top_level.txt
[1.227s] reading manifest file '../../build/my_bleak/my_bleak.egg-info/SOURCES.txt'
[1.227s] writing manifest file '../../build/my_bleak/my_bleak.egg-info/SOURCES.txt'
[1.227s] running build
[1.227s] running build_py
[1.228s] running install
[1.228s] running install_lib
[1.229s] running install_data
[1.229s] running install_egg_info
[1.230s] removing '/home/ngocdai/lidar_ws/install/my_bleak/lib/python3.10/site-packages/my_bleak-0.0.0-py3.10.egg-info' (and everything under it)
[1.231s] Copying ../../build/my_bleak/my_bleak.egg-info to /home/ngocdai/lidar_ws/install/my_bleak/lib/python3.10/site-packages/my_bleak-0.0.0-py3.10.egg-info
[1.231s] running install_scripts
[1.249s] Installing bleak_client script to /home/ngocdai/lidar_ws/install/my_bleak/lib/my_bleak
[1.249s] Installing bleak_node script to /home/ngocdai/lidar_ws/install/my_bleak/lib/my_bleak
[1.249s] Installing odom_node script to /home/ngocdai/lidar_ws/install/my_bleak/lib/my_bleak
[1.249s] writing list of installed files to '/home/ngocdai/lidar_ws/build/my_bleak/install.log'
[1.293s] Invoked command in '/home/ngocdai/lidar_ws/src/my_bleak' returned '0': PYTHONPATH=/home/ngocdai/lidar_ws/build/my_bleak/prefix_override:/home/ngocdai/lidar_ws/install/my_bleak/lib/python3.10/site-packages:${PYTHONPATH} /usr/bin/python3 setup.py egg_info --egg-base ../../build/my_bleak build --build-base /home/ngocdai/lidar_ws/build/my_bleak/build install --record /home/ngocdai/lidar_ws/build/my_bleak/install.log --single-version-externally-managed
