[0.629s] Invoking command in '/home/ngocdai/lidar_ws/build/my_bleak': PYTHONPATH=/home/ngocdai/lidar_ws/build/my_bleak/prefix_override:/home/ngocdai/lidar_ws/install/my_bleak/lib/python3.10/site-packages:${PYTHONPATH} /usr/bin/python3 setup.py develop --uninstall --editable --build-directory /home/ngocdai/lidar_ws/build/my_bleak/build
[0.853s] running develop
[1.039s] Invoked command in '/home/ngocdai/lidar_ws/build/my_bleak' returned '0': PYTHONPATH=/home/ngocdai/lidar_ws/build/my_bleak/prefix_override:/home/ngocdai/lidar_ws/install/my_bleak/lib/python3.10/site-packages:${PYTHONPATH} /usr/bin/python3 setup.py develop --uninstall --editable --build-directory /home/ngocdai/lidar_ws/build/my_bleak/build
[1.040s] Invoking command in '/home/ngocdai/lidar_ws/src/my_bleak': PYTHONPATH=/home/ngocdai/lidar_ws/build/my_bleak/prefix_override:/home/ngocdai/lidar_ws/install/my_bleak/lib/python3.10/site-packages:${PYTHONPATH} /usr/bin/python3 setup.py egg_info --egg-base ../../build/my_bleak build --build-base /home/ngocdai/lidar_ws/build/my_bleak/build install --record /home/ngocdai/lidar_ws/build/my_bleak/install.log --single-version-externally-managed
[1.291s] running egg_info
[1.291s] writing ../../build/my_bleak/my_bleak.egg-info/PKG-INFO
[1.291s] writing dependency_links to ../../build/my_bleak/my_bleak.egg-info/dependency_links.txt
[1.291s] writing entry points to ../../build/my_bleak/my_bleak.egg-info/entry_points.txt
[1.291s] writing requirements to ../../build/my_bleak/my_bleak.egg-info/requires.txt
[1.291s] writing top-level names to ../../build/my_bleak/my_bleak.egg-info/top_level.txt
[1.293s] reading manifest file '../../build/my_bleak/my_bleak.egg-info/SOURCES.txt'
[1.294s] writing manifest file '../../build/my_bleak/my_bleak.egg-info/SOURCES.txt'
[1.294s] running build
[1.294s] running build_py
[1.294s] running install
[1.294s] running install_lib
[1.295s] running install_data
[1.295s] copying package.xml -> /home/ngocdai/lidar_ws/install/my_bleak/share/my_bleak
[1.296s] running install_egg_info
[1.297s] removing '/home/ngocdai/lidar_ws/install/my_bleak/lib/python3.10/site-packages/my_bleak-0.0.0-py3.10.egg-info' (and everything under it)
[1.297s] Copying ../../build/my_bleak/my_bleak.egg-info to /home/ngocdai/lidar_ws/install/my_bleak/lib/python3.10/site-packages/my_bleak-0.0.0-py3.10.egg-info
[1.298s] running install_scripts
[1.314s] Installing bleak_client script to /home/ngocdai/lidar_ws/install/my_bleak/lib/my_bleak
[1.314s] Installing bleak_node script to /home/ngocdai/lidar_ws/install/my_bleak/lib/my_bleak
[1.314s] writing list of installed files to '/home/ngocdai/lidar_ws/build/my_bleak/install.log'
[1.342s] Invoked command in '/home/ngocdai/lidar_ws/src/my_bleak' returned '0': PYTHONPATH=/home/ngocdai/lidar_ws/build/my_bleak/prefix_override:/home/ngocdai/lidar_ws/install/my_bleak/lib/python3.10/site-packages:${PYTHONPATH} /usr/bin/python3 setup.py egg_info --egg-base ../../build/my_bleak build --build-base /home/ngocdai/lidar_ws/build/my_bleak/build install --record /home/ngocdai/lidar_ws/build/my_bleak/install.log --single-version-externally-managed
