[0.050s] Invoking command in '/home/ngocdai/lidar_ws/build/diffdrive_arduino': AMENT_PREFIX_PATH=/home/ngocdai/lidar_ws/install/xsens_library:${AMENT_PREFIX_PATH} CMAKE_PREFIX_PATH=/home/ngocdai/lidar_ws/install/xsens_library:/opt/ros/iron LD_LIBRARY_PATH=/home/ngocdai/lidar_ws/install/xsens_library/lib:${LD_LIBRARY_PATH} /usr/bin/cmake --build /home/ngocdai/lidar_ws/build/diffdrive_arduino -- -j12 -l12
[0.134s] [ 83%] Built target imu_rec
[0.134s] [ 83%] Built target diffdrive_arduino
[0.134s] [ 83%] [32mBuilding CXX object CMakeFiles/imu_pub.dir/src/imu_publisher.cpp.o[0m
[0.510s] [01m[K/home/ngocdai/lidar_ws/src/diffdrive_arduino/src/imu_publisher.cpp:116:44:[m[K [01;35m[Kwarning: [m[Kcharacter constant too long for its type
[0.510s]   116 |                 imu_msgs.header.frame_id = [01;35m[K'base_link'[m[K;
[0.510s]       |                                            [01;35m[K^~~~~~~~~~~[m[K
[2.356s] [01m[K/home/ngocdai/lidar_ws/src/diffdrive_arduino/src/imu_publisher.cpp:[m[K In member function ‘[01m[Kvoid XsensPublisher::GetData()[m[K’:
[2.356s] [01m[K/home/ngocdai/lidar_ws/src/diffdrive_arduino/src/imu_publisher.cpp:116:44:[m[K [01;35m[Kwarning: [m[Koverflow in conversion from ‘[01m[Kint[m[K’ to ‘[01m[Kchar[m[K’ changes value from ‘[01m[K1818848875[m[K’ to ‘[01m[K'k'[m[K’ [[01;35m[K]8;;https://gcc.gnu.org/onlinedocs/gcc/Warning-Options.html#index-Woverflow-Woverflow]8;;[m[K]
[3.972s] [100%] [32m[1mLinking CXX executable imu_pub[0m
[4.347s] [100%] Built target imu_pub
[4.362s] Invoked command in '/home/ngocdai/lidar_ws/build/diffdrive_arduino' returned '0': AMENT_PREFIX_PATH=/home/ngocdai/lidar_ws/install/xsens_library:${AMENT_PREFIX_PATH} CMAKE_PREFIX_PATH=/home/ngocdai/lidar_ws/install/xsens_library:/opt/ros/iron LD_LIBRARY_PATH=/home/ngocdai/lidar_ws/install/xsens_library/lib:${LD_LIBRARY_PATH} /usr/bin/cmake --build /home/ngocdai/lidar_ws/build/diffdrive_arduino -- -j12 -l12
[4.396s] Invoking command in '/home/ngocdai/lidar_ws/build/diffdrive_arduino': AMENT_PREFIX_PATH=/home/ngocdai/lidar_ws/install/xsens_library:${AMENT_PREFIX_PATH} CMAKE_PREFIX_PATH=/home/ngocdai/lidar_ws/install/xsens_library:/opt/ros/iron LD_LIBRARY_PATH=/home/ngocdai/lidar_ws/install/xsens_library/lib:${LD_LIBRARY_PATH} /usr/bin/cmake --install /home/ngocdai/lidar_ws/build/diffdrive_arduino
[4.406s] -- Install configuration: ""
[4.406s] -- Installing: /home/ngocdai/lidar_ws/install/diffdrive_arduino/lib/diffdrive_arduino/imu_pub
[4.409s] -- Set runtime path of "/home/ngocdai/lidar_ws/install/diffdrive_arduino/lib/diffdrive_arduino/imu_pub" to ""
[4.409s] -- Up-to-date: /home/ngocdai/lidar_ws/install/diffdrive_arduino/lib/diffdrive_arduino/imu_rec
[4.409s] -- Up-to-date: /home/ngocdai/lidar_ws/install/diffdrive_arduino/share/diffdrive_arduino/diffdrive_arduino.xml
[4.410s] -- Up-to-date: /home/ngocdai/lidar_ws/install/diffdrive_arduino/include/diffdrive_arduino
[4.410s] -- Up-to-date: /home/ngocdai/lidar_ws/install/diffdrive_arduino/include/diffdrive_arduino/diffdrive_arduino
[4.410s] -- Up-to-date: /home/ngocdai/lidar_ws/install/diffdrive_arduino/include/diffdrive_arduino/diffdrive_arduino/visibility_control.h
[4.410s] -- Up-to-date: /home/ngocdai/lidar_ws/install/diffdrive_arduino/include/diffdrive_arduino/diffdrive_arduino/tempCodeRunnerFile.hpp
[4.410s] -- Up-to-date: /home/ngocdai/lidar_ws/install/diffdrive_arduino/include/diffdrive_arduino/diffdrive_arduino/diffbot_system.hpp
[4.410s] -- Up-to-date: /home/ngocdai/lidar_ws/install/diffdrive_arduino/include/diffdrive_arduino/diffdrive_arduino/arduino_comms.hpp
[4.410s] -- Up-to-date: /home/ngocdai/lidar_ws/install/diffdrive_arduino/include/diffdrive_arduino/diffdrive_arduino/wheel.hpp
[4.410s] -- Up-to-date: /home/ngocdai/lidar_ws/install/diffdrive_arduino/share/diffdrive_arduino/launch
[4.410s] -- Up-to-date: /home/ngocdai/lidar_ws/install/diffdrive_arduino/share/diffdrive_arduino/launch/view_robot.launch.py
[4.411s] -- Up-to-date: /home/ngocdai/lidar_ws/install/diffdrive_arduino/share/diffdrive_arduino/ros2_control
[4.411s] -- Up-to-date: /home/ngocdai/lidar_ws/install/diffdrive_arduino/share/diffdrive_arduino/ros2_control/diffbot.ros2_control.xacro
[4.411s] -- Up-to-date: /home/ngocdai/lidar_ws/install/diffdrive_arduino/share/diffdrive_arduino/urdf
[4.411s] -- Up-to-date: /home/ngocdai/lidar_ws/install/diffdrive_arduino/share/diffdrive_arduino/urdf/diffbot.urdf.xacro
[4.411s] -- Up-to-date: /home/ngocdai/lidar_ws/install/diffdrive_arduino/share/diffdrive_arduino/urdf/diffbot.materials.xacro
[4.411s] -- Up-to-date: /home/ngocdai/lidar_ws/install/diffdrive_arduino/share/diffdrive_arduino/urdf/diffbot_description.urdf.xacro
[4.411s] -- Up-to-date: /home/ngocdai/lidar_ws/install/diffdrive_arduino/share/diffdrive_arduino/rviz
[4.411s] -- Up-to-date: /home/ngocdai/lidar_ws/install/diffdrive_arduino/share/diffdrive_arduino/rviz/diffbot_view.rviz
[4.411s] -- Up-to-date: /home/ngocdai/lidar_ws/install/diffdrive_arduino/share/diffdrive_arduino/rviz/diffbot.rviz
[4.411s] -- Up-to-date: /home/ngocdai/lidar_ws/install/diffdrive_arduino/share/diffdrive_arduino/launch
[4.411s] -- Up-to-date: /home/ngocdai/lidar_ws/install/diffdrive_arduino/share/diffdrive_arduino/launch/diffbot.launch.py
[4.412s] -- Up-to-date: /home/ngocdai/lidar_ws/install/diffdrive_arduino/share/diffdrive_arduino/config
[4.412s] -- Up-to-date: /home/ngocdai/lidar_ws/install/diffdrive_arduino/share/diffdrive_arduino/config/diffbot_controllers.yaml
[4.412s] -- Installing: /home/ngocdai/lidar_ws/install/diffdrive_arduino/share/diffdrive_arduino/config/ekf.yaml
[4.412s] -- Up-to-date: /home/ngocdai/lidar_ws/install/diffdrive_arduino/lib/libdiffdrive_arduino.so
[4.412s] -- Up-to-date: /home/ngocdai/lidar_ws/install/diffdrive_arduino/share/diffdrive_arduino/environment/library_path.sh
[4.412s] -- Up-to-date: /home/ngocdai/lidar_ws/install/diffdrive_arduino/share/diffdrive_arduino/environment/library_path.dsv
[4.412s] -- Up-to-date: /home/ngocdai/lidar_ws/install/diffdrive_arduino/share/ament_index/resource_index/package_run_dependencies/diffdrive_arduino
[4.412s] -- Up-to-date: /home/ngocdai/lidar_ws/install/diffdrive_arduino/share/ament_index/resource_index/parent_prefix_path/diffdrive_arduino
[4.412s] -- Up-to-date: /home/ngocdai/lidar_ws/install/diffdrive_arduino/share/diffdrive_arduino/environment/ament_prefix_path.sh
[4.412s] -- Up-to-date: /home/ngocdai/lidar_ws/install/diffdrive_arduino/share/diffdrive_arduino/environment/ament_prefix_path.dsv
[4.413s] -- Up-to-date: /home/ngocdai/lidar_ws/install/diffdrive_arduino/share/diffdrive_arduino/environment/path.sh
[4.413s] -- Up-to-date: /home/ngocdai/lidar_ws/install/diffdrive_arduino/share/diffdrive_arduino/environment/path.dsv
[4.413s] -- Up-to-date: /home/ngocdai/lidar_ws/install/diffdrive_arduino/share/diffdrive_arduino/local_setup.bash
[4.413s] -- Up-to-date: /home/ngocdai/lidar_ws/install/diffdrive_arduino/share/diffdrive_arduino/local_setup.sh
[4.413s] -- Up-to-date: /home/ngocdai/lidar_ws/install/diffdrive_arduino/share/diffdrive_arduino/local_setup.zsh
[4.413s] -- Up-to-date: /home/ngocdai/lidar_ws/install/diffdrive_arduino/share/diffdrive_arduino/local_setup.dsv
[4.413s] -- Installing: /home/ngocdai/lidar_ws/install/diffdrive_arduino/share/diffdrive_arduino/package.dsv
[4.413s] -- Up-to-date: /home/ngocdai/lidar_ws/install/diffdrive_arduino/share/ament_index/resource_index/packages/diffdrive_arduino
[4.413s] -- Up-to-date: /home/ngocdai/lidar_ws/install/diffdrive_arduino/share/ament_index/resource_index/hardware_interface__pluginlib__plugin/diffdrive_arduino
[4.413s] -- Up-to-date: /home/ngocdai/lidar_ws/install/diffdrive_arduino/share/diffdrive_arduino/cmake/export_diffdrive_arduinoExport.cmake
[4.413s] -- Up-to-date: /home/ngocdai/lidar_ws/install/diffdrive_arduino/share/diffdrive_arduino/cmake/export_diffdrive_arduinoExport-noconfig.cmake
[4.413s] -- Up-to-date: /home/ngocdai/lidar_ws/install/diffdrive_arduino/share/diffdrive_arduino/cmake/ament_cmake_export_targets-extras.cmake
[4.413s] -- Up-to-date: /home/ngocdai/lidar_ws/install/diffdrive_arduino/share/diffdrive_arduino/cmake/ament_cmake_export_dependencies-extras.cmake
[4.413s] -- Up-to-date: /home/ngocdai/lidar_ws/install/diffdrive_arduino/share/diffdrive_arduino/cmake/diffdrive_arduinoConfig.cmake
[4.414s] -- Up-to-date: /home/ngocdai/lidar_ws/install/diffdrive_arduino/share/diffdrive_arduino/cmake/diffdrive_arduinoConfig-version.cmake
[4.414s] -- Up-to-date: /home/ngocdai/lidar_ws/install/diffdrive_arduino/share/diffdrive_arduino/package.xml
[4.415s] Invoked command in '/home/ngocdai/lidar_ws/build/diffdrive_arduino' returned '0': AMENT_PREFIX_PATH=/home/ngocdai/lidar_ws/install/xsens_library:${AMENT_PREFIX_PATH} CMAKE_PREFIX_PATH=/home/ngocdai/lidar_ws/install/xsens_library:/opt/ros/iron LD_LIBRARY_PATH=/home/ngocdai/lidar_ws/install/xsens_library/lib:${LD_LIBRARY_PATH} /usr/bin/cmake --install /home/ngocdai/lidar_ws/build/diffdrive_arduino
