[0.006s] Invoking command in '/home/ngocdai/lidar_ws/build/xsens_node': AMENT_PREFIX_PATH=/home/ngocdai/lidar_ws/install/xsens_library:${AMENT_PREFIX_PATH} CMAKE_PREFIX_PATH=/home/ngocdai/lidar_ws/install/xsens_library:/opt/ros/iron LD_LIBRARY_PATH=/home/ngocdai/lidar_ws/install/xsens_library/lib:${LD_LIBRARY_PATH} /usr/bin/cmake --build /home/ngocdai/lidar_ws/build/xsens_node -- -j12 -l12
[0.035s] [35m[1mConsolidate compiler generated dependencies of target odom_pub[0m
[0.035s] [35m[1mConsolidate compiler generated dependencies of target xsens_pub[0m
[0.044s] [ 33%] Built target xsens_rec
[0.048s] [ 66%] [32mBuilding CXX object CMakeFiles/xsens_pub.dir/src/xsens_data_publisher.cpp.o[0m
[0.048s] [ 66%] [32mBuilding CXX object CMakeFiles/odom_pub.dir/src/odometry_publisher.cpp.o[0m
[2.118s] [01m[K/home/ngocdai/lidar_ws/src/xsens_node/src/odometry_publisher.cpp:[m[K In constructor ‘[01m[KOdometryFromImu::OdometryFromImu()[m[K’:
[2.118s] [01m[K/home/ngocdai/lidar_ws/src/xsens_node/src/odometry_publisher.cpp:21:37:[m[K [01;31m[Kerror: [m[Kno match for ‘[01m[Koperator=[m[K’ (operand types are ‘[01m[Kgeometry_msgs::msg::Vector3[m[K’ {aka ‘[01m[Kgeometry_msgs::msg::Vector3_<std::allocator<void> >[m[K’} and ‘[01m[K<brace-enclosed initializer list>[m[K’)
[2.118s]    21 |     robot_position_ = {0.0, 0.0, 0.0[01;31m[K}[m[K;
[2.118s]       |                                     [01;31m[K^[m[K
[2.118s] In file included from [01m[K/opt/ros/iron/include/sensor_msgs/sensor_msgs/msg/detail/imu__struct.hpp:25[m[K,
[2.118s]                  from [01m[K/opt/ros/iron/include/sensor_msgs/sensor_msgs/msg/imu.hpp:7[m[K,
[2.118s]                  from [01m[K/home/ngocdai/lidar_ws/src/xsens_node/src/odometry_publisher.cpp:2[m[K:
[2.118s] [01m[K/opt/ros/iron/include/geometry_msgs/geometry_msgs/msg/detail/vector3__struct.hpp:32:8:[m[K [01;36m[Knote: [m[Kcandidate: ‘[01m[Kconstexpr geometry_msgs::msg::Vector3_<std::allocator<void> >& geometry_msgs::msg::Vector3_<std::allocator<void> >::operator=(const geometry_msgs::msg::Vector3_<std::allocator<void> >&)[m[K’
[2.118s]    32 | struct [01;36m[KVector3_[m[K
[2.118s]       |        [01;36m[K^~~~~~~~[m[K
[2.118s] [01m[K/opt/ros/iron/include/geometry_msgs/geometry_msgs/msg/detail/vector3__struct.hpp:32:8:[m[K [01;36m[Knote: [m[K  no known conversion for argument 1 from ‘[01m[K<brace-enclosed initializer list>[m[K’ to ‘[01m[Kconst geometry_msgs::msg::Vector3_<std::allocator<void> >&[m[K’
[2.118s] [01m[K/opt/ros/iron/include/geometry_msgs/geometry_msgs/msg/detail/vector3__struct.hpp:32:8:[m[K [01;36m[Knote: [m[Kcandidate: ‘[01m[Kconstexpr geometry_msgs::msg::Vector3_<std::allocator<void> >& geometry_msgs::msg::Vector3_<std::allocator<void> >::operator=(geometry_msgs::msg::Vector3_<std::allocator<void> >&&)[m[K’
[2.118s] [01m[K/opt/ros/iron/include/geometry_msgs/geometry_msgs/msg/detail/vector3__struct.hpp:32:8:[m[K [01;36m[Knote: [m[K  no known conversion for argument 1 from ‘[01m[K<brace-enclosed initializer list>[m[K’ to ‘[01m[Kgeometry_msgs::msg::Vector3_<std::allocator<void> >&&[m[K’
[2.119s] [01m[K/home/ngocdai/lidar_ws/src/xsens_node/src/odometry_publisher.cpp:22:45:[m[K [01;31m[Kerror: [m[Kno match for ‘[01m[Koperator=[m[K’ (operand types are ‘[01m[Kgeometry_msgs::msg::Quaternion[m[K’ {aka ‘[01m[Kgeometry_msgs::msg::Quaternion_<std::allocator<void> >[m[K’} and ‘[01m[K<brace-enclosed initializer list>[m[K’)
[2.119s]    22 |     robot_orientation_ = {1.0, 0.0, 0.0, 0.0[01;31m[K}[m[K;
[2.119s]       |                                             [01;31m[K^[m[K
[2.119s] In file included from [01m[K/opt/ros/iron/include/sensor_msgs/sensor_msgs/msg/detail/imu__struct.hpp:22[m[K,
[2.119s]                  from [01m[K/opt/ros/iron/include/sensor_msgs/sensor_msgs/msg/imu.hpp:7[m[K,
[2.119s]                  from [01m[K/home/ngocdai/lidar_ws/src/xsens_node/src/odometry_publisher.cpp:2[m[K:
[2.119s] [01m[K/opt/ros/iron/include/geometry_msgs/geometry_msgs/msg/detail/quaternion__struct.hpp:32:8:[m[K [01;36m[Knote: [m[Kcandidate: ‘[01m[Kconstexpr geometry_msgs::msg::Quaternion_<std::allocator<void> >& geometry_msgs::msg::Quaternion_<std::allocator<void> >::operator=(const geometry_msgs::msg::Quaternion_<std::allocator<void> >&)[m[K’
[2.119s]    32 | struct [01;36m[KQuaternion_[m[K
[2.119s]       |        [01;36m[K^~~~~~~~~~~[m[K
[2.119s] [01m[K/opt/ros/iron/include/geometry_msgs/geometry_msgs/msg/detail/quaternion__struct.hpp:32:8:[m[K [01;36m[Knote: [m[K  no known conversion for argument 1 from ‘[01m[K<brace-enclosed initializer list>[m[K’ to ‘[01m[Kconst geometry_msgs::msg::Quaternion_<std::allocator<void> >&[m[K’
[2.119s] [01m[K/opt/ros/iron/include/geometry_msgs/geometry_msgs/msg/detail/quaternion__struct.hpp:32:8:[m[K [01;36m[Knote: [m[Kcandidate: ‘[01m[Kconstexpr geometry_msgs::msg::Quaternion_<std::allocator<void> >& geometry_msgs::msg::Quaternion_<std::allocator<void> >::operator=(geometry_msgs::msg::Quaternion_<std::allocator<void> >&&)[m[K’
[2.119s] [01m[K/opt/ros/iron/include/geometry_msgs/geometry_msgs/msg/detail/quaternion__struct.hpp:32:8:[m[K [01;36m[Knote: [m[K  no known conversion for argument 1 from ‘[01m[K<brace-enclosed initializer list>[m[K’ to ‘[01m[Kgeometry_msgs::msg::Quaternion_<std::allocator<void> >&&[m[K’
[2.127s] [01m[K/home/ngocdai/lidar_ws/src/xsens_node/src/odometry_publisher.cpp:[m[K In member function ‘[01m[Kvoid OdometryFromImu::onImuMessage(sensor_msgs::msg::Imu_<std::allocator<void> >::SharedPtr)[m[K’:
[2.127s] [01m[K/home/ngocdai/lidar_ws/src/xsens_node/src/odometry_publisher.cpp:26:60:[m[K [01;35m[Kwarning: [m[Kunused parameter ‘[01m[Kmsg[m[K’ [[01;35m[K]8;;https://gcc.gnu.org/onlinedocs/gcc/Warning-Options.html#index-Wunused-parameter-Wunused-parameter]8;;[m[K]
[2.127s]    26 |   void onImuMessage([01;35m[Kconst sensor_msgs::msg::Imu::SharedPtr msg[m[K)
[2.127s]       |                     [01;35m[K~~~~~~~~~~~~~~~~~~~~~~~~~~~~~~~~~~~~~~~^~~[m[K
[3.826s] [ 83%] [32m[1mLinking CXX executable xsens_pub[0m
[3.859s] gmake[2]: *** [CMakeFiles/odom_pub.dir/build.make:76: CMakeFiles/odom_pub.dir/src/odometry_publisher.cpp.o] Error 1
[3.859s] gmake[1]: *** [CMakeFiles/Makefile2:193: CMakeFiles/odom_pub.dir/all] Error 2
[3.859s] gmake[1]: *** Waiting for unfinished jobs....
[4.134s] [ 83%] Built target xsens_pub
[4.134s] gmake: *** [Makefile:146: all] Error 2
[4.136s] Invoked command in '/home/ngocdai/lidar_ws/build/xsens_node' returned '2': AMENT_PREFIX_PATH=/home/ngocdai/lidar_ws/install/xsens_library:${AMENT_PREFIX_PATH} CMAKE_PREFIX_PATH=/home/ngocdai/lidar_ws/install/xsens_library:/opt/ros/iron LD_LIBRARY_PATH=/home/ngocdai/lidar_ws/install/xsens_library/lib:${LD_LIBRARY_PATH} /usr/bin/cmake --build /home/ngocdai/lidar_ws/build/xsens_node -- -j12 -l12
