[0.005s] Invoking command in '/home/ngocdai/lidar_ws/build/xsens_node': AMENT_PREFIX_PATH=/home/ngocdai/lidar_ws/install/xsens_library:${AMENT_PREFIX_PATH} CMAKE_PREFIX_PATH=/home/ngocdai/lidar_ws/install/xsens_library:/opt/ros/iron LD_LIBRARY_PATH=/home/ngocdai/lidar_ws/install/xsens_library/lib:${LD_LIBRARY_PATH} /usr/bin/cmake --build /home/ngocdai/lidar_ws/build/xsens_node -- -j12 -l12
[0.034s] [35m[1mConsolidate compiler generated dependencies of target xsens_rec[0m
[0.034s] [35m[1mConsolidate compiler generated dependencies of target xsens_pub[0m
[0.047s] [ 50%] [32mBuilding CXX object CMakeFiles/xsens_pub.dir/src/xsens_data_publisher.cpp.o[0m
[0.047s] [ 50%] [32mBuilding CXX object CMakeFiles/xsens_rec.dir/src/xsens_data_receiver.cpp.o[0m
[2.026s] [01m[K/home/ngocdai/lidar_ws/src/xsens_node/src/xsens_data_publisher.cpp:[m[K In member function ‘[01m[Kvoid XsensPublisher::GetData()[m[K’:
[2.027s] [01m[K/home/ngocdai/lidar_ws/src/xsens_node/src/xsens_data_publisher.cpp:40:73:[m[K [01;31m[Kerror: [m[Kbase operand of ‘[01m[K->[m[K’ has non-pointer type ‘[01m[Krclcpp::Time[m[K’
[2.027s]    40 |             imu_msgs.header.stamp = this->get_clock()->now()[01;31m[K->[m[Kto_msg();
[2.027s]       |                                                             [01;31m[K^~[m[K
[2.027s] 
[2.075s] [01m[K/home/ngocdai/lidar_ws/src/xsens_node/src/xsens_data_receiver.cpp:[m[K In member function ‘[01m[Kvoid XsensReceiver::callback(sensor_msgs::msg::Imu_<std::allocator<void> >::SharedPtr)[m[K’:
[2.075s] [01m[K/home/ngocdai/lidar_ws/src/xsens_node/src/xsens_data_receiver.cpp:35:36:[m[K [01;31m[Kerror: [m[Kcannot convert ‘[01m[Kstd_msgs::msg::Header_<std::allocator<void> >::_stamp_type[m[K’ {aka ‘[01m[Kbuiltin_interfaces::msg::Time_<std::allocator<void> >[m[K’} to ‘[01m[Kuint32_t[m[K’ {aka ‘[01m[Kunsigned int[m[K’} in assignment
[2.075s]    35 |         current_time = [01;31m[Kmsg->header.stamp[m[K;
[2.075s]       |                        [01;31m[K~~~~~~~~~~~~^~~~~[m[K
[2.075s]       |                                    [01;31m[K|[m[K
[2.075s]       |                                    [01;31m[Kstd_msgs::msg::Header_<std::allocator<void> >::_stamp_type {aka builtin_interfaces::msg::Time_<std::allocator<void> >}[m[K
[2.080s] [01m[K/home/ngocdai/lidar_ws/src/xsens_node/src/xsens_data_receiver.cpp:41:28:[m[K [01;31m[Kerror: [m[K‘[01m[Kdt[m[K’ was not declared in this scope
[2.080s]    41 |         v_x = v_x + dv_x * [01;31m[Kdt[m[K;
[2.080s]       |                            [01;31m[K^~[m[K
[2.975s] gmake[2]: *** [CMakeFiles/xsens_pub.dir/build.make:76: CMakeFiles/xsens_pub.dir/src/xsens_data_publisher.cpp.o] Error 1
[2.975s] gmake[1]: *** [CMakeFiles/Makefile2:139: CMakeFiles/xsens_pub.dir/all] Error 2
[2.975s] gmake[1]: *** Waiting for unfinished jobs....
[3.679s] gmake[2]: *** [CMakeFiles/xsens_rec.dir/build.make:76: CMakeFiles/xsens_rec.dir/src/xsens_data_receiver.cpp.o] Error 1
[3.679s] gmake[1]: *** [CMakeFiles/Makefile2:165: CMakeFiles/xsens_rec.dir/all] Error 2
[3.679s] gmake: *** [Makefile:146: all] Error 2
[3.681s] Invoked command in '/home/ngocdai/lidar_ws/build/xsens_node' returned '2': AMENT_PREFIX_PATH=/home/ngocdai/lidar_ws/install/xsens_library:${AMENT_PREFIX_PATH} CMAKE_PREFIX_PATH=/home/ngocdai/lidar_ws/install/xsens_library:/opt/ros/iron LD_LIBRARY_PATH=/home/ngocdai/lidar_ws/install/xsens_library/lib:${LD_LIBRARY_PATH} /usr/bin/cmake --build /home/ngocdai/lidar_ws/build/xsens_node -- -j12 -l12
