[0.009s] Invoking command in '/home/ngocdai/lidar_ws/build/cpp_xsens': CMAKE_PREFIX_PATH=/opt/ros/iron /usr/bin/cmake /home/ngocdai/lidar_ws/src/cpp_xsens -DCMAKE_INSTALL_PREFIX=/home/ngocdai/lidar_ws/install/cpp_xsens
[0.049s] -- The C compiler identification is GNU 11.4.0
[0.084s] -- The CXX compiler identification is GNU 11.4.0
[0.089s] -- Detecting C compiler ABI info
[0.132s] -- Detecting C compiler ABI info - done
[0.137s] -- Check for working C compiler: /usr/bin/cc - skipped
[0.138s] -- Detecting C compile features
[0.138s] -- Detecting C compile features - done
[0.140s] -- Detecting CXX compiler ABI info
[0.189s] -- Detecting CXX compiler ABI info - done
[0.194s] -- Check for working CXX compiler: /usr/bin/c++ - skipped
[0.194s] -- Detecting CXX compile features
[0.195s] -- Detecting CXX compile features - done
[0.198s] -- Found ament_cmake: 2.0.3 (/opt/ros/iron/share/ament_cmake/cmake)
[0.313s] -- Found Python3: /usr/bin/python3.10 (found version "3.10.12") found components: Interpreter 
[0.382s] -- Found ament_lint_auto: 0.14.2 (/opt/ros/iron/share/ament_lint_auto/cmake)
[0.383s] -- Found rclcpp: 21.0.3 (/opt/ros/iron/share/rclcpp/cmake)
[0.424s] -- Found rosidl_generator_c: 4.0.1 (/opt/ros/iron/share/rosidl_generator_c/cmake)
[0.434s] -- Found rosidl_generator_cpp: 4.0.1 (/opt/ros/iron/share/rosidl_generator_cpp/cmake)
[0.449s] -- Using all available rosidl_typesupport_c: rosidl_typesupport_fastrtps_c;rosidl_typesupport_introspection_c
[0.466s] -- Using all available rosidl_typesupport_cpp: rosidl_typesupport_fastrtps_cpp;rosidl_typesupport_introspection_cpp
[0.597s] -- Found rmw_implementation_cmake: 7.1.0 (/opt/ros/iron/share/rmw_implementation_cmake/cmake)
[0.599s] -- Found rmw_fastrtps_cpp: 7.1.1 (/opt/ros/iron/share/rmw_fastrtps_cpp/cmake)
[0.675s] -- Found OpenSSL: /usr/lib/x86_64-linux-gnu/libcrypto.so (found version "3.0.2")  
[0.695s] -- Found FastRTPS: /opt/ros/iron/include  
[0.728s] -- Using RMW implementation 'rmw_fastrtps_cpp' as default
[0.861s] [31mCMake Error at /opt/ros/iron/share/ament_cmake_target_dependencies/cmake/ament_target_dependencies.cmake:77 (message):
[0.861s]   ament_target_dependencies() the passed package name 'std_msgs' was not
[0.861s]   found before
[0.861s] Call Stack (most recent call first):
[0.861s]   CMakeLists.txt:21 (ament_target_dependencies)
[0.861s] 
[0.861s] [0m
[0.861s] -- Configuring incomplete, errors occurred!
[0.861s] See also "/home/ngocdai/lidar_ws/build/cpp_xsens/CMakeFiles/CMakeOutput.log".
[0.867s] Invoked command in '/home/ngocdai/lidar_ws/build/cpp_xsens' returned '1': CMAKE_PREFIX_PATH=/opt/ros/iron /usr/bin/cmake /home/ngocdai/lidar_ws/src/cpp_xsens -DCMAKE_INSTALL_PREFIX=/home/ngocdai/lidar_ws/install/cpp_xsens
