[0.049s] Invoking command in '/home/ngocdai/lidar_ws/build/diffdrive_arduino': AMENT_PREFIX_PATH=/home/ngocdai/lidar_ws/install/xsens_library:${AMENT_PREFIX_PATH} CMAKE_PREFIX_PATH=/home/ngocdai/lidar_ws/install/xsens_library:/opt/ros/iron LD_LIBRARY_PATH=/home/ngocdai/lidar_ws/install/xsens_library/lib:${LD_LIBRARY_PATH} /usr/bin/cmake --build /home/ngocdai/lidar_ws/build/diffdrive_arduino -- -j12 -l12
[0.071s] -- Found ament_cmake_python: 2.0.3 (/opt/ros/iron/share/ament_cmake_python/cmake)
[0.071s] -- Found ament_cmake: 2.0.3 (/opt/ros/iron/share/ament_cmake/cmake)
[0.182s] -- Found rclcpp: 21.0.3 (/opt/ros/iron/share/rclcpp/cmake)
[0.207s] -- Found rosidl_generator_c: 4.0.1 (/opt/ros/iron/share/rosidl_generator_c/cmake)
[0.213s] -- Found rosidl_generator_cpp: 4.0.1 (/opt/ros/iron/share/rosidl_generator_cpp/cmake)
[0.222s] -- Using all available rosidl_typesupport_c: rosidl_typesupport_fastrtps_c;rosidl_typesupport_introspection_c
[0.234s] -- Using all available rosidl_typesupport_cpp: rosidl_typesupport_fastrtps_cpp;rosidl_typesupport_introspection_cpp
[0.353s] -- Found rmw_implementation_cmake: 7.1.0 (/opt/ros/iron/share/rmw_implementation_cmake/cmake)
[0.354s] -- Found rmw_fastrtps_cpp: 7.1.1 (/opt/ros/iron/share/rmw_fastrtps_cpp/cmake)
[0.469s] -- Using RMW implementation 'rmw_fastrtps_cpp' as default
[0.594s] -- Found std_msgs: 5.0.0 (/opt/ros/iron/share/std_msgs/cmake)
[0.617s] -- Found xsens_library: 0.0.0 (/home/ngocdai/lidar_ws/install/xsens_library/share/xsens_library/cmake)
[0.618s] -- Found nav_msgs: 5.0.0 (/opt/ros/iron/share/nav_msgs/cmake)
[0.738s] -- Found sensor_msgs: 5.0.0 (/opt/ros/iron/share/sensor_msgs/cmake)
[0.817s] -- Found yaml_cpp_vendor: 8.1.2 (/opt/ros/iron/share/yaml_cpp_vendor/cmake)
[0.817s] -- Found tf2_geometry_msgs: 0.31.5 (/opt/ros/iron/share/tf2_geometry_msgs/cmake)
[0.820s] -- Found eigen3_cmake_module: 0.2.2 (/opt/ros/iron/share/eigen3_cmake_module/cmake)
[0.821s] -- Ensuring Eigen3 include directory is part of orocos-kdl CMake target
[1.162s] -- Found hardware_interface: 3.18.0 (/opt/ros/iron/share/hardware_interface/cmake)
[1.528s] -- Found ament_cmake_gtest: 2.0.3 (/opt/ros/iron/share/ament_cmake_gtest/cmake)
[1.582s] -- Configuring done
[1.602s] -- Generating done
[1.604s] -- Build files have been written to: /home/ngocdai/lidar_ws/build/diffdrive_arduino
[1.630s] [35m[1mConsolidate compiler generated dependencies of target diffdrive_arduino[0m
[1.630s] [35m[1mConsolidate compiler generated dependencies of target imu_pub[0m
[1.630s] [35m[1mConsolidate compiler generated dependencies of target imu_rec[0m
[1.651s] [100%] Built target imu_rec
[1.651s] [100%] Built target diffdrive_arduino
[1.651s] [100%] Built target imu_pub
[1.662s] Invoked command in '/home/ngocdai/lidar_ws/build/diffdrive_arduino' returned '0': AMENT_PREFIX_PATH=/home/ngocdai/lidar_ws/install/xsens_library:${AMENT_PREFIX_PATH} CMAKE_PREFIX_PATH=/home/ngocdai/lidar_ws/install/xsens_library:/opt/ros/iron LD_LIBRARY_PATH=/home/ngocdai/lidar_ws/install/xsens_library/lib:${LD_LIBRARY_PATH} /usr/bin/cmake --build /home/ngocdai/lidar_ws/build/diffdrive_arduino -- -j12 -l12
[1.694s] Invoking command in '/home/ngocdai/lidar_ws/build/diffdrive_arduino': AMENT_PREFIX_PATH=/home/ngocdai/lidar_ws/install/xsens_library:${AMENT_PREFIX_PATH} CMAKE_PREFIX_PATH=/home/ngocdai/lidar_ws/install/xsens_library:/opt/ros/iron LD_LIBRARY_PATH=/home/ngocdai/lidar_ws/install/xsens_library/lib:${LD_LIBRARY_PATH} /usr/bin/cmake --install /home/ngocdai/lidar_ws/build/diffdrive_arduino
[1.702s] -- Install configuration: ""
[1.703s] -- Up-to-date: /home/ngocdai/lidar_ws/install/diffdrive_arduino/lib/diffdrive_arduino/imu_pub
[1.703s] -- Up-to-date: /home/ngocdai/lidar_ws/install/diffdrive_arduino/lib/diffdrive_arduino/imu_rec
[1.703s] -- Up-to-date: /home/ngocdai/lidar_ws/install/diffdrive_arduino/share/diffdrive_arduino/diffdrive_arduino.xml
[1.703s] -- Up-to-date: /home/ngocdai/lidar_ws/install/diffdrive_arduino/include/diffdrive_arduino
[1.703s] -- Up-to-date: /home/ngocdai/lidar_ws/install/diffdrive_arduino/include/diffdrive_arduino/diffdrive_arduino
[1.703s] -- Up-to-date: /home/ngocdai/lidar_ws/install/diffdrive_arduino/include/diffdrive_arduino/diffdrive_arduino/visibility_control.h
[1.703s] -- Up-to-date: /home/ngocdai/lidar_ws/install/diffdrive_arduino/include/diffdrive_arduino/diffdrive_arduino/tempCodeRunnerFile.hpp
[1.704s] -- Up-to-date: /home/ngocdai/lidar_ws/install/diffdrive_arduino/include/diffdrive_arduino/diffdrive_arduino/diffbot_system.hpp
[1.704s] -- Up-to-date: /home/ngocdai/lidar_ws/install/diffdrive_arduino/include/diffdrive_arduino/diffdrive_arduino/arduino_comms.hpp
[1.704s] -- Up-to-date: /home/ngocdai/lidar_ws/install/diffdrive_arduino/include/diffdrive_arduino/diffdrive_arduino/wheel.hpp
[1.704s] -- Up-to-date: /home/ngocdai/lidar_ws/install/diffdrive_arduino/share/diffdrive_arduino/launch
[1.704s] -- Up-to-date: /home/ngocdai/lidar_ws/install/diffdrive_arduino/share/diffdrive_arduino/launch/view_robot.launch.py
[1.704s] -- Up-to-date: /home/ngocdai/lidar_ws/install/diffdrive_arduino/share/diffdrive_arduino/ros2_control
[1.704s] -- Up-to-date: /home/ngocdai/lidar_ws/install/diffdrive_arduino/share/diffdrive_arduino/ros2_control/diffbot.ros2_control.xacro
[1.704s] -- Up-to-date: /home/ngocdai/lidar_ws/install/diffdrive_arduino/share/diffdrive_arduino/urdf
[1.704s] -- Up-to-date: /home/ngocdai/lidar_ws/install/diffdrive_arduino/share/diffdrive_arduino/urdf/diffbot.urdf.xacro
[1.704s] -- Up-to-date: /home/ngocdai/lidar_ws/install/diffdrive_arduino/share/diffdrive_arduino/urdf/diffbot.materials.xacro
[1.704s] -- Up-to-date: /home/ngocdai/lidar_ws/install/diffdrive_arduino/share/diffdrive_arduino/urdf/diffbot_description.urdf.xacro
[1.704s] -- Up-to-date: /home/ngocdai/lidar_ws/install/diffdrive_arduino/share/diffdrive_arduino/rviz
[1.704s] -- Up-to-date: /home/ngocdai/lidar_ws/install/diffdrive_arduino/share/diffdrive_arduino/rviz/diffbot_view.rviz
[1.704s] -- Up-to-date: /home/ngocdai/lidar_ws/install/diffdrive_arduino/share/diffdrive_arduino/rviz/diffbot.rviz
[1.704s] -- Up-to-date: /home/ngocdai/lidar_ws/install/diffdrive_arduino/share/diffdrive_arduino/launch
[1.705s] -- Installing: /home/ngocdai/lidar_ws/install/diffdrive_arduino/share/diffdrive_arduino/launch/diffbot.launch.py
[1.705s] -- Up-to-date: /home/ngocdai/lidar_ws/install/diffdrive_arduino/share/diffdrive_arduino/config
[1.705s] -- Up-to-date: /home/ngocdai/lidar_ws/install/diffdrive_arduino/share/diffdrive_arduino/config/diffbot_controllers.yaml
[1.705s] -- Up-to-date: /home/ngocdai/lidar_ws/install/diffdrive_arduino/lib/libdiffdrive_arduino.so
[1.705s] -- Up-to-date: /home/ngocdai/lidar_ws/install/diffdrive_arduino/share/diffdrive_arduino/environment/library_path.sh
[1.705s] -- Up-to-date: /home/ngocdai/lidar_ws/install/diffdrive_arduino/share/diffdrive_arduino/environment/library_path.dsv
[1.705s] -- Up-to-date: /home/ngocdai/lidar_ws/install/diffdrive_arduino/share/ament_index/resource_index/package_run_dependencies/diffdrive_arduino
[1.705s] -- Up-to-date: /home/ngocdai/lidar_ws/install/diffdrive_arduino/share/ament_index/resource_index/parent_prefix_path/diffdrive_arduino
[1.705s] -- Up-to-date: /home/ngocdai/lidar_ws/install/diffdrive_arduino/share/diffdrive_arduino/environment/ament_prefix_path.sh
[1.705s] -- Up-to-date: /home/ngocdai/lidar_ws/install/diffdrive_arduino/share/diffdrive_arduino/environment/ament_prefix_path.dsv
[1.705s] -- Up-to-date: /home/ngocdai/lidar_ws/install/diffdrive_arduino/share/diffdrive_arduino/environment/path.sh
[1.705s] -- Up-to-date: /home/ngocdai/lidar_ws/install/diffdrive_arduino/share/diffdrive_arduino/environment/path.dsv
[1.705s] -- Up-to-date: /home/ngocdai/lidar_ws/install/diffdrive_arduino/share/diffdrive_arduino/local_setup.bash
[1.705s] -- Up-to-date: /home/ngocdai/lidar_ws/install/diffdrive_arduino/share/diffdrive_arduino/local_setup.sh
[1.705s] -- Up-to-date: /home/ngocdai/lidar_ws/install/diffdrive_arduino/share/diffdrive_arduino/local_setup.zsh
[1.705s] -- Up-to-date: /home/ngocdai/lidar_ws/install/diffdrive_arduino/share/diffdrive_arduino/local_setup.dsv
[1.706s] -- Installing: /home/ngocdai/lidar_ws/install/diffdrive_arduino/share/diffdrive_arduino/package.dsv
[1.706s] -- Up-to-date: /home/ngocdai/lidar_ws/install/diffdrive_arduino/share/ament_index/resource_index/packages/diffdrive_arduino
[1.706s] -- Up-to-date: /home/ngocdai/lidar_ws/install/diffdrive_arduino/share/ament_index/resource_index/hardware_interface__pluginlib__plugin/diffdrive_arduino
[1.706s] -- Up-to-date: /home/ngocdai/lidar_ws/install/diffdrive_arduino/share/diffdrive_arduino/cmake/export_diffdrive_arduinoExport.cmake
[1.706s] -- Up-to-date: /home/ngocdai/lidar_ws/install/diffdrive_arduino/share/diffdrive_arduino/cmake/export_diffdrive_arduinoExport-noconfig.cmake
[1.706s] -- Up-to-date: /home/ngocdai/lidar_ws/install/diffdrive_arduino/share/diffdrive_arduino/cmake/ament_cmake_export_targets-extras.cmake
[1.706s] -- Up-to-date: /home/ngocdai/lidar_ws/install/diffdrive_arduino/share/diffdrive_arduino/cmake/ament_cmake_export_dependencies-extras.cmake
[1.706s] -- Up-to-date: /home/ngocdai/lidar_ws/install/diffdrive_arduino/share/diffdrive_arduino/cmake/diffdrive_arduinoConfig.cmake
[1.706s] -- Up-to-date: /home/ngocdai/lidar_ws/install/diffdrive_arduino/share/diffdrive_arduino/cmake/diffdrive_arduinoConfig-version.cmake
[1.706s] -- Installing: /home/ngocdai/lidar_ws/install/diffdrive_arduino/share/diffdrive_arduino/package.xml
[1.707s] Invoked command in '/home/ngocdai/lidar_ws/build/diffdrive_arduino' returned '0': AMENT_PREFIX_PATH=/home/ngocdai/lidar_ws/install/xsens_library:${AMENT_PREFIX_PATH} CMAKE_PREFIX_PATH=/home/ngocdai/lidar_ws/install/xsens_library:/opt/ros/iron LD_LIBRARY_PATH=/home/ngocdai/lidar_ws/install/xsens_library/lib:${LD_LIBRARY_PATH} /usr/bin/cmake --install /home/ngocdai/lidar_ws/build/diffdrive_arduino
