[0.005s] Invoking command in '/home/ngocdai/lidar_ws/build/xsens_node': AMENT_PREFIX_PATH=/home/ngocdai/lidar_ws/install/xsens_library:${AMENT_PREFIX_PATH} CMAKE_PREFIX_PATH=/home/ngocdai/lidar_ws/install/xsens_library:/opt/ros/iron LD_LIBRARY_PATH=/home/ngocdai/lidar_ws/install/xsens_library/lib:${LD_LIBRARY_PATH} /usr/bin/cmake --build /home/ngocdai/lidar_ws/build/xsens_node -- -j12 -l12
[0.035s] [35m[1mConsolidate compiler generated dependencies of target xsens_pub[0m
[0.047s] [ 50%] [32mBuilding CXX object CMakeFiles/xsens_pub.dir/src/xsens_data_publisher.cpp.o[0m
[1.941s] [01m[K/home/ngocdai/lidar_ws/src/xsens_node/src/xsens_data_publisher.cpp:[m[K In member function ‘[01m[Kbool XsensPublisher::scanForBluetoothDevices()[m[K’:
[1.941s] [01m[K/home/ngocdai/lidar_ws/src/xsens_node/src/xsens_data_publisher.cpp:127:53:[m[K [01;31m[Kerror: [m[Kno match for ‘[01m[Koperator+[m[K’ (operand types are ‘[01m[Kconst char [19][m[K’ and ‘[01m[KXsString[m[K’)
[1.941s]   127 |                 message.data = [32m[K"Device connected: "[m[K [01;31m[K+[m[K  [34m[Kdevice->bluetoothAddress()[m[K;
[1.941s]       |                                [32m[K~~~~~~~~~~~~~~~~~~~~[m[K [01;31m[K^[m[K  [34m[K~~~~~~~~~~~~~~~~~~~~~~~~~~[m[K
[1.941s]       |                                [32m[K|[m[K                                               [34m[K|[m[K
[1.941s]       |                                [32m[Kconst char [19][m[K                                 [34m[KXsString[m[K
[1.942s] In file included from [01m[K/usr/include/c++/11/bits/stl_algobase.h:67[m[K,
[1.942s]                  from [01m[K/usr/include/c++/11/memory:63[m[K,
[1.942s]                  from [01m[K/home/ngocdai/lidar_ws/src/xsens_node/src/xsens_data_publisher.cpp:1[m[K:
[1.942s] [01m[K/usr/include/c++/11/bits/stl_iterator.h:585:5:[m[K [01;36m[Knote: [m[Kcandidate: ‘[01m[Ktemplate<class _Iterator> constexpr std::reverse_iterator<_Iterator> std::operator+(typename std::reverse_iterator<_Iterator>::difference_type, const std::reverse_iterator<_Iterator>&)[m[K’
[1.942s]   585 |     [01;36m[Koperator[m[K+(typename reverse_iterator<_Iterator>::difference_type __n,
[1.942s]       |     [01;36m[K^~~~~~~~[m[K
[1.942s] [01m[K/usr/include/c++/11/bits/stl_iterator.h:585:5:[m[K [01;36m[Knote: [m[K  template argument deduction/substitution failed:
[1.942s] [01m[K/home/ngocdai/lidar_ws/src/xsens_node/src/xsens_data_publisher.cpp:127:81:[m[K [01;36m[Knote: [m[K  ‘[01m[KXsString[m[K’ is not derived from ‘[01m[Kconst std::reverse_iterator<_Iterator>[m[K’
[1.942s]   127 |      message.data = "Device connected: " +  device->bluetoothAddress([01;36m[K)[m[K;
[1.942s]       |                                                                      [01;36m[K^[m[K
[1.942s] 
[1.942s] In file included from [01m[K/usr/include/c++/11/bits/stl_algobase.h:67[m[K,
[1.942s]                  from [01m[K/usr/include/c++/11/memory:63[m[K,
[1.942s]                  from [01m[K/home/ngocdai/lidar_ws/src/xsens_node/src/xsens_data_publisher.cpp:1[m[K:
[1.942s] [01m[K/usr/include/c++/11/bits/stl_iterator.h:1700:5:[m[K [01;36m[Knote: [m[Kcandidate: ‘[01m[Ktemplate<class _Iterator> constexpr std::move_iterator<_IteratorL> std::operator+(typename std::move_iterator<_IteratorL>::difference_type, const std::move_iterator<_IteratorL>&)[m[K’
[1.942s]  1700 |     [01;36m[Koperator[m[K+(typename move_iterator<_Iterator>::difference_type __n,
[1.942s]       |     [01;36m[K^~~~~~~~[m[K
[1.942s] [01m[K/usr/include/c++/11/bits/stl_iterator.h:1700:5:[m[K [01;36m[Knote: [m[K  template argument deduction/substitution failed:
[1.942s] [01m[K/home/ngocdai/lidar_ws/src/xsens_node/src/xsens_data_publisher.cpp:127:81:[m[K [01;36m[Knote: [m[K  ‘[01m[KXsString[m[K’ is not derived from ‘[01m[Kconst std::move_iterator<_IteratorL>[m[K’
[1.943s]   127 |      message.data = "Device connected: " +  device->bluetoothAddress([01;36m[K)[m[K;
[1.943s]       |                                                                      [01;36m[K^[m[K
[1.943s] 
[1.943s] In file included from [01m[K/usr/include/c++/11/string:55[m[K,
[1.943s]                  from [01m[K/home/ngocdai/lidar_ws/src/xsens_node/src/xsens_data_publisher.cpp:2[m[K:
[1.943s] [01m[K/usr/include/c++/11/bits/basic_string.h:6095:5:[m[K [01;36m[Knote: [m[Kcandidate: ‘[01m[Ktemplate<class _CharT, class _Traits, class _Alloc> std::__cxx11::basic_string<_CharT, _Traits, _Allocator> std::operator+(const std::__cxx11::basic_string<_CharT, _Traits, _Allocator>&, const std::__cxx11::basic_string<_CharT, _Traits, _Allocator>&)[m[K’
[1.943s]  6095 |     [01;36m[Koperator[m[K+(const basic_string<_CharT, _Traits, _Alloc>& __lhs,
[1.943s]       |     [01;36m[K^~~~~~~~[m[K
[1.943s] [01m[K/usr/include/c++/11/bits/basic_string.h:6095:5:[m[K [01;36m[Knote: [m[K  template argument deduction/substitution failed:
[1.943s] [01m[K/home/ngocdai/lidar_ws/src/xsens_node/src/xsens_data_publisher.cpp:127:81:[m[K [01;36m[Knote: [m[K  mismatched types ‘[01m[Kconst std::__cxx11::basic_string<_CharT, _Traits, _Allocator>[m[K’ and ‘[01m[Kconst char [19][m[K’
[1.943s]   127 |      message.data = "Device connected: " +  device->bluetoothAddress([01;36m[K)[m[K;
[1.943s]       |                                                                      [01;36m[K^[m[K
[1.943s] 
[1.943s] In file included from [01m[K/usr/include/c++/11/string:56[m[K,
[1.943s]                  from [01m[K/home/ngocdai/lidar_ws/src/xsens_node/src/xsens_data_publisher.cpp:2[m[K:
[1.943s] [01m[K/usr/include/c++/11/bits/basic_string.tcc:1169:5:[m[K [01;36m[Knote: [m[Kcandidate: ‘[01m[Ktemplate<class _CharT, class _Traits, class _Alloc> std::__cxx11::basic_string<_CharT, _Traits, _Allocator> std::operator+(const _CharT*, const std::__cxx11::basic_string<_CharT, _Traits, _Allocator>&)[m[K’
[1.943s]  1169 |     [01;36m[Koperator[m[K+(const _CharT* __lhs,
[1.943s]       |     [01;36m[K^~~~~~~~[m[K
[1.943s] [01m[K/usr/include/c++/11/bits/basic_string.tcc:1169:5:[m[K [01;36m[Knote: [m[K  template argument deduction/substitution failed:
[1.943s] [01m[K/home/ngocdai/lidar_ws/src/xsens_node/src/xsens_data_publisher.cpp:127:81:[m[K [01;36m[Knote: [m[K  ‘[01m[KXsString[m[K’ is not derived from ‘[01m[Kconst std::__cxx11::basic_string<_CharT, _Traits, _Allocator>[m[K’
[1.943s]   127 |      message.data = "Device connected: " +  device->bluetoothAddress([01;36m[K)[m[K;
[1.943s]       |                                                                      [01;36m[K^[m[K
[1.944s] 
[1.944s] In file included from [01m[K/usr/include/c++/11/string:56[m[K,
[1.944s]                  from [01m[K/home/ngocdai/lidar_ws/src/xsens_node/src/xsens_data_publisher.cpp:2[m[K:
[1.944s] [01m[K/usr/include/c++/11/bits/basic_string.tcc:1189:5:[m[K [01;36m[Knote: [m[Kcandidate: ‘[01m[Ktemplate<class _CharT, class _Traits, class _Alloc> std::__cxx11::basic_string<_CharT, _Traits, _Allocator> std::operator+(_CharT, const std::__cxx11::basic_string<_CharT, _Traits, _Allocator>&)[m[K’
[1.944s]  1189 |     [01;36m[Koperator[m[K+(_CharT __lhs, const basic_string<_CharT, _Traits, _Alloc>& __rhs)
[1.944s]       |     [01;36m[K^~~~~~~~[m[K
[1.944s] [01m[K/usr/include/c++/11/bits/basic_string.tcc:1189:5:[m[K [01;36m[Knote: [m[K  template argument deduction/substitution failed:
[1.944s] [01m[K/home/ngocdai/lidar_ws/src/xsens_node/src/xsens_data_publisher.cpp:127:81:[m[K [01;36m[Knote: [m[K  ‘[01m[KXsString[m[K’ is not derived from ‘[01m[Kconst std::__cxx11::basic_string<_CharT, _Traits, _Allocator>[m[K’
[1.944s]   127 |      message.data = "Device connected: " +  device->bluetoothAddress([01;36m[K)[m[K;
[1.944s]       |                                                                      [01;36m[K^[m[K
[1.944s] 
[1.944s] In file included from [01m[K/usr/include/c++/11/string:55[m[K,
[1.944s]                  from [01m[K/home/ngocdai/lidar_ws/src/xsens_node/src/xsens_data_publisher.cpp:2[m[K:
[1.944s] [01m[K/usr/include/c++/11/bits/basic_string.h:6132:5:[m[K [01;36m[Knote: [m[Kcandidate: ‘[01m[Ktemplate<class _CharT, class _Traits, class _Alloc> std::__cxx11::basic_string<_CharT, _Traits, _Allocator> std::operator+(const std::__cxx11::basic_string<_CharT, _Traits, _Allocator>&, const _CharT*)[m[K’
[1.944s]  6132 |     [01;36m[Koperator[m[K+(const basic_string<_CharT, _Traits, _Alloc>& __lhs,
[1.944s]       |     [01;36m[K^~~~~~~~[m[K
[1.944s] [01m[K/usr/include/c++/11/bits/basic_string.h:6132:5:[m[K [01;36m[Knote: [m[K  template argument deduction/substitution failed:
[1.944s] [01m[K/home/ngocdai/lidar_ws/src/xsens_node/src/xsens_data_publisher.cpp:127:81:[m[K [01;36m[Knote: [m[K  mismatched types ‘[01m[Kconst std::__cxx11::basic_string<_CharT, _Traits, _Allocator>[m[K’ and ‘[01m[Kconst char [19][m[K’
[1.944s]   127 |      message.data = "Device connected: " +  device->bluetoothAddress([01;36m[K)[m[K;
[1.944s]       |                                                                      [01;36m[K^[m[K
[1.944s] 
[1.944s] In file included from [01m[K/usr/include/c++/11/string:55[m[K,
[1.945s]                  from [01m[K/home/ngocdai/lidar_ws/src/xsens_node/src/xsens_data_publisher.cpp:2[m[K:
[1.945s] [01m[K/usr/include/c++/11/bits/basic_string.h:6148:5:[m[K [01;36m[Knote: [m[Kcandidate: ‘[01m[Ktemplate<class _CharT, class _Traits, class _Alloc> std::__cxx11::basic_string<_CharT, _Traits, _Allocator> std::operator+(const std::__cxx11::basic_string<_CharT, _Traits, _Allocator>&, _CharT)[m[K’
[1.945s]  6148 |     [01;36m[Koperator[m[K+(const basic_string<_CharT, _Traits, _Alloc>& __lhs, _CharT __rhs)
[1.945s]       |     [01;36m[K^~~~~~~~[m[K
[1.945s] [01m[K/usr/include/c++/11/bits/basic_string.h:6148:5:[m[K [01;36m[Knote: [m[K  template argument deduction/substitution failed:
[1.945s] [01m[K/home/ngocdai/lidar_ws/src/xsens_node/src/xsens_data_publisher.cpp:127:81:[m[K [01;36m[Knote: [m[K  mismatched types ‘[01m[Kconst std::__cxx11::basic_string<_CharT, _Traits, _Allocator>[m[K’ and ‘[01m[Kconst char [19][m[K’
[1.945s]   127 |      message.data = "Device connected: " +  device->bluetoothAddress([01;36m[K)[m[K;
[1.945s]       |                                                                      [01;36m[K^[m[K
[1.945s] 
[1.945s] In file included from [01m[K/usr/include/c++/11/string:55[m[K,
[1.945s]                  from [01m[K/home/ngocdai/lidar_ws/src/xsens_node/src/xsens_data_publisher.cpp:2[m[K:
[1.945s] [01m[K/usr/include/c++/11/bits/basic_string.h:6160:5:[m[K [01;36m[Knote: [m[Kcandidate: ‘[01m[Ktemplate<class _CharT, class _Traits, class _Alloc> std::__cxx11::basic_string<_CharT, _Traits, _Allocator> std::operator+(std::__cxx11::basic_string<_CharT, _Traits, _Allocator>&&, const std::__cxx11::basic_string<_CharT, _Traits, _Allocator>&)[m[K’
[1.945s]  6160 |     [01;36m[Koperator[m[K+(basic_string<_CharT, _Traits, _Alloc>&& __lhs,
[1.945s]       |     [01;36m[K^~~~~~~~[m[K
[1.945s] [01m[K/usr/include/c++/11/bits/basic_string.h:6160:5:[m[K [01;36m[Knote: [m[K  template argument deduction/substitution failed:
[1.945s] [01m[K/home/ngocdai/lidar_ws/src/xsens_node/src/xsens_data_publisher.cpp:127:81:[m[K [01;36m[Knote: [m[K  mismatched types ‘[01m[Kstd::__cxx11::basic_string<_CharT, _Traits, _Allocator>[m[K’ and ‘[01m[Kconst char [19][m[K’
[1.945s]   127 |      message.data = "Device connected: " +  device->bluetoothAddress([01;36m[K)[m[K;
[1.945s]       |                                                                      [01;36m[K^[m[K
[1.945s] 
[1.945s] In file included from [01m[K/usr/include/c++/11/string:55[m[K,
[1.945s]                  from [01m[K/home/ngocdai/lidar_ws/src/xsens_node/src/xsens_data_publisher.cpp:2[m[K:
[1.945s] [01m[K/usr/include/c++/11/bits/basic_string.h:6166:5:[m[K [01;36m[Knote: [m[Kcandidate: ‘[01m[Ktemplate<class _CharT, class _Traits, class _Alloc> std::__cxx11::basic_string<_CharT, _Traits, _Allocator> std::operator+(const std::__cxx11::basic_string<_CharT, _Traits, _Allocator>&, std::__cxx11::basic_string<_CharT, _Traits, _Allocator>&&)[m[K’
[1.945s]  6166 |     [01;36m[Koperator[m[K+(const basic_string<_CharT, _Traits, _Alloc>& __lhs,
[1.946s]       |     [01;36m[K^~~~~~~~[m[K
[1.946s] [01m[K/usr/include/c++/11/bits/basic_string.h:6166:5:[m[K [01;36m[Knote: [m[K  template argument deduction/substitution failed:
[1.946s] [01m[K/home/ngocdai/lidar_ws/src/xsens_node/src/xsens_data_publisher.cpp:127:81:[m[K [01;36m[Knote: [m[K  mismatched types ‘[01m[Kconst std::__cxx11::basic_string<_CharT, _Traits, _Allocator>[m[K’ and ‘[01m[Kconst char [19][m[K’
[1.946s]   127 |      message.data = "Device connected: " +  device->bluetoothAddress([01;36m[K)[m[K;
[1.946s]       |                                                                      [01;36m[K^[m[K
[1.946s] 
[1.946s] In file included from [01m[K/usr/include/c++/11/string:55[m[K,
[1.946s]                  from [01m[K/home/ngocdai/lidar_ws/src/xsens_node/src/xsens_data_publisher.cpp:2[m[K:
[1.946s] [01m[K/usr/include/c++/11/bits/basic_string.h:6172:5:[m[K [01;36m[Knote: [m[Kcandidate: ‘[01m[Ktemplate<class _CharT, class _Traits, class _Alloc> std::__cxx11::basic_string<_CharT, _Traits, _Allocator> std::operator+(std::__cxx11::basic_string<_CharT, _Traits, _Allocator>&&, std::__cxx11::basic_string<_CharT, _Traits, _Allocator>&&)[m[K’
[1.946s]  6172 |     [01;36m[Koperator[m[K+(basic_string<_CharT, _Traits, _Alloc>&& __lhs,
[1.946s]       |     [01;36m[K^~~~~~~~[m[K
[1.946s] [01m[K/usr/include/c++/11/bits/basic_string.h:6172:5:[m[K [01;36m[Knote: [m[K  template argument deduction/substitution failed:
[1.946s] [01m[K/home/ngocdai/lidar_ws/src/xsens_node/src/xsens_data_publisher.cpp:127:81:[m[K [01;36m[Knote: [m[K  mismatched types ‘[01m[Kstd::__cxx11::basic_string<_CharT, _Traits, _Allocator>[m[K’ and ‘[01m[Kconst char [19][m[K’
[1.946s]   127 |      message.data = "Device connected: " +  device->bluetoothAddress([01;36m[K)[m[K;
[1.946s]       |                                                                      [01;36m[K^[m[K
[1.946s] 
[1.946s] In file included from [01m[K/usr/include/c++/11/string:55[m[K,
[1.946s]                  from [01m[K/home/ngocdai/lidar_ws/src/xsens_node/src/xsens_data_publisher.cpp:2[m[K:
[1.946s] [01m[K/usr/include/c++/11/bits/basic_string.h:6194:5:[m[K [01;36m[Knote: [m[Kcandidate: ‘[01m[Ktemplate<class _CharT, class _Traits, class _Alloc> std::__cxx11::basic_string<_CharT, _Traits, _Allocator> std::operator+(const _CharT*, std::__cxx11::basic_string<_CharT, _Traits, _Allocator>&&)[m[K’
[1.946s]  6194 |     [01;36m[Koperator[m[K+(const _CharT* __lhs,
[1.946s]       |     [01;36m[K^~~~~~~~[m[K
[1.946s] [01m[K/usr/include/c++/11/bits/basic_string.h:6194:5:[m[K [01;36m[Knote: [m[K  template argument deduction/substitution failed:
[1.946s] [01m[K/home/ngocdai/lidar_ws/src/xsens_node/src/xsens_data_publisher.cpp:127:81:[m[K [01;36m[Knote: [m[K  ‘[01m[KXsString[m[K’ is not derived from ‘[01m[Kstd::__cxx11::basic_string<_CharT, _Traits, _Allocator>[m[K’
[1.947s]   127 |      message.data = "Device connected: " +  device->bluetoothAddress([01;36m[K)[m[K;
[1.947s]       |                                                                      [01;36m[K^[m[K
[1.947s] 
[1.947s] In file included from [01m[K/usr/include/c++/11/string:55[m[K,
[1.947s]                  from [01m[K/home/ngocdai/lidar_ws/src/xsens_node/src/xsens_data_publisher.cpp:2[m[K:
[1.947s] [01m[K/usr/include/c++/11/bits/basic_string.h:6200:5:[m[K [01;36m[Knote: [m[Kcandidate: ‘[01m[Ktemplate<class _CharT, class _Traits, class _Alloc> std::__cxx11::basic_string<_CharT, _Traits, _Allocator> std::operator+(_CharT, std::__cxx11::basic_string<_CharT, _Traits, _Allocator>&&)[m[K’
[1.947s]  6200 |     [01;36m[Koperator[m[K+(_CharT __lhs,
[1.947s]       |     [01;36m[K^~~~~~~~[m[K
[1.947s] [01m[K/usr/include/c++/11/bits/basic_string.h:6200:5:[m[K [01;36m[Knote: [m[K  template argument deduction/substitution failed:
[1.947s] [01m[K/home/ngocdai/lidar_ws/src/xsens_node/src/xsens_data_publisher.cpp:127:81:[m[K [01;36m[Knote: [m[K  ‘[01m[KXsString[m[K’ is not derived from ‘[01m[Kstd::__cxx11::basic_string<_CharT, _Traits, _Allocator>[m[K’
[1.947s]   127 |      message.data = "Device connected: " +  device->bluetoothAddress([01;36m[K)[m[K;
[1.947s]       |                                                                      [01;36m[K^[m[K
[1.947s] 
[1.947s] In file included from [01m[K/usr/include/c++/11/string:55[m[K,
[1.947s]                  from [01m[K/home/ngocdai/lidar_ws/src/xsens_node/src/xsens_data_publisher.cpp:2[m[K:
[1.947s] [01m[K/usr/include/c++/11/bits/basic_string.h:6206:5:[m[K [01;36m[Knote: [m[Kcandidate: ‘[01m[Ktemplate<class _CharT, class _Traits, class _Alloc> std::__cxx11::basic_string<_CharT, _Traits, _Allocator> std::operator+(std::__cxx11::basic_string<_CharT, _Traits, _Allocator>&&, const _CharT*)[m[K’
[1.947s]  6206 |     [01;36m[Koperator[m[K+(basic_string<_CharT, _Traits, _Alloc>&& __lhs,
[1.947s]       |     [01;36m[K^~~~~~~~[m[K
[1.947s] [01m[K/usr/include/c++/11/bits/basic_string.h:6206:5:[m[K [01;36m[Knote: [m[K  template argument deduction/substitution failed:
[1.947s] [01m[K/home/ngocdai/lidar_ws/src/xsens_node/src/xsens_data_publisher.cpp:127:81:[m[K [01;36m[Knote: [m[K  mismatched types ‘[01m[Kstd::__cxx11::basic_string<_CharT, _Traits, _Allocator>[m[K’ and ‘[01m[Kconst char [19][m[K’
[1.947s]   127 |      message.data = "Device connected: " +  device->bluetoothAddress([01;36m[K)[m[K;
[1.947s]       |                                                                      [01;36m[K^[m[K
[1.947s] 
[1.948s] In file included from [01m[K/usr/include/c++/11/string:55[m[K,
[1.948s]                  from [01m[K/home/ngocdai/lidar_ws/src/xsens_node/src/xsens_data_publisher.cpp:2[m[K:
[1.948s] [01m[K/usr/include/c++/11/bits/basic_string.h:6212:5:[m[K [01;36m[Knote: [m[Kcandidate: ‘[01m[Ktemplate<class _CharT, class _Traits, class _Alloc> std::__cxx11::basic_string<_CharT, _Traits, _Allocator> std::operator+(std::__cxx11::basic_string<_CharT, _Traits, _Allocator>&&, _CharT)[m[K’
[1.948s]  6212 |     [01;36m[Koperator[m[K+(basic_string<_CharT, _Traits, _Alloc>&& __lhs,
[1.948s]       |     [01;36m[K^~~~~~~~[m[K
[1.948s] [01m[K/usr/include/c++/11/bits/basic_string.h:6212:5:[m[K [01;36m[Knote: [m[K  template argument deduction/substitution failed:
[1.948s] [01m[K/home/ngocdai/lidar_ws/src/xsens_node/src/xsens_data_publisher.cpp:127:81:[m[K [01;36m[Knote: [m[K  mismatched types ‘[01m[Kstd::__cxx11::basic_string<_CharT, _Traits, _Allocator>[m[K’ and ‘[01m[Kconst char [19][m[K’
[1.948s]   127 |      message.data = "Device connected: " +  device->bluetoothAddress([01;36m[K)[m[K;
[1.948s]       |                                                                      [01;36m[K^[m[K
[1.948s] 
[2.744s] gmake[2]: *** [CMakeFiles/xsens_pub.dir/build.make:76: CMakeFiles/xsens_pub.dir/src/xsens_data_publisher.cpp.o] Error 1
[2.744s] gmake[1]: *** [CMakeFiles/Makefile2:137: CMakeFiles/xsens_pub.dir/all] Error 2
[2.744s] gmake: *** [Makefile:146: all] Error 2
[2.745s] Invoked command in '/home/ngocdai/lidar_ws/build/xsens_node' returned '2': AMENT_PREFIX_PATH=/home/ngocdai/lidar_ws/install/xsens_library:${AMENT_PREFIX_PATH} CMAKE_PREFIX_PATH=/home/ngocdai/lidar_ws/install/xsens_library:/opt/ros/iron LD_LIBRARY_PATH=/home/ngocdai/lidar_ws/install/xsens_library/lib:${LD_LIBRARY_PATH} /usr/bin/cmake --build /home/ngocdai/lidar_ws/build/xsens_node -- -j12 -l12
