-- Found ament_cmake: 2.0.3 (/opt/ros/iron/share/ament_cmake/cmake)
-- Found ament_lint_auto: 0.14.2 (/opt/ros/iron/share/ament_lint_auto/cmake)
-- Added test 'cppcheck' to perform static code analysis on C / C++ code
-- Configured cppcheck include dirs: /home/ngocdai/lidar_ws/src/xsens_library/include
-- Configured cppcheck exclude dirs and/or files: 
-- Added test 'lint_cmake' to check CMake code style
-- Added test 'uncrustify' to check C / C++ code style
-- Configured uncrustify additional arguments: 
-- Added test 'xmllint' to check XML markup files
-- Configuring done
-- Generating done
-- Build files have been written to: /home/ngocdai/lidar_ws/build/xsens_library
[35m[1mConsolidate compiler generated dependencies of target xdpchandler[0m
[100%] Built target xdpchandler
-- Install configuration: ""
-- Up-to-date: /home/ngocdai/lidar_ws/install/xsens_library/share/xsens_library/environment/library_path.sh
[31mCMake Error at cmake_install.cmake:54 (file):
  file INSTALL cannot find
  "/home/ngocdai/lidar_ws/src/xsens_library/include/xdpchandler.h": No such
  file or directory.

[0m
-- Up-to-date: /home/ngocdai/lidar_ws/install/xsens_library/share/xsens_library/environment/library_path.dsv
