[0.064s] Invoking command in '/home/ngocdai/lidar_ws/build/xsens_node': CMAKE_PREFIX_PATH=/home/ngocdai/lidar_ws/install/xsens_library:/home/ngocdai/lidar_ws/install/xsens_node:/home/ngocdai/lidar_ws/install/cpp_xsens:/home/ngocdai/lidar_ws/install/my_bleak:/opt/ros/iron /usr/bin/cmake /home/ngocdai/lidar_ws/src/xsens_node -DAMENT_CMAKE_SYMLINK_INSTALL=1 -DCMAKE_INSTALL_PREFIX=/home/ngocdai/lidar_ws/install/xsens_node
[0.113s] -- The C compiler identification is GNU 11.4.0
[0.161s] -- The CXX compiler identification is GNU 11.4.0
[0.168s] -- Detecting C compiler ABI info
[0.231s] -- Detecting C compiler ABI info - done
[0.237s] -- Check for working C compiler: /usr/bin/cc - skipped
[0.237s] -- Detecting C compile features
[0.237s] -- Detecting C compile features - done
[0.240s] -- Detecting CXX compiler ABI info
[0.314s] -- Detecting CXX compiler ABI info - done
[0.319s] -- Check for working CXX compiler: /usr/bin/c++ - skipped
[0.319s] -- Detecting CXX compile features
[0.320s] -- Detecting CXX compile features - done
[0.322s] -- Found ament_cmake_python: 2.0.3 (/opt/ros/iron/share/ament_cmake_python/cmake)
[0.324s] -- Found ament_cmake: 2.0.3 (/opt/ros/iron/share/ament_cmake/cmake)
[0.470s] -- Found Python3: /usr/bin/python3.10 (found version "3.10.12") found components: Interpreter 
[0.523s] -- Override CMake install command with custom implementation using symlinks instead of copying resources
[0.555s] -- Found rclcpp: 21.0.3 (/opt/ros/iron/share/rclcpp/cmake)
[0.597s] -- Found rosidl_generator_c: 4.0.1 (/opt/ros/iron/share/rosidl_generator_c/cmake)
[0.608s] -- Found rosidl_generator_cpp: 4.0.1 (/opt/ros/iron/share/rosidl_generator_cpp/cmake)
[0.624s] -- Using all available rosidl_typesupport_c: rosidl_typesupport_fastrtps_c;rosidl_typesupport_introspection_c
[0.642s] -- Using all available rosidl_typesupport_cpp: rosidl_typesupport_fastrtps_cpp;rosidl_typesupport_introspection_cpp
[0.782s] -- Found rmw_implementation_cmake: 7.1.0 (/opt/ros/iron/share/rmw_implementation_cmake/cmake)
[0.784s] -- Found rmw_fastrtps_cpp: 7.1.1 (/opt/ros/iron/share/rmw_fastrtps_cpp/cmake)
[0.898s] -- Found OpenSSL: /usr/lib/x86_64-linux-gnu/libcrypto.so (found version "3.0.2")  
[0.926s] -- Found FastRTPS: /opt/ros/iron/include  
[0.972s] -- Using RMW implementation 'rmw_fastrtps_cpp' as default
[1.118s] -- Found std_msgs: 5.0.0 (/opt/ros/iron/share/std_msgs/cmake)
[1.142s] -- Found xsens_library: 0.0.0 (/home/ngocdai/lidar_ws/install/xsens_library/share/xsens_library/cmake)
[1.144s] -- Found nav_msgs: 5.0.0 (/opt/ros/iron/share/nav_msgs/cmake)
[1.282s] -- Found sensor_msgs: 5.0.0 (/opt/ros/iron/share/sensor_msgs/cmake)
[1.363s] -- Found yaml_cpp_vendor: 8.1.2 (/opt/ros/iron/share/yaml_cpp_vendor/cmake)
[1.366s] -- Found tf2_geometry_msgs: 0.31.5 (/opt/ros/iron/share/tf2_geometry_msgs/cmake)
[1.382s] -- Found eigen3_cmake_module: 0.2.2 (/opt/ros/iron/share/eigen3_cmake_module/cmake)
[1.383s] -- Found Eigen3: TRUE (found version "3.4.0") 
[1.383s] -- Ensuring Eigen3 include directory is part of orocos-kdl CMake target
[1.780s] -- Found ament_lint_auto: 0.14.2 (/opt/ros/iron/share/ament_lint_auto/cmake)
[1.857s] -- Found python_cmake_module: 0.10.2 (/opt/ros/iron/share/python_cmake_module/cmake)
[1.875s] -- Found PythonInterp: /usr/bin/python3 (found suitable version "3.10.12", minimum required is "3.6") 
[1.880s] -- Found PythonLibs: /usr/lib/x86_64-linux-gnu/libpython3.10.so (found suitable version "3.10.12", minimum required is "3.5") 
[1.880s] -- Using PYTHON_EXECUTABLE: /usr/bin/python3
[1.880s] -- Using PYTHON_INCLUDE_DIRS: /usr/include/python3.10
[1.880s] -- Using PYTHON_LIBRARIES: /usr/lib/x86_64-linux-gnu/libpython3.10.so
[1.898s] -- Found PythonExtra: .so  
[1.906s] -- Added test 'cppcheck' to perform static code analysis on C / C++ code
[1.906s] -- Configured cppcheck include dirs: /home/ngocdai/lidar_ws/src/xsens_node/include/xsens_node
[1.906s] -- Configured cppcheck exclude dirs and/or files: 
[1.906s] -- Added test 'flake8' to check Python code syntax and style conventions
[1.906s] -- Configured 'flake8' exclude dirs and/or files: 
[1.907s] -- Added test 'lint_cmake' to check CMake code style
[1.907s] -- Added test 'pep257' to check Python code against some of the docstring style conventions in PEP 257
[1.909s] -- Added test 'uncrustify' to check C / C++ code style
[1.909s] -- Configured uncrustify additional arguments: 
[1.909s] -- Added test 'xmllint' to check XML markup files
[1.911s] -- Configuring done
[1.926s] -- Generating done
[1.927s] -- Build files have been written to: /home/ngocdai/lidar_ws/build/xsens_node
[1.937s] Invoked command in '/home/ngocdai/lidar_ws/build/xsens_node' returned '0': CMAKE_PREFIX_PATH=/home/ngocdai/lidar_ws/install/xsens_library:/home/ngocdai/lidar_ws/install/xsens_node:/home/ngocdai/lidar_ws/install/cpp_xsens:/home/ngocdai/lidar_ws/install/my_bleak:/opt/ros/iron /usr/bin/cmake /home/ngocdai/lidar_ws/src/xsens_node -DAMENT_CMAKE_SYMLINK_INSTALL=1 -DCMAKE_INSTALL_PREFIX=/home/ngocdai/lidar_ws/install/xsens_node
[1.939s] Invoking command in '/home/ngocdai/lidar_ws/build/xsens_node': CMAKE_PREFIX_PATH=/home/ngocdai/lidar_ws/install/xsens_library:/home/ngocdai/lidar_ws/install/xsens_node:/home/ngocdai/lidar_ws/install/cpp_xsens:/home/ngocdai/lidar_ws/install/my_bleak:/opt/ros/iron /usr/bin/cmake --build /home/ngocdai/lidar_ws/build/xsens_node -- -j12 -l12
[1.988s] [ 50%] [32mBuilding CXX object CMakeFiles/xsens_pub.dir/src/xsens_data_publisher.cpp.o[0m
[1.989s] [ 50%] [32mBuilding CXX object CMakeFiles/xsens_rec.dir/src/xsens_data_receiver.cpp.o[0m
[2.259s] [01m[K/home/ngocdai/lidar_ws/src/xsens_node/src/xsens_data_publisher.cpp:116:44:[m[K [01;35m[Kwarning: [m[Kcharacter constant too long for its type
[2.259s]   116 |                 imu_msgs.header.frame_id = [01;35m[K'base_link'[m[K;
[2.259s]       |                                            [01;35m[K^~~~~~~~~~~[m[K
[4.228s] [01m[K/home/ngocdai/lidar_ws/src/xsens_node/src/xsens_data_publisher.cpp:[m[K In member function ‘[01m[Kvoid XsensPublisher::GetData()[m[K’:
[4.228s] [01m[K/home/ngocdai/lidar_ws/src/xsens_node/src/xsens_data_publisher.cpp:116:44:[m[K [01;35m[Kwarning: [m[Koverflow in conversion from ‘[01m[Kint[m[K’ to ‘[01m[Kchar[m[K’ changes value from ‘[01m[K1818848875[m[K’ to ‘[01m[K'k'[m[K’ [[01;35m[K]8;;https://gcc.gnu.org/onlinedocs/gcc/Warning-Options.html#index-Woverflow-Woverflow]8;;[m[K]
[5.870s] [ 75%] [32m[1mLinking CXX executable xsens_pub[0m
[6.158s] [ 75%] Built target xsens_pub
[7.958s] [100%] [32m[1mLinking CXX executable xsens_rec[0m
[8.244s] [100%] Built target xsens_rec
[8.255s] Invoked command in '/home/ngocdai/lidar_ws/build/xsens_node' returned '0': CMAKE_PREFIX_PATH=/home/ngocdai/lidar_ws/install/xsens_library:/home/ngocdai/lidar_ws/install/xsens_node:/home/ngocdai/lidar_ws/install/cpp_xsens:/home/ngocdai/lidar_ws/install/my_bleak:/opt/ros/iron /usr/bin/cmake --build /home/ngocdai/lidar_ws/build/xsens_node -- -j12 -l12
[8.286s] Invoking command in '/home/ngocdai/lidar_ws/build/xsens_node': CMAKE_PREFIX_PATH=/home/ngocdai/lidar_ws/install/xsens_library:/home/ngocdai/lidar_ws/install/xsens_node:/home/ngocdai/lidar_ws/install/cpp_xsens:/home/ngocdai/lidar_ws/install/my_bleak:/opt/ros/iron /usr/bin/cmake --install /home/ngocdai/lidar_ws/build/xsens_node
[8.293s] -- Install configuration: ""
[8.293s] -- Execute custom install script
[8.294s] -- Symlinking: /home/ngocdai/lidar_ws/install/xsens_node/lib/xsens_node//xsens_pub
[8.302s] -- Symlinking: /home/ngocdai/lidar_ws/install/xsens_node/lib/xsens_node//xsens_rec
[8.311s] -- Symlinking: /home/ngocdai/lidar_ws/install/xsens_node/share/xsens_node/launch/xsens_launch.py
[8.320s] -- Symlinking: /home/ngocdai/lidar_ws/install/xsens_node/share/xsens_node/src/xsens_data_publisher.cpp
[8.328s] -- Symlinking: /home/ngocdai/lidar_ws/install/xsens_node/share/xsens_node/src/xsens_data_receiver.cpp
[8.337s] -- Symlinking: /home/ngocdai/lidar_ws/install/xsens_node/share/xsens_node/config/ekf.yaml
[8.346s] -- Symlinking: /home/ngocdai/lidar_ws/install/xsens_node/share/xsens_node/config/robot_description.urdf
[8.355s] -- Symlinking: /home/ngocdai/lidar_ws/install/xsens_node/share/ament_index/resource_index/package_run_dependencies/xsens_node
[8.365s] -- Symlinking: /home/ngocdai/lidar_ws/install/xsens_node/share/ament_index/resource_index/parent_prefix_path/xsens_node
[8.376s] -- Symlinking: /home/ngocdai/lidar_ws/install/xsens_node/share/xsens_node/environment/ament_prefix_path.sh
[8.385s] -- Symlinking: /home/ngocdai/lidar_ws/install/xsens_node/share/xsens_node/environment/ament_prefix_path.dsv
[8.394s] -- Symlinking: /home/ngocdai/lidar_ws/install/xsens_node/share/xsens_node/environment/path.sh
[8.402s] -- Symlinking: /home/ngocdai/lidar_ws/install/xsens_node/share/xsens_node/environment/path.dsv
[8.410s] -- Symlinking: /home/ngocdai/lidar_ws/install/xsens_node/share/xsens_node/local_setup.bash
[8.418s] -- Symlinking: /home/ngocdai/lidar_ws/install/xsens_node/share/xsens_node/local_setup.sh
[8.426s] -- Symlinking: /home/ngocdai/lidar_ws/install/xsens_node/share/xsens_node/local_setup.zsh
[8.435s] -- Symlinking: /home/ngocdai/lidar_ws/install/xsens_node/share/xsens_node/local_setup.dsv
[8.443s] -- Symlinking: /home/ngocdai/lidar_ws/install/xsens_node/share/xsens_node/package.dsv
[8.452s] -- Symlinking: /home/ngocdai/lidar_ws/install/xsens_node/share/ament_index/resource_index/packages/xsens_node
[8.460s] -- Symlinking: /home/ngocdai/lidar_ws/install/xsens_node/share/xsens_node/cmake/xsens_nodeConfig.cmake
[8.468s] -- Symlinking: /home/ngocdai/lidar_ws/install/xsens_node/share/xsens_node/cmake/xsens_nodeConfig-version.cmake
[8.477s] -- Symlinking: /home/ngocdai/lidar_ws/install/xsens_node/share/xsens_node/package.xml
[8.487s] Invoked command in '/home/ngocdai/lidar_ws/build/xsens_node' returned '0': CMAKE_PREFIX_PATH=/home/ngocdai/lidar_ws/install/xsens_library:/home/ngocdai/lidar_ws/install/xsens_node:/home/ngocdai/lidar_ws/install/cpp_xsens:/home/ngocdai/lidar_ws/install/my_bleak:/opt/ros/iron /usr/bin/cmake --install /home/ngocdai/lidar_ws/build/xsens_node
