[0.499s] Invoking command in '/home/ngocdai/lidar_ws/build/my_bleak': PYTHONPATH=/home/ngocdai/lidar_ws/build/my_bleak/prefix_override:/home/ngocdai/lidar_ws/install/my_bleak/lib/python3.10/site-packages:${PYTHONPATH} /usr/bin/python3 setup.py develop --uninstall --editable --build-directory /home/ngocdai/lidar_ws/build/my_bleak/build
[0.707s] running develop
[0.871s] Invoked command in '/home/ngocdai/lidar_ws/build/my_bleak' returned '0': PYTHONPATH=/home/ngocdai/lidar_ws/build/my_bleak/prefix_override:/home/ngocdai/lidar_ws/install/my_bleak/lib/python3.10/site-packages:${PYTHONPATH} /usr/bin/python3 setup.py develop --uninstall --editable --build-directory /home/ngocdai/lidar_ws/build/my_bleak/build
[0.872s] Invoking command in '/home/ngocdai/lidar_ws/src/my_bleak': PYTHONPATH=/home/ngocdai/lidar_ws/build/my_bleak/prefix_override:/home/ngocdai/lidar_ws/install/my_bleak/lib/python3.10/site-packages:${PYTHONPATH} /usr/bin/python3 setup.py egg_info --egg-base ../../build/my_bleak build --build-base /home/ngocdai/lidar_ws/build/my_bleak/build install --record /home/ngocdai/lidar_ws/build/my_bleak/install.log --single-version-externally-managed
[1.074s] running egg_info
[1.074s] writing ../../build/my_bleak/my_bleak.egg-info/PKG-INFO
[1.074s] writing dependency_links to ../../build/my_bleak/my_bleak.egg-info/dependency_links.txt
[1.075s] writing entry points to ../../build/my_bleak/my_bleak.egg-info/entry_points.txt
[1.075s] writing requirements to ../../build/my_bleak/my_bleak.egg-info/requires.txt
[1.075s] writing top-level names to ../../build/my_bleak/my_bleak.egg-info/top_level.txt
[1.076s] reading manifest file '../../build/my_bleak/my_bleak.egg-info/SOURCES.txt'
[1.077s] writing manifest file '../../build/my_bleak/my_bleak.egg-info/SOURCES.txt'
[1.077s] running build
[1.077s] running build_py
[1.077s] running install
[1.077s] running install_lib
[1.078s] running install_data
[1.078s] running install_egg_info
[1.079s] removing '/home/ngocdai/lidar_ws/install/my_bleak/lib/python3.10/site-packages/my_bleak-0.0.0-py3.10.egg-info' (and everything under it)
[1.080s] Copying ../../build/my_bleak/my_bleak.egg-info to /home/ngocdai/lidar_ws/install/my_bleak/lib/python3.10/site-packages/my_bleak-0.0.0-py3.10.egg-info
[1.080s] running install_scripts
[1.094s] Installing bleak_client script to /home/ngocdai/lidar_ws/install/my_bleak/lib/my_bleak
[1.095s] Installing bleak_node script to /home/ngocdai/lidar_ws/install/my_bleak/lib/my_bleak
[1.095s] Installing odom_node script to /home/ngocdai/lidar_ws/install/my_bleak/lib/my_bleak
[1.095s] writing list of installed files to '/home/ngocdai/lidar_ws/build/my_bleak/install.log'
[1.119s] Invoked command in '/home/ngocdai/lidar_ws/src/my_bleak' returned '0': PYTHONPATH=/home/ngocdai/lidar_ws/build/my_bleak/prefix_override:/home/ngocdai/lidar_ws/install/my_bleak/lib/python3.10/site-packages:${PYTHONPATH} /usr/bin/python3 setup.py egg_info --egg-base ../../build/my_bleak build --build-base /home/ngocdai/lidar_ws/build/my_bleak/build install --record /home/ngocdai/lidar_ws/build/my_bleak/install.log --single-version-externally-managed
