[0.019s] Invoking command in '/home/ngocdai/lidar_ws/build/cpp_xsens': CMAKE_PREFIX_PATH=${CMAKE_PREFIX_PATH}:/home/ngocdai/lidar_ws/install/my_bleak:/opt/ros/iron /usr/bin/cmake --build /home/ngocdai/lidar_ws/build/cpp_xsens -- -j12 -l12
[0.228s] -- Found ament_cmake: 2.0.3 (/opt/ros/iron/share/ament_cmake/cmake)
[0.228s] -- Found ament_lint_auto: 0.14.2 (/opt/ros/iron/share/ament_lint_auto/cmake)
[0.228s] -- Found rclcpp: 21.0.3 (/opt/ros/iron/share/rclcpp/cmake)
[0.228s] -- Found rosidl_generator_c: 4.0.1 (/opt/ros/iron/share/rosidl_generator_c/cmake)
[0.229s] -- Found rosidl_generator_cpp: 4.0.1 (/opt/ros/iron/share/rosidl_generator_cpp/cmake)
[0.229s] -- Using all available rosidl_typesupport_c: rosidl_typesupport_fastrtps_c;rosidl_typesupport_introspection_c
[0.229s] -- Using all available rosidl_typesupport_cpp: rosidl_typesupport_fastrtps_cpp;rosidl_typesupport_introspection_cpp
[0.304s] -- Found rmw_implementation_cmake: 7.1.0 (/opt/ros/iron/share/rmw_implementation_cmake/cmake)
[0.305s] -- Found rmw_fastrtps_cpp: 7.1.1 (/opt/ros/iron/share/rmw_fastrtps_cpp/cmake)
[0.402s] -- Using RMW implementation 'rmw_fastrtps_cpp' as default
[0.529s] -- Found std_msgs: 5.0.0 (/opt/ros/iron/share/std_msgs/cmake)
[0.560s] [31mCMake Error at CMakeLists.txt:21 (find_package):
[0.560s]   By not providing "Findxdpchandler.cmake" in CMAKE_MODULE_PATH this project
[0.560s]   has asked CMake to find a package configuration file provided by
[0.560s]   "xdpchandler", but CMake did not find one.
[0.561s] 
[0.561s]   Could not find a package configuration file provided by "xdpchandler" with
[0.561s]   any of the following names:
[0.561s] 
[0.561s]     xdpchandlerConfig.cmake
[0.561s]     xdpchandler-config.cmake
[0.561s] 
[0.561s]   Add the installation prefix of "xdpchandler" to CMAKE_PREFIX_PATH or set
[0.561s]   "xdpchandler_DIR" to a directory containing one of the above files.  If
[0.561s]   "xdpchandler" provides a separate development package or SDK, be sure it
[0.561s]   has been installed.
[0.561s] 
[0.561s] [0m
[0.561s] -- Configuring incomplete, errors occurred!
[0.561s] See also "/home/ngocdai/lidar_ws/build/cpp_xsens/CMakeFiles/CMakeOutput.log".
[0.566s] gmake: *** [Makefile:308: cmake_check_build_system] Error 1
[0.568s] Invoked command in '/home/ngocdai/lidar_ws/build/cpp_xsens' returned '2': CMAKE_PREFIX_PATH=${CMAKE_PREFIX_PATH}:/home/ngocdai/lidar_ws/install/my_bleak:/opt/ros/iron /usr/bin/cmake --build /home/ngocdai/lidar_ws/build/cpp_xsens -- -j12 -l12
