[0.009s] Invoking command in '/home/ngocdai/lidar_ws/build/cpp_xsens': CMAKE_PREFIX_PATH=/opt/ros/iron /usr/bin/cmake --build /home/ngocdai/lidar_ws/build/cpp_xsens -- -j12 -l12
[0.024s] -- Found ament_cmake: 2.0.3 (/opt/ros/iron/share/ament_cmake/cmake)
[0.120s] -- Found ament_lint_auto: 0.14.2 (/opt/ros/iron/share/ament_lint_auto/cmake)
[0.120s] -- Found rclcpp: 21.0.3 (/opt/ros/iron/share/rclcpp/cmake)
[0.142s] -- Found rosidl_generator_c: 4.0.1 (/opt/ros/iron/share/rosidl_generator_c/cmake)
[0.148s] -- Found rosidl_generator_cpp: 4.0.1 (/opt/ros/iron/share/rosidl_generator_cpp/cmake)
[0.156s] -- Using all available rosidl_typesupport_c: rosidl_typesupport_fastrtps_c;rosidl_typesupport_introspection_c
[0.167s] -- Using all available rosidl_typesupport_cpp: rosidl_typesupport_fastrtps_cpp;rosidl_typesupport_introspection_cpp
[0.279s] -- Found rmw_implementation_cmake: 7.1.0 (/opt/ros/iron/share/rmw_implementation_cmake/cmake)
[0.279s] -- Found rmw_fastrtps_cpp: 7.1.1 (/opt/ros/iron/share/rmw_fastrtps_cpp/cmake)
[0.367s] -- Using RMW implementation 'rmw_fastrtps_cpp' as default
[0.486s] -- Found std_msgs: 5.0.0 (/opt/ros/iron/share/std_msgs/cmake)
[0.553s] -- Added test 'copyright' to check source files copyright and LICENSE
[0.554s] -- Added test 'cppcheck' to perform static code analysis on C / C++ code
[0.554s] -- Configured cppcheck include dirs: 
[0.554s] -- Configured cppcheck exclude dirs and/or files: 
[0.554s] -- Added test 'lint_cmake' to check CMake code style
[0.555s] -- Added test 'uncrustify' to check C / C++ code style
[0.555s] -- Configured uncrustify additional arguments: 
[0.555s] -- Added test 'xmllint' to check XML markup files
[0.555s] -- Configuring done
[0.558s] [31mCMake Error at CMakeLists.txt:29 (add_executable):
[0.558s]   Cannot find source file:
[0.558s] 
[0.558s]     sdk_receive.cpp
[0.558s] 
[0.558s]   Tried extensions .c .C .c++ .cc .cpp .cxx .cu .mpp .m .M .mm .ixx .cppm .h
[0.558s]   .hh .h++ .hm .hpp .hxx .in .txx .f .F .for .f77 .f90 .f95 .f03 .hip .ispc
[0.558s] 
[0.558s] [0m
[0.558s] [31mCMake Error at CMakeLists.txt:29 (add_executable):
[0.558s]   No SOURCES given to target: sdk_receive
[0.558s] 
[0.558s] [0m
[0.559s] [0mCMake Generate step failed.  Build files cannot be regenerated correctly.[0m
[0.563s] gmake: *** [Makefile:308: cmake_check_build_system] Error 1
[0.565s] Invoked command in '/home/ngocdai/lidar_ws/build/cpp_xsens' returned '2': CMAKE_PREFIX_PATH=/opt/ros/iron /usr/bin/cmake --build /home/ngocdai/lidar_ws/build/cpp_xsens -- -j12 -l12
