[0.005s] Invoking command in '/home/ngocdai/lidar_ws/build/xsens_node': AMENT_PREFIX_PATH=/home/ngocdai/lidar_ws/install/xsens_library:${AMENT_PREFIX_PATH} CMAKE_PREFIX_PATH=/home/ngocdai/lidar_ws/install/xsens_library:/opt/ros/iron LD_LIBRARY_PATH=/home/ngocdai/lidar_ws/install/xsens_library/lib:${LD_LIBRARY_PATH} /usr/bin/cmake --build /home/ngocdai/lidar_ws/build/xsens_node -- -j12 -l12
[0.022s] -- Found ament_cmake_python: 2.0.3 (/opt/ros/iron/share/ament_cmake_python/cmake)
[0.022s] -- Found ament_cmake: 2.0.3 (/opt/ros/iron/share/ament_cmake/cmake)
[0.121s] -- Found rclcpp: 21.0.3 (/opt/ros/iron/share/rclcpp/cmake)
[0.142s] -- Found rosidl_generator_c: 4.0.1 (/opt/ros/iron/share/rosidl_generator_c/cmake)
[0.148s] -- Found rosidl_generator_cpp: 4.0.1 (/opt/ros/iron/share/rosidl_generator_cpp/cmake)
[0.157s] -- Using all available rosidl_typesupport_c: rosidl_typesupport_fastrtps_c;rosidl_typesupport_introspection_c
[0.168s] -- Using all available rosidl_typesupport_cpp: rosidl_typesupport_fastrtps_cpp;rosidl_typesupport_introspection_cpp
[0.281s] -- Found rmw_implementation_cmake: 7.1.0 (/opt/ros/iron/share/rmw_implementation_cmake/cmake)
[0.282s] -- Found rmw_fastrtps_cpp: 7.1.1 (/opt/ros/iron/share/rmw_fastrtps_cpp/cmake)
[0.377s] -- Using RMW implementation 'rmw_fastrtps_cpp' as default
[0.501s] -- Found std_msgs: 5.0.0 (/opt/ros/iron/share/std_msgs/cmake)
[0.524s] -- Found xsens_library: 0.0.0 (/home/ngocdai/lidar_ws/install/xsens_library/share/xsens_library/cmake)
[0.524s] -- Found nav_msgs: 5.0.0 (/opt/ros/iron/share/nav_msgs/cmake)
[0.643s] -- Found sensor_msgs: 5.0.0 (/opt/ros/iron/share/sensor_msgs/cmake)
[0.721s] -- Found yaml_cpp_vendor: 8.1.2 (/opt/ros/iron/share/yaml_cpp_vendor/cmake)
[0.721s] -- Found tf2_geometry_msgs: 0.31.5 (/opt/ros/iron/share/tf2_geometry_msgs/cmake)
[0.724s] -- Found eigen3_cmake_module: 0.2.2 (/opt/ros/iron/share/eigen3_cmake_module/cmake)
[0.725s] -- Ensuring Eigen3 include directory is part of orocos-kdl CMake target
[1.055s] -- Found ament_lint_auto: 0.14.2 (/opt/ros/iron/share/ament_lint_auto/cmake)
[1.109s] -- Found python_cmake_module: 0.10.2 (/opt/ros/iron/share/python_cmake_module/cmake)
[1.125s] -- Using PYTHON_EXECUTABLE: /usr/bin/python3
[1.125s] -- Using PYTHON_INCLUDE_DIRS: /usr/include/python3.10
[1.126s] -- Using PYTHON_LIBRARIES: /usr/lib/x86_64-linux-gnu/libpython3.10.so
[1.131s] -- Added test 'cppcheck' to perform static code analysis on C / C++ code
[1.131s] -- Configured cppcheck include dirs: /home/ngocdai/lidar_ws/src/xsens_node/include/xsens_node
[1.131s] -- Configured cppcheck exclude dirs and/or files: 
[1.131s] -- Added test 'flake8' to check Python code syntax and style conventions
[1.131s] -- Configured 'flake8' exclude dirs and/or files: 
[1.131s] -- Added test 'lint_cmake' to check CMake code style
[1.132s] -- Added test 'pep257' to check Python code against some of the docstring style conventions in PEP 257
[1.132s] -- Added test 'uncrustify' to check C / C++ code style
[1.132s] -- Configured uncrustify additional arguments: 
[1.133s] -- Added test 'xmllint' to check XML markup files
[1.133s] -- Configuring done
[1.146s] -- Generating done
[1.148s] -- Build files have been written to: /home/ngocdai/lidar_ws/build/xsens_node
[1.167s] [35m[1mConsolidate compiler generated dependencies of target xsens_rec[0m
[1.167s] [35m[1mConsolidate compiler generated dependencies of target xsens_pub[0m
[1.167s] [35m[1mConsolidate compiler generated dependencies of target odom_pub[0m
[1.181s] [ 83%] [32mBuilding CXX object CMakeFiles/odom_pub.dir/src/odometry_publisher.cpp.o[0m
[1.181s] [ 83%] Built target xsens_pub
[1.181s] [ 83%] Built target xsens_rec
[1.350s] In file included from [01m[K/home/ngocdai/lidar_ws/src/xsens_node/include/xsens_node/odometry.h:7[m[K,
[1.350s]                  from [01m[K/home/ngocdai/lidar_ws/src/xsens_node/src/odometry_publisher.cpp:1[m[K:
[1.350s] [01m[K/opt/ros/iron/include/tf2_geometry_msgs/tf2_geometry_msgs/tf2_geometry_msgs.h:35:2:[m[K [01;35m[Kwarning: [m[K#warning This header is obsolete, please include tf2_geometry_msgs/tf2_geometry_msgs.hpp instead [[01;35m[K]8;;https://gcc.gnu.org/onlinedocs/gcc/Warning-Options.html#index-Wcpp-Wcpp]8;;[m[K]
[1.350s]    35 | #[01;35m[Kwarning[m[K This header is obsolete, please include tf2_geometry_msgs/tf2_geometry_msgs.hpp instead
[1.350s]       |  [01;35m[K^~~~~~~[m[K
[3.944s] [01m[K/home/ngocdai/lidar_ws/src/xsens_node/src/odometry_publisher.cpp:[m[K In member function ‘[01m[Kvoid OdometryNode::imuCallback(sensor_msgs::msg::Imu_<std::allocator<void> >::SharedPtr)[m[K’:
[3.945s] [01m[K/home/ngocdai/lidar_ws/src/xsens_node/src/odometry_publisher.cpp:12:46:[m[K [01;31m[Kerror: [m[K‘[01m[Ktf2::transformations[m[K’ has not been declared
[3.945s]    12 |     Eigen::Matrix3d rotational_matrix = tf2::[01;31m[Ktransformations[m[K::quaternionToMatrix(imu_message->orientation);
[3.945s]       |                                              [01;31m[K^~~~~~~~~~~~~~~[m[K
[3.945s] [01m[K/home/ngocdai/lidar_ws/src/xsens_node/src/odometry_publisher.cpp:12:21:[m[K [01;35m[Kwarning: [m[Kunused variable ‘[01m[Krotational_matrix[m[K’ [[01;35m[K]8;;https://gcc.gnu.org/onlinedocs/gcc/Warning-Options.html#index-Wunused-variable-Wunused-variable]8;;[m[K]
[3.945s]    12 |     Eigen::Matrix3d [01;35m[Krotational_matrix[m[K = tf2::transformations::quaternionToMatrix(imu_message->orientation);
[3.945s]       |                     [01;35m[K^~~~~~~~~~~~~~~~~[m[K
[5.332s] gmake[2]: *** [CMakeFiles/odom_pub.dir/build.make:76: CMakeFiles/odom_pub.dir/src/odometry_publisher.cpp.o] Error 1
[5.332s] gmake[1]: *** [CMakeFiles/Makefile2:193: CMakeFiles/odom_pub.dir/all] Error 2
[5.333s] gmake: *** [Makefile:146: all] Error 2
[5.334s] Invoked command in '/home/ngocdai/lidar_ws/build/xsens_node' returned '2': AMENT_PREFIX_PATH=/home/ngocdai/lidar_ws/install/xsens_library:${AMENT_PREFIX_PATH} CMAKE_PREFIX_PATH=/home/ngocdai/lidar_ws/install/xsens_library:/opt/ros/iron LD_LIBRARY_PATH=/home/ngocdai/lidar_ws/install/xsens_library/lib:${LD_LIBRARY_PATH} /usr/bin/cmake --build /home/ngocdai/lidar_ws/build/xsens_node -- -j12 -l12
