[0.009s] Invoking command in '/home/ngocdai/lidar_ws/build/cpp_xsens': CMAKE_PREFIX_PATH=/opt/ros/iron /usr/bin/cmake --build /home/ngocdai/lidar_ws/build/cpp_xsens -- -j12 -l12
[0.023s] [33mCMake Warning (dev) in CMakeLists.txt:
[0.023s]   No project() command is present.  The top-level CMakeLists.txt file must
[0.023s]   contain a literal, direct call to the project() command.  Add a line of
[0.023s]   code such as
[0.023s] 
[0.023s]     project(ProjectName)
[0.023s] 
[0.023s]   near the top of the file, but after cmake_minimum_required().
[0.023s] 
[0.023s]   CMake is pretending there is a "project(Project)" command on the first
[0.023s]   line.
[0.023s] This warning is for project developers.  Use -Wno-dev to suppress it.
[0.023s] [0m
[0.027s] -- Found ament_cmake: 2.0.3 (/opt/ros/iron/share/ament_cmake/cmake)
[0.121s] -- Found ament_lint_auto: 0.14.2 (/opt/ros/iron/share/ament_lint_auto/cmake)
[0.121s] -- Found rclcpp: 21.0.3 (/opt/ros/iron/share/rclcpp/cmake)
[0.142s] -- Found rosidl_generator_c: 4.0.1 (/opt/ros/iron/share/rosidl_generator_c/cmake)
[0.148s] -- Found rosidl_generator_cpp: 4.0.1 (/opt/ros/iron/share/rosidl_generator_cpp/cmake)
[0.156s] -- Using all available rosidl_typesupport_c: rosidl_typesupport_fastrtps_c;rosidl_typesupport_introspection_c
[0.167s] -- Using all available rosidl_typesupport_cpp: rosidl_typesupport_fastrtps_cpp;rosidl_typesupport_introspection_cpp
[0.276s] -- Found rmw_implementation_cmake: 7.1.0 (/opt/ros/iron/share/rmw_implementation_cmake/cmake)
[0.277s] -- Found rmw_fastrtps_cpp: 7.1.1 (/opt/ros/iron/share/rmw_fastrtps_cpp/cmake)
[0.365s] -- Using RMW implementation 'rmw_fastrtps_cpp' as default
[0.483s] -- Found std_msgs: 5.0.0 (/opt/ros/iron/share/std_msgs/cmake)
[0.512s] [31mCMake Error at CMakeLists.txt:15 (find_package):
[0.512s]   By not providing "Findxdpchandler.cmake" in CMAKE_MODULE_PATH this project
[0.512s]   has asked CMake to find a package configuration file provided by
[0.512s]   "xdpchandler", but CMake did not find one.
[0.512s] 
[0.512s]   Could not find a package configuration file provided by "xdpchandler" with
[0.512s]   any of the following names:
[0.513s] 
[0.513s]     xdpchandlerConfig.cmake
[0.513s]     xdpchandler-config.cmake
[0.513s] 
[0.513s]   Add the installation prefix of "xdpchandler" to CMAKE_PREFIX_PATH or set
[0.513s]   "xdpchandler_DIR" to a directory containing one of the above files.  If
[0.513s]   "xdpchandler" provides a separate development package or SDK, be sure it
[0.513s]   has been installed.
[0.513s] 
[0.513s] [0m
[0.513s] -- Configuring incomplete, errors occurred!
[0.513s] See also "/home/ngocdai/lidar_ws/build/cpp_xsens/CMakeFiles/CMakeOutput.log".
[0.517s] gmake: *** [Makefile:308: cmake_check_build_system] Error 1
[0.519s] Invoked command in '/home/ngocdai/lidar_ws/build/cpp_xsens' returned '2': CMAKE_PREFIX_PATH=/opt/ros/iron /usr/bin/cmake --build /home/ngocdai/lidar_ws/build/cpp_xsens -- -j12 -l12
