[0.190s] DEBUG:colcon:Command line arguments: ['/usr/bin/colcon', 'build', '--packages-select', 'my_bleak']
[0.190s] DEBUG:colcon:Parsed command line arguments: Namespace(log_base=None, log_level=None, verb_name='build', build_base='build', install_base='install', merge_install=False, symlink_install=False, test_result_base=None, continue_on_error=False, executor='parallel', parallel_workers=12, event_handlers=None, ignore_user_meta=False, metas=['./colcon.meta'], base_paths=['.'], packages_ignore=None, packages_ignore_regex=None, paths=None, packages_up_to=None, packages_up_to_regex=None, packages_above=None, packages_above_and_dependencies=None, packages_above_depth=None, packages_select_by_dep=None, packages_skip_by_dep=None, packages_skip_up_to=None, packages_select_build_failed=False, packages_skip_build_finished=False, packages_select_test_failures=False, packages_skip_test_passed=False, packages_select=['my_bleak'], packages_skip=None, packages_select_regex=None, packages_skip_regex=None, packages_start=None, packages_end=None, allow_overriding=[], cmake_args=None, cmake_target=None, cmake_target_skip_unavailable=False, cmake_clean_cache=False, cmake_clean_first=False, cmake_force_configure=False, ament_cmake_args=None, catkin_cmake_args=None, catkin_skip_building_tests=False, verb_parser=<colcon_defaults.argument_parser.defaults.DefaultArgumentsDecorator object at 0x7ff05a242620>, verb_extension=<colcon_core.verb.build.BuildVerb object at 0x7ff05a3ac1f0>, main=<bound method BuildVerb.main of <colcon_core.verb.build.BuildVerb object at 0x7ff05a3ac1f0>>)
[0.211s] Level 1:colcon.colcon_core.package_discovery:discover_packages(colcon_meta) check parameters
[0.211s] Level 1:colcon.colcon_core.package_discovery:discover_packages(recursive) check parameters
[0.211s] Level 1:colcon.colcon_core.package_discovery:discover_packages(ignore) check parameters
[0.211s] Level 1:colcon.colcon_core.package_discovery:discover_packages(path) check parameters
[0.211s] Level 1:colcon.colcon_core.package_discovery:discover_packages(colcon_meta) discover
[0.211s] Level 1:colcon.colcon_core.package_discovery:discover_packages(recursive) discover
[0.211s] INFO:colcon.colcon_core.package_discovery:Crawling recursively for packages in '/home/ngocdai/lidar_ws'
[0.212s] Level 1:colcon.colcon_core.package_identification:_identify(.) by extensions ['ignore', 'ignore_ament_install']
[0.212s] Level 1:colcon.colcon_core.package_identification:_identify(.) by extension 'ignore'
[0.212s] Level 1:colcon.colcon_core.package_identification:_identify(.) by extension 'ignore_ament_install'
[0.212s] Level 1:colcon.colcon_core.package_identification:_identify(.) by extensions ['colcon_pkg']
[0.212s] Level 1:colcon.colcon_core.package_identification:_identify(.) by extension 'colcon_pkg'
[0.212s] Level 1:colcon.colcon_core.package_identification:_identify(.) by extensions ['colcon_meta']
[0.212s] Level 1:colcon.colcon_core.package_identification:_identify(.) by extension 'colcon_meta'
[0.212s] Level 1:colcon.colcon_core.package_identification:_identify(.) by extensions ['ros']
[0.212s] Level 1:colcon.colcon_core.package_identification:_identify(.) by extension 'ros'
[0.222s] Level 1:colcon.colcon_core.package_identification:_identify(.) by extensions ['cmake', 'python']
[0.222s] Level 1:colcon.colcon_core.package_identification:_identify(.) by extension 'cmake'
[0.222s] Level 1:colcon.colcon_core.package_identification:_identify(.) by extension 'python'
[0.222s] Level 1:colcon.colcon_core.package_identification:_identify(.) by extensions ['python_setup_py']
[0.222s] Level 1:colcon.colcon_core.package_identification:_identify(.) by extension 'python_setup_py'
[0.222s] Level 1:colcon.colcon_core.package_identification:_identify(build) by extensions ['ignore', 'ignore_ament_install']
[0.222s] Level 1:colcon.colcon_core.package_identification:_identify(build) by extension 'ignore'
[0.222s] Level 1:colcon.colcon_core.package_identification:_identify(build) ignored
[0.222s] Level 1:colcon.colcon_core.package_identification:_identify(install) by extensions ['ignore', 'ignore_ament_install']
[0.222s] Level 1:colcon.colcon_core.package_identification:_identify(install) by extension 'ignore'
[0.222s] Level 1:colcon.colcon_core.package_identification:_identify(install) ignored
[0.222s] Level 1:colcon.colcon_core.package_identification:_identify(log) by extensions ['ignore', 'ignore_ament_install']
[0.222s] Level 1:colcon.colcon_core.package_identification:_identify(log) by extension 'ignore'
[0.222s] Level 1:colcon.colcon_core.package_identification:_identify(log) ignored
[0.222s] Level 1:colcon.colcon_core.package_identification:_identify(src) by extensions ['ignore', 'ignore_ament_install']
[0.222s] Level 1:colcon.colcon_core.package_identification:_identify(src) by extension 'ignore'
[0.222s] Level 1:colcon.colcon_core.package_identification:_identify(src) by extension 'ignore_ament_install'
[0.223s] Level 1:colcon.colcon_core.package_identification:_identify(src) by extensions ['colcon_pkg']
[0.223s] Level 1:colcon.colcon_core.package_identification:_identify(src) by extension 'colcon_pkg'
[0.223s] Level 1:colcon.colcon_core.package_identification:_identify(src) by extensions ['colcon_meta']
[0.223s] Level 1:colcon.colcon_core.package_identification:_identify(src) by extension 'colcon_meta'
[0.223s] Level 1:colcon.colcon_core.package_identification:_identify(src) by extensions ['ros']
[0.223s] Level 1:colcon.colcon_core.package_identification:_identify(src) by extension 'ros'
[0.223s] Level 1:colcon.colcon_core.package_identification:_identify(src) by extensions ['cmake', 'python']
[0.223s] Level 1:colcon.colcon_core.package_identification:_identify(src) by extension 'cmake'
[0.223s] Level 1:colcon.colcon_core.package_identification:_identify(src) by extension 'python'
[0.223s] Level 1:colcon.colcon_core.package_identification:_identify(src) by extensions ['python_setup_py']
[0.223s] Level 1:colcon.colcon_core.package_identification:_identify(src) by extension 'python_setup_py'
[0.223s] Level 1:colcon.colcon_core.package_identification:_identify(src/my_bleak) by extensions ['ignore', 'ignore_ament_install']
[0.223s] Level 1:colcon.colcon_core.package_identification:_identify(src/my_bleak) by extension 'ignore'
[0.223s] Level 1:colcon.colcon_core.package_identification:_identify(src/my_bleak) by extension 'ignore_ament_install'
[0.223s] Level 1:colcon.colcon_core.package_identification:_identify(src/my_bleak) by extensions ['colcon_pkg']
[0.223s] Level 1:colcon.colcon_core.package_identification:_identify(src/my_bleak) by extension 'colcon_pkg'
[0.223s] Level 1:colcon.colcon_core.package_identification:_identify(src/my_bleak) by extensions ['colcon_meta']
[0.223s] Level 1:colcon.colcon_core.package_identification:_identify(src/my_bleak) by extension 'colcon_meta'
[0.223s] Level 1:colcon.colcon_core.package_identification:_identify(src/my_bleak) by extensions ['ros']
[0.223s] Level 1:colcon.colcon_core.package_identification:_identify(src/my_bleak) by extension 'ros'
[0.225s] DEBUG:colcon.colcon_core.package_identification:Found ROS schema reference in package manifest in 'src/my_bleak'
[0.225s] WARNING:colcon.colcon_core.package_identification:Failed to parse ROS package manifest in 'src/my_bleak': Error(s) in package 'src/my_bleak/package.xml':
Error(s):
- The generic dependency on 'ros2' is redundant with: build_depend
- The generic dependency on 'bleak' is redundant with: build_depend
[0.225s] Level 1:colcon.colcon_core.package_identification:_identify(src/my_bleak) by extensions ['cmake', 'python']
[0.225s] Level 1:colcon.colcon_core.package_identification:_identify(src/my_bleak) by extension 'cmake'
[0.225s] Level 1:colcon.colcon_core.package_identification:_identify(src/my_bleak) by extension 'python'
[0.225s] DEBUG:colcon.colcon_core.package_identification:Python package in 'src/my_bleak' passes arguments to the setup() function which requires a different identification extension than 'python'
[0.225s] Level 1:colcon.colcon_core.package_identification:_identify(src/my_bleak) by extensions ['python_setup_py']
[0.225s] Level 1:colcon.colcon_core.package_identification:_identify(src/my_bleak) by extension 'python_setup_py'
[0.365s] DEBUG:colcon.colcon_core.package_identification:Package 'src/my_bleak' with type 'python' and name 'my_bleak'
[0.365s] Level 1:colcon.colcon_core.package_discovery:discover_packages(recursive) using defaults
[0.365s] Level 1:colcon.colcon_core.package_discovery:discover_packages(ignore) discover
[0.365s] Level 1:colcon.colcon_core.package_discovery:discover_packages(ignore) using defaults
[0.365s] Level 1:colcon.colcon_core.package_discovery:discover_packages(path) discover
[0.365s] Level 1:colcon.colcon_core.package_discovery:discover_packages(path) using defaults
[0.382s] Level 1:colcon.colcon_core.package_discovery:discover_packages(prefix_path) check parameters
[0.382s] Level 1:colcon.colcon_core.package_discovery:discover_packages(prefix_path) discover
[0.384s] DEBUG:colcon.colcon_installed_package_information.package_discovery:Found 337 installed packages in /opt/ros/iron
[0.385s] Level 1:colcon.colcon_core.package_discovery:discover_packages(prefix_path) using defaults
[0.422s] Level 5:colcon.colcon_core.verb:set package 'my_bleak' build argument 'cmake_args' from command line to 'None'
[0.422s] Level 5:colcon.colcon_core.verb:set package 'my_bleak' build argument 'cmake_target' from command line to 'None'
[0.422s] Level 5:colcon.colcon_core.verb:set package 'my_bleak' build argument 'cmake_target_skip_unavailable' from command line to 'False'
[0.422s] Level 5:colcon.colcon_core.verb:set package 'my_bleak' build argument 'cmake_clean_cache' from command line to 'False'
[0.422s] Level 5:colcon.colcon_core.verb:set package 'my_bleak' build argument 'cmake_clean_first' from command line to 'False'
[0.422s] Level 5:colcon.colcon_core.verb:set package 'my_bleak' build argument 'cmake_force_configure' from command line to 'False'
[0.422s] Level 5:colcon.colcon_core.verb:set package 'my_bleak' build argument 'ament_cmake_args' from command line to 'None'
[0.422s] Level 5:colcon.colcon_core.verb:set package 'my_bleak' build argument 'catkin_cmake_args' from command line to 'None'
[0.422s] Level 5:colcon.colcon_core.verb:set package 'my_bleak' build argument 'catkin_skip_building_tests' from command line to 'False'
[0.422s] DEBUG:colcon.colcon_core.verb:Building package 'my_bleak' with the following arguments: {'ament_cmake_args': None, 'build_base': '/home/ngocdai/lidar_ws/build/my_bleak', 'catkin_cmake_args': None, 'catkin_skip_building_tests': False, 'cmake_args': None, 'cmake_clean_cache': False, 'cmake_clean_first': False, 'cmake_force_configure': False, 'cmake_target': None, 'cmake_target_skip_unavailable': False, 'install_base': '/home/ngocdai/lidar_ws/install/my_bleak', 'merge_install': False, 'path': '/home/ngocdai/lidar_ws/src/my_bleak', 'symlink_install': False, 'test_result_base': None}
[0.423s] INFO:colcon.colcon_core.executor:Executing jobs using 'parallel' executor
[0.425s] DEBUG:colcon.colcon_parallel_executor.executor.parallel:run_until_complete
[0.425s] INFO:colcon.colcon_core.task.python.build:Building Python package in '/home/ngocdai/lidar_ws/src/my_bleak'
[0.427s] INFO:colcon.colcon_core.plugin_system:Skipping extension 'colcon_core.shell.bat': Not used on non-Windows systems
[0.428s] INFO:colcon.colcon_core.shell:Skip shell extension 'powershell' for command environment: Not usable outside of PowerShell
[0.428s] DEBUG:colcon.colcon_core.shell:Skip shell extension 'dsv' for command environment
[0.976s] DEBUG:colcon.colcon_core.event_handler.log_command:Invoking command in '/home/ngocdai/lidar_ws/src/my_bleak': PYTHONPATH=/home/ngocdai/lidar_ws/build/my_bleak/prefix_override:/home/ngocdai/lidar_ws/install/my_bleak/lib/python3.10/site-packages:${PYTHONPATH} /usr/bin/python3 setup.py egg_info --egg-base ../../build/my_bleak build --build-base /home/ngocdai/lidar_ws/build/my_bleak/build install --record /home/ngocdai/lidar_ws/build/my_bleak/install.log --single-version-externally-managed
[1.354s] DEBUG:colcon.colcon_core.event_handler.log_command:Invoked command in '/home/ngocdai/lidar_ws/src/my_bleak' returned '0': PYTHONPATH=/home/ngocdai/lidar_ws/build/my_bleak/prefix_override:/home/ngocdai/lidar_ws/install/my_bleak/lib/python3.10/site-packages:${PYTHONPATH} /usr/bin/python3 setup.py egg_info --egg-base ../../build/my_bleak build --build-base /home/ngocdai/lidar_ws/build/my_bleak/build install --record /home/ngocdai/lidar_ws/build/my_bleak/install.log --single-version-externally-managed
[1.356s] Level 1:colcon.colcon_core.environment:checking '/home/ngocdai/lidar_ws/install/my_bleak' for CMake module files
[1.356s] Level 1:colcon.colcon_core.environment:checking '/home/ngocdai/lidar_ws/install/my_bleak' for CMake config files
[1.357s] Level 1:colcon.colcon_core.environment:checking '/home/ngocdai/lidar_ws/install/my_bleak/lib'
[1.357s] Level 1:colcon.colcon_core.environment:checking '/home/ngocdai/lidar_ws/install/my_bleak/bin'
[1.357s] Level 1:colcon.colcon_core.environment:checking '/home/ngocdai/lidar_ws/install/my_bleak/lib/pkgconfig/my_bleak.pc'
[1.357s] Level 1:colcon.colcon_core.environment:checking '/home/ngocdai/lidar_ws/install/my_bleak/lib/python3.10/site-packages'
[1.357s] Level 1:colcon.colcon_core.shell:create_environment_hook('my_bleak', 'pythonpath')
[1.358s] INFO:colcon.colcon_core.shell:Creating environment hook '/home/ngocdai/lidar_ws/install/my_bleak/share/my_bleak/hook/pythonpath.ps1'
[1.358s] INFO:colcon.colcon_core.shell:Creating environment descriptor '/home/ngocdai/lidar_ws/install/my_bleak/share/my_bleak/hook/pythonpath.dsv'
[1.359s] INFO:colcon.colcon_core.shell:Creating environment hook '/home/ngocdai/lidar_ws/install/my_bleak/share/my_bleak/hook/pythonpath.sh'
[1.359s] Level 1:colcon.colcon_core.environment:checking '/home/ngocdai/lidar_ws/install/my_bleak/bin'
[1.359s] Level 1:colcon.colcon_core.environment:create_environment_scripts_only(my_bleak)
[1.360s] INFO:colcon.colcon_core.shell:Creating package script '/home/ngocdai/lidar_ws/install/my_bleak/share/my_bleak/package.ps1'
[1.361s] INFO:colcon.colcon_core.shell:Creating package descriptor '/home/ngocdai/lidar_ws/install/my_bleak/share/my_bleak/package.dsv'
[1.361s] INFO:colcon.colcon_core.shell:Creating package script '/home/ngocdai/lidar_ws/install/my_bleak/share/my_bleak/package.sh'
[1.361s] INFO:colcon.colcon_core.shell:Creating package script '/home/ngocdai/lidar_ws/install/my_bleak/share/my_bleak/package.bash'
[1.362s] INFO:colcon.colcon_core.shell:Creating package script '/home/ngocdai/lidar_ws/install/my_bleak/share/my_bleak/package.zsh'
[1.362s] Level 1:colcon.colcon_core.environment:create_file_with_runtime_dependencies(/home/ngocdai/lidar_ws/install/my_bleak/share/colcon-core/packages/my_bleak)
[1.362s] DEBUG:colcon.colcon_parallel_executor.executor.parallel:closing loop
[1.362s] DEBUG:colcon.colcon_parallel_executor.executor.parallel:loop closed
[1.363s] DEBUG:colcon.colcon_parallel_executor.executor.parallel:run_until_complete finished with '0'
[1.363s] DEBUG:colcon.colcon_core.event_reactor:joining thread
[1.366s] INFO:colcon.colcon_core.plugin_system:Skipping extension 'colcon_notification.desktop_notification.terminal_notifier': Not used on non-Darwin systems
[1.366s] INFO:colcon.colcon_core.plugin_system:Skipping extension 'colcon_notification.desktop_notification.win32': Not used on non-Windows systems
[1.367s] INFO:colcon.colcon_notification.desktop_notification:Sending desktop notification using 'notify2'
[1.379s] DEBUG:colcon.colcon_core.event_reactor:joined thread
[1.380s] INFO:colcon.colcon_core.shell:Creating prefix script '/home/ngocdai/lidar_ws/install/local_setup.ps1'
[1.381s] INFO:colcon.colcon_core.shell:Creating prefix util module '/home/ngocdai/lidar_ws/install/_local_setup_util_ps1.py'
[1.382s] INFO:colcon.colcon_core.shell:Creating prefix chain script '/home/ngocdai/lidar_ws/install/setup.ps1'
[1.382s] INFO:colcon.colcon_core.shell:Creating prefix script '/home/ngocdai/lidar_ws/install/local_setup.sh'
[1.383s] INFO:colcon.colcon_core.shell:Creating prefix util module '/home/ngocdai/lidar_ws/install/_local_setup_util_sh.py'
[1.383s] INFO:colcon.colcon_core.shell:Creating prefix chain script '/home/ngocdai/lidar_ws/install/setup.sh'
[1.384s] INFO:colcon.colcon_core.shell:Creating prefix script '/home/ngocdai/lidar_ws/install/local_setup.bash'
[1.385s] INFO:colcon.colcon_core.shell:Creating prefix chain script '/home/ngocdai/lidar_ws/install/setup.bash'
[1.387s] INFO:colcon.colcon_core.shell:Creating prefix script '/home/ngocdai/lidar_ws/install/local_setup.zsh'
[1.387s] INFO:colcon.colcon_core.shell:Creating prefix chain script '/home/ngocdai/lidar_ws/install/setup.zsh'
