[0.480s] Invoking command in '/home/ngocdai/lidar_ws/build/my_bleak': PYTHONPATH=/home/ngocdai/lidar_ws/build/my_bleak/prefix_override:/home/ngocdai/lidar_ws/install/my_bleak/lib/python3.10/site-packages:${PYTHONPATH} /usr/bin/python3 setup.py develop --uninstall --editable --build-directory /home/ngocdai/lidar_ws/build/my_bleak/build
[0.672s] running develop
[0.800s] Removing /home/ngocdai/lidar_ws/install/my_bleak/lib/python3.10/site-packages/my-bleak.egg-link (link to .)
[0.825s] Invoked command in '/home/ngocdai/lidar_ws/build/my_bleak' returned '0': PYTHONPATH=/home/ngocdai/lidar_ws/build/my_bleak/prefix_override:/home/ngocdai/lidar_ws/install/my_bleak/lib/python3.10/site-packages:${PYTHONPATH} /usr/bin/python3 setup.py develop --uninstall --editable --build-directory /home/ngocdai/lidar_ws/build/my_bleak/build
[0.826s] Invoking command in '/home/ngocdai/lidar_ws/src/my_bleak': PYTHONPATH=/home/ngocdai/lidar_ws/build/my_bleak/prefix_override:/home/ngocdai/lidar_ws/install/my_bleak/lib/python3.10/site-packages:${PYTHONPATH} /usr/bin/python3 setup.py egg_info --egg-base ../../build/my_bleak build --build-base /home/ngocdai/lidar_ws/build/my_bleak/build install --record /home/ngocdai/lidar_ws/build/my_bleak/install.log --single-version-externally-managed
[1.012s] running egg_info
[1.013s] writing ../../build/my_bleak/my_bleak.egg-info/PKG-INFO
[1.013s] writing dependency_links to ../../build/my_bleak/my_bleak.egg-info/dependency_links.txt
[1.013s] writing entry points to ../../build/my_bleak/my_bleak.egg-info/entry_points.txt
[1.013s] writing requirements to ../../build/my_bleak/my_bleak.egg-info/requires.txt
[1.013s] writing top-level names to ../../build/my_bleak/my_bleak.egg-info/top_level.txt
[1.014s] reading manifest file '../../build/my_bleak/my_bleak.egg-info/SOURCES.txt'
[1.015s] writing manifest file '../../build/my_bleak/my_bleak.egg-info/SOURCES.txt'
[1.015s] running build
[1.015s] running build_py
[1.015s] copying my_bleak/bleak_node.py -> /home/ngocdai/lidar_ws/build/my_bleak/build/lib/my_bleak
[1.015s] running install
[1.015s] running install_lib
[1.016s] creating /home/ngocdai/lidar_ws/install/my_bleak/lib/python3.10/site-packages/my_bleak
[1.016s] copying /home/ngocdai/lidar_ws/build/my_bleak/build/lib/my_bleak/__init__.py -> /home/ngocdai/lidar_ws/install/my_bleak/lib/python3.10/site-packages/my_bleak
[1.016s] copying /home/ngocdai/lidar_ws/build/my_bleak/build/lib/my_bleak/bleak_node.py -> /home/ngocdai/lidar_ws/install/my_bleak/lib/python3.10/site-packages/my_bleak
[1.016s] byte-compiling /home/ngocdai/lidar_ws/install/my_bleak/lib/python3.10/site-packages/my_bleak/__init__.py to __init__.cpython-310.pyc
[1.016s] byte-compiling /home/ngocdai/lidar_ws/install/my_bleak/lib/python3.10/site-packages/my_bleak/bleak_node.py to bleak_node.cpython-310.pyc
[1.016s] Sorry: IndentationError: unexpected indent (bleak_node.py, line 17)
[1.016s] running install_data
[1.017s] running install_egg_info
[1.018s] Copying ../../build/my_bleak/my_bleak.egg-info to /home/ngocdai/lidar_ws/install/my_bleak/lib/python3.10/site-packages/my_bleak-0.0.0-py3.10.egg-info
[1.018s] running install_scripts
[1.032s] Installing bleak_node script to /home/ngocdai/lidar_ws/install/my_bleak/lib/my_bleak
[1.032s] writing list of installed files to '/home/ngocdai/lidar_ws/build/my_bleak/install.log'
[1.050s] Invoked command in '/home/ngocdai/lidar_ws/src/my_bleak' returned '0': PYTHONPATH=/home/ngocdai/lidar_ws/build/my_bleak/prefix_override:/home/ngocdai/lidar_ws/install/my_bleak/lib/python3.10/site-packages:${PYTHONPATH} /usr/bin/python3 setup.py egg_info --egg-base ../../build/my_bleak build --build-base /home/ngocdai/lidar_ws/build/my_bleak/build install --record /home/ngocdai/lidar_ws/build/my_bleak/install.log --single-version-externally-managed
