[01m[K/home/ngocdai/lidar_ws/src/xsens_node/src/xsens_data_publisher.cpp:87:1:[m[K [01;31m[Kerror: [m[Kunterminated argument list invoking macro "RCLCPP_INFO"
   87 | 
      | [01;31m[K^[m[K
[01m[K/home/ngocdai/lidar_ws/src/xsens_node/src/xsens_data_publisher.cpp:31:24:[m[K [01;31m[Kerror: [m[Kexpected ‘[01m[K}[m[K’ at end of input
   31 |             RCLCPP_INFO[01;31m[K([m[Kthis->get_logger(), "Publishing:";
      |                        [01;31m[K^[m[K
[01m[K/home/ngocdai/lidar_ws/src/xsens_node/src/xsens_data_publisher.cpp:16:1:[m[K [01;36m[Knote: [m[Kto match this ‘[01m[K{[m[K’
   16 | [01;36m[K{[m[K
      | [01;36m[K^[m[K
[01m[K/home/ngocdai/lidar_ws/src/xsens_node/src/xsens_data_publisher.cpp:[m[K In constructor ‘[01m[KXsensPublisher::XsensPublisher()[m[K’:
[01m[K/home/ngocdai/lidar_ws/src/xsens_node/src/xsens_data_publisher.cpp:19:36:[m[K [01;31m[Kerror: [m[Kclass ‘[01m[KXsensPublisher[m[K’ does not have any field named ‘[01m[Kcount_[m[K’
   19 |         : Node("xsens_publisher"), [01;31m[Kcount_[m[K(0)
      |                                    [01;31m[K^~~~~~[m[K
[01m[K/home/ngocdai/lidar_ws/src/xsens_node/src/xsens_data_publisher.cpp:21:13:[m[K [01;31m[Kerror: [m[K‘[01m[Kpublisher_[m[K’ was not declared in this scope; did you mean ‘[01m[Krmw_publisher_t[m[K’?
   21 |             [01;31m[Kpublisher_[m[K = this->create_publisher<std_msgs::msg::String>("topic", 10);
      |             [01;31m[K^~~~~~~~~~[m[K
      |             [32m[Krmw_publisher_t[m[K
[01m[K/home/ngocdai/lidar_ws/src/xsens_node/src/xsens_data_publisher.cpp:22:13:[m[K [01;31m[Kerror: [m[K‘[01m[Ktimer_[m[K’ was not declared in this scope; did you mean ‘[01m[Ktimer_t[m[K’?
   22 |             [01;31m[Ktimer_[m[K = this->create_wall_timer(
      |             [01;31m[K^~~~~~[m[K
      |             [32m[Ktimer_t[m[K
[01m[K/home/ngocdai/lidar_ws/src/xsens_node/src/xsens_data_publisher.cpp:[m[K In member function ‘[01m[Kvoid XsensPublisher::timer_callback()[m[K’:
[01m[K/home/ngocdai/lidar_ws/src/xsens_node/src/xsens_data_publisher.cpp:31:13:[m[K [01;31m[Kerror: [m[Kexpected ‘[01m[K;[m[K’ before ‘[01m[KRCLCPP_INFO[m[K’
   31 |             [01;31m[KRCLCPP_INFO[m[K(this->get_logger(), "Publishing:";
      |             [01;31m[K^~~~~~~~~~~[m[K
[01m[K/home/ngocdai/lidar_ws/src/xsens_node/src/xsens_data_publisher.cpp:31:24:[m[K [01;31m[Kerror: [m[Kexpected ‘[01m[K}[m[K’ at end of input
   31 |             RCLCPP_INFO[01;31m[K([m[Kthis->get_logger(), "Publishing:";
      |                        [01;31m[K^[m[K
[01m[K/home/ngocdai/lidar_ws/src/xsens_node/src/xsens_data_publisher.cpp:28:9:[m[K [01;36m[Knote: [m[Kto match this ‘[01m[K{[m[K’
   28 |         [01;36m[K{[m[K
      |         [01;36m[K^[m[K
[01m[K/home/ngocdai/lidar_ws/src/xsens_node/src/xsens_data_publisher.cpp:[m[K At global scope:
[01m[K/home/ngocdai/lidar_ws/src/xsens_node/src/xsens_data_publisher.cpp:31:24:[m[K [01;31m[Kerror: [m[Kexpected unqualified-id at end of input
   31 |             RCLCPP_INFO[01;31m[K([m[Kthis->get_logger(), "Publishing:";
      |                        [01;31m[K^[m[K
gmake[2]: *** [CMakeFiles/xsens_pub.dir/build.make:76: CMakeFiles/xsens_pub.dir/src/xsens_data_publisher.cpp.o] Error 1
gmake[1]: *** [CMakeFiles/Makefile2:137: CMakeFiles/xsens_pub.dir/all] Error 2
gmake: *** [Makefile:146: all] Error 2
