[0.512s] Invoking command in '/home/ngocdai/lidar_ws/build/my_bleak': PYTHONPATH=/home/ngocdai/lidar_ws/build/my_bleak/prefix_override:/home/ngocdai/lidar_ws/install/my_bleak/lib/python3.10/site-packages:${PYTHONPATH} /usr/bin/python3 setup.py develop --uninstall --editable --build-directory /home/ngocdai/lidar_ws/build/my_bleak/build
[0.715s] running develop
[0.879s] Invoked command in '/home/ngocdai/lidar_ws/build/my_bleak' returned '0': PYTHONPATH=/home/ngocdai/lidar_ws/build/my_bleak/prefix_override:/home/ngocdai/lidar_ws/install/my_bleak/lib/python3.10/site-packages:${PYTHONPATH} /usr/bin/python3 setup.py develop --uninstall --editable --build-directory /home/ngocdai/lidar_ws/build/my_bleak/build
[0.880s] Invoking command in '/home/ngocdai/lidar_ws/src/my_bleak': PYTHONPATH=/home/ngocdai/lidar_ws/build/my_bleak/prefix_override:/home/ngocdai/lidar_ws/install/my_bleak/lib/python3.10/site-packages:${PYTHONPATH} /usr/bin/python3 setup.py egg_info --egg-base ../../build/my_bleak build --build-base /home/ngocdai/lidar_ws/build/my_bleak/build install --record /home/ngocdai/lidar_ws/build/my_bleak/install.log --single-version-externally-managed
[1.071s] running egg_info
[1.072s] writing ../../build/my_bleak/my_bleak.egg-info/PKG-INFO
[1.072s] writing dependency_links to ../../build/my_bleak/my_bleak.egg-info/dependency_links.txt
[1.072s] writing entry points to ../../build/my_bleak/my_bleak.egg-info/entry_points.txt
[1.072s] writing requirements to ../../build/my_bleak/my_bleak.egg-info/requires.txt
[1.072s] writing top-level names to ../../build/my_bleak/my_bleak.egg-info/top_level.txt
[1.073s] reading manifest file '../../build/my_bleak/my_bleak.egg-info/SOURCES.txt'
[1.074s] writing manifest file '../../build/my_bleak/my_bleak.egg-info/SOURCES.txt'
[1.074s] running build
[1.074s] running build_py
[1.074s] copying my_bleak/odom_node.py -> /home/ngocdai/lidar_ws/build/my_bleak/build/lib/my_bleak
[1.074s] running install
[1.075s] running install_lib
[1.075s] copying /home/ngocdai/lidar_ws/build/my_bleak/build/lib/my_bleak/odom_node.py -> /home/ngocdai/lidar_ws/install/my_bleak/lib/python3.10/site-packages/my_bleak
[1.075s] byte-compiling /home/ngocdai/lidar_ws/install/my_bleak/lib/python3.10/site-packages/my_bleak/odom_node.py to odom_node.cpython-310.pyc
[1.076s] running install_data
[1.076s] running install_egg_info
[1.077s] removing '/home/ngocdai/lidar_ws/install/my_bleak/lib/python3.10/site-packages/my_bleak-0.0.0-py3.10.egg-info' (and everything under it)
[1.077s] Copying ../../build/my_bleak/my_bleak.egg-info to /home/ngocdai/lidar_ws/install/my_bleak/lib/python3.10/site-packages/my_bleak-0.0.0-py3.10.egg-info
[1.078s] running install_scripts
[1.092s] Installing bleak_client script to /home/ngocdai/lidar_ws/install/my_bleak/lib/my_bleak
[1.092s] Installing bleak_node script to /home/ngocdai/lidar_ws/install/my_bleak/lib/my_bleak
[1.092s] Installing odom_node script to /home/ngocdai/lidar_ws/install/my_bleak/lib/my_bleak
[1.092s] writing list of installed files to '/home/ngocdai/lidar_ws/build/my_bleak/install.log'
[1.114s] Invoked command in '/home/ngocdai/lidar_ws/src/my_bleak' returned '0': PYTHONPATH=/home/ngocdai/lidar_ws/build/my_bleak/prefix_override:/home/ngocdai/lidar_ws/install/my_bleak/lib/python3.10/site-packages:${PYTHONPATH} /usr/bin/python3 setup.py egg_info --egg-base ../../build/my_bleak build --build-base /home/ngocdai/lidar_ws/build/my_bleak/build install --record /home/ngocdai/lidar_ws/build/my_bleak/install.log --single-version-externally-managed
