[0.006s] Invoking command in '/home/ngocdai/lidar_ws/build/xsens_node': CMAKE_PREFIX_PATH=/home/ngocdai/lidar_ws/install/xsens_library:/home/ngocdai/lidar_ws/install/xsens_node:/home/ngocdai/lidar_ws/install/cpp_xsens:/home/ngocdai/lidar_ws/install/my_bleak:/opt/ros/iron /usr/bin/cmake --build /home/ngocdai/lidar_ws/build/xsens_node -- -j12 -l12
[0.022s] -- Found ament_cmake_python: 2.0.3 (/opt/ros/iron/share/ament_cmake_python/cmake)
[0.022s] -- Found ament_cmake: 2.0.3 (/opt/ros/iron/share/ament_cmake/cmake)
[0.115s] -- Found rclcpp: 21.0.3 (/opt/ros/iron/share/rclcpp/cmake)
[0.135s] -- Found rosidl_generator_c: 4.0.1 (/opt/ros/iron/share/rosidl_generator_c/cmake)
[0.141s] -- Found rosidl_generator_cpp: 4.0.1 (/opt/ros/iron/share/rosidl_generator_cpp/cmake)
[0.149s] -- Using all available rosidl_typesupport_c: rosidl_typesupport_fastrtps_c;rosidl_typesupport_introspection_c
[0.160s] -- Using all available rosidl_typesupport_cpp: rosidl_typesupport_fastrtps_cpp;rosidl_typesupport_introspection_cpp
[0.268s] -- Found rmw_implementation_cmake: 7.1.0 (/opt/ros/iron/share/rmw_implementation_cmake/cmake)
[0.269s] -- Found rmw_fastrtps_cpp: 7.1.1 (/opt/ros/iron/share/rmw_fastrtps_cpp/cmake)
[0.355s] -- Using RMW implementation 'rmw_fastrtps_cpp' as default
[0.471s] -- Found std_msgs: 5.0.0 (/opt/ros/iron/share/std_msgs/cmake)
[0.492s] -- Found xsens_library: 0.0.0 (/home/ngocdai/lidar_ws/install/xsens_library/share/xsens_library/cmake)
[0.493s] -- Found nav_msgs: 5.0.0 (/opt/ros/iron/share/nav_msgs/cmake)
[0.606s] -- Found sensor_msgs: 5.0.0 (/opt/ros/iron/share/sensor_msgs/cmake)
[0.678s] -- Found yaml_cpp_vendor: 8.1.2 (/opt/ros/iron/share/yaml_cpp_vendor/cmake)
[0.679s] -- Found ament_lint_auto: 0.14.2 (/opt/ros/iron/share/ament_lint_auto/cmake)
[0.724s] -- Added test 'cppcheck' to perform static code analysis on C / C++ code
[0.725s] -- Configured cppcheck include dirs: 
[0.725s] -- Configured cppcheck exclude dirs and/or files: 
[0.725s] -- Added test 'flake8' to check Python code syntax and style conventions
[0.725s] -- Configured 'flake8' exclude dirs and/or files: 
[0.725s] -- Added test 'lint_cmake' to check CMake code style
[0.725s] -- Added test 'pep257' to check Python code against some of the docstring style conventions in PEP 257
[0.726s] -- Added test 'uncrustify' to check C / C++ code style
[0.726s] -- Configured uncrustify additional arguments: 
[0.726s] -- Added test 'xmllint' to check XML markup files
[0.726s] -- Configuring done
[0.736s] -- Generating done
[0.737s] -- Build files have been written to: /home/ngocdai/lidar_ws/build/xsens_node
[0.755s] [35m[1mConsolidate compiler generated dependencies of target xsens_rec[0m
[0.755s] [35m[1mConsolidate compiler generated dependencies of target xsens_pub[0m
[0.768s] [ 75%] Built target xsens_rec
[0.768s] [100%] Built target xsens_pub
[0.774s] Invoked command in '/home/ngocdai/lidar_ws/build/xsens_node' returned '0': CMAKE_PREFIX_PATH=/home/ngocdai/lidar_ws/install/xsens_library:/home/ngocdai/lidar_ws/install/xsens_node:/home/ngocdai/lidar_ws/install/cpp_xsens:/home/ngocdai/lidar_ws/install/my_bleak:/opt/ros/iron /usr/bin/cmake --build /home/ngocdai/lidar_ws/build/xsens_node -- -j12 -l12
[0.791s] Invoking command in '/home/ngocdai/lidar_ws/build/xsens_node': CMAKE_PREFIX_PATH=/home/ngocdai/lidar_ws/install/xsens_library:/home/ngocdai/lidar_ws/install/xsens_node:/home/ngocdai/lidar_ws/install/cpp_xsens:/home/ngocdai/lidar_ws/install/my_bleak:/opt/ros/iron /usr/bin/cmake --install /home/ngocdai/lidar_ws/build/xsens_node
[0.796s] -- Install configuration: ""
[0.796s] -- Up-to-date: /home/ngocdai/lidar_ws/install/xsens_node/lib/xsens_node/xsens_pub
[0.796s] -- Up-to-date: /home/ngocdai/lidar_ws/install/xsens_node/lib/xsens_node/xsens_rec
[0.796s] -- Up-to-date: /home/ngocdai/lidar_ws/install/xsens_node/share/xsens_node/launch
[0.796s] -- Up-to-date: /home/ngocdai/lidar_ws/install/xsens_node/share/xsens_node/launch/lidar_launch.py
[0.796s] -- Up-to-date: /home/ngocdai/lidar_ws/install/xsens_node/share/xsens_node/src
[0.796s] -- Up-to-date: /home/ngocdai/lidar_ws/install/xsens_node/share/xsens_node/src/odometry_publisher.cpp
[0.796s] -- Up-to-date: /home/ngocdai/lidar_ws/install/xsens_node/share/xsens_node/src/xsens_data_publisher.cpp
[0.796s] -- Up-to-date: /home/ngocdai/lidar_ws/install/xsens_node/share/xsens_node/src/xsens_data_receiver.cpp
[0.796s] -- Up-to-date: /home/ngocdai/lidar_ws/install/xsens_node/share/xsens_node/config
[0.796s] -- Up-to-date: /home/ngocdai/lidar_ws/install/xsens_node/share/xsens_node/config/ekf.yaml
[0.796s] -- Installing: /home/ngocdai/lidar_ws/install/xsens_node/share/ament_index/resource_index/package_run_dependencies/xsens_node
[0.796s] -- Up-to-date: /home/ngocdai/lidar_ws/install/xsens_node/share/ament_index/resource_index/parent_prefix_path/xsens_node
[0.797s] -- Up-to-date: /home/ngocdai/lidar_ws/install/xsens_node/share/xsens_node/environment/ament_prefix_path.sh
[0.797s] -- Up-to-date: /home/ngocdai/lidar_ws/install/xsens_node/share/xsens_node/environment/ament_prefix_path.dsv
[0.797s] -- Up-to-date: /home/ngocdai/lidar_ws/install/xsens_node/share/xsens_node/environment/path.sh
[0.797s] -- Up-to-date: /home/ngocdai/lidar_ws/install/xsens_node/share/xsens_node/environment/path.dsv
[0.797s] -- Up-to-date: /home/ngocdai/lidar_ws/install/xsens_node/share/xsens_node/local_setup.bash
[0.797s] -- Up-to-date: /home/ngocdai/lidar_ws/install/xsens_node/share/xsens_node/local_setup.sh
[0.797s] -- Up-to-date: /home/ngocdai/lidar_ws/install/xsens_node/share/xsens_node/local_setup.zsh
[0.797s] -- Up-to-date: /home/ngocdai/lidar_ws/install/xsens_node/share/xsens_node/local_setup.dsv
[0.797s] -- Installing: /home/ngocdai/lidar_ws/install/xsens_node/share/xsens_node/package.dsv
[0.797s] -- Up-to-date: /home/ngocdai/lidar_ws/install/xsens_node/share/ament_index/resource_index/packages/xsens_node
[0.797s] -- Up-to-date: /home/ngocdai/lidar_ws/install/xsens_node/share/xsens_node/cmake/xsens_nodeConfig.cmake
[0.797s] -- Up-to-date: /home/ngocdai/lidar_ws/install/xsens_node/share/xsens_node/cmake/xsens_nodeConfig-version.cmake
[0.797s] -- Installing: /home/ngocdai/lidar_ws/install/xsens_node/share/xsens_node/package.xml
[0.799s] Invoked command in '/home/ngocdai/lidar_ws/build/xsens_node' returned '0': CMAKE_PREFIX_PATH=/home/ngocdai/lidar_ws/install/xsens_library:/home/ngocdai/lidar_ws/install/xsens_node:/home/ngocdai/lidar_ws/install/cpp_xsens:/home/ngocdai/lidar_ws/install/my_bleak:/opt/ros/iron /usr/bin/cmake --install /home/ngocdai/lidar_ws/build/xsens_node
