[0.005s] Invoking command in '/home/ngocdai/lidar_ws/build/xsens_node': AMENT_PREFIX_PATH=/home/ngocdai/lidar_ws/install/xsens_library:${AMENT_PREFIX_PATH} CMAKE_PREFIX_PATH=/home/ngocdai/lidar_ws/install/xsens_library:/opt/ros/iron LD_LIBRARY_PATH=/home/ngocdai/lidar_ws/install/xsens_library/lib:${LD_LIBRARY_PATH} /usr/bin/cmake --build /home/ngocdai/lidar_ws/build/xsens_node -- -j12 -l12
[0.032s] [35m[1mConsolidate compiler generated dependencies of target odom_pub[0m
[0.033s] [35m[1mConsolidate compiler generated dependencies of target xsens_rec[0m
[0.043s] [ 33%] Built target xsens_pub
[0.044s] [ 50%] [32mBuilding CXX object CMakeFiles/odom_pub.dir/src/odometry_publisher.cpp.o[0m
[0.045s] [ 83%] Built target xsens_rec
[1.906s] [01m[K/home/ngocdai/lidar_ws/src/xsens_node/src/odometry_publisher.cpp:[m[K In constructor ‘[01m[KOdometryFromImu::OdometryFromImu()[m[K’:
[1.906s] [01m[K/home/ngocdai/lidar_ws/src/xsens_node/src/odometry_publisher.cpp:21:37:[m[K [01;31m[Kerror: [m[Kno match for ‘[01m[Koperator=[m[K’ (operand types are ‘[01m[Kgeometry_msgs::msg::Vector3[m[K’ {aka ‘[01m[Kgeometry_msgs::msg::Vector3_<std::allocator<void> >[m[K’} and ‘[01m[K<brace-enclosed initializer list>[m[K’)
[1.906s]    21 |     robot_position_ = {0.0, 0.0, 0.0[01;31m[K}[m[K;
[1.906s]       |                                     [01;31m[K^[m[K
[1.906s] In file included from [01m[K/opt/ros/iron/include/sensor_msgs/sensor_msgs/msg/detail/imu__struct.hpp:25[m[K,
[1.906s]                  from [01m[K/opt/ros/iron/include/sensor_msgs/sensor_msgs/msg/imu.hpp:7[m[K,
[1.906s]                  from [01m[K/home/ngocdai/lidar_ws/src/xsens_node/src/odometry_publisher.cpp:2[m[K:
[1.906s] [01m[K/opt/ros/iron/include/geometry_msgs/geometry_msgs/msg/detail/vector3__struct.hpp:32:8:[m[K [01;36m[Knote: [m[Kcandidate: ‘[01m[Kconstexpr geometry_msgs::msg::Vector3_<std::allocator<void> >& geometry_msgs::msg::Vector3_<std::allocator<void> >::operator=(const geometry_msgs::msg::Vector3_<std::allocator<void> >&)[m[K’
[1.906s]    32 | struct [01;36m[KVector3_[m[K
[1.906s]       |        [01;36m[K^~~~~~~~[m[K
[1.906s] [01m[K/opt/ros/iron/include/geometry_msgs/geometry_msgs/msg/detail/vector3__struct.hpp:32:8:[m[K [01;36m[Knote: [m[K  no known conversion for argument 1 from ‘[01m[K<brace-enclosed initializer list>[m[K’ to ‘[01m[Kconst geometry_msgs::msg::Vector3_<std::allocator<void> >&[m[K’
[1.906s] [01m[K/opt/ros/iron/include/geometry_msgs/geometry_msgs/msg/detail/vector3__struct.hpp:32:8:[m[K [01;36m[Knote: [m[Kcandidate: ‘[01m[Kconstexpr geometry_msgs::msg::Vector3_<std::allocator<void> >& geometry_msgs::msg::Vector3_<std::allocator<void> >::operator=(geometry_msgs::msg::Vector3_<std::allocator<void> >&&)[m[K’
[1.906s] [01m[K/opt/ros/iron/include/geometry_msgs/geometry_msgs/msg/detail/vector3__struct.hpp:32:8:[m[K [01;36m[Knote: [m[K  no known conversion for argument 1 from ‘[01m[K<brace-enclosed initializer list>[m[K’ to ‘[01m[Kgeometry_msgs::msg::Vector3_<std::allocator<void> >&&[m[K’
[1.906s] [01m[K/home/ngocdai/lidar_ws/src/xsens_node/src/odometry_publisher.cpp:22:45:[m[K [01;31m[Kerror: [m[Kno match for ‘[01m[Koperator=[m[K’ (operand types are ‘[01m[Kgeometry_msgs::msg::Quaternion[m[K’ {aka ‘[01m[Kgeometry_msgs::msg::Quaternion_<std::allocator<void> >[m[K’} and ‘[01m[K<brace-enclosed initializer list>[m[K’)
[1.906s]    22 |     robot_orientation_ = {1.0, 0.0, 0.0, 0.0[01;31m[K}[m[K;
[1.906s]       |                                             [01;31m[K^[m[K
[1.906s] In file included from [01m[K/opt/ros/iron/include/sensor_msgs/sensor_msgs/msg/detail/imu__struct.hpp:22[m[K,
[1.906s]                  from [01m[K/opt/ros/iron/include/sensor_msgs/sensor_msgs/msg/imu.hpp:7[m[K,
[1.906s]                  from [01m[K/home/ngocdai/lidar_ws/src/xsens_node/src/odometry_publisher.cpp:2[m[K:
[1.907s] [01m[K/opt/ros/iron/include/geometry_msgs/geometry_msgs/msg/detail/quaternion__struct.hpp:32:8:[m[K [01;36m[Knote: [m[Kcandidate: ‘[01m[Kconstexpr geometry_msgs::msg::Quaternion_<std::allocator<void> >& geometry_msgs::msg::Quaternion_<std::allocator<void> >::operator=(const geometry_msgs::msg::Quaternion_<std::allocator<void> >&)[m[K’
[1.907s]    32 | struct [01;36m[KQuaternion_[m[K
[1.907s]       |        [01;36m[K^~~~~~~~~~~[m[K
[1.907s] [01m[K/opt/ros/iron/include/geometry_msgs/geometry_msgs/msg/detail/quaternion__struct.hpp:32:8:[m[K [01;36m[Knote: [m[K  no known conversion for argument 1 from ‘[01m[K<brace-enclosed initializer list>[m[K’ to ‘[01m[Kconst geometry_msgs::msg::Quaternion_<std::allocator<void> >&[m[K’
[1.907s] [01m[K/opt/ros/iron/include/geometry_msgs/geometry_msgs/msg/detail/quaternion__struct.hpp:32:8:[m[K [01;36m[Knote: [m[Kcandidate: ‘[01m[Kconstexpr geometry_msgs::msg::Quaternion_<std::allocator<void> >& geometry_msgs::msg::Quaternion_<std::allocator<void> >::operator=(geometry_msgs::msg::Quaternion_<std::allocator<void> >&&)[m[K’
[1.907s] [01m[K/opt/ros/iron/include/geometry_msgs/geometry_msgs/msg/detail/quaternion__struct.hpp:32:8:[m[K [01;36m[Knote: [m[K  no known conversion for argument 1 from ‘[01m[K<brace-enclosed initializer list>[m[K’ to ‘[01m[Kgeometry_msgs::msg::Quaternion_<std::allocator<void> >&&[m[K’
[1.907s] [01m[K/home/ngocdai/lidar_ws/src/xsens_node/src/odometry_publisher.cpp:[m[K In member function ‘[01m[Kvoid OdometryFromImu::onImuMessage(sensor_msgs::msg::Imu_<std::allocator<void> >::SharedPtr)[m[K’:
[1.907s] [01m[K/home/ngocdai/lidar_ws/src/xsens_node/src/odometry_publisher.cpp:36:21:[m[K [01;31m[Kerror: [m[Kno match for ‘[01m[Koperator+=[m[K’ (operand types are ‘[01m[Kgeometry_msgs::msg::Vector3[m[K’ {aka ‘[01m[Kgeometry_msgs::msg::Vector3_<std::allocator<void> >[m[K’} and ‘[01m[Kgeometry_msgs::msg::Vector3[m[K’ {aka ‘[01m[Kgeometry_msgs::msg::Vector3_<std::allocator<void> >[m[K’})
[1.907s]    36 |     [01;31m[Krobot_position_ += displacement[m[K;
[1.907s]       |     [01;31m[K~~~~~~~~~~~~~~~~^~~~~~~~~~~~~~~[m[K
[1.907s] [01m[K/home/ngocdai/lidar_ws/src/xsens_node/src/odometry_publisher.cpp:37:24:[m[K [01;31m[Kerror: [m[Kno match for ‘[01m[Koperator*=[m[K’ (operand types are ‘[01m[Kgeometry_msgs::msg::Quaternion[m[K’ {aka ‘[01m[Kgeometry_msgs::msg::Quaternion_<std::allocator<void> >[m[K’} and ‘[01m[Kgeometry_msgs::msg::Quaternion[m[K’ {aka ‘[01m[Kgeometry_msgs::msg::Quaternion_<std::allocator<void> >[m[K’})
[1.907s]    37 |     [01;31m[Krobot_orientation_ *= orientation[m[K;
[1.907s]       |     [01;31m[K~~~~~~~~~~~~~~~~~~~^~~~~~~~~~~~~~[m[K
[1.908s] [01m[K/home/ngocdai/lidar_ws/src/xsens_node/src/odometry_publisher.cpp:43:43:[m[K [01;31m[Kerror: [m[Kno match for ‘[01m[Koperator=[m[K’ (operand types are ‘[01m[Kgeometry_msgs::msg::Pose_<std::allocator<void> >::_position_type[m[K’ {aka ‘[01m[Kgeometry_msgs::msg::Point_<std::allocator<void> >[m[K’} and ‘[01m[Kgeometry_msgs::msg::Vector3[m[K’ {aka ‘[01m[Kgeometry_msgs::msg::Vector3_<std::allocator<void> >[m[K’})
[1.908s]    43 |     odometry_message.pose.pose.position = [01;31m[Krobot_position_[m[K;
[1.908s]       |                                           [01;31m[K^~~~~~~~~~~~~~~[m[K
[1.908s] In file included from [01m[K/opt/ros/iron/include/geometry_msgs/geometry_msgs/msg/detail/pose__struct.hpp:20[m[K,
[1.908s]                  from [01m[K/opt/ros/iron/include/geometry_msgs/geometry_msgs/msg/detail/pose_with_covariance__struct.hpp:20[m[K,
[1.908s]                  from [01m[K/opt/ros/iron/include/nav_msgs/nav_msgs/msg/detail/odometry__struct.hpp:22[m[K,
[1.908s]                  from [01m[K/opt/ros/iron/include/nav_msgs/nav_msgs/msg/odometry.hpp:7[m[K,
[1.908s]                  from [01m[K/home/ngocdai/lidar_ws/src/xsens_node/src/odometry_publisher.cpp:3[m[K:
[1.908s] [01m[K/opt/ros/iron/include/geometry_msgs/geometry_msgs/msg/detail/point__struct.hpp:32:8:[m[K [01;36m[Knote: [m[Kcandidate: ‘[01m[Kconstexpr geometry_msgs::msg::Point_<std::allocator<void> >& geometry_msgs::msg::Point_<std::allocator<void> >::operator=(const geometry_msgs::msg::Point_<std::allocator<void> >&)[m[K’
[1.908s]    32 | struct [01;36m[KPoint_[m[K
[1.908s]       |        [01;36m[K^~~~~~[m[K
[1.908s] [01m[K/opt/ros/iron/include/geometry_msgs/geometry_msgs/msg/detail/point__struct.hpp:32:8:[m[K [01;36m[Knote: [m[K  no known conversion for argument 1 from ‘[01m[Kgeometry_msgs::msg::Vector3[m[K’ {aka ‘[01m[Kgeometry_msgs::msg::Vector3_<std::allocator<void> >[m[K’} to ‘[01m[Kconst geometry_msgs::msg::Point_<std::allocator<void> >&[m[K’
[1.908s] [01m[K/opt/ros/iron/include/geometry_msgs/geometry_msgs/msg/detail/point__struct.hpp:32:8:[m[K [01;36m[Knote: [m[Kcandidate: ‘[01m[Kconstexpr geometry_msgs::msg::Point_<std::allocator<void> >& geometry_msgs::msg::Point_<std::allocator<void> >::operator=(geometry_msgs::msg::Point_<std::allocator<void> >&&)[m[K’
[1.908s] [01m[K/opt/ros/iron/include/geometry_msgs/geometry_msgs/msg/detail/point__struct.hpp:32:8:[m[K [01;36m[Knote: [m[K  no known conversion for argument 1 from ‘[01m[Kgeometry_msgs::msg::Vector3[m[K’ {aka ‘[01m[Kgeometry_msgs::msg::Vector3_<std::allocator<void> >[m[K’} to ‘[01m[Kgeometry_msgs::msg::Point_<std::allocator<void> >&&[m[K’
[1.908s] [01m[K/home/ngocdai/lidar_ws/src/xsens_node/src/odometry_publisher.cpp:45:76:[m[K [01;31m[Kerror: [m[K‘[01m[Kusing _stamp_type = struct builtin_interfaces::msg::Time_<std::allocator<void> >[m[K’ {aka ‘[01m[Kstruct builtin_interfaces::msg::Time_<std::allocator<void> >[m[K’} has no member named ‘[01m[KtoSec[m[K’
[1.908s]    45 |     odometry_message.twist.twist.linear = displacement / msg->header.stamp.[01;31m[KtoSec[m[K();
[1.908s]       |                                                                            [01;31m[K^~~~~[m[K
[1.915s] [01m[K/home/ngocdai/lidar_ws/src/xsens_node/src/odometry_publisher.cpp:46:46:[m[K [01;31m[Kerror: [m[K‘[01m[Kangular_velocity_[m[K’ was not declared in this scope
[1.916s]    46 |     odometry_message.twist.twist.angular.z = [01;31m[Kangular_velocity_[m[K;
[1.916s]       |                                              [01;31m[K^~~~~~~~~~~~~~~~~[m[K
[3.476s] gmake[2]: *** [CMakeFiles/odom_pub.dir/build.make:76: CMakeFiles/odom_pub.dir/src/odometry_publisher.cpp.o] Error 1
[3.476s] gmake[1]: *** [CMakeFiles/Makefile2:193: CMakeFiles/odom_pub.dir/all] Error 2
[3.476s] gmake: *** [Makefile:146: all] Error 2
[3.478s] Invoked command in '/home/ngocdai/lidar_ws/build/xsens_node' returned '2': AMENT_PREFIX_PATH=/home/ngocdai/lidar_ws/install/xsens_library:${AMENT_PREFIX_PATH} CMAKE_PREFIX_PATH=/home/ngocdai/lidar_ws/install/xsens_library:/opt/ros/iron LD_LIBRARY_PATH=/home/ngocdai/lidar_ws/install/xsens_library/lib:${LD_LIBRARY_PATH} /usr/bin/cmake --build /home/ngocdai/lidar_ws/build/xsens_node -- -j12 -l12
