[0.005s] Invoking command in '/home/ngocdai/lidar_ws/build/xsens_node': AMENT_PREFIX_PATH=/home/ngocdai/lidar_ws/install/xsens_library:${AMENT_PREFIX_PATH} CMAKE_PREFIX_PATH=/home/ngocdai/lidar_ws/install/xsens_library:/opt/ros/iron LD_LIBRARY_PATH=/home/ngocdai/lidar_ws/install/xsens_library/lib:${LD_LIBRARY_PATH} /usr/bin/cmake --build /home/ngocdai/lidar_ws/build/xsens_node -- -j12 -l12
[0.022s] -- Found ament_cmake: 2.0.3 (/opt/ros/iron/share/ament_cmake/cmake)
[0.128s] -- Found rclcpp: 21.0.3 (/opt/ros/iron/share/rclcpp/cmake)
[0.149s] -- Found rosidl_generator_c: 4.0.1 (/opt/ros/iron/share/rosidl_generator_c/cmake)
[0.155s] -- Found rosidl_generator_cpp: 4.0.1 (/opt/ros/iron/share/rosidl_generator_cpp/cmake)
[0.164s] -- Using all available rosidl_typesupport_c: rosidl_typesupport_fastrtps_c;rosidl_typesupport_introspection_c
[0.175s] -- Using all available rosidl_typesupport_cpp: rosidl_typesupport_fastrtps_cpp;rosidl_typesupport_introspection_cpp
[0.288s] -- Found rmw_implementation_cmake: 7.1.0 (/opt/ros/iron/share/rmw_implementation_cmake/cmake)
[0.289s] -- Found rmw_fastrtps_cpp: 7.1.1 (/opt/ros/iron/share/rmw_fastrtps_cpp/cmake)
[0.382s] -- Using RMW implementation 'rmw_fastrtps_cpp' as default
[0.505s] -- Found std_msgs: 5.0.0 (/opt/ros/iron/share/std_msgs/cmake)
[0.528s] -- Found xsens_library: 0.0.0 (/home/ngocdai/lidar_ws/install/xsens_library/share/xsens_library/cmake)
[0.528s] -- Found ament_lint_auto: 0.14.2 (/opt/ros/iron/share/ament_lint_auto/cmake)
[0.575s] -- Added test 'cppcheck' to perform static code analysis on C / C++ code
[0.575s] -- Configured cppcheck include dirs: 
[0.575s] -- Configured cppcheck exclude dirs and/or files: 
[0.575s] -- Added test 'lint_cmake' to check CMake code style
[0.576s] -- Added test 'uncrustify' to check C / C++ code style
[0.576s] -- Configured uncrustify additional arguments: 
[0.576s] -- Added test 'xmllint' to check XML markup files
[0.576s] -- Configuring done
[0.583s] -- Generating done
[0.584s] -- Build files have been written to: /home/ngocdai/lidar_ws/build/xsens_node
[0.603s] [35m[1mConsolidate compiler generated dependencies of target xsens_pub[0m
[0.615s] [ 50%] [32mBuilding CXX object CMakeFiles/xsens_pub.dir/src/xsens_data_publisher.cpp.o[0m
[2.522s] [01m[K/home/ngocdai/lidar_ws/src/xsens_node/src/xsens_data_publisher.cpp:[m[K In member function ‘[01m[Kvoid XsensPublisher::timer_callback()[m[K’:
[2.522s] [01m[K/home/ngocdai/lidar_ws/src/xsens_node/src/xsens_data_publisher.cpp:28:33:[m[K [01;31m[Kerror: [m[K‘[01m[Kdevices[m[K’ was not declared in this scope; did you mean ‘[01m[Kdevice[m[K’?
[2.522s]    28 |             for (auto* device : [01;31m[Kdevices[m[K) {
[2.522s]       |                                 [01;31m[K^~~~~~~[m[K
[2.522s]       |                                 [32m[Kdevice[m[K
[2.523s] [01m[K/home/ngocdai/lidar_ws/src/xsens_node/src/xsens_data_publisher.cpp:[m[K At global scope:
[2.523s] [01m[K/home/ngocdai/lidar_ws/src/xsens_node/src/xsens_data_publisher.cpp:45:33:[m[K [01;31m[Kerror: [m[K‘[01m[KXsDevice[m[K’ does not name a type; did you mean ‘[01m[KXsDeviceId[m[K’?
[2.523s]    45 | void printDeviceConnected(const [01;31m[KXsDevice[m[K* device) {
[2.523s]       |                                 [01;31m[K^~~~~~~~[m[K
[2.523s]       |                                 [32m[KXsDeviceId[m[K
[2.524s] [01m[K/home/ngocdai/lidar_ws/src/xsens_node/src/xsens_data_publisher.cpp:[m[K In function ‘[01m[Kvoid printDeviceConnected(const int*)[m[K’:
[2.524s] [01m[K/home/ngocdai/lidar_ws/src/xsens_node/src/xsens_data_publisher.cpp:46:48:[m[K [01;31m[Kerror: [m[Krequest for member ‘[01m[KbluetoothAddress[m[K’ in ‘[01m[K* device[m[K’, which is of non-class type ‘[01m[Kconst int[m[K’
[2.524s]    46 |   std::cout << "Device connected: " << device->[01;31m[KbluetoothAddress[m[K().toStdString() << std::endl;
[2.524s]       |                                                [01;31m[K^~~~~~~~~~~~~~~~[m[K
[2.527s] [01m[K/home/ngocdai/lidar_ws/src/xsens_node/src/xsens_data_publisher.cpp:[m[K At global scope:
[2.527s] [01m[K/home/ngocdai/lidar_ws/src/xsens_node/src/xsens_data_publisher.cpp:49:13:[m[K [01;31m[Kerror: [m[K‘[01m[KXsDevice[m[K’ was not declared in this scope; did you mean ‘[01m[KXsDeviceId[m[K’?
[2.527s]    49 | std::vector<[01;31m[KXsDevice[m[K*> scanForBluetoothDevices()
[2.527s]       |             [01;31m[K^~~~~~~~[m[K
[2.527s]       |             [32m[KXsDeviceId[m[K
[2.527s] [01m[K/home/ngocdai/lidar_ws/src/xsens_node/src/xsens_data_publisher.cpp:49:22:[m[K [01;31m[Kerror: [m[Ktemplate argument 1 is invalid
[2.527s]    49 | std::vector<XsDevice*[01;31m[K>[m[K scanForBluetoothDevices()
[2.527s]       |                      [01;31m[K^[m[K
[2.527s] [01m[K/home/ngocdai/lidar_ws/src/xsens_node/src/xsens_data_publisher.cpp:49:22:[m[K [01;31m[Kerror: [m[Ktemplate argument 2 is invalid
[2.528s] [01m[K/home/ngocdai/lidar_ws/src/xsens_node/src/xsens_data_publisher.cpp:[m[K In function ‘[01m[Kint scanForBluetoothDevices()[m[K’:
[2.528s] [01m[K/home/ngocdai/lidar_ws/src/xsens_node/src/xsens_data_publisher.cpp:68:26:[m[K [01;31m[Kerror: [m[Kcannot convert ‘[01m[KXsDotDevice*[m[K’ to ‘[01m[Kconst int*[m[K’
[2.528s]    68 |     printDeviceConnected([01;31m[Kdevice[m[K);
[2.528s]       |                          [01;31m[K^~~~~~[m[K
[2.528s]       |                          [01;31m[K|[m[K
[2.528s]       |                          [01;31m[KXsDotDevice*[m[K
[2.528s] [01m[K/home/ngocdai/lidar_ws/src/xsens_node/src/xsens_data_publisher.cpp:45:43:[m[K [01;36m[Knote: [m[K  initializing argument 1 of ‘[01m[Kvoid printDeviceConnected(const int*)[m[K’
[2.528s]    45 | void printDeviceConnected([01;36m[Kconst XsDevice* device[m[K) {
[2.528s]       |                           [01;36m[K~~~~~~~~~~~~~~~~^~~~~~[m[K
[2.528s] [01m[K/home/ngocdai/lidar_ws/src/xsens_node/src/xsens_data_publisher.cpp:71:35:[m[K [01;31m[Kerror: [m[Kcannot convert ‘[01m[Kstd::__cxx11::list<XsDotDevice*>[m[K’ to ‘[01m[Kint[m[K’ in return
[2.528s]    71 |   return [01;31m[KxdpcHandler.connectedDots()[m[K;
[2.528s]       |          [01;31m[K~~~~~~~~~~~~~~~~~~~~~~~~~^~[m[K
[2.528s]       |                                   [01;31m[K|[m[K
[2.529s]       |                                   [01;31m[Kstd::__cxx11::list<XsDotDevice*>[m[K
[2.531s] [01m[K/home/ngocdai/lidar_ws/src/xsens_node/src/xsens_data_publisher.cpp:[m[K In function ‘[01m[Kint main(int, char**)[m[K’:
[2.531s] [01m[K/home/ngocdai/lidar_ws/src/xsens_node/src/xsens_data_publisher.cpp:78:15:[m[K [01;31m[Kerror: [m[K‘[01m[KXsDevice[m[K’ was not declared in this scope; did you mean ‘[01m[KXsDeviceId[m[K’?
[2.532s]    78 |   std::vector<[01;31m[KXsDevice[m[K*> devices = scanForBluetoothDevices();
[2.532s]       |               [01;31m[K^~~~~~~~[m[K
[2.532s]       |               [32m[KXsDeviceId[m[K
[2.532s] [01m[K/home/ngocdai/lidar_ws/src/xsens_node/src/xsens_data_publisher.cpp:78:24:[m[K [01;31m[Kerror: [m[Ktemplate argument 1 is invalid
[2.532s]    78 |   std::vector<XsDevice*[01;31m[K>[m[K devices = scanForBluetoothDevices();
[2.532s]       |                        [01;31m[K^[m[K
[2.532s] [01m[K/home/ngocdai/lidar_ws/src/xsens_node/src/xsens_data_publisher.cpp:78:24:[m[K [01;31m[Kerror: [m[Ktemplate argument 2 is invalid
[2.534s] [01m[K/home/ngocdai/lidar_ws/src/xsens_node/src/xsens_data_publisher.cpp:78:26:[m[K [01;35m[Kwarning: [m[Kunused variable ‘[01m[Kdevices[m[K’ [[01;35m[K]8;;https://gcc.gnu.org/onlinedocs/gcc/Warning-Options.html#index-Wunused-variable-Wunused-variable]8;;[m[K]
[2.534s]    78 |   std::vector<XsDevice*> [01;35m[Kdevices[m[K = scanForBluetoothDevices();
[2.534s]       |                          [01;35m[K^~~~~~~[m[K
[3.422s] gmake[2]: *** [CMakeFiles/xsens_pub.dir/build.make:76: CMakeFiles/xsens_pub.dir/src/xsens_data_publisher.cpp.o] Error 1
[3.422s] gmake[1]: *** [CMakeFiles/Makefile2:137: CMakeFiles/xsens_pub.dir/all] Error 2
[3.422s] gmake: *** [Makefile:146: all] Error 2
[3.424s] Invoked command in '/home/ngocdai/lidar_ws/build/xsens_node' returned '2': AMENT_PREFIX_PATH=/home/ngocdai/lidar_ws/install/xsens_library:${AMENT_PREFIX_PATH} CMAKE_PREFIX_PATH=/home/ngocdai/lidar_ws/install/xsens_library:/opt/ros/iron LD_LIBRARY_PATH=/home/ngocdai/lidar_ws/install/xsens_library/lib:${LD_LIBRARY_PATH} /usr/bin/cmake --build /home/ngocdai/lidar_ws/build/xsens_node -- -j12 -l12
