[0.008s] Invoking command in '/home/ngocdai/lidar_ws/build/cpp_xsens': CMAKE_PREFIX_PATH=/opt/ros/iron /usr/bin/cmake --build /home/ngocdai/lidar_ws/build/cpp_xsens -- -j12 -l12
[0.024s] -- Found ament_cmake: 2.0.3 (/opt/ros/iron/share/ament_cmake/cmake)
[0.121s] -- Found ament_lint_auto: 0.14.2 (/opt/ros/iron/share/ament_lint_auto/cmake)
[0.121s] -- Found rclcpp: 21.0.3 (/opt/ros/iron/share/rclcpp/cmake)
[0.144s] -- Found rosidl_generator_c: 4.0.1 (/opt/ros/iron/share/rosidl_generator_c/cmake)
[0.150s] -- Found rosidl_generator_cpp: 4.0.1 (/opt/ros/iron/share/rosidl_generator_cpp/cmake)
[0.159s] -- Using all available rosidl_typesupport_c: rosidl_typesupport_fastrtps_c;rosidl_typesupport_introspection_c
[0.170s] -- Using all available rosidl_typesupport_cpp: rosidl_typesupport_fastrtps_cpp;rosidl_typesupport_introspection_cpp
[0.280s] -- Found rmw_implementation_cmake: 7.1.0 (/opt/ros/iron/share/rmw_implementation_cmake/cmake)
[0.281s] -- Found rmw_fastrtps_cpp: 7.1.1 (/opt/ros/iron/share/rmw_fastrtps_cpp/cmake)
[0.370s] -- Using RMW implementation 'rmw_fastrtps_cpp' as default
[0.489s] -- Found std_msgs: 5.0.0 (/opt/ros/iron/share/std_msgs/cmake)
[0.512s] [31mCMake Error at /opt/ros/iron/share/ament_cmake_target_dependencies/cmake/ament_target_dependencies.cmake:145 (target_link_libraries):
[0.512s]   The keyword signature for target_link_libraries has already been used with
[0.512s]   the target "xsens_receive".  All uses of target_link_libraries with a
[0.512s]   target must be either all-keyword or all-plain.
[0.512s] 
[0.512s]   The uses of the keyword signature are here:
[0.512s] 
[0.512s]    * CMakeLists.txt:30 (target_link_libraries)
[0.512s] 
[0.512s] Call Stack (most recent call first):
[0.512s]   CMakeLists.txt:34 (ament_target_dependencies)
[0.512s] 
[0.512s] [0m
[0.556s] -- Added test 'copyright' to check source files copyright and LICENSE
[0.557s] -- Added test 'cppcheck' to perform static code analysis on C / C++ code
[0.557s] -- Configured cppcheck include dirs: 
[0.557s] -- Configured cppcheck exclude dirs and/or files: 
[0.557s] -- Added test 'lint_cmake' to check CMake code style
[0.558s] -- Added test 'uncrustify' to check C / C++ code style
[0.558s] -- Configured uncrustify additional arguments: 
[0.558s] -- Added test 'xmllint' to check XML markup files
[0.559s] -- Configuring incomplete, errors occurred!
[0.559s] See also "/home/ngocdai/lidar_ws/build/cpp_xsens/CMakeFiles/CMakeOutput.log".
[0.564s] gmake: *** [Makefile:308: cmake_check_build_system] Error 1
[0.566s] Invoked command in '/home/ngocdai/lidar_ws/build/cpp_xsens' returned '2': CMAKE_PREFIX_PATH=/opt/ros/iron /usr/bin/cmake --build /home/ngocdai/lidar_ws/build/cpp_xsens -- -j12 -l12
