running develop
running egg_info
writing ../../build/my_bleak/my_bleak.egg-info/PKG-INFO
writing dependency_links to ../../build/my_bleak/my_bleak.egg-info/dependency_links.txt
writing entry points to ../../build/my_bleak/my_bleak.egg-info/entry_points.txt
writing requirements to ../../build/my_bleak/my_bleak.egg-info/requires.txt
writing top-level names to ../../build/my_bleak/my_bleak.egg-info/top_level.txt
reading manifest file '../../build/my_bleak/my_bleak.egg-info/SOURCES.txt'
writing manifest file '../../build/my_bleak/my_bleak.egg-info/SOURCES.txt'
running build
running build_py
running install
running install_lib
running install_data
creating /home/ngocdai/lidar_ws/install/my_bleak/share/my_bleak/launch
copying launch/lidar_launch.py -> /home/ngocdai/lidar_ws/install/my_bleak/share/my_bleak/launch
running install_egg_info
removing '/home/ngocdai/lidar_ws/install/my_bleak/lib/python3.10/site-packages/my_bleak-0.0.0-py3.10.egg-info' (and everything under it)
Copying ../../build/my_bleak/my_bleak.egg-info to /home/ngocdai/lidar_ws/install/my_bleak/lib/python3.10/site-packages/my_bleak-0.0.0-py3.10.egg-info
running install_scripts
Installing bleak_client script to /home/ngocdai/lidar_ws/install/my_bleak/lib/my_bleak
Installing bleak_node script to /home/ngocdai/lidar_ws/install/my_bleak/lib/my_bleak
Installing odom_node script to /home/ngocdai/lidar_ws/install/my_bleak/lib/my_bleak
writing list of installed files to '/home/ngocdai/lidar_ws/build/my_bleak/install.log'
