[0.242s] DEBUG:colcon:Command line arguments: ['/usr/bin/colcon', 'build']
[0.242s] DEBUG:colcon:Parsed command line arguments: Namespace(log_base=None, log_level=None, verb_name='build', build_base='build', install_base='install', merge_install=False, symlink_install=False, test_result_base=None, continue_on_error=False, executor='parallel', parallel_workers=12, event_handlers=None, ignore_user_meta=False, metas=['./colcon.meta'], base_paths=['.'], packages_ignore=None, packages_ignore_regex=None, paths=None, packages_up_to=None, packages_up_to_regex=None, packages_above=None, packages_above_and_dependencies=None, packages_above_depth=None, packages_select_by_dep=None, packages_skip_by_dep=None, packages_skip_up_to=None, packages_select_build_failed=False, packages_skip_build_finished=False, packages_select_test_failures=False, packages_skip_test_passed=False, packages_select=None, packages_skip=None, packages_select_regex=None, packages_skip_regex=None, packages_start=None, packages_end=None, allow_overriding=[], cmake_args=None, cmake_target=None, cmake_target_skip_unavailable=False, cmake_clean_cache=False, cmake_clean_first=False, cmake_force_configure=False, ament_cmake_args=None, catkin_cmake_args=None, catkin_skip_building_tests=False, verb_parser=<colcon_defaults.argument_parser.defaults.DefaultArgumentsDecorator object at 0x7fdbbc4d7d90>, verb_extension=<colcon_core.verb.build.BuildVerb object at 0x7fdbbc4d7820>, main=<bound method BuildVerb.main of <colcon_core.verb.build.BuildVerb object at 0x7fdbbc4d7820>>)
[0.258s] Level 1:colcon.colcon_core.package_discovery:discover_packages(colcon_meta) check parameters
[0.258s] Level 1:colcon.colcon_core.package_discovery:discover_packages(recursive) check parameters
[0.258s] Level 1:colcon.colcon_core.package_discovery:discover_packages(ignore) check parameters
[0.258s] Level 1:colcon.colcon_core.package_discovery:discover_packages(path) check parameters
[0.258s] Level 1:colcon.colcon_core.package_discovery:discover_packages(colcon_meta) discover
[0.258s] Level 1:colcon.colcon_core.package_discovery:discover_packages(recursive) discover
[0.258s] INFO:colcon.colcon_core.package_discovery:Crawling recursively for packages in '/home/ngocdai/lidar_ws'
[0.258s] Level 1:colcon.colcon_core.package_identification:_identify(.) by extensions ['ignore', 'ignore_ament_install']
[0.258s] Level 1:colcon.colcon_core.package_identification:_identify(.) by extension 'ignore'
[0.258s] Level 1:colcon.colcon_core.package_identification:_identify(.) by extension 'ignore_ament_install'
[0.258s] Level 1:colcon.colcon_core.package_identification:_identify(.) by extensions ['colcon_pkg']
[0.258s] Level 1:colcon.colcon_core.package_identification:_identify(.) by extension 'colcon_pkg'
[0.258s] Level 1:colcon.colcon_core.package_identification:_identify(.) by extensions ['colcon_meta']
[0.258s] Level 1:colcon.colcon_core.package_identification:_identify(.) by extension 'colcon_meta'
[0.258s] Level 1:colcon.colcon_core.package_identification:_identify(.) by extensions ['ros']
[0.258s] Level 1:colcon.colcon_core.package_identification:_identify(.) by extension 'ros'
[0.266s] Level 1:colcon.colcon_core.package_identification:_identify(.) by extensions ['cmake', 'python']
[0.266s] Level 1:colcon.colcon_core.package_identification:_identify(.) by extension 'cmake'
[0.266s] Level 1:colcon.colcon_core.package_identification:_identify(.) by extension 'python'
[0.266s] Level 1:colcon.colcon_core.package_identification:_identify(.) by extensions ['python_setup_py']
[0.266s] Level 1:colcon.colcon_core.package_identification:_identify(.) by extension 'python_setup_py'
[0.266s] Level 1:colcon.colcon_core.package_identification:_identify(build) by extensions ['ignore', 'ignore_ament_install']
[0.266s] Level 1:colcon.colcon_core.package_identification:_identify(build) by extension 'ignore'
[0.266s] Level 1:colcon.colcon_core.package_identification:_identify(build) ignored
[0.266s] Level 1:colcon.colcon_core.package_identification:_identify(install) by extensions ['ignore', 'ignore_ament_install']
[0.266s] Level 1:colcon.colcon_core.package_identification:_identify(install) by extension 'ignore'
[0.266s] Level 1:colcon.colcon_core.package_identification:_identify(install) ignored
[0.267s] Level 1:colcon.colcon_core.package_identification:_identify(log) by extensions ['ignore', 'ignore_ament_install']
[0.267s] Level 1:colcon.colcon_core.package_identification:_identify(log) by extension 'ignore'
[0.267s] Level 1:colcon.colcon_core.package_identification:_identify(log) ignored
[0.267s] Level 1:colcon.colcon_core.package_identification:_identify(src) by extensions ['ignore', 'ignore_ament_install']
[0.267s] Level 1:colcon.colcon_core.package_identification:_identify(src) by extension 'ignore'
[0.267s] Level 1:colcon.colcon_core.package_identification:_identify(src) by extension 'ignore_ament_install'
[0.267s] Level 1:colcon.colcon_core.package_identification:_identify(src) by extensions ['colcon_pkg']
[0.267s] Level 1:colcon.colcon_core.package_identification:_identify(src) by extension 'colcon_pkg'
[0.267s] Level 1:colcon.colcon_core.package_identification:_identify(src) by extensions ['colcon_meta']
[0.267s] Level 1:colcon.colcon_core.package_identification:_identify(src) by extension 'colcon_meta'
[0.267s] Level 1:colcon.colcon_core.package_identification:_identify(src) by extensions ['ros']
[0.267s] Level 1:colcon.colcon_core.package_identification:_identify(src) by extension 'ros'
[0.267s] Level 1:colcon.colcon_core.package_identification:_identify(src) by extensions ['cmake', 'python']
[0.267s] Level 1:colcon.colcon_core.package_identification:_identify(src) by extension 'cmake'
[0.267s] Level 1:colcon.colcon_core.package_identification:_identify(src) by extension 'python'
[0.267s] Level 1:colcon.colcon_core.package_identification:_identify(src) by extensions ['python_setup_py']
[0.267s] Level 1:colcon.colcon_core.package_identification:_identify(src) by extension 'python_setup_py'
[0.267s] Level 1:colcon.colcon_core.package_identification:_identify(src/xsens_library) by extensions ['ignore', 'ignore_ament_install']
[0.267s] Level 1:colcon.colcon_core.package_identification:_identify(src/xsens_library) by extension 'ignore'
[0.267s] Level 1:colcon.colcon_core.package_identification:_identify(src/xsens_library) by extension 'ignore_ament_install'
[0.267s] Level 1:colcon.colcon_core.package_identification:_identify(src/xsens_library) by extensions ['colcon_pkg']
[0.267s] Level 1:colcon.colcon_core.package_identification:_identify(src/xsens_library) by extension 'colcon_pkg'
[0.267s] Level 1:colcon.colcon_core.package_identification:_identify(src/xsens_library) by extensions ['colcon_meta']
[0.267s] Level 1:colcon.colcon_core.package_identification:_identify(src/xsens_library) by extension 'colcon_meta'
[0.267s] Level 1:colcon.colcon_core.package_identification:_identify(src/xsens_library) by extensions ['ros']
[0.267s] Level 1:colcon.colcon_core.package_identification:_identify(src/xsens_library) by extension 'ros'
[0.269s] DEBUG:colcon.colcon_core.package_identification:Package 'src/xsens_library' with type 'ros.ament_cmake' and name 'xsens_library'
[0.269s] Level 1:colcon.colcon_core.package_identification:_identify(src/xsens_node) by extensions ['ignore', 'ignore_ament_install']
[0.269s] Level 1:colcon.colcon_core.package_identification:_identify(src/xsens_node) by extension 'ignore'
[0.269s] Level 1:colcon.colcon_core.package_identification:_identify(src/xsens_node) by extension 'ignore_ament_install'
[0.269s] Level 1:colcon.colcon_core.package_identification:_identify(src/xsens_node) by extensions ['colcon_pkg']
[0.269s] Level 1:colcon.colcon_core.package_identification:_identify(src/xsens_node) by extension 'colcon_pkg'
[0.269s] Level 1:colcon.colcon_core.package_identification:_identify(src/xsens_node) by extensions ['colcon_meta']
[0.269s] Level 1:colcon.colcon_core.package_identification:_identify(src/xsens_node) by extension 'colcon_meta'
[0.269s] Level 1:colcon.colcon_core.package_identification:_identify(src/xsens_node) by extensions ['ros']
[0.269s] Level 1:colcon.colcon_core.package_identification:_identify(src/xsens_node) by extension 'ros'
[0.270s] DEBUG:colcon.colcon_core.package_identification:Package 'src/xsens_node' with type 'ros.ament_cmake' and name 'xsens_node'
[0.270s] Level 1:colcon.colcon_core.package_discovery:discover_packages(recursive) using defaults
[0.270s] Level 1:colcon.colcon_core.package_discovery:discover_packages(ignore) discover
[0.270s] Level 1:colcon.colcon_core.package_discovery:discover_packages(ignore) using defaults
[0.270s] Level 1:colcon.colcon_core.package_discovery:discover_packages(path) discover
[0.270s] Level 1:colcon.colcon_core.package_discovery:discover_packages(path) using defaults
[0.286s] Level 1:colcon.colcon_core.package_discovery:discover_packages(prefix_path) check parameters
[0.286s] Level 1:colcon.colcon_core.package_discovery:discover_packages(prefix_path) discover
[0.287s] DEBUG:colcon.colcon_installed_package_information.package_discovery:Found 4 installed packages in /home/ngocdai/lidar_ws/install
[0.289s] DEBUG:colcon.colcon_installed_package_information.package_discovery:Found 337 installed packages in /opt/ros/iron
[0.290s] Level 1:colcon.colcon_core.package_discovery:discover_packages(prefix_path) using defaults
[0.326s] Level 5:colcon.colcon_core.verb:set package 'xsens_library' build argument 'cmake_args' from command line to 'None'
[0.326s] Level 5:colcon.colcon_core.verb:set package 'xsens_library' build argument 'cmake_target' from command line to 'None'
[0.326s] Level 5:colcon.colcon_core.verb:set package 'xsens_library' build argument 'cmake_target_skip_unavailable' from command line to 'False'
[0.326s] Level 5:colcon.colcon_core.verb:set package 'xsens_library' build argument 'cmake_clean_cache' from command line to 'False'
[0.326s] Level 5:colcon.colcon_core.verb:set package 'xsens_library' build argument 'cmake_clean_first' from command line to 'False'
[0.326s] Level 5:colcon.colcon_core.verb:set package 'xsens_library' build argument 'cmake_force_configure' from command line to 'False'
[0.326s] Level 5:colcon.colcon_core.verb:set package 'xsens_library' build argument 'ament_cmake_args' from command line to 'None'
[0.326s] Level 5:colcon.colcon_core.verb:set package 'xsens_library' build argument 'catkin_cmake_args' from command line to 'None'
[0.326s] Level 5:colcon.colcon_core.verb:set package 'xsens_library' build argument 'catkin_skip_building_tests' from command line to 'False'
[0.326s] DEBUG:colcon.colcon_core.verb:Building package 'xsens_library' with the following arguments: {'ament_cmake_args': None, 'build_base': '/home/ngocdai/lidar_ws/build/xsens_library', 'catkin_cmake_args': None, 'catkin_skip_building_tests': False, 'cmake_args': None, 'cmake_clean_cache': False, 'cmake_clean_first': False, 'cmake_force_configure': False, 'cmake_target': None, 'cmake_target_skip_unavailable': False, 'install_base': '/home/ngocdai/lidar_ws/install/xsens_library', 'merge_install': False, 'path': '/home/ngocdai/lidar_ws/src/xsens_library', 'symlink_install': False, 'test_result_base': None}
[0.327s] Level 5:colcon.colcon_core.verb:set package 'xsens_node' build argument 'cmake_args' from command line to 'None'
[0.327s] Level 5:colcon.colcon_core.verb:set package 'xsens_node' build argument 'cmake_target' from command line to 'None'
[0.327s] Level 5:colcon.colcon_core.verb:set package 'xsens_node' build argument 'cmake_target_skip_unavailable' from command line to 'False'
[0.327s] Level 5:colcon.colcon_core.verb:set package 'xsens_node' build argument 'cmake_clean_cache' from command line to 'False'
[0.327s] Level 5:colcon.colcon_core.verb:set package 'xsens_node' build argument 'cmake_clean_first' from command line to 'False'
[0.327s] Level 5:colcon.colcon_core.verb:set package 'xsens_node' build argument 'cmake_force_configure' from command line to 'False'
[0.327s] Level 5:colcon.colcon_core.verb:set package 'xsens_node' build argument 'ament_cmake_args' from command line to 'None'
[0.327s] Level 5:colcon.colcon_core.verb:set package 'xsens_node' build argument 'catkin_cmake_args' from command line to 'None'
[0.327s] Level 5:colcon.colcon_core.verb:set package 'xsens_node' build argument 'catkin_skip_building_tests' from command line to 'False'
[0.327s] DEBUG:colcon.colcon_core.verb:Building package 'xsens_node' with the following arguments: {'ament_cmake_args': None, 'build_base': '/home/ngocdai/lidar_ws/build/xsens_node', 'catkin_cmake_args': None, 'catkin_skip_building_tests': False, 'cmake_args': None, 'cmake_clean_cache': False, 'cmake_clean_first': False, 'cmake_force_configure': False, 'cmake_target': None, 'cmake_target_skip_unavailable': False, 'install_base': '/home/ngocdai/lidar_ws/install/xsens_node', 'merge_install': False, 'path': '/home/ngocdai/lidar_ws/src/xsens_node', 'symlink_install': False, 'test_result_base': None}
[0.327s] INFO:colcon.colcon_core.executor:Executing jobs using 'parallel' executor
[0.329s] DEBUG:colcon.colcon_parallel_executor.executor.parallel:run_until_complete
[0.329s] INFO:colcon.colcon_ros.task.ament_cmake.build:Building ROS package in '/home/ngocdai/lidar_ws/src/xsens_library' with build type 'ament_cmake'
[0.330s] INFO:colcon.colcon_cmake.task.cmake.build:Building CMake package in '/home/ngocdai/lidar_ws/src/xsens_library'
[0.332s] INFO:colcon.colcon_core.plugin_system:Skipping extension 'colcon_core.shell.bat': Not used on non-Windows systems
[0.332s] INFO:colcon.colcon_core.shell:Skip shell extension 'powershell' for command environment: Not usable outside of PowerShell
[0.332s] DEBUG:colcon.colcon_core.shell:Skip shell extension 'dsv' for command environment
[0.340s] DEBUG:colcon.colcon_core.event_handler.log_command:Invoking command in '/home/ngocdai/lidar_ws/build/xsens_library': CMAKE_PREFIX_PATH=${CMAKE_PREFIX_PATH}:/home/ngocdai/lidar_ws/install/my_bleak:/opt/ros/iron /usr/bin/cmake --build /home/ngocdai/lidar_ws/build/xsens_library -- -j12 -l12
[0.376s] DEBUG:colcon.colcon_core.event_handler.log_command:Invoked command in '/home/ngocdai/lidar_ws/build/xsens_library' returned '0': CMAKE_PREFIX_PATH=${CMAKE_PREFIX_PATH}:/home/ngocdai/lidar_ws/install/my_bleak:/opt/ros/iron /usr/bin/cmake --build /home/ngocdai/lidar_ws/build/xsens_library -- -j12 -l12
[0.397s] DEBUG:colcon.colcon_core.event_handler.log_command:Invoking command in '/home/ngocdai/lidar_ws/build/xsens_library': CMAKE_PREFIX_PATH=${CMAKE_PREFIX_PATH}:/home/ngocdai/lidar_ws/install/my_bleak:/opt/ros/iron /usr/bin/cmake --install /home/ngocdai/lidar_ws/build/xsens_library
[0.402s] Level 1:colcon.colcon_core.environment:create_environment_scripts_only(xsens_library)
[0.403s] DEBUG:colcon.colcon_core.event_handler.log_command:Invoked command in '/home/ngocdai/lidar_ws/build/xsens_library' returned '0': CMAKE_PREFIX_PATH=${CMAKE_PREFIX_PATH}:/home/ngocdai/lidar_ws/install/my_bleak:/opt/ros/iron /usr/bin/cmake --install /home/ngocdai/lidar_ws/build/xsens_library
[0.406s] Level 1:colcon.colcon_core.environment:checking '/home/ngocdai/lidar_ws/install/xsens_library' for CMake module files
[0.406s] Level 1:colcon.colcon_core.environment:checking '/home/ngocdai/lidar_ws/install/xsens_library' for CMake config files
[0.406s] Level 1:colcon.colcon_core.shell:create_environment_hook('xsens_library', 'cmake_prefix_path')
[0.407s] INFO:colcon.colcon_core.shell:Creating environment hook '/home/ngocdai/lidar_ws/install/xsens_library/share/xsens_library/hook/cmake_prefix_path.ps1'
[0.408s] INFO:colcon.colcon_core.shell:Creating environment descriptor '/home/ngocdai/lidar_ws/install/xsens_library/share/xsens_library/hook/cmake_prefix_path.dsv'
[0.408s] INFO:colcon.colcon_core.shell:Creating environment hook '/home/ngocdai/lidar_ws/install/xsens_library/share/xsens_library/hook/cmake_prefix_path.sh'
[0.408s] Level 1:colcon.colcon_core.environment:checking '/home/ngocdai/lidar_ws/install/xsens_library/lib'
[0.409s] Level 1:colcon.colcon_core.environment:checking '/home/ngocdai/lidar_ws/install/xsens_library/bin'
[0.409s] Level 1:colcon.colcon_core.environment:checking '/home/ngocdai/lidar_ws/install/xsens_library/lib/pkgconfig/xsens_library.pc'
[0.409s] Level 1:colcon.colcon_core.environment:checking '/home/ngocdai/lidar_ws/install/xsens_library/lib/python3.10/site-packages'
[0.409s] Level 1:colcon.colcon_core.environment:checking '/home/ngocdai/lidar_ws/install/xsens_library/bin'
[0.410s] INFO:colcon.colcon_core.shell:Creating package script '/home/ngocdai/lidar_ws/install/xsens_library/share/xsens_library/package.ps1'
[0.410s] INFO:colcon.colcon_core.shell:Creating package descriptor '/home/ngocdai/lidar_ws/install/xsens_library/share/xsens_library/package.dsv'
[0.410s] INFO:colcon.colcon_core.shell:Creating package script '/home/ngocdai/lidar_ws/install/xsens_library/share/xsens_library/package.sh'
[0.411s] INFO:colcon.colcon_core.shell:Creating package script '/home/ngocdai/lidar_ws/install/xsens_library/share/xsens_library/package.bash'
[0.411s] INFO:colcon.colcon_core.shell:Creating package script '/home/ngocdai/lidar_ws/install/xsens_library/share/xsens_library/package.zsh'
[0.412s] Level 1:colcon.colcon_core.environment:create_file_with_runtime_dependencies(/home/ngocdai/lidar_ws/install/xsens_library/share/colcon-core/packages/xsens_library)
[0.427s] Level 1:colcon.colcon_core.environment:create_environment_scripts_only(xsens_library)
[0.429s] Level 1:colcon.colcon_core.environment:checking '/home/ngocdai/lidar_ws/install/xsens_library' for CMake module files
[0.429s] Level 1:colcon.colcon_core.environment:checking '/home/ngocdai/lidar_ws/install/xsens_library' for CMake config files
[0.429s] Level 1:colcon.colcon_core.shell:create_environment_hook('xsens_library', 'cmake_prefix_path')
[0.430s] INFO:colcon.colcon_core.shell:Creating environment hook '/home/ngocdai/lidar_ws/install/xsens_library/share/xsens_library/hook/cmake_prefix_path.ps1'
[0.430s] INFO:colcon.colcon_core.shell:Creating environment descriptor '/home/ngocdai/lidar_ws/install/xsens_library/share/xsens_library/hook/cmake_prefix_path.dsv'
[0.431s] INFO:colcon.colcon_core.shell:Creating environment hook '/home/ngocdai/lidar_ws/install/xsens_library/share/xsens_library/hook/cmake_prefix_path.sh'
[0.431s] Level 1:colcon.colcon_core.environment:checking '/home/ngocdai/lidar_ws/install/xsens_library/lib'
[0.431s] Level 1:colcon.colcon_core.environment:checking '/home/ngocdai/lidar_ws/install/xsens_library/bin'
[0.431s] Level 1:colcon.colcon_core.environment:checking '/home/ngocdai/lidar_ws/install/xsens_library/lib/pkgconfig/xsens_library.pc'
[0.431s] Level 1:colcon.colcon_core.environment:checking '/home/ngocdai/lidar_ws/install/xsens_library/lib/python3.10/site-packages'
[0.431s] Level 1:colcon.colcon_core.environment:checking '/home/ngocdai/lidar_ws/install/xsens_library/bin'
[0.432s] INFO:colcon.colcon_core.shell:Creating package script '/home/ngocdai/lidar_ws/install/xsens_library/share/xsens_library/package.ps1'
[0.433s] INFO:colcon.colcon_core.shell:Creating package descriptor '/home/ngocdai/lidar_ws/install/xsens_library/share/xsens_library/package.dsv'
[0.433s] INFO:colcon.colcon_core.shell:Creating package script '/home/ngocdai/lidar_ws/install/xsens_library/share/xsens_library/package.sh'
[0.433s] INFO:colcon.colcon_core.shell:Creating package script '/home/ngocdai/lidar_ws/install/xsens_library/share/xsens_library/package.bash'
[0.433s] INFO:colcon.colcon_core.shell:Creating package script '/home/ngocdai/lidar_ws/install/xsens_library/share/xsens_library/package.zsh'
[0.434s] Level 1:colcon.colcon_core.environment:create_file_with_runtime_dependencies(/home/ngocdai/lidar_ws/install/xsens_library/share/colcon-core/packages/xsens_library)
[0.434s] INFO:colcon.colcon_ros.task.ament_cmake.build:Building ROS package in '/home/ngocdai/lidar_ws/src/xsens_node' with build type 'ament_cmake'
[0.434s] INFO:colcon.colcon_cmake.task.cmake.build:Building CMake package in '/home/ngocdai/lidar_ws/src/xsens_node'
[0.435s] INFO:colcon.colcon_core.shell:Skip shell extension 'powershell' for command environment: Not usable outside of PowerShell
[0.435s] DEBUG:colcon.colcon_core.shell:Skip shell extension 'dsv' for command environment
[0.442s] DEBUG:colcon.colcon_core.event_handler.log_command:Invoking command in '/home/ngocdai/lidar_ws/build/xsens_node': CMAKE_PREFIX_PATH=/home/ngocdai/lidar_ws/install/xsens_library:/home/ngocdai/lidar_ws/install/xsens_node:/home/ngocdai/lidar_ws/install/cpp_xsens:/home/ngocdai/lidar_ws/install/my_bleak:/opt/ros/iron /usr/bin/cmake --build /home/ngocdai/lidar_ws/build/xsens_node -- -j12 -l12
[1.243s] DEBUG:colcon.colcon_core.event_handler.log_command:Invoked command in '/home/ngocdai/lidar_ws/build/xsens_node' returned '0': CMAKE_PREFIX_PATH=/home/ngocdai/lidar_ws/install/xsens_library:/home/ngocdai/lidar_ws/install/xsens_node:/home/ngocdai/lidar_ws/install/cpp_xsens:/home/ngocdai/lidar_ws/install/my_bleak:/opt/ros/iron /usr/bin/cmake --build /home/ngocdai/lidar_ws/build/xsens_node -- -j12 -l12
[1.260s] DEBUG:colcon.colcon_core.event_handler.log_command:Invoking command in '/home/ngocdai/lidar_ws/build/xsens_node': CMAKE_PREFIX_PATH=/home/ngocdai/lidar_ws/install/xsens_library:/home/ngocdai/lidar_ws/install/xsens_node:/home/ngocdai/lidar_ws/install/cpp_xsens:/home/ngocdai/lidar_ws/install/my_bleak:/opt/ros/iron /usr/bin/cmake --install /home/ngocdai/lidar_ws/build/xsens_node
[1.266s] Level 1:colcon.colcon_core.environment:create_environment_scripts_only(xsens_node)
[1.268s] Level 1:colcon.colcon_core.environment:checking '/home/ngocdai/lidar_ws/install/xsens_node' for CMake module files
[1.268s] DEBUG:colcon.colcon_core.event_handler.log_command:Invoked command in '/home/ngocdai/lidar_ws/build/xsens_node' returned '0': CMAKE_PREFIX_PATH=/home/ngocdai/lidar_ws/install/xsens_library:/home/ngocdai/lidar_ws/install/xsens_node:/home/ngocdai/lidar_ws/install/cpp_xsens:/home/ngocdai/lidar_ws/install/my_bleak:/opt/ros/iron /usr/bin/cmake --install /home/ngocdai/lidar_ws/build/xsens_node
[1.268s] Level 1:colcon.colcon_core.environment:checking '/home/ngocdai/lidar_ws/install/xsens_node' for CMake config files
[1.268s] Level 1:colcon.colcon_core.shell:create_environment_hook('xsens_node', 'cmake_prefix_path')
[1.269s] INFO:colcon.colcon_core.shell:Creating environment hook '/home/ngocdai/lidar_ws/install/xsens_node/share/xsens_node/hook/cmake_prefix_path.ps1'
[1.269s] INFO:colcon.colcon_core.shell:Creating environment descriptor '/home/ngocdai/lidar_ws/install/xsens_node/share/xsens_node/hook/cmake_prefix_path.dsv'
[1.269s] INFO:colcon.colcon_core.shell:Creating environment hook '/home/ngocdai/lidar_ws/install/xsens_node/share/xsens_node/hook/cmake_prefix_path.sh'
[1.270s] Level 1:colcon.colcon_core.environment:checking '/home/ngocdai/lidar_ws/install/xsens_node/lib'
[1.270s] Level 1:colcon.colcon_core.environment:checking '/home/ngocdai/lidar_ws/install/xsens_node/bin'
[1.270s] Level 1:colcon.colcon_core.environment:checking '/home/ngocdai/lidar_ws/install/xsens_node/lib/pkgconfig/xsens_node.pc'
[1.270s] Level 1:colcon.colcon_core.environment:checking '/home/ngocdai/lidar_ws/install/xsens_node/lib/python3.10/site-packages'
[1.270s] Level 1:colcon.colcon_core.environment:checking '/home/ngocdai/lidar_ws/install/xsens_node/bin'
[1.271s] INFO:colcon.colcon_core.shell:Creating package script '/home/ngocdai/lidar_ws/install/xsens_node/share/xsens_node/package.ps1'
[1.271s] INFO:colcon.colcon_core.shell:Creating package descriptor '/home/ngocdai/lidar_ws/install/xsens_node/share/xsens_node/package.dsv'
[1.272s] INFO:colcon.colcon_core.shell:Creating package script '/home/ngocdai/lidar_ws/install/xsens_node/share/xsens_node/package.sh'
[1.272s] INFO:colcon.colcon_core.shell:Creating package script '/home/ngocdai/lidar_ws/install/xsens_node/share/xsens_node/package.bash'
[1.272s] INFO:colcon.colcon_core.shell:Creating package script '/home/ngocdai/lidar_ws/install/xsens_node/share/xsens_node/package.zsh'
[1.272s] Level 1:colcon.colcon_core.environment:create_file_with_runtime_dependencies(/home/ngocdai/lidar_ws/install/xsens_node/share/colcon-core/packages/xsens_node)
[1.289s] Level 1:colcon.colcon_core.environment:create_environment_scripts_only(xsens_node)
[1.291s] Level 1:colcon.colcon_core.environment:checking '/home/ngocdai/lidar_ws/install/xsens_node' for CMake module files
[1.291s] Level 1:colcon.colcon_core.environment:checking '/home/ngocdai/lidar_ws/install/xsens_node' for CMake config files
[1.291s] Level 1:colcon.colcon_core.shell:create_environment_hook('xsens_node', 'cmake_prefix_path')
[1.292s] INFO:colcon.colcon_core.shell:Creating environment hook '/home/ngocdai/lidar_ws/install/xsens_node/share/xsens_node/hook/cmake_prefix_path.ps1'
[1.292s] INFO:colcon.colcon_core.shell:Creating environment descriptor '/home/ngocdai/lidar_ws/install/xsens_node/share/xsens_node/hook/cmake_prefix_path.dsv'
[1.292s] INFO:colcon.colcon_core.shell:Creating environment hook '/home/ngocdai/lidar_ws/install/xsens_node/share/xsens_node/hook/cmake_prefix_path.sh'
[1.293s] Level 1:colcon.colcon_core.environment:checking '/home/ngocdai/lidar_ws/install/xsens_node/lib'
[1.293s] Level 1:colcon.colcon_core.environment:checking '/home/ngocdai/lidar_ws/install/xsens_node/bin'
[1.293s] Level 1:colcon.colcon_core.environment:checking '/home/ngocdai/lidar_ws/install/xsens_node/lib/pkgconfig/xsens_node.pc'
[1.293s] Level 1:colcon.colcon_core.environment:checking '/home/ngocdai/lidar_ws/install/xsens_node/lib/python3.10/site-packages'
[1.293s] Level 1:colcon.colcon_core.environment:checking '/home/ngocdai/lidar_ws/install/xsens_node/bin'
[1.294s] INFO:colcon.colcon_core.shell:Creating package script '/home/ngocdai/lidar_ws/install/xsens_node/share/xsens_node/package.ps1'
[1.294s] INFO:colcon.colcon_core.shell:Creating package descriptor '/home/ngocdai/lidar_ws/install/xsens_node/share/xsens_node/package.dsv'
[1.295s] INFO:colcon.colcon_core.shell:Creating package script '/home/ngocdai/lidar_ws/install/xsens_node/share/xsens_node/package.sh'
[1.295s] INFO:colcon.colcon_core.shell:Creating package script '/home/ngocdai/lidar_ws/install/xsens_node/share/xsens_node/package.bash'
[1.295s] INFO:colcon.colcon_core.shell:Creating package script '/home/ngocdai/lidar_ws/install/xsens_node/share/xsens_node/package.zsh'
[1.295s] Level 1:colcon.colcon_core.environment:create_file_with_runtime_dependencies(/home/ngocdai/lidar_ws/install/xsens_node/share/colcon-core/packages/xsens_node)
[1.295s] DEBUG:colcon.colcon_parallel_executor.executor.parallel:closing loop
[1.296s] DEBUG:colcon.colcon_parallel_executor.executor.parallel:loop closed
[1.296s] DEBUG:colcon.colcon_parallel_executor.executor.parallel:run_until_complete finished with '0'
[1.296s] DEBUG:colcon.colcon_core.event_reactor:joining thread
[1.299s] INFO:colcon.colcon_core.plugin_system:Skipping extension 'colcon_notification.desktop_notification.terminal_notifier': Not used on non-Darwin systems
[1.300s] INFO:colcon.colcon_core.plugin_system:Skipping extension 'colcon_notification.desktop_notification.win32': Not used on non-Windows systems
[1.300s] INFO:colcon.colcon_notification.desktop_notification:Sending desktop notification using 'notify2'
[1.307s] DEBUG:colcon.colcon_core.event_reactor:joined thread
[1.308s] INFO:colcon.colcon_core.shell:Creating prefix script '/home/ngocdai/lidar_ws/install/local_setup.ps1'
[1.309s] INFO:colcon.colcon_core.shell:Creating prefix util module '/home/ngocdai/lidar_ws/install/_local_setup_util_ps1.py'
[1.309s] INFO:colcon.colcon_core.shell:Creating prefix chain script '/home/ngocdai/lidar_ws/install/setup.ps1'
[1.310s] INFO:colcon.colcon_core.shell:Creating prefix script '/home/ngocdai/lidar_ws/install/local_setup.sh'
[1.311s] INFO:colcon.colcon_core.shell:Creating prefix util module '/home/ngocdai/lidar_ws/install/_local_setup_util_sh.py'
[1.311s] INFO:colcon.colcon_core.shell:Creating prefix chain script '/home/ngocdai/lidar_ws/install/setup.sh'
[1.312s] INFO:colcon.colcon_core.shell:Creating prefix script '/home/ngocdai/lidar_ws/install/local_setup.bash'
[1.312s] INFO:colcon.colcon_core.shell:Creating prefix chain script '/home/ngocdai/lidar_ws/install/setup.bash'
[1.313s] INFO:colcon.colcon_core.shell:Creating prefix script '/home/ngocdai/lidar_ws/install/local_setup.zsh'
[1.313s] INFO:colcon.colcon_core.shell:Creating prefix chain script '/home/ngocdai/lidar_ws/install/setup.zsh'
