[0.998s] DEBUG:colcon:Command line arguments: ['/usr/bin/colcon', 'build']
[0.998s] DEBUG:colcon:Parsed command line arguments: Namespace(log_base=None, log_level=None, verb_name='build', build_base='build', install_base='install', merge_install=False, symlink_install=False, test_result_base=None, continue_on_error=False, executor='parallel', parallel_workers=12, event_handlers=None, ignore_user_meta=False, metas=['./colcon.meta'], base_paths=['.'], packages_ignore=None, packages_ignore_regex=None, paths=None, packages_up_to=None, packages_up_to_regex=None, packages_above=None, packages_above_and_dependencies=None, packages_above_depth=None, packages_select_by_dep=None, packages_skip_by_dep=None, packages_skip_up_to=None, packages_select_build_failed=False, packages_skip_build_finished=False, packages_select_test_failures=False, packages_skip_test_passed=False, packages_select=None, packages_skip=None, packages_select_regex=None, packages_skip_regex=None, packages_start=None, packages_end=None, allow_overriding=[], cmake_args=None, cmake_target=None, cmake_target_skip_unavailable=False, cmake_clean_cache=False, cmake_clean_first=False, cmake_force_configure=False, ament_cmake_args=None, catkin_cmake_args=None, catkin_skip_building_tests=False, verb_parser=<colcon_defaults.argument_parser.defaults.DefaultArgumentsDecorator object at 0x7f41dfd94910>, verb_extension=<colcon_core.verb.build.BuildVerb object at 0x7f41dfd962f0>, main=<bound method BuildVerb.main of <colcon_core.verb.build.BuildVerb object at 0x7f41dfd962f0>>)
[1.039s] Level 1:colcon.colcon_core.package_discovery:discover_packages(colcon_meta) check parameters
[1.039s] Level 1:colcon.colcon_core.package_discovery:discover_packages(recursive) check parameters
[1.039s] Level 1:colcon.colcon_core.package_discovery:discover_packages(ignore) check parameters
[1.039s] Level 1:colcon.colcon_core.package_discovery:discover_packages(path) check parameters
[1.039s] Level 1:colcon.colcon_core.package_discovery:discover_packages(colcon_meta) discover
[1.039s] Level 1:colcon.colcon_core.package_discovery:discover_packages(recursive) discover
[1.039s] INFO:colcon.colcon_core.package_discovery:Crawling recursively for packages in '/home/ngocdai/lidar_ws'
[1.040s] Level 1:colcon.colcon_core.package_identification:_identify(.) by extensions ['ignore', 'ignore_ament_install']
[1.040s] Level 1:colcon.colcon_core.package_identification:_identify(.) by extension 'ignore'
[1.040s] Level 1:colcon.colcon_core.package_identification:_identify(.) by extension 'ignore_ament_install'
[1.040s] Level 1:colcon.colcon_core.package_identification:_identify(.) by extensions ['colcon_pkg']
[1.040s] Level 1:colcon.colcon_core.package_identification:_identify(.) by extension 'colcon_pkg'
[1.040s] Level 1:colcon.colcon_core.package_identification:_identify(.) by extensions ['colcon_meta']
[1.040s] Level 1:colcon.colcon_core.package_identification:_identify(.) by extension 'colcon_meta'
[1.040s] Level 1:colcon.colcon_core.package_identification:_identify(.) by extensions ['ros']
[1.040s] Level 1:colcon.colcon_core.package_identification:_identify(.) by extension 'ros'
[1.049s] Level 1:colcon.colcon_core.package_identification:_identify(.) by extensions ['cmake', 'python']
[1.049s] Level 1:colcon.colcon_core.package_identification:_identify(.) by extension 'cmake'
[1.049s] Level 1:colcon.colcon_core.package_identification:_identify(.) by extension 'python'
[1.049s] Level 1:colcon.colcon_core.package_identification:_identify(.) by extensions ['python_setup_py']
[1.049s] Level 1:colcon.colcon_core.package_identification:_identify(.) by extension 'python_setup_py'
[1.049s] Level 1:colcon.colcon_core.package_identification:_identify(build) by extensions ['ignore', 'ignore_ament_install']
[1.049s] Level 1:colcon.colcon_core.package_identification:_identify(build) by extension 'ignore'
[1.049s] Level 1:colcon.colcon_core.package_identification:_identify(build) ignored
[1.049s] Level 1:colcon.colcon_core.package_identification:_identify(install) by extensions ['ignore', 'ignore_ament_install']
[1.050s] Level 1:colcon.colcon_core.package_identification:_identify(install) by extension 'ignore'
[1.050s] Level 1:colcon.colcon_core.package_identification:_identify(install) ignored
[1.050s] Level 1:colcon.colcon_core.package_identification:_identify(log) by extensions ['ignore', 'ignore_ament_install']
[1.050s] Level 1:colcon.colcon_core.package_identification:_identify(log) by extension 'ignore'
[1.050s] Level 1:colcon.colcon_core.package_identification:_identify(log) ignored
[1.050s] Level 1:colcon.colcon_core.package_identification:_identify(src) by extensions ['ignore', 'ignore_ament_install']
[1.050s] Level 1:colcon.colcon_core.package_identification:_identify(src) by extension 'ignore'
[1.050s] Level 1:colcon.colcon_core.package_identification:_identify(src) by extension 'ignore_ament_install'
[1.051s] Level 1:colcon.colcon_core.package_identification:_identify(src) by extensions ['colcon_pkg']
[1.051s] Level 1:colcon.colcon_core.package_identification:_identify(src) by extension 'colcon_pkg'
[1.051s] Level 1:colcon.colcon_core.package_identification:_identify(src) by extensions ['colcon_meta']
[1.051s] Level 1:colcon.colcon_core.package_identification:_identify(src) by extension 'colcon_meta'
[1.051s] Level 1:colcon.colcon_core.package_identification:_identify(src) by extensions ['ros']
[1.051s] Level 1:colcon.colcon_core.package_identification:_identify(src) by extension 'ros'
[1.051s] Level 1:colcon.colcon_core.package_identification:_identify(src) by extensions ['cmake', 'python']
[1.051s] Level 1:colcon.colcon_core.package_identification:_identify(src) by extension 'cmake'
[1.051s] Level 1:colcon.colcon_core.package_identification:_identify(src) by extension 'python'
[1.051s] Level 1:colcon.colcon_core.package_identification:_identify(src) by extensions ['python_setup_py']
[1.051s] Level 1:colcon.colcon_core.package_identification:_identify(src) by extension 'python_setup_py'
[1.051s] Level 1:colcon.colcon_core.package_identification:_identify(src/diffdrive_arduino) by extensions ['ignore', 'ignore_ament_install']
[1.051s] Level 1:colcon.colcon_core.package_identification:_identify(src/diffdrive_arduino) by extension 'ignore'
[1.051s] Level 1:colcon.colcon_core.package_identification:_identify(src/diffdrive_arduino) by extension 'ignore_ament_install'
[1.051s] Level 1:colcon.colcon_core.package_identification:_identify(src/diffdrive_arduino) by extensions ['colcon_pkg']
[1.051s] Level 1:colcon.colcon_core.package_identification:_identify(src/diffdrive_arduino) by extension 'colcon_pkg'
[1.051s] Level 1:colcon.colcon_core.package_identification:_identify(src/diffdrive_arduino) by extensions ['colcon_meta']
[1.051s] Level 1:colcon.colcon_core.package_identification:_identify(src/diffdrive_arduino) by extension 'colcon_meta'
[1.052s] Level 1:colcon.colcon_core.package_identification:_identify(src/diffdrive_arduino) by extensions ['ros']
[1.052s] Level 1:colcon.colcon_core.package_identification:_identify(src/diffdrive_arduino) by extension 'ros'
[1.054s] DEBUG:colcon.colcon_core.package_identification:Package 'src/diffdrive_arduino' with type 'ros.ament_cmake' and name 'diffdrive_arduino'
[1.054s] Level 1:colcon.colcon_core.package_identification:_identify(src/xsens_library) by extensions ['ignore', 'ignore_ament_install']
[1.054s] Level 1:colcon.colcon_core.package_identification:_identify(src/xsens_library) by extension 'ignore'
[1.054s] Level 1:colcon.colcon_core.package_identification:_identify(src/xsens_library) by extension 'ignore_ament_install'
[1.054s] Level 1:colcon.colcon_core.package_identification:_identify(src/xsens_library) by extensions ['colcon_pkg']
[1.054s] Level 1:colcon.colcon_core.package_identification:_identify(src/xsens_library) by extension 'colcon_pkg'
[1.054s] Level 1:colcon.colcon_core.package_identification:_identify(src/xsens_library) by extensions ['colcon_meta']
[1.054s] Level 1:colcon.colcon_core.package_identification:_identify(src/xsens_library) by extension 'colcon_meta'
[1.054s] Level 1:colcon.colcon_core.package_identification:_identify(src/xsens_library) by extensions ['ros']
[1.054s] Level 1:colcon.colcon_core.package_identification:_identify(src/xsens_library) by extension 'ros'
[1.055s] DEBUG:colcon.colcon_core.package_identification:Package 'src/xsens_library' with type 'ros.ament_cmake' and name 'xsens_library'
[1.055s] Level 1:colcon.colcon_core.package_discovery:discover_packages(recursive) using defaults
[1.055s] Level 1:colcon.colcon_core.package_discovery:discover_packages(ignore) discover
[1.055s] Level 1:colcon.colcon_core.package_discovery:discover_packages(ignore) using defaults
[1.055s] Level 1:colcon.colcon_core.package_discovery:discover_packages(path) discover
[1.055s] Level 1:colcon.colcon_core.package_discovery:discover_packages(path) using defaults
[1.140s] Level 1:colcon.colcon_core.package_discovery:discover_packages(prefix_path) check parameters
[1.140s] Level 1:colcon.colcon_core.package_discovery:discover_packages(prefix_path) discover
[1.170s] DEBUG:colcon.colcon_installed_package_information.package_discovery:Found 377 installed packages in /opt/ros/iron
[1.181s] Level 1:colcon.colcon_core.package_discovery:discover_packages(prefix_path) using defaults
[1.259s] Level 5:colcon.colcon_core.verb:set package 'xsens_library' build argument 'cmake_args' from command line to 'None'
[1.259s] Level 5:colcon.colcon_core.verb:set package 'xsens_library' build argument 'cmake_target' from command line to 'None'
[1.259s] Level 5:colcon.colcon_core.verb:set package 'xsens_library' build argument 'cmake_target_skip_unavailable' from command line to 'False'
[1.259s] Level 5:colcon.colcon_core.verb:set package 'xsens_library' build argument 'cmake_clean_cache' from command line to 'False'
[1.259s] Level 5:colcon.colcon_core.verb:set package 'xsens_library' build argument 'cmake_clean_first' from command line to 'False'
[1.259s] Level 5:colcon.colcon_core.verb:set package 'xsens_library' build argument 'cmake_force_configure' from command line to 'False'
[1.259s] Level 5:colcon.colcon_core.verb:set package 'xsens_library' build argument 'ament_cmake_args' from command line to 'None'
[1.259s] Level 5:colcon.colcon_core.verb:set package 'xsens_library' build argument 'catkin_cmake_args' from command line to 'None'
[1.259s] Level 5:colcon.colcon_core.verb:set package 'xsens_library' build argument 'catkin_skip_building_tests' from command line to 'False'
[1.259s] DEBUG:colcon.colcon_core.verb:Building package 'xsens_library' with the following arguments: {'ament_cmake_args': None, 'build_base': '/home/ngocdai/lidar_ws/build/xsens_library', 'catkin_cmake_args': None, 'catkin_skip_building_tests': False, 'cmake_args': None, 'cmake_clean_cache': False, 'cmake_clean_first': False, 'cmake_force_configure': False, 'cmake_target': None, 'cmake_target_skip_unavailable': False, 'install_base': '/home/ngocdai/lidar_ws/install/xsens_library', 'merge_install': False, 'path': '/home/ngocdai/lidar_ws/src/xsens_library', 'symlink_install': False, 'test_result_base': None}
[1.273s] Level 5:colcon.colcon_core.verb:set package 'diffdrive_arduino' build argument 'cmake_args' from command line to 'None'
[1.273s] Level 5:colcon.colcon_core.verb:set package 'diffdrive_arduino' build argument 'cmake_target' from command line to 'None'
[1.273s] Level 5:colcon.colcon_core.verb:set package 'diffdrive_arduino' build argument 'cmake_target_skip_unavailable' from command line to 'False'
[1.273s] Level 5:colcon.colcon_core.verb:set package 'diffdrive_arduino' build argument 'cmake_clean_cache' from command line to 'False'
[1.273s] Level 5:colcon.colcon_core.verb:set package 'diffdrive_arduino' build argument 'cmake_clean_first' from command line to 'False'
[1.273s] Level 5:colcon.colcon_core.verb:set package 'diffdrive_arduino' build argument 'cmake_force_configure' from command line to 'False'
[1.273s] Level 5:colcon.colcon_core.verb:set package 'diffdrive_arduino' build argument 'ament_cmake_args' from command line to 'None'
[1.273s] Level 5:colcon.colcon_core.verb:set package 'diffdrive_arduino' build argument 'catkin_cmake_args' from command line to 'None'
[1.273s] Level 5:colcon.colcon_core.verb:set package 'diffdrive_arduino' build argument 'catkin_skip_building_tests' from command line to 'False'
[1.273s] DEBUG:colcon.colcon_core.verb:Building package 'diffdrive_arduino' with the following arguments: {'ament_cmake_args': None, 'build_base': '/home/ngocdai/lidar_ws/build/diffdrive_arduino', 'catkin_cmake_args': None, 'catkin_skip_building_tests': False, 'cmake_args': None, 'cmake_clean_cache': False, 'cmake_clean_first': False, 'cmake_force_configure': False, 'cmake_target': None, 'cmake_target_skip_unavailable': False, 'install_base': '/home/ngocdai/lidar_ws/install/diffdrive_arduino', 'merge_install': False, 'path': '/home/ngocdai/lidar_ws/src/diffdrive_arduino', 'symlink_install': False, 'test_result_base': None}
[1.287s] INFO:colcon.colcon_core.executor:Executing jobs using 'parallel' executor
[1.301s] DEBUG:colcon.colcon_parallel_executor.executor.parallel:run_until_complete
[1.301s] INFO:colcon.colcon_ros.task.ament_cmake.build:Building ROS package in '/home/ngocdai/lidar_ws/src/xsens_library' with build type 'ament_cmake'
[1.301s] INFO:colcon.colcon_cmake.task.cmake.build:Building CMake package in '/home/ngocdai/lidar_ws/src/xsens_library'
[1.317s] INFO:colcon.colcon_core.plugin_system:Skipping extension 'colcon_core.shell.bat': Not used on non-Windows systems
[1.317s] INFO:colcon.colcon_core.shell:Skip shell extension 'powershell' for command environment: Not usable outside of PowerShell
[1.317s] DEBUG:colcon.colcon_core.shell:Skip shell extension 'dsv' for command environment
[1.353s] DEBUG:colcon.colcon_core.event_handler.log_command:Invoking command in '/home/ngocdai/lidar_ws/build/xsens_library': CMAKE_PREFIX_PATH=/opt/ros/iron /usr/bin/cmake --build /home/ngocdai/lidar_ws/build/xsens_library -- -j12 -l12
[1.411s] DEBUG:colcon.colcon_core.event_handler.log_command:Invoked command in '/home/ngocdai/lidar_ws/build/xsens_library' returned '0': CMAKE_PREFIX_PATH=/opt/ros/iron /usr/bin/cmake --build /home/ngocdai/lidar_ws/build/xsens_library -- -j12 -l12
[1.444s] DEBUG:colcon.colcon_core.event_handler.log_command:Invoking command in '/home/ngocdai/lidar_ws/build/xsens_library': CMAKE_PREFIX_PATH=/opt/ros/iron /usr/bin/cmake --install /home/ngocdai/lidar_ws/build/xsens_library
[1.463s] Level 1:colcon.colcon_core.environment:create_environment_scripts_only(xsens_library)
[1.464s] DEBUG:colcon.colcon_core.event_handler.log_command:Invoked command in '/home/ngocdai/lidar_ws/build/xsens_library' returned '0': CMAKE_PREFIX_PATH=/opt/ros/iron /usr/bin/cmake --install /home/ngocdai/lidar_ws/build/xsens_library
[1.479s] Level 1:colcon.colcon_core.environment:checking '/home/ngocdai/lidar_ws/install/xsens_library' for CMake module files
[1.479s] Level 1:colcon.colcon_core.environment:checking '/home/ngocdai/lidar_ws/install/xsens_library' for CMake config files
[1.479s] Level 1:colcon.colcon_core.shell:create_environment_hook('xsens_library', 'cmake_prefix_path')
[1.492s] INFO:colcon.colcon_core.shell:Creating environment hook '/home/ngocdai/lidar_ws/install/xsens_library/share/xsens_library/hook/cmake_prefix_path.ps1'
[1.493s] INFO:colcon.colcon_core.shell:Creating environment descriptor '/home/ngocdai/lidar_ws/install/xsens_library/share/xsens_library/hook/cmake_prefix_path.dsv'
[1.493s] INFO:colcon.colcon_core.shell:Creating environment hook '/home/ngocdai/lidar_ws/install/xsens_library/share/xsens_library/hook/cmake_prefix_path.sh'
[1.494s] Level 1:colcon.colcon_core.environment:checking '/home/ngocdai/lidar_ws/install/xsens_library/lib'
[1.494s] Level 1:colcon.colcon_core.environment:checking '/home/ngocdai/lidar_ws/install/xsens_library/bin'
[1.494s] Level 1:colcon.colcon_core.environment:checking '/home/ngocdai/lidar_ws/install/xsens_library/lib/pkgconfig/xsens_library.pc'
[1.494s] Level 1:colcon.colcon_core.environment:checking '/home/ngocdai/lidar_ws/install/xsens_library/lib/python3.10/site-packages'
[1.494s] Level 1:colcon.colcon_core.environment:checking '/home/ngocdai/lidar_ws/install/xsens_library/bin'
[1.508s] INFO:colcon.colcon_core.shell:Creating package script '/home/ngocdai/lidar_ws/install/xsens_library/share/xsens_library/package.ps1'
[1.508s] INFO:colcon.colcon_core.shell:Creating package descriptor '/home/ngocdai/lidar_ws/install/xsens_library/share/xsens_library/package.dsv'
[1.509s] INFO:colcon.colcon_core.shell:Creating package script '/home/ngocdai/lidar_ws/install/xsens_library/share/xsens_library/package.sh'
[1.509s] INFO:colcon.colcon_core.shell:Creating package script '/home/ngocdai/lidar_ws/install/xsens_library/share/xsens_library/package.bash'
[1.510s] INFO:colcon.colcon_core.shell:Creating package script '/home/ngocdai/lidar_ws/install/xsens_library/share/xsens_library/package.zsh'
[1.510s] Level 1:colcon.colcon_core.environment:create_file_with_runtime_dependencies(/home/ngocdai/lidar_ws/install/xsens_library/share/colcon-core/packages/xsens_library)
[1.548s] Level 1:colcon.colcon_core.environment:create_environment_scripts_only(xsens_library)
[1.562s] Level 1:colcon.colcon_core.environment:checking '/home/ngocdai/lidar_ws/install/xsens_library' for CMake module files
[1.563s] Level 1:colcon.colcon_core.environment:checking '/home/ngocdai/lidar_ws/install/xsens_library' for CMake config files
[1.563s] Level 1:colcon.colcon_core.shell:create_environment_hook('xsens_library', 'cmake_prefix_path')
[1.577s] INFO:colcon.colcon_core.shell:Creating environment hook '/home/ngocdai/lidar_ws/install/xsens_library/share/xsens_library/hook/cmake_prefix_path.ps1'
[1.578s] INFO:colcon.colcon_core.shell:Creating environment descriptor '/home/ngocdai/lidar_ws/install/xsens_library/share/xsens_library/hook/cmake_prefix_path.dsv'
[1.578s] INFO:colcon.colcon_core.shell:Creating environment hook '/home/ngocdai/lidar_ws/install/xsens_library/share/xsens_library/hook/cmake_prefix_path.sh'
[1.578s] Level 1:colcon.colcon_core.environment:checking '/home/ngocdai/lidar_ws/install/xsens_library/lib'
[1.579s] Level 1:colcon.colcon_core.environment:checking '/home/ngocdai/lidar_ws/install/xsens_library/bin'
[1.579s] Level 1:colcon.colcon_core.environment:checking '/home/ngocdai/lidar_ws/install/xsens_library/lib/pkgconfig/xsens_library.pc'
[1.579s] Level 1:colcon.colcon_core.environment:checking '/home/ngocdai/lidar_ws/install/xsens_library/lib/python3.10/site-packages'
[1.579s] Level 1:colcon.colcon_core.environment:checking '/home/ngocdai/lidar_ws/install/xsens_library/bin'
[1.596s] INFO:colcon.colcon_core.shell:Creating package script '/home/ngocdai/lidar_ws/install/xsens_library/share/xsens_library/package.ps1'
[1.597s] INFO:colcon.colcon_core.shell:Creating package descriptor '/home/ngocdai/lidar_ws/install/xsens_library/share/xsens_library/package.dsv'
[1.597s] INFO:colcon.colcon_core.shell:Creating package script '/home/ngocdai/lidar_ws/install/xsens_library/share/xsens_library/package.sh'
[1.598s] INFO:colcon.colcon_core.shell:Creating package script '/home/ngocdai/lidar_ws/install/xsens_library/share/xsens_library/package.bash'
[1.598s] INFO:colcon.colcon_core.shell:Creating package script '/home/ngocdai/lidar_ws/install/xsens_library/share/xsens_library/package.zsh'
[1.599s] Level 1:colcon.colcon_core.environment:create_file_with_runtime_dependencies(/home/ngocdai/lidar_ws/install/xsens_library/share/colcon-core/packages/xsens_library)
[1.599s] INFO:colcon.colcon_ros.task.ament_cmake.build:Building ROS package in '/home/ngocdai/lidar_ws/src/diffdrive_arduino' with build type 'ament_cmake'
[1.599s] INFO:colcon.colcon_cmake.task.cmake.build:Building CMake package in '/home/ngocdai/lidar_ws/src/diffdrive_arduino'
[1.615s] INFO:colcon.colcon_core.shell:Skip shell extension 'powershell' for command environment: Not usable outside of PowerShell
[1.615s] DEBUG:colcon.colcon_core.shell:Skip shell extension 'dsv' for command environment
[1.654s] DEBUG:colcon.colcon_core.event_handler.log_command:Invoking command in '/home/ngocdai/lidar_ws/build/diffdrive_arduino': AMENT_PREFIX_PATH=/home/ngocdai/lidar_ws/install/xsens_library:${AMENT_PREFIX_PATH} CMAKE_PREFIX_PATH=/home/ngocdai/lidar_ws/install/xsens_library:/opt/ros/iron LD_LIBRARY_PATH=/home/ngocdai/lidar_ws/install/xsens_library/lib:${LD_LIBRARY_PATH} /usr/bin/cmake --build /home/ngocdai/lidar_ws/build/diffdrive_arduino -- -j12 -l12
[1.730s] DEBUG:colcon.colcon_core.event_handler.log_command:Invoked command in '/home/ngocdai/lidar_ws/build/diffdrive_arduino' returned '0': AMENT_PREFIX_PATH=/home/ngocdai/lidar_ws/install/xsens_library:${AMENT_PREFIX_PATH} CMAKE_PREFIX_PATH=/home/ngocdai/lidar_ws/install/xsens_library:/opt/ros/iron LD_LIBRARY_PATH=/home/ngocdai/lidar_ws/install/xsens_library/lib:${LD_LIBRARY_PATH} /usr/bin/cmake --build /home/ngocdai/lidar_ws/build/diffdrive_arduino -- -j12 -l12
[1.761s] DEBUG:colcon.colcon_core.event_handler.log_command:Invoking command in '/home/ngocdai/lidar_ws/build/diffdrive_arduino': AMENT_PREFIX_PATH=/home/ngocdai/lidar_ws/install/xsens_library:${AMENT_PREFIX_PATH} CMAKE_PREFIX_PATH=/home/ngocdai/lidar_ws/install/xsens_library:/opt/ros/iron LD_LIBRARY_PATH=/home/ngocdai/lidar_ws/install/xsens_library/lib:${LD_LIBRARY_PATH} /usr/bin/cmake --install /home/ngocdai/lidar_ws/build/diffdrive_arduino
[1.772s] Level 1:colcon.colcon_core.environment:create_environment_scripts_only(diffdrive_arduino)
[1.773s] DEBUG:colcon.colcon_core.event_handler.log_command:Invoked command in '/home/ngocdai/lidar_ws/build/diffdrive_arduino' returned '0': AMENT_PREFIX_PATH=/home/ngocdai/lidar_ws/install/xsens_library:${AMENT_PREFIX_PATH} CMAKE_PREFIX_PATH=/home/ngocdai/lidar_ws/install/xsens_library:/opt/ros/iron LD_LIBRARY_PATH=/home/ngocdai/lidar_ws/install/xsens_library/lib:${LD_LIBRARY_PATH} /usr/bin/cmake --install /home/ngocdai/lidar_ws/build/diffdrive_arduino
[1.788s] Level 1:colcon.colcon_core.environment:checking '/home/ngocdai/lidar_ws/install/diffdrive_arduino' for CMake module files
[1.788s] Level 1:colcon.colcon_core.environment:checking '/home/ngocdai/lidar_ws/install/diffdrive_arduino' for CMake config files
[1.788s] Level 1:colcon.colcon_core.shell:create_environment_hook('diffdrive_arduino', 'cmake_prefix_path')
[1.802s] INFO:colcon.colcon_core.shell:Creating environment hook '/home/ngocdai/lidar_ws/install/diffdrive_arduino/share/diffdrive_arduino/hook/cmake_prefix_path.ps1'
[1.803s] INFO:colcon.colcon_core.shell:Creating environment descriptor '/home/ngocdai/lidar_ws/install/diffdrive_arduino/share/diffdrive_arduino/hook/cmake_prefix_path.dsv'
[1.803s] INFO:colcon.colcon_core.shell:Creating environment hook '/home/ngocdai/lidar_ws/install/diffdrive_arduino/share/diffdrive_arduino/hook/cmake_prefix_path.sh'
[1.803s] Level 1:colcon.colcon_core.environment:checking '/home/ngocdai/lidar_ws/install/diffdrive_arduino/lib'
[1.804s] Level 1:colcon.colcon_core.shell:create_environment_hook('diffdrive_arduino', 'ld_library_path_lib')
[1.817s] INFO:colcon.colcon_core.shell:Creating environment hook '/home/ngocdai/lidar_ws/install/diffdrive_arduino/share/diffdrive_arduino/hook/ld_library_path_lib.ps1'
[1.818s] INFO:colcon.colcon_core.shell:Creating environment descriptor '/home/ngocdai/lidar_ws/install/diffdrive_arduino/share/diffdrive_arduino/hook/ld_library_path_lib.dsv'
[1.818s] INFO:colcon.colcon_core.shell:Creating environment hook '/home/ngocdai/lidar_ws/install/diffdrive_arduino/share/diffdrive_arduino/hook/ld_library_path_lib.sh'
[1.818s] Level 1:colcon.colcon_core.environment:checking '/home/ngocdai/lidar_ws/install/diffdrive_arduino/bin'
[1.818s] Level 1:colcon.colcon_core.environment:checking '/home/ngocdai/lidar_ws/install/diffdrive_arduino/lib/pkgconfig/diffdrive_arduino.pc'
[1.819s] Level 1:colcon.colcon_core.environment:checking '/home/ngocdai/lidar_ws/install/diffdrive_arduino/lib/python3.10/site-packages'
[1.819s] Level 1:colcon.colcon_core.environment:checking '/home/ngocdai/lidar_ws/install/diffdrive_arduino/bin'
[1.832s] INFO:colcon.colcon_core.shell:Creating package script '/home/ngocdai/lidar_ws/install/diffdrive_arduino/share/diffdrive_arduino/package.ps1'
[1.833s] INFO:colcon.colcon_core.shell:Creating package descriptor '/home/ngocdai/lidar_ws/install/diffdrive_arduino/share/diffdrive_arduino/package.dsv'
[1.833s] INFO:colcon.colcon_core.shell:Creating package script '/home/ngocdai/lidar_ws/install/diffdrive_arduino/share/diffdrive_arduino/package.sh'
[1.833s] INFO:colcon.colcon_core.shell:Creating package script '/home/ngocdai/lidar_ws/install/diffdrive_arduino/share/diffdrive_arduino/package.bash'
[1.834s] INFO:colcon.colcon_core.shell:Creating package script '/home/ngocdai/lidar_ws/install/diffdrive_arduino/share/diffdrive_arduino/package.zsh'
[1.834s] Level 1:colcon.colcon_core.environment:create_file_with_runtime_dependencies(/home/ngocdai/lidar_ws/install/diffdrive_arduino/share/colcon-core/packages/diffdrive_arduino)
[1.880s] Level 1:colcon.colcon_core.environment:create_environment_scripts_only(diffdrive_arduino)
[1.893s] Level 1:colcon.colcon_core.environment:checking '/home/ngocdai/lidar_ws/install/diffdrive_arduino' for CMake module files
[1.894s] Level 1:colcon.colcon_core.environment:checking '/home/ngocdai/lidar_ws/install/diffdrive_arduino' for CMake config files
[1.894s] Level 1:colcon.colcon_core.shell:create_environment_hook('diffdrive_arduino', 'cmake_prefix_path')
[1.908s] INFO:colcon.colcon_core.shell:Creating environment hook '/home/ngocdai/lidar_ws/install/diffdrive_arduino/share/diffdrive_arduino/hook/cmake_prefix_path.ps1'
[1.908s] INFO:colcon.colcon_core.shell:Creating environment descriptor '/home/ngocdai/lidar_ws/install/diffdrive_arduino/share/diffdrive_arduino/hook/cmake_prefix_path.dsv'
[1.908s] INFO:colcon.colcon_core.shell:Creating environment hook '/home/ngocdai/lidar_ws/install/diffdrive_arduino/share/diffdrive_arduino/hook/cmake_prefix_path.sh'
[1.909s] Level 1:colcon.colcon_core.environment:checking '/home/ngocdai/lidar_ws/install/diffdrive_arduino/lib'
[1.909s] Level 1:colcon.colcon_core.shell:create_environment_hook('diffdrive_arduino', 'ld_library_path_lib')
[1.923s] INFO:colcon.colcon_core.shell:Creating environment hook '/home/ngocdai/lidar_ws/install/diffdrive_arduino/share/diffdrive_arduino/hook/ld_library_path_lib.ps1'
[1.923s] INFO:colcon.colcon_core.shell:Creating environment descriptor '/home/ngocdai/lidar_ws/install/diffdrive_arduino/share/diffdrive_arduino/hook/ld_library_path_lib.dsv'
[1.923s] INFO:colcon.colcon_core.shell:Creating environment hook '/home/ngocdai/lidar_ws/install/diffdrive_arduino/share/diffdrive_arduino/hook/ld_library_path_lib.sh'
[1.924s] Level 1:colcon.colcon_core.environment:checking '/home/ngocdai/lidar_ws/install/diffdrive_arduino/bin'
[1.924s] Level 1:colcon.colcon_core.environment:checking '/home/ngocdai/lidar_ws/install/diffdrive_arduino/lib/pkgconfig/diffdrive_arduino.pc'
[1.924s] Level 1:colcon.colcon_core.environment:checking '/home/ngocdai/lidar_ws/install/diffdrive_arduino/lib/python3.10/site-packages'
[1.924s] Level 1:colcon.colcon_core.environment:checking '/home/ngocdai/lidar_ws/install/diffdrive_arduino/bin'
[1.938s] INFO:colcon.colcon_core.shell:Creating package script '/home/ngocdai/lidar_ws/install/diffdrive_arduino/share/diffdrive_arduino/package.ps1'
[1.938s] INFO:colcon.colcon_core.shell:Creating package descriptor '/home/ngocdai/lidar_ws/install/diffdrive_arduino/share/diffdrive_arduino/package.dsv'
[1.939s] INFO:colcon.colcon_core.shell:Creating package script '/home/ngocdai/lidar_ws/install/diffdrive_arduino/share/diffdrive_arduino/package.sh'
[1.939s] INFO:colcon.colcon_core.shell:Creating package script '/home/ngocdai/lidar_ws/install/diffdrive_arduino/share/diffdrive_arduino/package.bash'
[1.940s] INFO:colcon.colcon_core.shell:Creating package script '/home/ngocdai/lidar_ws/install/diffdrive_arduino/share/diffdrive_arduino/package.zsh'
[1.940s] Level 1:colcon.colcon_core.environment:create_file_with_runtime_dependencies(/home/ngocdai/lidar_ws/install/diffdrive_arduino/share/colcon-core/packages/diffdrive_arduino)
[1.940s] DEBUG:colcon.colcon_parallel_executor.executor.parallel:closing loop
[1.941s] DEBUG:colcon.colcon_parallel_executor.executor.parallel:loop closed
[1.941s] DEBUG:colcon.colcon_parallel_executor.executor.parallel:run_until_complete finished with '0'
[1.941s] DEBUG:colcon.colcon_core.event_reactor:joining thread
[1.980s] INFO:colcon.colcon_core.plugin_system:Skipping extension 'colcon_notification.desktop_notification.terminal_notifier': Not used on non-Darwin systems
[1.980s] INFO:colcon.colcon_core.plugin_system:Skipping extension 'colcon_notification.desktop_notification.win32': Not used on non-Windows systems
[1.980s] INFO:colcon.colcon_notification.desktop_notification:Sending desktop notification using 'notify2'
[2.007s] DEBUG:colcon.colcon_core.event_reactor:joined thread
[2.022s] INFO:colcon.colcon_core.shell:Creating prefix script '/home/ngocdai/lidar_ws/install/local_setup.ps1'
[2.022s] INFO:colcon.colcon_core.shell:Creating prefix util module '/home/ngocdai/lidar_ws/install/_local_setup_util_ps1.py'
[2.023s] INFO:colcon.colcon_core.shell:Creating prefix chain script '/home/ngocdai/lidar_ws/install/setup.ps1'
[2.037s] INFO:colcon.colcon_core.shell:Creating prefix script '/home/ngocdai/lidar_ws/install/local_setup.sh'
[2.038s] INFO:colcon.colcon_core.shell:Creating prefix util module '/home/ngocdai/lidar_ws/install/_local_setup_util_sh.py'
[2.038s] INFO:colcon.colcon_core.shell:Creating prefix chain script '/home/ngocdai/lidar_ws/install/setup.sh'
[2.052s] INFO:colcon.colcon_core.shell:Creating prefix script '/home/ngocdai/lidar_ws/install/local_setup.bash'
[2.053s] INFO:colcon.colcon_core.shell:Creating prefix chain script '/home/ngocdai/lidar_ws/install/setup.bash'
[2.067s] INFO:colcon.colcon_core.shell:Creating prefix script '/home/ngocdai/lidar_ws/install/local_setup.zsh'
[2.067s] INFO:colcon.colcon_core.shell:Creating prefix chain script '/home/ngocdai/lidar_ws/install/setup.zsh'
