[0.018s] Invoking command in '/home/ngocdai/lidar_ws/build/xsens_library': CMAKE_PREFIX_PATH=/opt/ros/iron /usr/bin/cmake --build /home/ngocdai/lidar_ws/build/xsens_library -- -j12 -l12
[0.069s] [100%] Built target xdpchandler
[0.249s] Invoked command in '/home/ngocdai/lidar_ws/build/xsens_library' returned '0': CMAKE_PREFIX_PATH=/opt/ros/iron /usr/bin/cmake --build /home/ngocdai/lidar_ws/build/xsens_library -- -j12 -l12
[0.275s] Invoking command in '/home/ngocdai/lidar_ws/build/xsens_library': CMAKE_PREFIX_PATH=/opt/ros/iron /usr/bin/cmake --install /home/ngocdai/lidar_ws/build/xsens_library
[0.282s] -- Install configuration: ""
[0.282s] -- Up-to-date: /home/ngocdai/lidar_ws/install/xsens_library/share/xsens_library/environment/library_path.sh
[0.283s] -- Up-to-date: /home/ngocdai/lidar_ws/install/xsens_library/share/xsens_library/environment/library_path.dsv
[0.283s] -- Up-to-date: /home/ngocdai/lidar_ws/install/xsens_library/include/xsens_library
[0.283s] -- Up-to-date: /home/ngocdai/lidar_ws/install/xsens_library/include/xsens_library/user_settings.h
[0.283s] -- Up-to-date: /home/ngocdai/lidar_ws/install/xsens_library/include/xsens_library/conio.h
[0.283s] -- Up-to-date: /home/ngocdai/lidar_ws/install/xsens_library/include/xsens_library/xdpchandler.h
[0.283s] -- Up-to-date: /home/ngocdai/lidar_ws/install/xsens_library/lib/libxdpchandler.a
[0.283s] -- Up-to-date: /home/ngocdai/lidar_ws/install/xsens_library/share/ament_index/resource_index/package_run_dependencies/xsens_library
[0.283s] -- Up-to-date: /home/ngocdai/lidar_ws/install/xsens_library/share/ament_index/resource_index/parent_prefix_path/xsens_library
[0.283s] -- Up-to-date: /home/ngocdai/lidar_ws/install/xsens_library/share/xsens_library/environment/ament_prefix_path.sh
[0.283s] -- Up-to-date: /home/ngocdai/lidar_ws/install/xsens_library/share/xsens_library/environment/ament_prefix_path.dsv
[0.283s] -- Up-to-date: /home/ngocdai/lidar_ws/install/xsens_library/share/xsens_library/environment/path.sh
[0.283s] -- Up-to-date: /home/ngocdai/lidar_ws/install/xsens_library/share/xsens_library/environment/path.dsv
[0.283s] -- Up-to-date: /home/ngocdai/lidar_ws/install/xsens_library/share/xsens_library/local_setup.bash
[0.283s] -- Up-to-date: /home/ngocdai/lidar_ws/install/xsens_library/share/xsens_library/local_setup.sh
[0.283s] -- Up-to-date: /home/ngocdai/lidar_ws/install/xsens_library/share/xsens_library/local_setup.zsh
[0.284s] -- Up-to-date: /home/ngocdai/lidar_ws/install/xsens_library/share/xsens_library/local_setup.dsv
[0.284s] -- Installing: /home/ngocdai/lidar_ws/install/xsens_library/share/xsens_library/package.dsv
[0.284s] -- Up-to-date: /home/ngocdai/lidar_ws/install/xsens_library/share/ament_index/resource_index/packages/xsens_library
[0.284s] -- Up-to-date: /home/ngocdai/lidar_ws/install/xsens_library/share/xsens_library/cmake/xdpchandlerExport.cmake
[0.284s] -- Up-to-date: /home/ngocdai/lidar_ws/install/xsens_library/share/xsens_library/cmake/xdpchandlerExport-noconfig.cmake
[0.284s] -- Up-to-date: /home/ngocdai/lidar_ws/install/xsens_library/share/xsens_library/cmake/ament_cmake_export_targets-extras.cmake
[0.284s] -- Up-to-date: /home/ngocdai/lidar_ws/install/xsens_library/share/xsens_library/cmake/xsens_libraryConfig.cmake
[0.284s] -- Up-to-date: /home/ngocdai/lidar_ws/install/xsens_library/share/xsens_library/cmake/xsens_libraryConfig-version.cmake
[0.284s] -- Up-to-date: /home/ngocdai/lidar_ws/install/xsens_library/share/xsens_library/package.xml
[0.286s] Invoked command in '/home/ngocdai/lidar_ws/build/xsens_library' returned '0': CMAKE_PREFIX_PATH=/opt/ros/iron /usr/bin/cmake --install /home/ngocdai/lidar_ws/build/xsens_library
